<?xml version="1.0" encoding="UTF-8"?>
<robot generator="Robot 3.1.1 (Python 3.6.5 on win32)" generated="20200416 19:28:09.302" rpa="false">
<suite id="s1" name="SaveActivity" source="D:\XFJ\API\App_Activity\SaveActivity.robot">
<kw name="Create Session Common" library="Common" type="setup">
<kw name="Fapi Create Session" library="FATL">
<doc>Fapi Create Session: create a HTTP session to a server</doc>
<arguments>
<arg>${APPIF_ALIAS}</arg>
<arg>${APPIF_URL}</arg>
</arguments>
<msg timestamp="20200416 19:28:09.918" level="INFO">Creating Session using : alias=appif, url=https://api1.fjdaily.com/app_if, headers={'APITEST': '1'},                     cookies=None, auth=None, timeout=None, proxies=None, verify=False,                     debug=0 </msg>
<status status="PASS" starttime="20200416 19:28:09.918" endtime="20200416 19:28:09.918"></status>
</kw>
<status status="PASS" starttime="20200416 19:28:09.917" endtime="20200416 19:28:09.919"></status>
</kw>
<test id="s1-t1" name="活动未开始报名，接口未做限制可以直接报名成功">
<kw name="Save Activity" library="Activity_Common">
<doc>活动报名接口</doc>
<arguments>
<arg>${FILEID0}</arg>
<arg>${USERID}</arg>
</arguments>
<kw name="Fapi Headers Set" library="FATL">
<doc>Adds the given ``key_value_pairs`` and ``items`` to HTTP request headers.</doc>
<arguments>
<arg>Content-Type</arg>
<arg>application/x-www-form-urlencoded</arg>
</arguments>
<status status="PASS" starttime="20200416 19:28:09.923" endtime="20200416 19:28:09.923"></status>
</kw>
<kw name="Fapi Params Set" library="FATL">
<doc>Adds the given ``key_value_pairs`` and ``items`` to HTTP request parameters.</doc>
<arguments>
<arg>curVersions</arg>
<arg>${CURVERSIONS}</arg>
</arguments>
<status status="PASS" starttime="20200416 19:28:09.923" endtime="20200416 19:28:09.924"></status>
</kw>
<kw name="Create Dictionary" library="BuiltIn">
<doc>Creates and returns a dictionary based on the given ``items``.</doc>
<arguments>
<arg>fileId</arg>
<arg>${fileid}</arg>
<arg>userID</arg>
<arg>${userid}</arg>
<arg>device</arg>
<arg>${device}</arg>
<arg>siteId</arg>
<arg>${siteid}</arg>
</arguments>
<assign>
<var>${bodyData}</var>
</assign>
<msg timestamp="20200416 19:28:09.926" level="INFO">${bodyData} = {'fileId': '305', 'userID': '571', 'device': '429A9EC0-58DE-41D6-B79A-4E073350FA38', 'siteId': '1'}</msg>
<status status="PASS" starttime="20200416 19:28:09.924" endtime="20200416 19:28:09.926"></status>
</kw>
<kw name="Fapi Post" library="FATL">
<doc>Send a POST request on the session object found using the
given `alias`</doc>
<arguments>
<arg>${APPIF_ALIAS}</arg>
<arg>${SAVEACTIVITY_URI}</arg>
<arg>data=${bodyData}</arg>
</arguments>
<msg timestamp="20200416 19:28:10.279" level="INFO">Post Request using : alias=appif, uri=/saveActivity, data=fileId=305&amp;userID=571&amp;device=429A9EC0-58DE-41D6-B79A-4E073350FA38&amp;siteId=1, headers={'APITEST': '1', 'Content-Type': 'application/x-www-form-urlencoded'}, files=None, allow_redirects=True </msg>
<msg timestamp="20200416 19:28:10.279" level="INFO">JSON string is : {</msg>
<msg timestamp="20200416 19:28:10.279" level="INFO">  "success": false,</msg>
<msg timestamp="20200416 19:28:10.280" level="INFO">  "message": "请不要重复报名"</msg>
<msg timestamp="20200416 19:28:10.280" level="INFO">}</msg>
<msg timestamp="20200416 19:28:10.280" level="INFO">d:\python\lib\site-packages\urllib3\connectionpool.py:851: InsecureRequestWarning: Unverified HTTPS request is being made. Adding certificate verification is strongly advised. See: https://urllib3.readthedocs.io/en/latest/advanced-usage.html#ssl-warnings
  InsecureRequestWarning)</msg>
<status status="PASS" starttime="20200416 19:28:09.926" endtime="20200416 19:28:10.280"></status>
</kw>
<status status="PASS" starttime="20200416 19:28:09.922" endtime="20200416 19:28:10.281"></status>
</kw>
<kw name="Fapi Request Should Be Succeed" library="FATL">
<doc>Fapi HTTP response code should be 200 (means success)</doc>
<msg timestamp="20200416 19:28:10.283" level="INFO">HTTP response code is 200</msg>
<status status="PASS" starttime="20200416 19:28:10.282" endtime="20200416 19:28:10.283"></status>
</kw>
<tags>
<tag>作者：张鹏</tag>
<tag>冒烟集-新福建APP</tag>
<tag>活动/活动报名（丁希）</tag>
</tags>
<status status="PASS" starttime="20200416 19:28:09.919" endtime="20200416 19:28:10.283" critical="yes"></status>
</test>
<test id="s1-t2" name="活动未开始报名开始报名成功">
<kw name="Save Activity" library="Activity_Common">
<doc>活动报名接口</doc>
<arguments>
<arg>${FILEID1}</arg>
<arg>${USERID}</arg>
</arguments>
<kw name="Fapi Headers Set" library="FATL">
<doc>Adds the given ``key_value_pairs`` and ``items`` to HTTP request headers.</doc>
<arguments>
<arg>Content-Type</arg>
<arg>application/x-www-form-urlencoded</arg>
</arguments>
<status status="PASS" starttime="20200416 19:28:10.289" endtime="20200416 19:28:10.289"></status>
</kw>
<kw name="Fapi Params Set" library="FATL">
<doc>Adds the given ``key_value_pairs`` and ``items`` to HTTP request parameters.</doc>
<arguments>
<arg>curVersions</arg>
<arg>${CURVERSIONS}</arg>
</arguments>
<status status="PASS" starttime="20200416 19:28:10.289" endtime="20200416 19:28:10.290"></status>
</kw>
<kw name="Create Dictionary" library="BuiltIn">
<doc>Creates and returns a dictionary based on the given ``items``.</doc>
<arguments>
<arg>fileId</arg>
<arg>${fileid}</arg>
<arg>userID</arg>
<arg>${userid}</arg>
<arg>device</arg>
<arg>${device}</arg>
<arg>siteId</arg>
<arg>${siteid}</arg>
</arguments>
<assign>
<var>${bodyData}</var>
</assign>
<msg timestamp="20200416 19:28:10.290" level="INFO">${bodyData} = {'fileId': '306', 'userID': '571', 'device': '429A9EC0-58DE-41D6-B79A-4E073350FA38', 'siteId': '1'}</msg>
<status status="PASS" starttime="20200416 19:28:10.290" endtime="20200416 19:28:10.291"></status>
</kw>
<kw name="Fapi Post" library="FATL">
<doc>Send a POST request on the session object found using the
given `alias`</doc>
<arguments>
<arg>${APPIF_ALIAS}</arg>
<arg>${SAVEACTIVITY_URI}</arg>
<arg>data=${bodyData}</arg>
</arguments>
<msg timestamp="20200416 19:28:10.348" level="INFO">Post Request using : alias=appif, uri=/saveActivity, data=fileId=306&amp;userID=571&amp;device=429A9EC0-58DE-41D6-B79A-4E073350FA38&amp;siteId=1, headers={'APITEST': '1', 'Content-Type': 'application/x-www-form-urlencoded'}, files=None, allow_redirects=True </msg>
<msg timestamp="20200416 19:28:10.348" level="INFO">JSON string is : {</msg>
<msg timestamp="20200416 19:28:10.349" level="INFO">  "success": false,</msg>
<msg timestamp="20200416 19:28:10.349" level="INFO">  "message": "请不要重复报名"</msg>
<msg timestamp="20200416 19:28:10.349" level="INFO">}</msg>
<msg timestamp="20200416 19:28:10.349" level="INFO">d:\python\lib\site-packages\urllib3\connectionpool.py:851: InsecureRequestWarning: Unverified HTTPS request is being made. Adding certificate verification is strongly advised. See: https://urllib3.readthedocs.io/en/latest/advanced-usage.html#ssl-warnings
  InsecureRequestWarning)</msg>
<status status="PASS" starttime="20200416 19:28:10.291" endtime="20200416 19:28:10.350"></status>
</kw>
<status status="PASS" starttime="20200416 19:28:10.288" endtime="20200416 19:28:10.350"></status>
</kw>
<kw name="Fapi Request Should Be Succeed" library="FATL">
<doc>Fapi HTTP response code should be 200 (means success)</doc>
<msg timestamp="20200416 19:28:10.352" level="INFO">HTTP response code is 200</msg>
<status status="PASS" starttime="20200416 19:28:10.352" endtime="20200416 19:28:10.352"></status>
</kw>
<tags>
<tag>作者：张鹏</tag>
<tag>冒烟集-新福建APP</tag>
<tag>活动/活动报名（丁希）</tag>
</tags>
<status status="PASS" starttime="20200416 19:28:10.286" endtime="20200416 19:28:10.353" critical="yes"></status>
</test>
<test id="s1-t3" name="活动开始报名开始报名成功">
<kw name="Save Activity" library="Activity_Common">
<doc>活动报名接口</doc>
<arguments>
<arg>${FILEID2}</arg>
<arg>${USERID}</arg>
</arguments>
<kw name="Fapi Headers Set" library="FATL">
<doc>Adds the given ``key_value_pairs`` and ``items`` to HTTP request headers.</doc>
<arguments>
<arg>Content-Type</arg>
<arg>application/x-www-form-urlencoded</arg>
</arguments>
<status status="PASS" starttime="20200416 19:28:10.362" endtime="20200416 19:28:10.362"></status>
</kw>
<kw name="Fapi Params Set" library="FATL">
<doc>Adds the given ``key_value_pairs`` and ``items`` to HTTP request parameters.</doc>
<arguments>
<arg>curVersions</arg>
<arg>${CURVERSIONS}</arg>
</arguments>
<status status="PASS" starttime="20200416 19:28:10.363" endtime="20200416 19:28:10.363"></status>
</kw>
<kw name="Create Dictionary" library="BuiltIn">
<doc>Creates and returns a dictionary based on the given ``items``.</doc>
<arguments>
<arg>fileId</arg>
<arg>${fileid}</arg>
<arg>userID</arg>
<arg>${userid}</arg>
<arg>device</arg>
<arg>${device}</arg>
<arg>siteId</arg>
<arg>${siteid}</arg>
</arguments>
<assign>
<var>${bodyData}</var>
</assign>
<msg timestamp="20200416 19:28:10.364" level="INFO">${bodyData} = {'fileId': '307', 'userID': '571', 'device': '429A9EC0-58DE-41D6-B79A-4E073350FA38', 'siteId': '1'}</msg>
<status status="PASS" starttime="20200416 19:28:10.363" endtime="20200416 19:28:10.364"></status>
</kw>
<kw name="Fapi Post" library="FATL">
<doc>Send a POST request on the session object found using the
given `alias`</doc>
<arguments>
<arg>${APPIF_ALIAS}</arg>
<arg>${SAVEACTIVITY_URI}</arg>
<arg>data=${bodyData}</arg>
</arguments>
<msg timestamp="20200416 19:28:10.418" level="INFO">Post Request using : alias=appif, uri=/saveActivity, data=fileId=307&amp;userID=571&amp;device=429A9EC0-58DE-41D6-B79A-4E073350FA38&amp;siteId=1, headers={'APITEST': '1', 'Content-Type': 'application/x-www-form-urlencoded'}, files=None, allow_redirects=True </msg>
<msg timestamp="20200416 19:28:10.418" level="INFO">JSON string is : {</msg>
<msg timestamp="20200416 19:28:10.418" level="INFO">  "success": false,</msg>
<msg timestamp="20200416 19:28:10.418" level="INFO">  "message": "请不要重复报名"</msg>
<msg timestamp="20200416 19:28:10.419" level="INFO">}</msg>
<msg timestamp="20200416 19:28:10.419" level="INFO">d:\python\lib\site-packages\urllib3\connectionpool.py:851: InsecureRequestWarning: Unverified HTTPS request is being made. Adding certificate verification is strongly advised. See: https://urllib3.readthedocs.io/en/latest/advanced-usage.html#ssl-warnings
  InsecureRequestWarning)</msg>
<status status="PASS" starttime="20200416 19:28:10.364" endtime="20200416 19:28:10.420"></status>
</kw>
<status status="PASS" starttime="20200416 19:28:10.361" endtime="20200416 19:28:10.420"></status>
</kw>
<kw name="Fapi Request Should Be Succeed" library="FATL">
<doc>Fapi HTTP response code should be 200 (means success)</doc>
<msg timestamp="20200416 19:28:10.422" level="INFO">HTTP response code is 200</msg>
<status status="PASS" starttime="20200416 19:28:10.422" endtime="20200416 19:28:10.422"></status>
</kw>
<tags>
<tag>作者：张鹏</tag>
<tag>冒烟集-新福建APP</tag>
<tag>活动/活动报名（丁希）</tag>
</tags>
<status status="PASS" starttime="20200416 19:28:10.355" endtime="20200416 19:28:10.423" critical="yes"></status>
</test>
<test id="s1-t4" name="活动进行中报名结束无法报名">
<kw name="Save Activity" library="Activity_Common">
<doc>活动报名接口</doc>
<arguments>
<arg>${FILEID3}</arg>
<arg>${USERID}</arg>
</arguments>
<kw name="Fapi Headers Set" library="FATL">
<doc>Adds the given ``key_value_pairs`` and ``items`` to HTTP request headers.</doc>
<arguments>
<arg>Content-Type</arg>
<arg>application/x-www-form-urlencoded</arg>
</arguments>
<status status="PASS" starttime="20200416 19:28:10.430" endtime="20200416 19:28:10.430"></status>
</kw>
<kw name="Fapi Params Set" library="FATL">
<doc>Adds the given ``key_value_pairs`` and ``items`` to HTTP request parameters.</doc>
<arguments>
<arg>curVersions</arg>
<arg>${CURVERSIONS}</arg>
</arguments>
<status status="PASS" starttime="20200416 19:28:10.430" endtime="20200416 19:28:10.430"></status>
</kw>
<kw name="Create Dictionary" library="BuiltIn">
<doc>Creates and returns a dictionary based on the given ``items``.</doc>
<arguments>
<arg>fileId</arg>
<arg>${fileid}</arg>
<arg>userID</arg>
<arg>${userid}</arg>
<arg>device</arg>
<arg>${device}</arg>
<arg>siteId</arg>
<arg>${siteid}</arg>
</arguments>
<assign>
<var>${bodyData}</var>
</assign>
<msg timestamp="20200416 19:28:10.431" level="INFO">${bodyData} = {'fileId': '308', 'userID': '571', 'device': '429A9EC0-58DE-41D6-B79A-4E073350FA38', 'siteId': '1'}</msg>
<status status="PASS" starttime="20200416 19:28:10.430" endtime="20200416 19:28:10.431"></status>
</kw>
<kw name="Fapi Post" library="FATL">
<doc>Send a POST request on the session object found using the
given `alias`</doc>
<arguments>
<arg>${APPIF_ALIAS}</arg>
<arg>${SAVEACTIVITY_URI}</arg>
<arg>data=${bodyData}</arg>
</arguments>
<msg timestamp="20200416 19:28:10.501" level="INFO">Post Request using : alias=appif, uri=/saveActivity, data=fileId=308&amp;userID=571&amp;device=429A9EC0-58DE-41D6-B79A-4E073350FA38&amp;siteId=1, headers={'APITEST': '1', 'Content-Type': 'application/x-www-form-urlencoded'}, files=None, allow_redirects=True </msg>
<msg timestamp="20200416 19:28:10.501" level="INFO">JSON string is : {</msg>
<msg timestamp="20200416 19:28:10.501" level="INFO">  "success": false,</msg>
<msg timestamp="20200416 19:28:10.501" level="INFO">  "message": "请不要重复报名"</msg>
<msg timestamp="20200416 19:28:10.501" level="INFO">}</msg>
<msg timestamp="20200416 19:28:10.501" level="INFO">d:\python\lib\site-packages\urllib3\connectionpool.py:851: InsecureRequestWarning: Unverified HTTPS request is being made. Adding certificate verification is strongly advised. See: https://urllib3.readthedocs.io/en/latest/advanced-usage.html#ssl-warnings
  InsecureRequestWarning)</msg>
<status status="PASS" starttime="20200416 19:28:10.431" endtime="20200416 19:28:10.502"></status>
</kw>
<status status="PASS" starttime="20200416 19:28:10.429" endtime="20200416 19:28:10.502"></status>
</kw>
<kw name="Fapi Request Should Be Succeed" library="FATL">
<doc>Fapi HTTP response code should be 200 (means success)</doc>
<msg timestamp="20200416 19:28:10.504" level="INFO">HTTP response code is 200</msg>
<status status="PASS" starttime="20200416 19:28:10.504" endtime="20200416 19:28:10.504"></status>
</kw>
<tags>
<tag>作者：张鹏</tag>
<tag>冒烟集-新福建APP</tag>
<tag>活动/活动报名（丁希）</tag>
</tags>
<status status="PASS" starttime="20200416 19:28:10.425" endtime="20200416 19:28:10.505" critical="yes"></status>
</test>
<test id="s1-t5" name="活动结束无法报名">
<kw name="Save Activity" library="Activity_Common">
<doc>活动报名接口</doc>
<arguments>
<arg>${FILEID4}</arg>
<arg>${USERID}</arg>
</arguments>
<kw name="Fapi Headers Set" library="FATL">
<doc>Adds the given ``key_value_pairs`` and ``items`` to HTTP request headers.</doc>
<arguments>
<arg>Content-Type</arg>
<arg>application/x-www-form-urlencoded</arg>
</arguments>
<status status="PASS" starttime="20200416 19:28:10.511" endtime="20200416 19:28:10.511"></status>
</kw>
<kw name="Fapi Params Set" library="FATL">
<doc>Adds the given ``key_value_pairs`` and ``items`` to HTTP request parameters.</doc>
<arguments>
<arg>curVersions</arg>
<arg>${CURVERSIONS}</arg>
</arguments>
<status status="PASS" starttime="20200416 19:28:10.511" endtime="20200416 19:28:10.512"></status>
</kw>
<kw name="Create Dictionary" library="BuiltIn">
<doc>Creates and returns a dictionary based on the given ``items``.</doc>
<arguments>
<arg>fileId</arg>
<arg>${fileid}</arg>
<arg>userID</arg>
<arg>${userid}</arg>
<arg>device</arg>
<arg>${device}</arg>
<arg>siteId</arg>
<arg>${siteid}</arg>
</arguments>
<assign>
<var>${bodyData}</var>
</assign>
<msg timestamp="20200416 19:28:10.513" level="INFO">${bodyData} = {'fileId': '5', 'userID': '571', 'device': '429A9EC0-58DE-41D6-B79A-4E073350FA38', 'siteId': '1'}</msg>
<status status="PASS" starttime="20200416 19:28:10.512" endtime="20200416 19:28:10.513"></status>
</kw>
<kw name="Fapi Post" library="FATL">
<doc>Send a POST request on the session object found using the
given `alias`</doc>
<arguments>
<arg>${APPIF_ALIAS}</arg>
<arg>${SAVEACTIVITY_URI}</arg>
<arg>data=${bodyData}</arg>
</arguments>
<msg timestamp="20200416 19:28:10.629" level="INFO">Post Request using : alias=appif, uri=/saveActivity, data=fileId=5&amp;userID=571&amp;device=429A9EC0-58DE-41D6-B79A-4E073350FA38&amp;siteId=1, headers={'APITEST': '1', 'Content-Type': 'application/x-www-form-urlencoded'}, files=None, allow_redirects=True </msg>
<msg timestamp="20200416 19:28:10.629" level="INFO">JSON string is : {</msg>
<msg timestamp="20200416 19:28:10.629" level="INFO">  "success": false,</msg>
<msg timestamp="20200416 19:28:10.629" level="INFO">  "message": "请不要重复报名"</msg>
<msg timestamp="20200416 19:28:10.629" level="INFO">}</msg>
<msg timestamp="20200416 19:28:10.629" level="INFO">d:\python\lib\site-packages\urllib3\connectionpool.py:851: InsecureRequestWarning: Unverified HTTPS request is being made. Adding certificate verification is strongly advised. See: https://urllib3.readthedocs.io/en/latest/advanced-usage.html#ssl-warnings
  InsecureRequestWarning)</msg>
<status status="PASS" starttime="20200416 19:28:10.513" endtime="20200416 19:28:10.630"></status>
</kw>
<status status="PASS" starttime="20200416 19:28:10.510" endtime="20200416 19:28:10.630"></status>
</kw>
<kw name="Fapi Request Should Be Succeed" library="FATL">
<doc>Fapi HTTP response code should be 200 (means success)</doc>
<msg timestamp="20200416 19:28:10.632" level="INFO">HTTP response code is 200</msg>
<status status="PASS" starttime="20200416 19:28:10.632" endtime="20200416 19:28:10.632"></status>
</kw>
<tags>
<tag>作者：张鹏</tag>
<tag>冒烟集-新福建APP</tag>
<tag>活动/活动报名（丁希）</tag>
</tags>
<status status="PASS" starttime="20200416 19:28:10.508" endtime="20200416 19:28:10.633" critical="yes"></status>
</test>
<test id="s1-t6" name="活动报名已满提示报名已满">
<kw name="Save Activity" library="Activity_Common">
<doc>活动报名接口</doc>
<arguments>
<arg>${FILEID5}</arg>
<arg>${USERID}</arg>
</arguments>
<kw name="Fapi Headers Set" library="FATL">
<doc>Adds the given ``key_value_pairs`` and ``items`` to HTTP request headers.</doc>
<arguments>
<arg>Content-Type</arg>
<arg>application/x-www-form-urlencoded</arg>
</arguments>
<status status="PASS" starttime="20200416 19:28:10.641" endtime="20200416 19:28:10.641"></status>
</kw>
<kw name="Fapi Params Set" library="FATL">
<doc>Adds the given ``key_value_pairs`` and ``items`` to HTTP request parameters.</doc>
<arguments>
<arg>curVersions</arg>
<arg>${CURVERSIONS}</arg>
</arguments>
<status status="PASS" starttime="20200416 19:28:10.641" endtime="20200416 19:28:10.641"></status>
</kw>
<kw name="Create Dictionary" library="BuiltIn">
<doc>Creates and returns a dictionary based on the given ``items``.</doc>
<arguments>
<arg>fileId</arg>
<arg>${fileid}</arg>
<arg>userID</arg>
<arg>${userid}</arg>
<arg>device</arg>
<arg>${device}</arg>
<arg>siteId</arg>
<arg>${siteid}</arg>
</arguments>
<assign>
<var>${bodyData}</var>
</assign>
<msg timestamp="20200416 19:28:10.642" level="INFO">${bodyData} = {'fileId': '242', 'userID': '571', 'device': '429A9EC0-58DE-41D6-B79A-4E073350FA38', 'siteId': '1'}</msg>
<status status="PASS" starttime="20200416 19:28:10.641" endtime="20200416 19:28:10.642"></status>
</kw>
<kw name="Fapi Post" library="FATL">
<doc>Send a POST request on the session object found using the
given `alias`</doc>
<arguments>
<arg>${APPIF_ALIAS}</arg>
<arg>${SAVEACTIVITY_URI}</arg>
<arg>data=${bodyData}</arg>
</arguments>
<msg timestamp="20200416 19:28:10.698" level="INFO">Post Request using : alias=appif, uri=/saveActivity, data=fileId=242&amp;userID=571&amp;device=429A9EC0-58DE-41D6-B79A-4E073350FA38&amp;siteId=1, headers={'APITEST': '1', 'Content-Type': 'application/x-www-form-urlencoded'}, files=None, allow_redirects=True </msg>
<msg timestamp="20200416 19:28:10.698" level="INFO">JSON string is : {</msg>
<msg timestamp="20200416 19:28:10.698" level="INFO">  "success": false,</msg>
<msg timestamp="20200416 19:28:10.698" level="INFO">  "message": "活动名额已满，请下次再来"</msg>
<msg timestamp="20200416 19:28:10.698" level="INFO">}</msg>
<msg timestamp="20200416 19:28:10.698" level="INFO">d:\python\lib\site-packages\urllib3\connectionpool.py:851: InsecureRequestWarning: Unverified HTTPS request is being made. Adding certificate verification is strongly advised. See: https://urllib3.readthedocs.io/en/latest/advanced-usage.html#ssl-warnings
  InsecureRequestWarning)</msg>
<status status="PASS" starttime="20200416 19:28:10.642" endtime="20200416 19:28:10.699"></status>
</kw>
<status status="PASS" starttime="20200416 19:28:10.639" endtime="20200416 19:28:10.699"></status>
</kw>
<kw name="Fapi Request Should Be Succeed" library="FATL">
<doc>Fapi HTTP response code should be 200 (means success)</doc>
<msg timestamp="20200416 19:28:10.701" level="INFO">HTTP response code is 200</msg>
<status status="PASS" starttime="20200416 19:28:10.701" endtime="20200416 19:28:10.701"></status>
</kw>
<tags>
<tag>作者：张鹏</tag>
<tag>冒烟集-新福建APP</tag>
<tag>活动/活动报名（丁希）</tag>
</tags>
<status status="PASS" starttime="20200416 19:28:10.635" endtime="20200416 19:28:10.702" critical="yes"></status>
</test>
<test id="s1-t7" name="当活动不存在时报名">
<kw name="Save Activity" library="Activity_Common">
<doc>活动报名接口</doc>
<arguments>
<arg>${FILEID6}</arg>
<arg>${USERID}</arg>
</arguments>
<kw name="Fapi Headers Set" library="FATL">
<doc>Adds the given ``key_value_pairs`` and ``items`` to HTTP request headers.</doc>
<arguments>
<arg>Content-Type</arg>
<arg>application/x-www-form-urlencoded</arg>
</arguments>
<status status="PASS" starttime="20200416 19:28:10.707" endtime="20200416 19:28:10.707"></status>
</kw>
<kw name="Fapi Params Set" library="FATL">
<doc>Adds the given ``key_value_pairs`` and ``items`` to HTTP request parameters.</doc>
<arguments>
<arg>curVersions</arg>
<arg>${CURVERSIONS}</arg>
</arguments>
<status status="PASS" starttime="20200416 19:28:10.708" endtime="20200416 19:28:10.708"></status>
</kw>
<kw name="Create Dictionary" library="BuiltIn">
<doc>Creates and returns a dictionary based on the given ``items``.</doc>
<arguments>
<arg>fileId</arg>
<arg>${fileid}</arg>
<arg>userID</arg>
<arg>${userid}</arg>
<arg>device</arg>
<arg>${device}</arg>
<arg>siteId</arg>
<arg>${siteid}</arg>
</arguments>
<assign>
<var>${bodyData}</var>
</assign>
<msg timestamp="20200416 19:28:10.709" level="INFO">${bodyData} = {'fileId': '888', 'userID': '571', 'device': '429A9EC0-58DE-41D6-B79A-4E073350FA38', 'siteId': '1'}</msg>
<status status="PASS" starttime="20200416 19:28:10.708" endtime="20200416 19:28:10.709"></status>
</kw>
<kw name="Fapi Post" library="FATL">
<doc>Send a POST request on the session object found using the
given `alias`</doc>
<arguments>
<arg>${APPIF_ALIAS}</arg>
<arg>${SAVEACTIVITY_URI}</arg>
<arg>data=${bodyData}</arg>
</arguments>
<msg timestamp="20200416 19:28:10.772" level="INFO">Post Request using : alias=appif, uri=/saveActivity, data=fileId=888&amp;userID=571&amp;device=429A9EC0-58DE-41D6-B79A-4E073350FA38&amp;siteId=1, headers={'APITEST': '1', 'Content-Type': 'application/x-www-form-urlencoded'}, files=None, allow_redirects=True </msg>
<msg timestamp="20200416 19:28:10.772" level="INFO">JSON string is : {</msg>
<msg timestamp="20200416 19:28:10.772" level="INFO">  "success": false,</msg>
<msg timestamp="20200416 19:28:10.772" level="INFO">  "message": "活动名额已满，请下次再来"</msg>
<msg timestamp="20200416 19:28:10.772" level="INFO">}</msg>
<msg timestamp="20200416 19:28:10.772" level="INFO">d:\python\lib\site-packages\urllib3\connectionpool.py:851: InsecureRequestWarning: Unverified HTTPS request is being made. Adding certificate verification is strongly advised. See: https://urllib3.readthedocs.io/en/latest/advanced-usage.html#ssl-warnings
  InsecureRequestWarning)</msg>
<status status="PASS" starttime="20200416 19:28:10.709" endtime="20200416 19:28:10.773"></status>
</kw>
<status status="PASS" starttime="20200416 19:28:10.707" endtime="20200416 19:28:10.773"></status>
</kw>
<kw name="Fapi Request Should Be Succeed" library="FATL">
<doc>Fapi HTTP response code should be 200 (means success)</doc>
<msg timestamp="20200416 19:28:10.775" level="INFO">HTTP response code is 200</msg>
<status status="PASS" starttime="20200416 19:28:10.775" endtime="20200416 19:28:10.775"></status>
</kw>
<tags>
<tag>作者：张鹏</tag>
<tag>冒烟集-新福建APP</tag>
<tag>活动/活动报名（丁希）</tag>
</tags>
<status status="PASS" starttime="20200416 19:28:10.704" endtime="20200416 19:28:10.776" critical="yes"></status>
</test>
<kw name="Fapi Delete All Sessions" library="FATL" type="teardown">
<doc>Removes all the session objects</doc>
<msg timestamp="20200416 19:28:10.781" level="INFO">Delete All Sessions</msg>
<status status="PASS" starttime="20200416 19:28:10.781" endtime="20200416 19:28:10.782"></status>
</kw>
<doc>活动报名</doc>
<status status="PASS" starttime="20200416 19:28:09.305" endtime="20200416 19:28:10.782"></status>
</suite>
<statistics>
<total>
<stat pass="7" fail="0">Critical Tests</stat>
<stat pass="7" fail="0">All Tests</stat>
</total>
<tag>
<stat pass="7" fail="0">作者：张鹏</stat>
<stat pass="7" fail="0">冒烟集-新福建APP</stat>
<stat pass="7" fail="0">活动/活动报名（丁希）</stat>
</tag>
<suite>
<stat pass="7" fail="0" id="s1" name="SaveActivity">SaveActivity</stat>
</suite>
</statistics>
<errors>
<msg timestamp="20200416 19:28:09.342" level="ERROR">Error in file 'D:\XFJ\API\App_Activity\Activity_Common.robot': Non-existing setting 'Force Tags'.</msg>
<msg timestamp="20200416 19:28:09.343" level="ERROR">Error in file 'D:\XFJ\API\App_Activity\Activity_Common.robot': Non-existing setting '...'.</msg>
</errors>
</robot>
