<?xml version="1.0" encoding="UTF-8"?>
<robot generator="Robot 3.1.1 (Python 3.6.5 on win32)" generated="20200421 16:11:17.132" rpa="false">
<suite id="s1" name="GetArticleCounts" source="D:\XFJ\API\App_ArticleList\GetArticleCounts.robot">
<kw name="Create Session Common" library="Common" type="setup">
<kw name="Fapi Create Session" library="FATL">
<doc>Fapi Create Session: create a HTTP session to a server</doc>
<arguments>
<arg>${APPIF_ALIAS}</arg>
<arg>${APPIF_URL}</arg>
</arguments>
<msg timestamp="20200421 16:11:17.697" level="INFO">Creating Session using : alias=appif, url=https://api1.fjdaily.com/app_if, headers={'APITEST': '1'},                     cookies=None, auth=None, timeout=None, proxies=None, verify=False,                     debug=0 </msg>
<status status="PASS" starttime="20200421 16:11:17.697" endtime="20200421 16:11:17.697"></status>
</kw>
<status status="PASS" starttime="20200421 16:11:17.696" endtime="20200421 16:11:17.698"></status>
</kw>
<test id="s1-t1" name="当输入的稿件id存在时，接口返回改稿件的实时点击数">
<kw name="Get Article Counts" library="Article_Common">
<doc>获取列表页稿件的阅读数接口</doc>
<arguments>
<arg>${ID0}</arg>
</arguments>
<kw name="Fapi Params Set" library="FATL">
<doc>Adds the given ``key_value_pairs`` and ``items`` to HTTP request parameters.</doc>
<arguments>
<arg>articleId</arg>
<arg>${articleid}</arg>
<arg>siteId</arg>
<arg>${siteid}</arg>
<arg>curVersions</arg>
<arg>${CURVERSIONS}</arg>
</arguments>
<status status="PASS" starttime="20200421 16:11:17.702" endtime="20200421 16:11:17.703"></status>
</kw>
<kw name="Fapi Get" library="FATL">
<doc>Send a GET request on the session object found using the
given `alias`</doc>
<arguments>
<arg>${APPIF_ALIAS}</arg>
<arg>${GETARTICLECOUNTS_URI}</arg>
</arguments>
<msg timestamp="20200421 16:11:17.995" level="INFO">Get Request using : alias=appif, uri=/getArticleCounts, headers={'APITEST': '1'} json=None</msg>
<msg timestamp="20200421 16:11:17.996" level="INFO">JSON string is : {</msg>
<msg timestamp="20200421 16:11:17.996" level="INFO">  "status": 0,</msg>
<msg timestamp="20200421 16:11:17.996" level="INFO">  "message": "success",</msg>
<msg timestamp="20200421 16:11:17.996" level="INFO">  "data": {</msg>
<msg timestamp="20200421 16:11:17.996" level="INFO">    "fileId": 2005,</msg>
<msg timestamp="20200421 16:11:17.996" level="INFO">    "countClick": 1514,</msg>
<msg timestamp="20200421 16:11:17.996" level="INFO">    "countPraise": 2,</msg>
<msg timestamp="20200421 16:11:17.996" level="INFO">    "countShare": 15,</msg>
<msg timestamp="20200421 16:11:17.996" level="INFO">    "countDiscuss": 8</msg>
<msg timestamp="20200421 16:11:17.996" level="INFO">  }</msg>
<msg timestamp="20200421 16:11:17.996" level="INFO">}</msg>
<msg timestamp="20200421 16:11:17.996" level="INFO">d:\python\lib\site-packages\urllib3\connectionpool.py:851: InsecureRequestWarning: Unverified HTTPS request is being made. Adding certificate verification is strongly advised. See: https://urllib3.readthedocs.io/en/latest/advanced-usage.html#ssl-warnings
  InsecureRequestWarning)</msg>
<status status="PASS" starttime="20200421 16:11:17.703" endtime="20200421 16:11:17.997"></status>
</kw>
<kw name="Fapi Data To Object" library="FATL">
<doc>Convert Fapi response content to python object</doc>
<assign>
<var>${data}</var>
</assign>
<msg timestamp="20200421 16:11:17.997" level="INFO">${data} = &lt;FATL.Json2Object.Dict2Object object at 0x000001F377085E10&gt;</msg>
<status status="PASS" starttime="20200421 16:11:17.997" endtime="20200421 16:11:17.997"></status>
</kw>
<kw name="Set Suite Variable" library="BuiltIn">
<doc>Makes a variable available everywhere within the scope of the current suite.</doc>
<arguments>
<arg>${response_data}</arg>
<arg>${data}</arg>
</arguments>
<msg timestamp="20200421 16:11:17.998" level="INFO">${response_data} = &lt;FATL.Json2Object.Dict2Object object at 0x000001F377085E10&gt;</msg>
<status status="PASS" starttime="20200421 16:11:17.997" endtime="20200421 16:11:17.999"></status>
</kw>
<status status="PASS" starttime="20200421 16:11:17.702" endtime="20200421 16:11:17.999"></status>
</kw>
<kw name="Should Be Equal As Strings" library="BuiltIn">
<doc>Fails if objects are unequal after converting them to strings.</doc>
<arguments>
<arg>${response_data.fileId}</arg>
<arg>${ID0}</arg>
</arguments>
<msg timestamp="20200421 16:11:18.000" level="INFO">Argument types are:
&lt;class 'int'&gt;
&lt;type 'unicode'&gt;</msg>
<status status="PASS" starttime="20200421 16:11:17.999" endtime="20200421 16:11:18.000"></status>
</kw>
<tags>
<tag>作者：张鹏</tag>
<tag>冒烟集-新福建APP</tag>
<tag>栏目接口/列表页稿件阅读数接口（李昊）</tag>
</tags>
<status status="PASS" starttime="20200421 16:11:17.698" endtime="20200421 16:11:18.001" critical="yes"></status>
</test>
<test id="s1-t2" name="当输入的稿件id存在时，接口返回改稿件的实时点击数">
<kw name="Get Article Counts" library="Article_Common">
<doc>获取列表页稿件的阅读数接口</doc>
<arguments>
<arg>${ID1}</arg>
</arguments>
<kw name="Fapi Params Set" library="FATL">
<doc>Adds the given ``key_value_pairs`` and ``items`` to HTTP request parameters.</doc>
<arguments>
<arg>articleId</arg>
<arg>${articleid}</arg>
<arg>siteId</arg>
<arg>${siteid}</arg>
<arg>curVersions</arg>
<arg>${CURVERSIONS}</arg>
</arguments>
<status status="PASS" starttime="20200421 16:11:18.011" endtime="20200421 16:11:18.012"></status>
</kw>
<kw name="Fapi Get" library="FATL">
<doc>Send a GET request on the session object found using the
given `alias`</doc>
<arguments>
<arg>${APPIF_ALIAS}</arg>
<arg>${GETARTICLECOUNTS_URI}</arg>
</arguments>
<msg timestamp="20200421 16:11:18.081" level="INFO">Get Request using : alias=appif, uri=/getArticleCounts, headers={'APITEST': '1'} json=None</msg>
<msg timestamp="20200421 16:11:18.081" level="INFO">JSON string is : {</msg>
<msg timestamp="20200421 16:11:18.081" level="INFO">  "status": 0,</msg>
<msg timestamp="20200421 16:11:18.082" level="INFO">  "message": "success",</msg>
<msg timestamp="20200421 16:11:18.082" level="INFO">  "data": {</msg>
<msg timestamp="20200421 16:11:18.082" level="INFO">    "success": false,</msg>
<msg timestamp="20200421 16:11:18.082" level="INFO">    "errorInfo": "找不到相关稿件",</msg>
<msg timestamp="20200421 16:11:18.082" level="INFO">    "results": []</msg>
<msg timestamp="20200421 16:11:18.082" level="INFO">  }</msg>
<msg timestamp="20200421 16:11:18.082" level="INFO">}</msg>
<msg timestamp="20200421 16:11:18.082" level="INFO">d:\python\lib\site-packages\urllib3\connectionpool.py:851: InsecureRequestWarning: Unverified HTTPS request is being made. Adding certificate verification is strongly advised. See: https://urllib3.readthedocs.io/en/latest/advanced-usage.html#ssl-warnings
  InsecureRequestWarning)</msg>
<status status="PASS" starttime="20200421 16:11:18.012" endtime="20200421 16:11:18.082"></status>
</kw>
<kw name="Fapi Data To Object" library="FATL">
<doc>Convert Fapi response content to python object</doc>
<assign>
<var>${data}</var>
</assign>
<msg timestamp="20200421 16:11:18.083" level="INFO">${data} = &lt;FATL.Json2Object.Dict2Object object at 0x000001F375C76C50&gt;</msg>
<status status="PASS" starttime="20200421 16:11:18.082" endtime="20200421 16:11:18.083"></status>
</kw>
<kw name="Set Suite Variable" library="BuiltIn">
<doc>Makes a variable available everywhere within the scope of the current suite.</doc>
<arguments>
<arg>${response_data}</arg>
<arg>${data}</arg>
</arguments>
<msg timestamp="20200421 16:11:18.084" level="INFO">${response_data} = &lt;FATL.Json2Object.Dict2Object object at 0x000001F375C76C50&gt;</msg>
<status status="PASS" starttime="20200421 16:11:18.083" endtime="20200421 16:11:18.084"></status>
</kw>
<status status="PASS" starttime="20200421 16:11:18.010" endtime="20200421 16:11:18.084"></status>
</kw>
<kw name="Should Be Equal As Strings" library="BuiltIn">
<doc>Fails if objects are unequal after converting them to strings.</doc>
<arguments>
<arg>${response_data.errorInfo}</arg>
<arg>${RESULT}</arg>
</arguments>
<status status="PASS" starttime="20200421 16:11:18.084" endtime="20200421 16:11:18.085"></status>
</kw>
<tags>
<tag>作者：张鹏</tag>
<tag>冒烟集-新福建APP</tag>
<tag>栏目接口/列表页稿件阅读数接口（李昊）</tag>
</tags>
<status status="PASS" starttime="20200421 16:11:18.003" endtime="20200421 16:11:18.086" critical="yes"></status>
</test>
<kw name="Fapi Delete All Sessions" library="FATL" type="teardown">
<doc>Removes all the session objects</doc>
<msg timestamp="20200421 16:11:18.089" level="INFO">Delete All Sessions</msg>
<status status="PASS" starttime="20200421 16:11:18.088" endtime="20200421 16:11:18.089"></status>
</kw>
<doc>该文档是获取栏目模块接口用例文档</doc>
<status status="PASS" starttime="20200421 16:11:17.135" endtime="20200421 16:11:18.089"></status>
</suite>
<statistics>
<total>
<stat pass="2" fail="0">Critical Tests</stat>
<stat pass="2" fail="0">All Tests</stat>
</total>
<tag>
<stat pass="2" fail="0">作者：张鹏</stat>
<stat pass="2" fail="0">冒烟集-新福建APP</stat>
<stat pass="2" fail="0">栏目接口/列表页稿件阅读数接口（李昊）</stat>
</tag>
<suite>
<stat pass="2" fail="0" id="s1" name="GetArticleCounts">GetArticleCounts</stat>
</suite>
</statistics>
<errors>
<msg timestamp="20200421 16:11:17.173" level="ERROR">Error in file 'D:\XFJ\API\App_ArticleList\Article_Common.robot': Non-existing setting 'Force Tags'.</msg>
<msg timestamp="20200421 16:11:17.174" level="ERROR">Error in file 'D:\XFJ\API\App_ArticleList\Article_Common.robot': Non-existing setting '...'.</msg>
<msg timestamp="20200421 16:11:18.002" level="WARN">Multiple test cases with name '当输入的稿件id存在时，接口返回改稿件的实时点击数' executed in test suite 'GetArticleCounts'.</msg>
</errors>
</robot>
