<?xml version="1.0" encoding="UTF-8"?>
<robot generator="Robot 3.1.1 (Python 3.6.5 on win32)" generated="20200331 21:14:42.079" rpa="false">
<suite id="s1" name="GetArticles" source="D:\XFJ\API\App_Article\GetArticles.robot">
<kw name="Create Session Common" library="Common" type="setup">
<kw name="Fapi Create Session" library="FATL">
<doc>Fapi Create Session: create a HTTP session to a server</doc>
<arguments>
<arg>${APPIF_ALIAS}</arg>
<arg>${APPIF_URL}</arg>
</arguments>
<msg timestamp="20200331 21:14:42.759" level="INFO">Creating Session using : alias=appif, url=http://218.66.59.25:3082/app_if, headers={'APITEST': '1'},                     cookies=None, auth=None, timeout=None, proxies=None, verify=False,                     debug=0 </msg>
<status status="PASS" starttime="20200331 21:14:42.758" endtime="20200331 21:14:42.760"></status>
</kw>
<status status="PASS" starttime="20200331 21:14:42.758" endtime="20200331 21:14:42.760"></status>
</kw>
<test id="s1-t1" name="查看头条栏目下的稿件列表数据，接口成功返回数据">
<kw name="Get Articles" library="Article_Common">
<doc>获取栏目稿件列表接口</doc>
<arguments>
<arg>${ID}</arg>
</arguments>
<kw name="Fapi Params Set" library="FATL">
<doc>Adds the given ``key_value_pairs`` and ``items`` to HTTP request parameters.</doc>
<arguments>
<arg>columnId</arg>
<arg>${columnid}</arg>
<arg>siteId</arg>
<arg>${siteid}</arg>
</arguments>
<status status="PASS" starttime="20200331 21:14:42.764" endtime="20200331 21:14:42.765"></status>
</kw>
<kw name="Fapi Get" library="FATL">
<doc>Send a GET request on the session object found using the
given `alias`</doc>
<arguments>
<arg>${APPIF_ALIAS}</arg>
<arg>${GETARTICLES_URI}</arg>
</arguments>
<msg timestamp="20200331 21:14:45.155" level="INFO">Get Request using : alias=appif, uri=/getArticles, headers={'APITEST': '1'} json=None</msg>
<msg timestamp="20200331 21:14:45.166" level="INFO">JSON string is : {</msg>
<msg timestamp="20200331 21:14:45.166" level="INFO">  "carousel": [</msg>
<msg timestamp="20200331 21:14:45.166" level="INFO">    {</msg>
<msg timestamp="20200331 21:14:45.166" level="INFO">      "fileId": 306,</msg>
<msg timestamp="20200331 21:14:45.166" level="INFO">      "markLocked": false,</msg>
<msg timestamp="20200331 21:14:45.166" level="INFO">      "version": 1584526539000,</msg>
<msg timestamp="20200331 21:14:45.166" level="INFO">      "isRel": 0,</msg>
<msg timestamp="20200331 21:14:45.166" level="INFO">      "realPubTime": "2020-03-18 18:15:39.0",</msg>
<msg timestamp="20200331 21:14:45.166" level="INFO">      "title": "视频-大图",</msg>
<msg timestamp="20200331 21:14:45.166" level="INFO">      "textTitle": "视频-大图",</msg>
<msg timestamp="20200331 21:14:45.166" level="INFO">      "attAbstract": "",</msg>
<msg timestamp="20200331 21:14:45.167" level="INFO">      "textAbstract": "",</msg>
<msg timestamp="20200331 21:14:45.167" level="INFO">      "arthorID": 20,</msg>
<msg timestamp="20200331 21:14:45.167" level="INFO">      "arthorName": "",</msg>
<msg timestamp="20200331 21:14:45.167" level="INFO">      "reporter": "",</msg>
<msg timestamp="20200331 21:14:45.167" level="INFO">      "publishtime": "2020-03-17 11:46:43.0",</msg>
<msg timestamp="20200331 21:14:45.167" level="INFO">      "articleType": 2,</msg>
<msg timestamp="20200331 21:14:45.167" level="INFO">      "tag": "第一个标签",</msg>
<msg timestamp="20200331 21:14:45.167" level="INFO">      "tags": [</msg>
<msg timestamp="20200331 21:14:45.167" level="INFO">        {</msg>
<msg timestamp="20200331 21:14:45.167" level="INFO">          "id": 1,</msg>
<msg timestamp="20200331 21:14:45.167" level="INFO">          "name": "第一个标签",</msg>
<msg timestamp="20200331 21:14:45.167" level="INFO">          "order": 1</msg>
<msg timestamp="20200331 21:14:45.167" level="INFO">        }</msg>
<msg timestamp="20200331 21:14:45.167" level="INFO">      ],</msg>
<msg timestamp="20200331 21:14:45.167" level="INFO">      "trade": "",</msg>
<msg timestamp="20200331 21:14:45.167" level="INFO">      "tradeID": "",</msg>
<msg timestamp="20200331 21:14:45.167" level="INFO">      "colName": "首页~头条",</msg>
<msg timestamp="20200331 21:14:45.167" level="INFO">      "columnCasName": "首页~头条",</msg>
<msg timestamp="20200331 21:14:45.167" level="INFO">      "colID": 5,</msg>
<msg timestamp="20200331 21:14:45.167" level="INFO">      "colIcon": "http://218.66.59.25:3083/app/resource/xy/202003/06/4fff70e1-1028-49b8-9c48-12637e3c7f7f.jpg",</msg>
<msg timestamp="20200331 21:14:45.167" level="INFO">      "mark": "视频角标",</msg>
<msg timestamp="20200331 21:14:45.168" level="INFO">      "source": "",</msg>
<msg timestamp="20200331 21:14:45.168" level="INFO">      "sourceUrl": "",</msg>
<msg timestamp="20200331 21:14:45.168" level="INFO">      "multimediaLink": "",</msg>
<msg timestamp="20200331 21:14:45.168" level="INFO">      "shareUrl": "http://218.66.59.25:3083/app/pad/content/content_306.html",</msg>
<msg timestamp="20200331 21:14:45.168" level="INFO">      "url": "",</msg>
<msg timestamp="20200331 21:14:45.168" level="INFO">      "urlPad": "http://218.66.59.25:3083/app/pad/content/content_306.html",</msg>
<msg timestamp="20200331 21:14:45.168" level="INFO">      "isBigPic": 1,</msg>
<msg timestamp="20200331 21:14:45.168" level="INFO">      "picRatio": "399:224",</msg>
<msg timestamp="20200331 21:14:45.168" level="INFO">      "isExclusive": 0,</msg>
<msg timestamp="20200331 21:14:45.168" level="INFO">      "contentUrl": "http://218.66.59.25:3082/app_if/getArticleContent?articleId=306",</msg>
<msg timestamp="20200331 21:14:45.168" level="INFO">      "linkID": 0,</msg>
<msg timestamp="20200331 21:14:45.168" level="INFO">      "linkType": 0,</msg>
<msg timestamp="20200331 21:14:45.168" level="INFO">      "linkName": "",</msg>
<msg timestamp="20200331 21:14:45.168" level="INFO">      "countClick": 26,</msg>
<msg timestamp="20200331 21:14:45.168" level="INFO">      "countClickInitial": 0,</msg>
<msg timestamp="20200331 21:14:45.168" level="INFO">      "countClickReal": 0,</msg>
<msg timestamp="20200331 21:14:45.168" level="INFO">      "countClickFake": 26,</msg>
<msg timestamp="20200331 21:14:45.168" level="INFO">      "countShareClick": 0,</msg>
<msg timestamp="20200331 21:14:45.168" level="INFO">      "rssID": 0,</msg>
<msg timestamp="20200331 21:14:45.168" level="INFO">      "rss": "",</msg>
<msg timestamp="20200331 21:14:45.168" level="INFO">      "rssType": 0,</msg>
<msg timestamp="20200331 21:14:45.168" level="INFO">      "discussClosed": "0",</msg>
<msg timestamp="20200331 21:14:45.169" level="INFO">      "countDiscuss": 2,</msg>
<msg timestamp="20200331 21:14:45.169" level="INFO">      "countPraise": 1,</msg>
<msg timestamp="20200331 21:14:45.169" level="INFO">      "countShare": 0,</msg>
<msg timestamp="20200331 21:14:45.169" level="INFO">      "extGroupID": 0,</msg>
<msg timestamp="20200331 21:14:45.169" level="INFO">      "picType": 2,</msg>
<msg timestamp="20200331 21:14:45.169" level="INFO">      "listType": 0,</msg>
<msg timestamp="20200331 21:14:45.169" level="INFO">      "picFullScreen": 0,</msg>
<msg timestamp="20200331 21:14:45.169" level="INFO">      "titleDisplay": 0,</msg>
<msg timestamp="20200331 21:14:45.169" level="INFO">      "pubTimeDisplay": 0,</msg>
<msg timestamp="20200331 21:14:45.169" level="INFO">      "shareClosed": 0,</msg>
<msg timestamp="20200331 21:14:45.169" level="INFO">      "shareContent": "",</msg>
<msg timestamp="20200331 21:14:45.169" level="INFO">      "shareTitle": "",</msg>
<msg timestamp="20200331 21:14:45.169" level="INFO">      "sharePicUrl": "",</msg>
<msg timestamp="20200331 21:14:45.169" level="INFO">      "customShare": 0,</msg>
<msg timestamp="20200331 21:14:45.169" level="INFO">      "listTitle": "视频-大图的列表标题列表标题",</msg>
<msg timestamp="20200331 21:14:45.169" level="INFO">      "praiseType": 1,</msg>
<msg timestamp="20200331 21:14:45.169" level="INFO">      "isrecommend": 0,</msg>
<msg timestamp="20200331 21:14:45.169" level="INFO">      "subTitle": "",</msg>
<msg timestamp="20200331 21:14:45.169" level="INFO">      "leadTitle": "",</msg>
<msg timestamp="20200331 21:14:45.170" level="INFO">      "picurl": "图片存储;xy/202003/17/t1_(1X3X440X250)82fceb50-473e-4372-8da7-7205694b3919copy.jpg",</msg>
<msg timestamp="20200331 21:14:45.170" level="INFO">      "ext_sharepic": "图片存储;xy/202003/17/t1_(1X3X440X250)82fceb50-473e-4372-8da7-7205694b3919copy.jpg",</msg>
<msg timestamp="20200331 21:14:45.170" level="INFO">      "keylist": "",</msg>
<msg timestamp="20200331 21:14:45.170" level="INFO">      "sectionids": "5",</msg>
<msg timestamp="20200331 21:14:45.170" level="INFO">      "newstype": 2,</msg>
<msg timestamp="20200331 21:14:45.170" level="INFO">      "collectcount": 0,</msg>
<msg timestamp="20200331 21:14:45.170" level="INFO">      "edittername": "张鹏",</msg>
<msg timestamp="20200331 21:14:45.170" level="INFO">      "iorder": "-17730114.6000306000",</msg>
<msg timestamp="20200331 21:14:45.170" level="INFO">      "picauthor": "",</msg>
<msg timestamp="20200331 21:14:45.170" level="INFO">      "picauthorid": "",</msg>
<msg timestamp="20200331 21:14:45.170" level="INFO">      "videoauthor": "",</msg>
<msg timestamp="20200331 21:14:45.170" level="INFO">      "videoauthorid": "",</msg>
<msg timestamp="20200331 21:14:45.170" level="INFO">      "bigPic": "图片存储;xy/202003/17/t1_(1X3X440X250)82fceb50-473e-4372-8da7-7205694b3919copy.jpg",</msg>
<msg timestamp="20200331 21:14:45.170" level="INFO">      "pic_list": [</msg>
<msg timestamp="20200331 21:14:45.170" level="INFO">        "图片存储;xy/202003/17/t1_(1X3X440X250)82fceb50-473e-4372-8da7-7205694b3919copy.jpg",</msg>
<msg timestamp="20200331 21:14:45.170" level="INFO">        "",</msg>
<msg timestamp="20200331 21:14:45.170" level="INFO">        ""</msg>
<msg timestamp="20200331 21:14:45.170" level="INFO">      ],</msg>
<msg timestamp="20200331 21:14:45.170" level="INFO">      "pic_list_title": [</msg>
<msg timestamp="20200331 21:14:45.170" level="INFO">        "http://218.66.59.25:3083/app/pad/pic/2020-03/17/t1_(1X3X440X250)82fceb50-473e-4372-8da7-7205694b3919copy.jpg"</msg>
<msg timestamp="20200331 21:14:45.170" level="INFO">      ],</msg>
<msg timestamp="20200331 21:14:45.171" level="INFO">      "emojiID": "",</msg>
<msg timestamp="20200331 21:14:45.171" level="INFO">      "copyright": "0",</msg>
<msg timestamp="20200331 21:14:45.171" level="INFO">      "videoUrl": "https://junshi-cloud-clip-oss.oss-cn-hangzhou.aliyuncs.com/common/custom/20200205/0ffd0aae-62c3-4928-a765-b8411192ee8d.mkv",</msg>
<msg timestamp="20200331 21:14:45.171" level="INFO">      "duration": 0,</msg>
<msg timestamp="20200331 21:14:45.171" level="INFO">      "size": 0,</msg>
<msg timestamp="20200331 21:14:45.171" level="INFO">      "videoStyle": 0,</msg>
<msg timestamp="20200331 21:14:45.171" level="INFO">      "picBig": "http://218.66.59.25:3083/app/pad/pic/2020-03/17/t1_(1X3X440X250)82fceb50-473e-4372-8da7-7205694b3919copy.jpg",</msg>
<msg timestamp="20200331 21:14:45.171" level="INFO">      "pic": [],</msg>
<msg timestamp="20200331 21:14:45.171" level="INFO">      "picCount": "0",</msg>
<msg timestamp="20200331 21:14:45.171" level="INFO">      "isTop": true,</msg>
<msg timestamp="20200331 21:14:45.171" level="INFO">      "position": 0</msg>
<msg timestamp="20200331 21:14:45.171" level="INFO">    },</msg>
<msg timestamp="20200331 21:14:45.171" level="INFO">    {</msg>
<msg timestamp="20200331 21:14:45.171" level="INFO">      "fileId": 320,</msg>
<msg timestamp="20200331 21:14:45.171" level="INFO">      "markLocked": false,</msg>
<msg timestamp="20200331 21:14:45.171" level="INFO">      "version": 1584526539000,</msg>
<msg timestamp="20200331 21:14:45.171" level="INFO">      "isRel": 0,</msg>
<msg timestamp="20200331 21:14:45.171" level="INFO">      "realPubTime": "2020-03-18 18:15:39.0",</msg>
<msg timestamp="20200331 21:14:45.171" level="INFO">      "title": "链接稿件大图链接稿件大图链接稿件大图链接稿件大图链接稿件大图链接稿件大图链接稿件大图链接稿件大图链接稿件大图链接稿件大图链接稿件大图链接稿件大图链接稿件大图链接稿件大图",</msg>
<msg timestamp="20200331 21:14:45.171" level="INFO">      "textTitle": "链接稿件大图链接稿件大图链接稿件大图链接稿件大图链接稿件大图链接稿件大图链接稿件大图链接稿件大图链接稿件大图链接稿件大图链接稿件大图链接稿件大图链接稿件大图链接稿件大图",</msg>
<msg timestamp="20200331 21:14:45.171" level="INFO">      "attAbstract": "",</msg>
<msg timestamp="20200331 21:14:45.171" level="INFO">      "textAbstract": "",</msg>
<msg timestamp="20200331 21:14:45.171" level="INFO">      "arthorID": 26,</msg>
<msg timestamp="20200331 21:14:45.172" level="INFO">      "arthorName": "",</msg>
<msg timestamp="20200331 21:14:45.172" level="INFO">      "reporter": "",</msg>
<msg timestamp="20200331 21:14:45.172" level="INFO">      "publishtime": "2020-03-17 14:25:42.0",</msg>
<msg timestamp="20200331 21:14:45.172" level="INFO">      "articleType": 4,</msg>
<msg timestamp="20200331 21:14:45.172" level="INFO">      "tag": "",</msg>
<msg timestamp="20200331 21:14:45.172" level="INFO">      "trade": "",</msg>
<msg timestamp="20200331 21:14:45.172" level="INFO">      "tradeID": "",</msg>
<msg timestamp="20200331 21:14:45.172" level="INFO">      "colName": "首页~头条",</msg>
<msg timestamp="20200331 21:14:45.172" level="INFO">      "columnCasName": "首页~头条",</msg>
<msg timestamp="20200331 21:14:45.172" level="INFO">      "colID": 5,</msg>
<msg timestamp="20200331 21:14:45.172" level="INFO">      "colIcon": "http://218.66.59.25:3083/app/resource/xy/202003/06/4fff70e1-1028-49b8-9c48-12637e3c7f7f.jpg",</msg>
<msg timestamp="20200331 21:14:45.172" level="INFO">      "mark": "",</msg>
<msg timestamp="20200331 21:14:45.172" level="INFO">      "source": "网易新闻",</msg>
<msg timestamp="20200331 21:14:45.172" level="INFO">      "sourceUrl": "",</msg>
<msg timestamp="20200331 21:14:45.172" level="INFO">      "multimediaLink": "",</msg>
<msg timestamp="20200331 21:14:45.172" level="INFO">      "shareUrl": "https://www.baidu.com/",</msg>
<msg timestamp="20200331 21:14:45.172" level="INFO">      "url": "https://www.baidu.com/",</msg>
<msg timestamp="20200331 21:14:45.172" level="INFO">      "urlPad": "https://www.baidu.com/",</msg>
<msg timestamp="20200331 21:14:45.172" level="INFO">      "isBigPic": 0,</msg>
<msg timestamp="20200331 21:14:45.172" level="INFO">      "picRatio": "2995:2198",</msg>
<msg timestamp="20200331 21:14:45.172" level="INFO">      "isExclusive": 0,</msg>
<msg timestamp="20200331 21:14:45.172" level="INFO">      "contentUrl": "https://www.baidu.com/",</msg>
<msg timestamp="20200331 21:14:45.173" level="INFO">      "linkID": 0,</msg>
<msg timestamp="20200331 21:14:45.173" level="INFO">      "linkType": 0,</msg>
<msg timestamp="20200331 21:14:45.173" level="INFO">      "linkName": "",</msg>
<msg timestamp="20200331 21:14:45.173" level="INFO">      "countClick": 0,</msg>
<msg timestamp="20200331 21:14:45.173" level="INFO">      "countClickInitial": 0,</msg>
<msg timestamp="20200331 21:14:45.173" level="INFO">      "countClickReal": 0,</msg>
<msg timestamp="20200331 21:14:45.173" level="INFO">      "countClickFake": 0,</msg>
<msg timestamp="20200331 21:14:45.173" level="INFO">      "countShareClick": 0,</msg>
<msg timestamp="20200331 21:14:45.173" level="INFO">      "rssID": 0,</msg>
<msg timestamp="20200331 21:14:45.173" level="INFO">      "rss": "",</msg>
<msg timestamp="20200331 21:14:45.173" level="INFO">      "rssType": 0,</msg>
<msg timestamp="20200331 21:14:45.173" level="INFO">      "discussClosed": "0",</msg>
<msg timestamp="20200331 21:14:45.173" level="INFO">      "countDiscuss": 14,</msg>
<msg timestamp="20200331 21:14:45.173" level="INFO">      "countPraise": 4,</msg>
<msg timestamp="20200331 21:14:45.173" level="INFO">      "countShare": 0,</msg>
<msg timestamp="20200331 21:14:45.173" level="INFO">      "extGroupID": 0,</msg>
<msg timestamp="20200331 21:14:45.173" level="INFO">      "picType": 2,</msg>
<msg timestamp="20200331 21:14:45.173" level="INFO">      "listType": 0,</msg>
<msg timestamp="20200331 21:14:45.173" level="INFO">      "picFullScreen": 0,</msg>
<msg timestamp="20200331 21:14:45.173" level="INFO">      "titleDisplay": 0,</msg>
<msg timestamp="20200331 21:14:45.173" level="INFO">      "pubTimeDisplay": 0,</msg>
<msg timestamp="20200331 21:14:45.174" level="INFO">      "shareClosed": 0,</msg>
<msg timestamp="20200331 21:14:45.174" level="INFO">      "shareContent": "",</msg>
<msg timestamp="20200331 21:14:45.174" level="INFO">      "shareTitle": "",</msg>
<msg timestamp="20200331 21:14:45.174" level="INFO">      "sharePicUrl": "",</msg>
<msg timestamp="20200331 21:14:45.174" level="INFO">      "customShare": 0,</msg>
<msg timestamp="20200331 21:14:45.174" level="INFO">      "listTitle": "链接稿件列表标题",</msg>
<msg timestamp="20200331 21:14:45.174" level="INFO">      "praiseType": 0,</msg>
<msg timestamp="20200331 21:14:45.174" level="INFO">      "isrecommend": 0,</msg>
<msg timestamp="20200331 21:14:45.174" level="INFO">      "subTitle": "",</msg>
<msg timestamp="20200331 21:14:45.174" level="INFO">      "leadTitle": "",</msg>
<msg timestamp="20200331 21:14:45.174" level="INFO">      "picurl": "图片存储;xy/202003/17/t0_(154X72X505X335)a5485491-b00c-499a-b079-9884256ce35b.jpg",</msg>
<msg timestamp="20200331 21:14:45.174" level="INFO">      "ext_sharepic": "图片存储;xy/202003/17/t0_(154X72X505X335)a5485491-b00c-499a-b079-9884256ce35b.jpg",</msg>
<msg timestamp="20200331 21:14:45.174" level="INFO">      "keylist": "",</msg>
<msg timestamp="20200331 21:14:45.174" level="INFO">      "sectionids": "5",</msg>
<msg timestamp="20200331 21:14:45.174" level="INFO">      "newstype": 4,</msg>
<msg timestamp="20200331 21:14:45.174" level="INFO">      "collectcount": 0,</msg>
<msg timestamp="20200331 21:14:45.174" level="INFO">      "edittername": "温怡春",</msg>
<msg timestamp="20200331 21:14:45.174" level="INFO">      "iorder": "-17730142.5000320000",</msg>
<msg timestamp="20200331 21:14:45.174" level="INFO">      "picauthor": "",</msg>
<msg timestamp="20200331 21:14:45.174" level="INFO">      "picauthorid": "",</msg>
<msg timestamp="20200331 21:14:45.174" level="INFO">      "videoauthor": "",</msg>
<msg timestamp="20200331 21:14:45.174" level="INFO">      "videoauthorid": "",</msg>
<msg timestamp="20200331 21:14:45.175" level="INFO">      "bigPic": "图片存储;xy/202003/17/t0_(154X72X505X335)a5485491-b00c-499a-b079-9884256ce35b.jpg",</msg>
<msg timestamp="20200331 21:14:45.175" level="INFO">      "pic_list": [</msg>
<msg timestamp="20200331 21:14:45.175" level="INFO">        "图片存储;xy/202003/17/t0_(154X72X505X335)a5485491-b00c-499a-b079-9884256ce35b.jpg",</msg>
<msg timestamp="20200331 21:14:45.175" level="INFO">        "",</msg>
<msg timestamp="20200331 21:14:45.175" level="INFO">        ""</msg>
<msg timestamp="20200331 21:14:45.175" level="INFO">      ],</msg>
<msg timestamp="20200331 21:14:45.175" level="INFO">      "pic_list_title": [</msg>
<msg timestamp="20200331 21:14:45.175" level="INFO">        "http://218.66.59.25:3083/app/pad/pic/2020-03/17/t0_(154X72X505X335)a5485491-b00c-499a-b079-9884256ce35b.jpg"</msg>
<msg timestamp="20200331 21:14:45.175" level="INFO">      ],</msg>
<msg timestamp="20200331 21:14:45.175" level="INFO">      "emojiID": "",</msg>
<msg timestamp="20200331 21:14:45.175" level="INFO">      "copyright": "0",</msg>
<msg timestamp="20200331 21:14:45.175" level="INFO">      "picBig": "http://218.66.59.25:3083/app/pad/pic/2020-03/17/t0_(154X72X505X335)a5485491-b00c-499a-b079-9884256ce35b.jpg",</msg>
<msg timestamp="20200331 21:14:45.175" level="INFO">      "pic": [],</msg>
<msg timestamp="20200331 21:14:45.175" level="INFO">      "picCount": "0",</msg>
<msg timestamp="20200331 21:14:45.175" level="INFO">      "isTop": true,</msg>
<msg timestamp="20200331 21:14:45.175" level="INFO">      "position": 0</msg>
<msg timestamp="20200331 21:14:45.175" level="INFO">    },</msg>
<msg timestamp="20200331 21:14:45.175" level="INFO">    {</msg>
<msg timestamp="20200331 21:14:45.175" level="INFO">      "fileId": 282,</msg>
<msg timestamp="20200331 21:14:45.175" level="INFO">      "markLocked": false,</msg>
<msg timestamp="20200331 21:14:45.175" level="INFO">      "version": 1584526539000,</msg>
<msg timestamp="20200331 21:14:45.175" level="INFO">      "isRel": 0,</msg>
<msg timestamp="20200331 21:14:45.175" level="INFO">      "realPubTime": "2020-03-18 18:15:39.0",</msg>
<msg timestamp="20200331 21:14:45.176" level="INFO">      "title": "测试稿件-大图测试稿件-大图测试稿件-大图测试稿件-大图测试稿件-大图测试稿件-大图测试稿件-大图测试稿件-大图测试稿件-大图测试稿件-大图测试稿件-大图测试稿件-大图测试稿件-大图测试稿件-大图测试稿件-大图测试稿件-大图测试稿件-大图测试稿件-大图测试稿件-大图测试稿件-大图测试稿件-大图测试稿件-大图测试稿件-大图测试稿件-大图测试稿件-大图",</msg>
<msg timestamp="20200331 21:14:45.176" level="INFO">      "textTitle": "测试稿件-大图测试稿件-大图测试稿件-大图测试稿件-大图测试稿件-大图测试稿件-大图测试稿件-大图测试稿件-大图测试稿件-大图测试稿件-大图测试稿件-大图测试稿件-大图测试稿件-大图测试稿件-大图测试稿件-大图测试稿件-大图测试稿件-大图测试稿件-大图测试稿件-大图测试稿件-大图测试稿件-大图测试稿件-大图测试稿件-大图测试稿件-大图测试稿件-大图",</msg>
<msg timestamp="20200331 21:14:45.176" level="INFO">      "attAbstract": "",</msg>
<msg timestamp="20200331 21:14:45.176" level="INFO">      "textAbstract": "",</msg>
<msg timestamp="20200331 21:14:45.176" level="INFO">      "arthorID": 20,</msg>
<msg timestamp="20200331 21:14:45.176" level="INFO">      "arthorName": "",</msg>
<msg timestamp="20200331 21:14:45.176" level="INFO">      "reporter": "",</msg>
<msg timestamp="20200331 21:14:45.176" level="INFO">      "publishtime": "2020-03-17 10:41:38.0",</msg>
<msg timestamp="20200331 21:14:45.176" level="INFO">      "articleType": 0,</msg>
<msg timestamp="20200331 21:14:45.176" level="INFO">      "tag": "",</msg>
<msg timestamp="20200331 21:14:45.176" level="INFO">      "trade": "",</msg>
<msg timestamp="20200331 21:14:45.176" level="INFO">      "tradeID": "",</msg>
<msg timestamp="20200331 21:14:45.176" level="INFO">      "colName": "首页~头条",</msg>
<msg timestamp="20200331 21:14:45.176" level="INFO">      "columnCasName": "首页~头条",</msg>
<msg timestamp="20200331 21:14:45.176" level="INFO">      "colID": 5,</msg>
<msg timestamp="20200331 21:14:45.176" level="INFO">      "colIcon": "http://218.66.59.25:3083/app/resource/xy/202003/06/4fff70e1-1028-49b8-9c48-12637e3c7f7f.jpg",</msg>
<msg timestamp="20200331 21:14:45.176" level="INFO">      "mark": "验证角标",</msg>
<msg timestamp="20200331 21:14:45.176" level="INFO">      "source": "",</msg>
<msg timestamp="20200331 21:14:45.176" level="INFO">      "sourceUrl": "",</msg>
<msg timestamp="20200331 21:14:45.176" level="INFO">      "multimediaLink": "",</msg>
<msg timestamp="20200331 21:14:45.176" level="INFO">      "shareUrl": "http://218.66.59.25:3083/app/pad/content/content_282.html",</msg>
<msg timestamp="20200331 21:14:45.176" level="INFO">      "url": "",</msg>
<msg timestamp="20200331 21:14:45.177" level="INFO">      "urlPad": "http://218.66.59.25:3083/app/pad/content/content_282.html",</msg>
<msg timestamp="20200331 21:14:45.177" level="INFO">      "isBigPic": 1,</msg>
<msg timestamp="20200331 21:14:45.177" level="INFO">      "picRatio": "795:445",</msg>
<msg timestamp="20200331 21:14:45.177" level="INFO">      "isExclusive": 0,</msg>
<msg timestamp="20200331 21:14:45.177" level="INFO">      "contentUrl": "http://218.66.59.25:3082/app_if/getArticleContent?articleId=282",</msg>
<msg timestamp="20200331 21:14:45.177" level="INFO">      "linkID": 0,</msg>
<msg timestamp="20200331 21:14:45.177" level="INFO">      "linkType": 0,</msg>
<msg timestamp="20200331 21:14:45.177" level="INFO">      "linkName": "",</msg>
<msg timestamp="20200331 21:14:45.177" level="INFO">      "countClick": 0,</msg>
<msg timestamp="20200331 21:14:45.177" level="INFO">      "countClickInitial": 0,</msg>
<msg timestamp="20200331 21:14:45.177" level="INFO">      "countClickReal": 0,</msg>
<msg timestamp="20200331 21:14:45.177" level="INFO">      "countClickFake": 0,</msg>
<msg timestamp="20200331 21:14:45.177" level="INFO">      "countShareClick": 0,</msg>
<msg timestamp="20200331 21:14:45.177" level="INFO">      "rssID": 0,</msg>
<msg timestamp="20200331 21:14:45.177" level="INFO">      "rss": "",</msg>
<msg timestamp="20200331 21:14:45.177" level="INFO">      "rssType": 0,</msg>
<msg timestamp="20200331 21:14:45.177" level="INFO">      "discussClosed": "0",</msg>
<msg timestamp="20200331 21:14:45.177" level="INFO">      "countDiscuss": 11,</msg>
<msg timestamp="20200331 21:14:45.177" level="INFO">      "countPraise": 0,</msg>
<msg timestamp="20200331 21:14:45.177" level="INFO">      "countShare": 0,</msg>
<msg timestamp="20200331 21:14:45.177" level="INFO">      "extGroupID": 0,</msg>
<msg timestamp="20200331 21:14:45.177" level="INFO">      "picType": 2,</msg>
<msg timestamp="20200331 21:14:45.178" level="INFO">      "listType": 0,</msg>
<msg timestamp="20200331 21:14:45.178" level="INFO">      "picFullScreen": 0,</msg>
<msg timestamp="20200331 21:14:45.178" level="INFO">      "titleDisplay": 0,</msg>
<msg timestamp="20200331 21:14:45.178" level="INFO">      "pubTimeDisplay": 0,</msg>
<msg timestamp="20200331 21:14:45.178" level="INFO">      "shareClosed": 0,</msg>
<msg timestamp="20200331 21:14:45.178" level="INFO">      "shareContent": "",</msg>
<msg timestamp="20200331 21:14:45.178" level="INFO">      "shareTitle": "",</msg>
<msg timestamp="20200331 21:14:45.178" level="INFO">      "sharePicUrl": "",</msg>
<msg timestamp="20200331 21:14:45.178" level="INFO">      "customShare": 0,</msg>
<msg timestamp="20200331 21:14:45.178" level="INFO">      "listTitle": "",</msg>
<msg timestamp="20200331 21:14:45.178" level="INFO">      "praiseType": 0,</msg>
<msg timestamp="20200331 21:14:45.178" level="INFO">      "isrecommend": 0,</msg>
<msg timestamp="20200331 21:14:45.178" level="INFO">      "subTitle": "",</msg>
<msg timestamp="20200331 21:14:45.178" level="INFO">      "leadTitle": "",</msg>
<msg timestamp="20200331 21:14:45.178" level="INFO">      "picurl": "图片存储;xy/202003/17/t1_(4X4X584X330)e63b56a7-739e-46ca-ba61-e0005216c708.jpg",</msg>
<msg timestamp="20200331 21:14:45.178" level="INFO">      "ext_sharepic": "图片存储;xy/202003/17/t1_(4X4X584X330)e63b56a7-739e-46ca-ba61-e0005216c708.jpg",</msg>
<msg timestamp="20200331 21:14:45.178" level="INFO">      "keylist": "",</msg>
<msg timestamp="20200331 21:14:45.178" level="INFO">      "sectionids": "5",</msg>
<msg timestamp="20200331 21:14:45.178" level="INFO">      "newstype": 0,</msg>
<msg timestamp="20200331 21:14:45.178" level="INFO">      "collectcount": 0,</msg>
<msg timestamp="20200331 21:14:45.178" level="INFO">      "edittername": "张鹏",</msg>
<msg timestamp="20200331 21:14:45.178" level="INFO">      "iorder": "-17730104.0000282000",</msg>
<msg timestamp="20200331 21:14:45.179" level="INFO">      "picauthor": "",</msg>
<msg timestamp="20200331 21:14:45.179" level="INFO">      "picauthorid": "",</msg>
<msg timestamp="20200331 21:14:45.179" level="INFO">      "videoauthor": "",</msg>
<msg timestamp="20200331 21:14:45.179" level="INFO">      "videoauthorid": "",</msg>
<msg timestamp="20200331 21:14:45.179" level="INFO">      "bigPic": "图片存储;xy/202003/17/t1_(4X4X584X330)e63b56a7-739e-46ca-ba61-e0005216c708.jpg",</msg>
<msg timestamp="20200331 21:14:45.179" level="INFO">      "pic_list": [</msg>
<msg timestamp="20200331 21:14:45.179" level="INFO">        "图片存储;xy/202003/17/t1_(4X4X584X330)e63b56a7-739e-46ca-ba61-e0005216c708.jpg",</msg>
<msg timestamp="20200331 21:14:45.179" level="INFO">        "",</msg>
<msg timestamp="20200331 21:14:45.179" level="INFO">        ""</msg>
<msg timestamp="20200331 21:14:45.179" level="INFO">      ],</msg>
<msg timestamp="20200331 21:14:45.179" level="INFO">      "pic_list_title": [</msg>
<msg timestamp="20200331 21:14:45.179" level="INFO">        "http://218.66.59.25:3083/app/pad/pic/2020-03/17/t1_(4X4X584X330)e63b56a7-739e-46ca-ba61-e0005216c708.jpg"</msg>
<msg timestamp="20200331 21:14:45.179" level="INFO">      ],</msg>
<msg timestamp="20200331 21:14:45.179" level="INFO">      "emojiID": "",</msg>
<msg timestamp="20200331 21:14:45.179" level="INFO">      "copyright": "0",</msg>
<msg timestamp="20200331 21:14:45.179" level="INFO">      "picBig": "http://218.66.59.25:3083/app/pad/pic/2020-03/17/t1_(4X4X584X330)e63b56a7-739e-46ca-ba61-e0005216c708.jpg",</msg>
<msg timestamp="20200331 21:14:45.180" level="INFO">      "pic": [],</msg>
<msg timestamp="20200331 21:14:45.180" level="INFO">      "picCount": "0",</msg>
<msg timestamp="20200331 21:14:45.180" level="INFO">      "isTop": true,</msg>
<msg timestamp="20200331 21:14:45.180" level="INFO">      "position": 0</msg>
<msg timestamp="20200331 21:14:45.180" level="INFO">    }</msg>
<msg timestamp="20200331 21:14:45.180" level="INFO">  ],</msg>
<msg timestamp="20200331 21:14:45.180" level="INFO">  "list": [</msg>
<msg timestamp="20200331 21:14:45.180" level="INFO">    {</msg>
<msg timestamp="20200331 21:14:45.180" level="INFO">      "fileId": 346,</msg>
<msg timestamp="20200331 21:14:45.180" level="INFO">      "markLocked": false,</msg>
<msg timestamp="20200331 21:14:45.180" level="INFO">      "version": 1584693471000,</msg>
<msg timestamp="20200331 21:14:45.180" level="INFO">      "isRel": 0,</msg>
<msg timestamp="20200331 21:14:45.180" level="INFO">      "realPubTime": "2020-03-20 16:37:51.0",</msg>
<msg timestamp="20200331 21:14:45.180" level="INFO">      "title": "风吹那个榔梨",</msg>
<msg timestamp="20200331 21:14:45.180" level="INFO">      "textTitle": "风吹那个榔梨",</msg>
<msg timestamp="20200331 21:14:45.180" level="INFO">      "attAbstract": "",</msg>
<msg timestamp="20200331 21:14:45.180" level="INFO">      "textAbstract": "",</msg>
<msg timestamp="20200331 21:14:45.180" level="INFO">      "arthorID": 20,</msg>
<msg timestamp="20200331 21:14:45.181" level="INFO">      "arthorName": "vidi",</msg>
<msg timestamp="20200331 21:14:45.181" level="INFO">      "reporter": "",</msg>
<msg timestamp="20200331 21:14:45.181" level="INFO">      "publishtime": "2020-03-17 14:40:53.0",</msg>
<msg timestamp="20200331 21:14:45.181" level="INFO">      "articleType": 0,</msg>
<msg timestamp="20200331 21:14:45.181" level="INFO">      "tag": "嗯嗯；于测试标签1",</msg>
<msg timestamp="20200331 21:14:45.181" level="INFO">      "tags": [</msg>
<msg timestamp="20200331 21:14:45.181" level="INFO">        {</msg>
<msg timestamp="20200331 21:14:45.181" level="INFO">          "id": 2,</msg>
<msg timestamp="20200331 21:14:45.181" level="INFO">          "name": "嗯嗯",</msg>
<msg timestamp="20200331 21:14:45.181" level="INFO">          "order": 1</msg>
<msg timestamp="20200331 21:14:45.181" level="INFO">        },</msg>
<msg timestamp="20200331 21:14:45.181" level="INFO">        {</msg>
<msg timestamp="20200331 21:14:45.181" level="INFO">          "id": 5,</msg>
<msg timestamp="20200331 21:14:45.182" level="INFO">          "name": "于测试标签1",</msg>
<msg timestamp="20200331 21:14:45.182" level="INFO">          "order": 2</msg>
<msg timestamp="20200331 21:14:45.182" level="INFO">        }</msg>
<msg timestamp="20200331 21:14:45.182" level="INFO">      ],</msg>
<msg timestamp="20200331 21:14:45.182" level="INFO">      "trade": "",</msg>
<msg timestamp="20200331 21:14:45.182" level="INFO">      "tradeID": "",</msg>
<msg timestamp="20200331 21:14:45.182" level="INFO">      "colName": "首页~头条",</msg>
<msg timestamp="20200331 21:14:45.182" level="INFO">      "columnCasName": "首页~头条",</msg>
<msg timestamp="20200331 21:14:45.182" level="INFO">      "colID": 5,</msg>
<msg timestamp="20200331 21:14:45.182" level="INFO">      "colIcon": "http://218.66.59.25:3083/app/resource/xy/202003/06/4fff70e1-1028-49b8-9c48-12637e3c7f7f.jpg",</msg>
<msg timestamp="20200331 21:14:45.182" level="INFO">      "mark": "沙拉的时间",</msg>
<msg timestamp="20200331 21:14:45.182" level="INFO">      "source": "",</msg>
<msg timestamp="20200331 21:14:45.182" level="INFO">      "sourceUrl": "",</msg>
<msg timestamp="20200331 21:14:45.182" level="INFO">      "multimediaLink": "",</msg>
<msg timestamp="20200331 21:14:45.182" level="INFO">      "shareUrl": "http://218.66.59.25:3083/app/pad/content/content_346.html",</msg>
<msg timestamp="20200331 21:14:45.182" level="INFO">      "url": "",</msg>
<msg timestamp="20200331 21:14:45.182" level="INFO">      "urlPad": "http://218.66.59.25:3083/app/pad/content/content_346.html",</msg>
<msg timestamp="20200331 21:14:45.182" level="INFO">      "isBigPic": 0,</msg>
<msg timestamp="20200331 21:14:45.182" level="INFO">      "isExclusive": 0,</msg>
<msg timestamp="20200331 21:14:45.182" level="INFO">      "contentUrl": "http://218.66.59.25:3082/app_if/getArticleContent?articleId=346",</msg>
<msg timestamp="20200331 21:14:45.183" level="INFO">      "linkID": 0,</msg>
<msg timestamp="20200331 21:14:45.183" level="INFO">      "linkType": 0,</msg>
<msg timestamp="20200331 21:14:45.183" level="INFO">      "linkName": "",</msg>
<msg timestamp="20200331 21:14:45.183" level="INFO">      "countClick": 205,</msg>
<msg timestamp="20200331 21:14:45.183" level="INFO">      "countClickInitial": 200,</msg>
<msg timestamp="20200331 21:14:45.183" level="INFO">      "countClickReal": 5,</msg>
<msg timestamp="20200331 21:14:45.183" level="INFO">      "countClickFake": 0,</msg>
<msg timestamp="20200331 21:14:45.183" level="INFO">      "countShareClick": 0,</msg>
<msg timestamp="20200331 21:14:45.183" level="INFO">      "rssID": 0,</msg>
<msg timestamp="20200331 21:14:45.183" level="INFO">      "rss": "",</msg>
<msg timestamp="20200331 21:14:45.183" level="INFO">      "rssType": 0,</msg>
<msg timestamp="20200331 21:14:45.183" level="INFO">      "discussClosed": "0",</msg>
<msg timestamp="20200331 21:14:45.183" level="INFO">      "countDiscuss": 70,</msg>
<msg timestamp="20200331 21:14:45.183" level="INFO">      "countPraise": 25,</msg>
<msg timestamp="20200331 21:14:45.183" level="INFO">      "countShare": 4,</msg>
<msg timestamp="20200331 21:14:45.183" level="INFO">      "extGroupID": 0,</msg>
<msg timestamp="20200331 21:14:45.183" level="INFO">      "picType": 1,</msg>
<msg timestamp="20200331 21:14:45.183" level="INFO">      "listType": 0,</msg>
<msg timestamp="20200331 21:14:45.183" level="INFO">      "picFullScreen": 0,</msg>
<msg timestamp="20200331 21:14:45.183" level="INFO">      "titleDisplay": 0,</msg>
<msg timestamp="20200331 21:14:45.183" level="INFO">      "pubTimeDisplay": 0,</msg>
<msg timestamp="20200331 21:14:45.183" level="INFO">      "shareClosed": 0,</msg>
<msg timestamp="20200331 21:14:45.184" level="INFO">      "shareContent": "呵呵呵呵",</msg>
<msg timestamp="20200331 21:14:45.184" level="INFO">      "shareTitle": "分享看看标题",</msg>
<msg timestamp="20200331 21:14:45.184" level="INFO">      "sharePicUrl": "图片存储;xy/202003/06/t2_(75X112X403X440)4fff70e1-1028-49b8-9c48-12637e3c7f7f.jpg",</msg>
<msg timestamp="20200331 21:14:45.184" level="INFO">      "sharePicAbsoluteUrl": "http://218.66.59.25:3082/app_if//getImage?path=图片存储;xy/202003/06/t2_(75X112X403X440)4fff70e1-1028-49b8-9c48-12637e3c7f7f.jpg",</msg>
<msg timestamp="20200331 21:14:45.184" level="INFO">      "customShare": 1,</msg>
<msg timestamp="20200331 21:14:45.184" level="INFO">      "listTitle": "6666666",</msg>
<msg timestamp="20200331 21:14:45.184" level="INFO">      "praiseType": 0,</msg>
<msg timestamp="20200331 21:14:45.184" level="INFO">      "isrecommend": 0,</msg>
<msg timestamp="20200331 21:14:45.184" level="INFO">      "subTitle": "",</msg>
<msg timestamp="20200331 21:14:45.184" level="INFO">      "leadTitle": "",</msg>
<msg timestamp="20200331 21:14:45.184" level="INFO">      "picurl": "图片存储;xy/202003/06/7c64eb36-06bb-4da0-9d9b-34993c88eb10.jpg",</msg>
<msg timestamp="20200331 21:14:45.184" level="INFO">      "ext_sharepic": "图片存储;xy/202003/06/7c64eb36-06bb-4da0-9d9b-34993c88eb10.jpg",</msg>
<msg timestamp="20200331 21:14:45.184" level="INFO">      "keylist": "",</msg>
<msg timestamp="20200331 21:14:45.184" level="INFO">      "sectionids": "5;15",</msg>
<msg timestamp="20200331 21:14:45.184" level="INFO">      "newstype": 0,</msg>
<msg timestamp="20200331 21:14:45.184" level="INFO">      "collectcount": 0,</msg>
<msg timestamp="20200331 21:14:45.184" level="INFO">      "edittername": "张鹏",</msg>
<msg timestamp="20200331 21:14:45.184" level="INFO">      "iorder": "-17730144.0000346000",</msg>
<msg timestamp="20200331 21:14:45.184" level="INFO">      "picauthor": "",</msg>
<msg timestamp="20200331 21:14:45.184" level="INFO">      "picauthorid": "",</msg>
<msg timestamp="20200331 21:14:45.184" level="INFO">      "videoauthor": "",</msg>
<msg timestamp="20200331 21:14:45.184" level="INFO">      "videoauthorid": "",</msg>
<msg timestamp="20200331 21:14:45.185" level="INFO">      "bigPic": "图片存储;xy/202003/06/7c64eb36-06bb-4da0-9d9b-34993c88eb10.jpg",</msg>
<msg timestamp="20200331 21:14:45.185" level="INFO">      "pic_list": [</msg>
<msg timestamp="20200331 21:14:45.185" level="INFO">        "图片存储;xy/202003/06/7c64eb36-06bb-4da0-9d9b-34993c88eb10.jpg",</msg>
<msg timestamp="20200331 21:14:45.185" level="INFO">        "",</msg>
<msg timestamp="20200331 21:14:45.185" level="INFO">        ""</msg>
<msg timestamp="20200331 21:14:45.185" level="INFO">      ],</msg>
<msg timestamp="20200331 21:14:45.185" level="INFO">      "pic_list_title": [</msg>
<msg timestamp="20200331 21:14:45.185" level="INFO">        "http://218.66.59.25:3083/app/pad/pic/2020-03/17/7c64eb36-06bb-4da0-9d9b-34993c88eb10.jpg"</msg>
<msg timestamp="20200331 21:14:45.185" level="INFO">      ],</msg>
<msg timestamp="20200331 21:14:45.185" level="INFO">      "emojiID": "",</msg>
<msg timestamp="20200331 21:14:45.185" level="INFO">      "copyright": "0",</msg>
<msg timestamp="20200331 21:14:45.185" level="INFO">      "picBig": "http://218.66.59.25:3083/app/pad/pic/2020-03/17/7c64eb36-06bb-4da0-9d9b-34993c88eb10.jpg",</msg>
<msg timestamp="20200331 21:14:45.185" level="INFO">      "pic0": "http://218.66.59.25:3083/app/pad/pic/2020-03/17/32af0e02-b109-4c47-9e50-900a8ef7eba1.jpeg",</msg>
<msg timestamp="20200331 21:14:45.185" level="INFO">      "pic1": "http://218.66.59.25:3083/app/pad/pic/2020-03/17/8f3cc754-f132-4f91-87cf-4c7011544ffb.jpg",</msg>
<msg timestamp="20200331 21:14:45.185" level="INFO">      "pic2": "http://218.66.59.25:3083/app/pad/pic/2020-03/17/3c822172-8d7b-429c-96a8-475329c4752c.gif",</msg>
<msg timestamp="20200331 21:14:45.185" level="INFO">      "pic": [],</msg>
<msg timestamp="20200331 21:14:45.185" level="INFO">      "picCount": "4",</msg>
<msg timestamp="20200331 21:14:45.185" level="INFO">      "isTop": false,</msg>
<msg timestamp="20200331 21:14:45.185" level="INFO">      "position": 1</msg>
<msg timestamp="20200331 21:14:45.185" level="INFO">    },</msg>
<msg timestamp="20200331 21:14:45.185" level="INFO">    {</msg>
<msg timestamp="20200331 21:14:45.185" level="INFO">      "fileId": 911,</msg>
<msg timestamp="20200331 21:14:45.186" level="INFO">      "markLocked": false,</msg>
<msg timestamp="20200331 21:14:45.186" level="INFO">      "version": 1584930519000,</msg>
<msg timestamp="20200331 21:14:45.186" level="INFO">      "isRel": 0,</msg>
<msg timestamp="20200331 21:14:45.186" level="INFO">      "realPubTime": "2020-03-23 10:28:39.0",</msg>
<msg timestamp="20200331 21:14:45.186" level="INFO">      "title": "无图稿件",</msg>
<msg timestamp="20200331 21:14:45.186" level="INFO">      "textTitle": "无图稿件",</msg>
<msg timestamp="20200331 21:14:45.186" level="INFO">      "attAbstract": "",</msg>
<msg timestamp="20200331 21:14:45.186" level="INFO">      "textAbstract": "",</msg>
<msg timestamp="20200331 21:14:45.186" level="INFO">      "arthorID": 20,</msg>
<msg timestamp="20200331 21:14:45.186" level="INFO">      "arthorName": "",</msg>
<msg timestamp="20200331 21:14:45.186" level="INFO">      "reporter": "",</msg>
<msg timestamp="20200331 21:14:45.186" level="INFO">      "publishtime": "2020-03-23 10:28:39.0",</msg>
<msg timestamp="20200331 21:14:45.186" level="INFO">      "articleType": 0,</msg>
<msg timestamp="20200331 21:14:45.186" level="INFO">      "tag": "",</msg>
<msg timestamp="20200331 21:14:45.186" level="INFO">      "trade": "",</msg>
<msg timestamp="20200331 21:14:45.186" level="INFO">      "tradeID": "",</msg>
<msg timestamp="20200331 21:14:45.186" level="INFO">      "colName": "首页~头条",</msg>
<msg timestamp="20200331 21:14:45.186" level="INFO">      "columnCasName": "首页~头条",</msg>
<msg timestamp="20200331 21:14:45.186" level="INFO">      "colID": 5,</msg>
<msg timestamp="20200331 21:14:45.186" level="INFO">      "colIcon": "http://218.66.59.25:3083/app/resource/xy/202003/06/4fff70e1-1028-49b8-9c48-12637e3c7f7f.jpg",</msg>
<msg timestamp="20200331 21:14:45.186" level="INFO">      "mark": "",</msg>
<msg timestamp="20200331 21:14:45.187" level="INFO">      "source": "",</msg>
<msg timestamp="20200331 21:14:45.187" level="INFO">      "sourceUrl": "",</msg>
<msg timestamp="20200331 21:14:45.187" level="INFO">      "multimediaLink": "",</msg>
<msg timestamp="20200331 21:14:45.187" level="INFO">      "shareUrl": "http://218.66.59.25:3083/app/pad/content/content_911.html",</msg>
<msg timestamp="20200331 21:14:45.187" level="INFO">      "url": "",</msg>
<msg timestamp="20200331 21:14:45.187" level="INFO">      "urlPad": "http://218.66.59.25:3083/app/pad/content/content_911.html",</msg>
<msg timestamp="20200331 21:14:45.187" level="INFO">      "isBigPic": 0,</msg>
<msg timestamp="20200331 21:14:45.187" level="INFO">      "isExclusive": 0,</msg>
<msg timestamp="20200331 21:14:45.187" level="INFO">      "contentUrl": "http://218.66.59.25:3082/app_if/getArticleContent?articleId=911",</msg>
<msg timestamp="20200331 21:14:45.187" level="INFO">      "linkID": 0,</msg>
<msg timestamp="20200331 21:14:45.187" level="INFO">      "linkType": 0,</msg>
<msg timestamp="20200331 21:14:45.187" level="INFO">      "linkName": "",</msg>
<msg timestamp="20200331 21:14:45.187" level="INFO">      "countClick": 0,</msg>
<msg timestamp="20200331 21:14:45.187" level="INFO">      "countClickInitial": 0,</msg>
<msg timestamp="20200331 21:14:45.187" level="INFO">      "countClickReal": 0,</msg>
<msg timestamp="20200331 21:14:45.187" level="INFO">      "countClickFake": 0,</msg>
<msg timestamp="20200331 21:14:45.187" level="INFO">      "countShareClick": 0,</msg>
<msg timestamp="20200331 21:14:45.187" level="INFO">      "rssID": 0,</msg>
<msg timestamp="20200331 21:14:45.188" level="INFO">      "rss": "",</msg>
<msg timestamp="20200331 21:14:45.188" level="INFO">      "rssType": 0,</msg>
<msg timestamp="20200331 21:14:45.188" level="INFO">      "discussClosed": "0",</msg>
<msg timestamp="20200331 21:14:45.188" level="INFO">      "countDiscuss": 14,</msg>
<msg timestamp="20200331 21:14:45.188" level="INFO">      "countPraise": 2,</msg>
<msg timestamp="20200331 21:14:45.188" level="INFO">      "countShare": 0,</msg>
<msg timestamp="20200331 21:14:45.188" level="INFO">      "extGroupID": 0,</msg>
<msg timestamp="20200331 21:14:45.188" level="INFO">      "picType": 1,</msg>
<msg timestamp="20200331 21:14:45.188" level="INFO">      "listType": 0,</msg>
<msg timestamp="20200331 21:14:45.188" level="INFO">      "picFullScreen": 0,</msg>
<msg timestamp="20200331 21:14:45.188" level="INFO">      "titleDisplay": 0,</msg>
<msg timestamp="20200331 21:14:45.188" level="INFO">      "pubTimeDisplay": 0,</msg>
<msg timestamp="20200331 21:14:45.188" level="INFO">      "shareClosed": 0,</msg>
<msg timestamp="20200331 21:14:45.188" level="INFO">      "shareContent": "",</msg>
<msg timestamp="20200331 21:14:45.188" level="INFO">      "shareTitle": "",</msg>
<msg timestamp="20200331 21:14:45.188" level="INFO">      "sharePicUrl": "",</msg>
<msg timestamp="20200331 21:14:45.188" level="INFO">      "customShare": 0,</msg>
<msg timestamp="20200331 21:14:45.188" level="INFO">      "listTitle": "",</msg>
<msg timestamp="20200331 21:14:45.188" level="INFO">      "praiseType": 0,</msg>
<msg timestamp="20200331 21:14:45.188" level="INFO">      "isrecommend": 0,</msg>
<msg timestamp="20200331 21:14:45.188" level="INFO">      "subTitle": "",</msg>
<msg timestamp="20200331 21:14:45.189" level="INFO">      "leadTitle": "",</msg>
<msg timestamp="20200331 21:14:45.189" level="INFO">      "picurl": "",</msg>
<msg timestamp="20200331 21:14:45.189" level="INFO">      "ext_sharepic": "",</msg>
<msg timestamp="20200331 21:14:45.189" level="INFO">      "keylist": "",</msg>
<msg timestamp="20200331 21:14:45.189" level="INFO">      "sectionids": "5",</msg>
<msg timestamp="20200331 21:14:45.189" level="INFO">      "newstype": 0,</msg>
<msg timestamp="20200331 21:14:45.189" level="INFO">      "collectcount": 0,</msg>
<msg timestamp="20200331 21:14:45.189" level="INFO">      "edittername": "张鹏",</msg>
<msg timestamp="20200331 21:14:45.189" level="INFO">      "iorder": "-17790102.8000911000",</msg>
<msg timestamp="20200331 21:14:45.189" level="INFO">      "picauthor": "",</msg>
<msg timestamp="20200331 21:14:45.189" level="INFO">      "picauthorid": "",</msg>
<msg timestamp="20200331 21:14:45.189" level="INFO">      "videoauthor": "",</msg>
<msg timestamp="20200331 21:14:45.189" level="INFO">      "videoauthorid": "",</msg>
<msg timestamp="20200331 21:14:45.189" level="INFO">      "bigPic": "",</msg>
<msg timestamp="20200331 21:14:45.189" level="INFO">      "pic_list": [</msg>
<msg timestamp="20200331 21:14:45.189" level="INFO">        "",</msg>
<msg timestamp="20200331 21:14:45.189" level="INFO">        "",</msg>
<msg timestamp="20200331 21:14:45.189" level="INFO">        ""</msg>
<msg timestamp="20200331 21:14:45.189" level="INFO">      ],</msg>
<msg timestamp="20200331 21:14:45.189" level="INFO">      "pic_list_title": [],</msg>
<msg timestamp="20200331 21:14:45.189" level="INFO">      "emojiID": "",</msg>
<msg timestamp="20200331 21:14:45.189" level="INFO">      "copyright": "0",</msg>
<msg timestamp="20200331 21:14:45.189" level="INFO">      "pic": [],</msg>
<msg timestamp="20200331 21:14:45.190" level="INFO">      "picCount": "0",</msg>
<msg timestamp="20200331 21:14:45.190" level="INFO">      "isTop": true,</msg>
<msg timestamp="20200331 21:14:45.190" level="INFO">      "position": 0</msg>
<msg timestamp="20200331 21:14:45.190" level="INFO">    },</msg>
<msg timestamp="20200331 21:14:45.190" level="INFO">    {</msg>
<msg timestamp="20200331 21:14:45.190" level="INFO">      "fileId": 484,</msg>
<msg timestamp="20200331 21:14:45.190" level="INFO">      "markLocked": false,</msg>
<msg timestamp="20200331 21:14:45.190" level="INFO">      "version": 1584693262000,</msg>
<msg timestamp="20200331 21:14:45.190" level="INFO">      "isRel": 0,</msg>
<msg timestamp="20200331 21:14:45.190" level="INFO">      "realPubTime": "2020-03-20 16:34:22.0",</msg>
<msg timestamp="20200331 21:14:45.190" level="INFO">      "title": "组图稿件详情页",</msg>
<msg timestamp="20200331 21:14:45.190" level="INFO">      "textTitle": "组图稿件详情页",</msg>
<msg timestamp="20200331 21:14:45.190" level="INFO">      "attAbstract": "我是测试，嗯嗯嗯，好的，组图稿件测试详情页。",</msg>
<msg timestamp="20200331 21:14:45.190" level="INFO">      "textAbstract": "我是测试，嗯嗯嗯，好的，组图稿件测试详情页。",</msg>
<msg timestamp="20200331 21:14:45.190" level="INFO">      "arthorID": 20,</msg>
<msg timestamp="20200331 21:14:45.190" level="INFO">      "arthorName": "测试",</msg>
<msg timestamp="20200331 21:14:45.190" level="INFO">      "reporter": "",</msg>
<msg timestamp="20200331 21:14:45.190" level="INFO">      "publishtime": "2020-03-18 09:55:50.0",</msg>
<msg timestamp="20200331 21:14:45.190" level="INFO">      "articleType": 1,</msg>
<msg timestamp="20200331 21:14:45.190" level="INFO">      "tag": "第一个标签",</msg>
<msg timestamp="20200331 21:14:45.190" level="INFO">      "tags": [</msg>
<msg timestamp="20200331 21:14:45.190" level="INFO">        {</msg>
<msg timestamp="20200331 21:14:45.191" level="INFO">          "id": 1,</msg>
<msg timestamp="20200331 21:14:45.191" level="INFO">          "name": "第一个标签",</msg>
<msg timestamp="20200331 21:14:45.191" level="INFO">          "order": 1</msg>
<msg timestamp="20200331 21:14:45.191" level="INFO">        }</msg>
<msg timestamp="20200331 21:14:45.191" level="INFO">      ],</msg>
<msg timestamp="20200331 21:14:45.191" level="INFO">      "trade": "",</msg>
<msg timestamp="20200331 21:14:45.191" level="INFO">      "tradeID": "",</msg>
<msg timestamp="20200331 21:14:45.191" level="INFO">      "colName": "首页~头条",</msg>
<msg timestamp="20200331 21:14:45.191" level="INFO">      "columnCasName": "首页~头条",</msg>
<msg timestamp="20200331 21:14:45.191" level="INFO">      "colID": 5,</msg>
<msg timestamp="20200331 21:14:45.191" level="INFO">      "colIcon": "http://218.66.59.25:3083/app/resource/xy/202003/06/4fff70e1-1028-49b8-9c48-12637e3c7f7f.jpg",</msg>
<msg timestamp="20200331 21:14:45.191" level="INFO">      "mark": "角标",</msg>
<msg timestamp="20200331 21:14:45.191" level="INFO">      "source": "搜狐新闻",</msg>
<msg timestamp="20200331 21:14:45.191" level="INFO">      "sourceUrl": "",</msg>
<msg timestamp="20200331 21:14:45.191" level="INFO">      "multimediaLink": "",</msg>
<msg timestamp="20200331 21:14:45.191" level="INFO">      "shareUrl": "http://218.66.59.25:3083/app/pad/content/content_484.html",</msg>
<msg timestamp="20200331 21:14:45.191" level="INFO">      "url": "",</msg>
<msg timestamp="20200331 21:14:45.191" level="INFO">      "urlPad": "http://218.66.59.25:3083/app/pad/content/content_484.html",</msg>
<msg timestamp="20200331 21:14:45.191" level="INFO">      "isBigPic": 1,</msg>
<msg timestamp="20200331 21:14:45.192" level="INFO">      "picRatio": "789:443",</msg>
<msg timestamp="20200331 21:14:45.192" level="INFO">      "isExclusive": 0,</msg>
<msg timestamp="20200331 21:14:45.192" level="INFO">      "contentUrl": "http://218.66.59.25:3082/app_if/getArticleContent?articleId=484",</msg>
<msg timestamp="20200331 21:14:45.192" level="INFO">      "linkID": 0,</msg>
<msg timestamp="20200331 21:14:45.192" level="INFO">      "linkType": 0,</msg>
<msg timestamp="20200331 21:14:45.192" level="INFO">      "linkName": "",</msg>
<msg timestamp="20200331 21:14:45.192" level="INFO">      "countClick": 96,</msg>
<msg timestamp="20200331 21:14:45.192" level="INFO">      "countClickInitial": 0,</msg>
<msg timestamp="20200331 21:14:45.192" level="INFO">      "countClickReal": 1,</msg>
<msg timestamp="20200331 21:14:45.192" level="INFO">      "countClickFake": 95,</msg>
<msg timestamp="20200331 21:14:45.192" level="INFO">      "countShareClick": 0,</msg>
<msg timestamp="20200331 21:14:45.192" level="INFO">      "rssID": 0,</msg>
<msg timestamp="20200331 21:14:45.192" level="INFO">      "rss": "",</msg>
<msg timestamp="20200331 21:14:45.192" level="INFO">      "rssType": 0,</msg>
<msg timestamp="20200331 21:14:45.192" level="INFO">      "discussClosed": "0",</msg>
<msg timestamp="20200331 21:14:45.192" level="INFO">      "countDiscuss": 2,</msg>
<msg timestamp="20200331 21:14:45.192" level="INFO">      "countPraise": 1,</msg>
<msg timestamp="20200331 21:14:45.192" level="INFO">      "countShare": 0,</msg>
<msg timestamp="20200331 21:14:45.192" level="INFO">      "extGroupID": 0,</msg>
<msg timestamp="20200331 21:14:45.192" level="INFO">      "picType": 2,</msg>
<msg timestamp="20200331 21:14:45.192" level="INFO">      "listType": 0,</msg>
<msg timestamp="20200331 21:14:45.192" level="INFO">      "picFullScreen": 0,</msg>
<msg timestamp="20200331 21:14:45.193" level="INFO">      "titleDisplay": 0,</msg>
<msg timestamp="20200331 21:14:45.193" level="INFO">      "pubTimeDisplay": 0,</msg>
<msg timestamp="20200331 21:14:45.193" level="INFO">      "shareClosed": 0,</msg>
<msg timestamp="20200331 21:14:45.193" level="INFO">      "shareContent": "",</msg>
<msg timestamp="20200331 21:14:45.193" level="INFO">      "shareTitle": "",</msg>
<msg timestamp="20200331 21:14:45.193" level="INFO">      "sharePicUrl": "",</msg>
<msg timestamp="20200331 21:14:45.193" level="INFO">      "customShare": 0,</msg>
<msg timestamp="20200331 21:14:45.193" level="INFO">      "listTitle": "",</msg>
<msg timestamp="20200331 21:14:45.193" level="INFO">      "praiseType": 0,</msg>
<msg timestamp="20200331 21:14:45.193" level="INFO">      "isrecommend": 0,</msg>
<msg timestamp="20200331 21:14:45.193" level="INFO">      "subTitle": "副题，我是副题",</msg>
<msg timestamp="20200331 21:14:45.193" level="INFO">      "leadTitle": "引题，我是引题",</msg>
<msg timestamp="20200331 21:14:45.193" level="INFO">      "picurl": "图片存储;xy/202003/18/t1_(5X5X597X338)49aa7273-883c-4fb7-8301-2f8d04a101fa.jpg",</msg>
<msg timestamp="20200331 21:14:45.193" level="INFO">      "ext_sharepic": "图片存储;xy/202003/18/t1_(5X5X597X338)49aa7273-883c-4fb7-8301-2f8d04a101fa.jpg",</msg>
<msg timestamp="20200331 21:14:45.193" level="INFO">      "keylist": "测试;稿件;嗯嗯;详情",</msg>
<msg timestamp="20200331 21:14:45.193" level="INFO">      "sectionids": "5",</msg>
<msg timestamp="20200331 21:14:45.193" level="INFO">      "newstype": 1,</msg>
<msg timestamp="20200331 21:14:45.193" level="INFO">      "collectcount": 0,</msg>
<msg timestamp="20200331 21:14:45.193" level="INFO">      "edittername": "张鹏",</msg>
<msg timestamp="20200331 21:14:45.193" level="INFO">      "iorder": "-17740095.2000484000",</msg>
<msg timestamp="20200331 21:14:45.193" level="INFO">      "picauthor": "",</msg>
<msg timestamp="20200331 21:14:45.193" level="INFO">      "picauthorid": "",</msg>
<msg timestamp="20200331 21:14:45.193" level="INFO">      "videoauthor": "",</msg>
<msg timestamp="20200331 21:14:45.194" level="INFO">      "videoauthorid": "",</msg>
<msg timestamp="20200331 21:14:45.194" level="INFO">      "bigPic": "图片存储;xy/202003/18/t1_(5X5X597X338)49aa7273-883c-4fb7-8301-2f8d04a101fa.jpg",</msg>
<msg timestamp="20200331 21:14:45.194" level="INFO">      "pic_list": [</msg>
<msg timestamp="20200331 21:14:45.194" level="INFO">        "图片存储;xy/202003/18/t1_(5X5X597X338)49aa7273-883c-4fb7-8301-2f8d04a101fa.jpg",</msg>
<msg timestamp="20200331 21:14:45.194" level="INFO">        "",</msg>
<msg timestamp="20200331 21:14:45.194" level="INFO">        ""</msg>
<msg timestamp="20200331 21:14:45.194" level="INFO">      ],</msg>
<msg timestamp="20200331 21:14:45.194" level="INFO">      "pic_list_title": [</msg>
<msg timestamp="20200331 21:14:45.194" level="INFO">        "http://218.66.59.25:3083/app/pad/pic/2020-03/18/t1_(5X5X597X338)49aa7273-883c-4fb7-8301-2f8d04a101fa.jpg"</msg>
<msg timestamp="20200331 21:14:45.194" level="INFO">      ],</msg>
<msg timestamp="20200331 21:14:45.194" level="INFO">      "emojiID": "",</msg>
<msg timestamp="20200331 21:14:45.194" level="INFO">      "copyright": "0",</msg>
<msg timestamp="20200331 21:14:45.194" level="INFO">      "picBig": "http://218.66.59.25:3083/app/pad/pic/2020-03/18/t1_(5X5X597X338)49aa7273-883c-4fb7-8301-2f8d04a101fa.jpg",</msg>
<msg timestamp="20200331 21:14:45.194" level="INFO">      "pic0": "http://218.66.59.25:3083/app/pad/pic/2020-03/18/4a2adc86-b604-4bce-a41f-4e99253a3740.jpg",</msg>
<msg timestamp="20200331 21:14:45.194" level="INFO">      "pic1": "http://218.66.59.25:3083/app/pad/pic/2020-03/18/f1761f9b-392d-4b40-a3ce-9e0cdda96170.jpg",</msg>
<msg timestamp="20200331 21:14:45.194" level="INFO">      "pic2": "http://218.66.59.25:3083/app/pad/pic/2020-03/18/5d8fed28-94b3-4b21-8b84-7b72474a34ca.jpg",</msg>
<msg timestamp="20200331 21:14:45.194" level="INFO">      "pic": [],</msg>
<msg timestamp="20200331 21:14:45.194" level="INFO">      "picCount": "9",</msg>
<msg timestamp="20200331 21:14:45.194" level="INFO">      "isTop": true,</msg>
<msg timestamp="20200331 21:14:45.194" level="INFO">      "position": 0</msg>
<msg timestamp="20200331 21:14:45.194" level="INFO">    },</msg>
<msg timestamp="20200331 21:14:45.195" level="INFO">    {</msg>
<msg timestamp="20200331 21:14:45.195" level="INFO">      "fileId": 1036,</msg>
<msg timestamp="20200331 21:14:45.195" level="INFO">      "markLocked": false,</msg>
<msg timestamp="20200331 21:14:45.195" level="INFO">      "version": 1585018099000,</msg>
<msg timestamp="20200331 21:14:45.195" level="INFO">      "isRel": 0,</msg>
<msg timestamp="20200331 21:14:45.195" level="INFO">      "realPubTime": "2020-03-24 10:48:19.0",</msg>
<msg timestamp="20200331 21:14:45.195" level="INFO">      "title": "组图稿件000101",</msg>
<msg timestamp="20200331 21:14:45.195" level="INFO">      "textTitle": "组图稿件000101",</msg>
<msg timestamp="20200331 21:14:45.195" level="INFO">      "attAbstract": "",</msg>
<msg timestamp="20200331 21:14:45.195" level="INFO">      "textAbstract": "",</msg>
<msg timestamp="20200331 21:14:45.195" level="INFO">      "arthorID": 32,</msg>
<msg timestamp="20200331 21:14:45.195" level="INFO">      "arthorName": "",</msg>
<msg timestamp="20200331 21:14:45.195" level="INFO">      "reporter": "",</msg>
<msg timestamp="20200331 21:14:45.195" level="INFO">      "publishtime": "2020-03-24 10:48:19.0",</msg>
<msg timestamp="20200331 21:14:45.195" level="INFO">      "articleType": 1,</msg>
<msg timestamp="20200331 21:14:45.195" level="INFO">      "tag": "",</msg>
<msg timestamp="20200331 21:14:45.195" level="INFO">      "trade": "",</msg>
<msg timestamp="20200331 21:14:45.195" level="INFO">      "tradeID": "",</msg>
<msg timestamp="20200331 21:14:45.195" level="INFO">      "colName": "首页~头条",</msg>
<msg timestamp="20200331 21:14:45.195" level="INFO">      "columnCasName": "首页~头条",</msg>
<msg timestamp="20200331 21:14:45.195" level="INFO">      "colID": 5,</msg>
<msg timestamp="20200331 21:14:45.195" level="INFO">      "colIcon": "http://218.66.59.25:3083/app/resource/xy/202003/06/4fff70e1-1028-49b8-9c48-12637e3c7f7f.jpg",</msg>
<msg timestamp="20200331 21:14:45.196" level="INFO">      "mark": "",</msg>
<msg timestamp="20200331 21:14:45.196" level="INFO">      "source": "",</msg>
<msg timestamp="20200331 21:14:45.196" level="INFO">      "sourceUrl": "",</msg>
<msg timestamp="20200331 21:14:45.196" level="INFO">      "multimediaLink": "",</msg>
<msg timestamp="20200331 21:14:45.196" level="INFO">      "shareUrl": "http://218.66.59.25:3083/app/pad/content/content_1036.html",</msg>
<msg timestamp="20200331 21:14:45.196" level="INFO">      "url": "",</msg>
<msg timestamp="20200331 21:14:45.196" level="INFO">      "urlPad": "http://218.66.59.25:3083/app/pad/content/content_1036.html",</msg>
<msg timestamp="20200331 21:14:45.196" level="INFO">      "isBigPic": 1,</msg>
<msg timestamp="20200331 21:14:45.196" level="INFO">      "picRatio": "379:213",</msg>
<msg timestamp="20200331 21:14:45.196" level="INFO">      "isExclusive": 0,</msg>
<msg timestamp="20200331 21:14:45.196" level="INFO">      "contentUrl": "http://218.66.59.25:3082/app_if/getArticleContent?articleId=1036",</msg>
<msg timestamp="20200331 21:14:45.196" level="INFO">      "linkID": 0,</msg>
<msg timestamp="20200331 21:14:45.196" level="INFO">      "linkType": 0,</msg>
<msg timestamp="20200331 21:14:45.196" level="INFO">      "linkName": "",</msg>
<msg timestamp="20200331 21:14:45.196" level="INFO">      "countClick": 0,</msg>
<msg timestamp="20200331 21:14:45.196" level="INFO">      "countClickInitial": 0,</msg>
<msg timestamp="20200331 21:14:45.196" level="INFO">      "countClickReal": 0,</msg>
<msg timestamp="20200331 21:14:45.196" level="INFO">      "countClickFake": 0,</msg>
<msg timestamp="20200331 21:14:45.196" level="INFO">      "countShareClick": 0,</msg>
<msg timestamp="20200331 21:14:45.196" level="INFO">      "rssID": 0,</msg>
<msg timestamp="20200331 21:14:45.196" level="INFO">      "rss": "",</msg>
<msg timestamp="20200331 21:14:45.196" level="INFO">      "rssType": 0,</msg>
<msg timestamp="20200331 21:14:45.196" level="INFO">      "discussClosed": "0",</msg>
<msg timestamp="20200331 21:14:45.197" level="INFO">      "countDiscuss": 0,</msg>
<msg timestamp="20200331 21:14:45.197" level="INFO">      "countPraise": 0,</msg>
<msg timestamp="20200331 21:14:45.197" level="INFO">      "countShare": 0,</msg>
<msg timestamp="20200331 21:14:45.197" level="INFO">      "extGroupID": 0,</msg>
<msg timestamp="20200331 21:14:45.197" level="INFO">      "picType": 2,</msg>
<msg timestamp="20200331 21:14:45.197" level="INFO">      "listType": 0,</msg>
<msg timestamp="20200331 21:14:45.197" level="INFO">      "picFullScreen": 0,</msg>
<msg timestamp="20200331 21:14:45.197" level="INFO">      "titleDisplay": 0,</msg>
<msg timestamp="20200331 21:14:45.197" level="INFO">      "pubTimeDisplay": 0,</msg>
<msg timestamp="20200331 21:14:45.197" level="INFO">      "shareClosed": 0,</msg>
<msg timestamp="20200331 21:14:45.197" level="INFO">      "shareContent": "",</msg>
<msg timestamp="20200331 21:14:45.197" level="INFO">      "shareTitle": "",</msg>
<msg timestamp="20200331 21:14:45.197" level="INFO">      "sharePicUrl": "",</msg>
<msg timestamp="20200331 21:14:45.197" level="INFO">      "customShare": 0,</msg>
<msg timestamp="20200331 21:14:45.197" level="INFO">      "listTitle": "",</msg>
<msg timestamp="20200331 21:14:45.197" level="INFO">      "praiseType": 0,</msg>
<msg timestamp="20200331 21:14:45.197" level="INFO">      "isrecommend": 0,</msg>
<msg timestamp="20200331 21:14:45.197" level="INFO">      "subTitle": "",</msg>
<msg timestamp="20200331 21:14:45.197" level="INFO">      "leadTitle": "",</msg>
<msg timestamp="20200331 21:14:45.197" level="INFO">      "picurl": "图片存储;xy/202003/06/t1_(18X10X511X287)7c64eb36-06bb-4da0-9d9b-34993c88eb10.jpg",</msg>
<msg timestamp="20200331 21:14:45.197" level="INFO">      "ext_sharepic": "图片存储;xy/202003/06/t1_(18X10X511X287)7c64eb36-06bb-4da0-9d9b-34993c88eb10.jpg",</msg>
<msg timestamp="20200331 21:14:45.197" level="INFO">      "keylist": "",</msg>
<msg timestamp="20200331 21:14:45.197" level="INFO">      "sectionids": "5",</msg>
<msg timestamp="20200331 21:14:45.198" level="INFO">      "newstype": 1,</msg>
<msg timestamp="20200331 21:14:45.198" level="INFO">      "collectcount": 0,</msg>
<msg timestamp="20200331 21:14:45.198" level="INFO">      "edittername": "尹利利",</msg>
<msg timestamp="20200331 21:14:45.198" level="INFO">      "iorder": "-17800104.7001036000",</msg>
<msg timestamp="20200331 21:14:45.198" level="INFO">      "picauthor": "",</msg>
<msg timestamp="20200331 21:14:45.198" level="INFO">      "picauthorid": "",</msg>
<msg timestamp="20200331 21:14:45.198" level="INFO">      "videoauthor": "",</msg>
<msg timestamp="20200331 21:14:45.198" level="INFO">      "videoauthorid": "",</msg>
<msg timestamp="20200331 21:14:45.198" level="INFO">      "bigPic": "图片存储;xy/202003/06/t1_(18X10X511X287)7c64eb36-06bb-4da0-9d9b-34993c88eb10.jpg",</msg>
<msg timestamp="20200331 21:14:45.198" level="INFO">      "pic_list": [</msg>
<msg timestamp="20200331 21:14:45.198" level="INFO">        "图片存储;xy/202003/06/t1_(18X10X511X287)7c64eb36-06bb-4da0-9d9b-34993c88eb10.jpg",</msg>
<msg timestamp="20200331 21:14:45.198" level="INFO">        "",</msg>
<msg timestamp="20200331 21:14:45.198" level="INFO">        ""</msg>
<msg timestamp="20200331 21:14:45.198" level="INFO">      ],</msg>
<msg timestamp="20200331 21:14:45.198" level="INFO">      "pic_list_title": [</msg>
<msg timestamp="20200331 21:14:45.198" level="INFO">        "http://218.66.59.25:3083/app/pad/pic/2020-03/24/t1_(18X10X511X287)7c64eb36-06bb-4da0-9d9b-34993c88eb10.jpg"</msg>
<msg timestamp="20200331 21:14:45.198" level="INFO">      ],</msg>
<msg timestamp="20200331 21:14:45.198" level="INFO">      "emojiID": "",</msg>
<msg timestamp="20200331 21:14:45.198" level="INFO">      "copyright": "0",</msg>
<msg timestamp="20200331 21:14:45.198" level="INFO">      "picBig": "http://218.66.59.25:3083/app/pad/pic/2020-03/24/t1_(18X10X511X287)7c64eb36-06bb-4da0-9d9b-34993c88eb10.jpg",</msg>
<msg timestamp="20200331 21:14:45.198" level="INFO">      "pic0": "http://218.66.59.25:3083/app/pad/pic/2020-03/24/8490705e-fffb-4a76-94f2-7e777cb57e84.jpg",</msg>
<msg timestamp="20200331 21:14:45.198" level="INFO">      "pic1": "http://218.66.59.25:3083/app/pad/pic/2020-03/24/7c64eb36-06bb-4da0-9d9b-34993c88eb10.jpg",</msg>
<msg timestamp="20200331 21:14:45.199" level="INFO">      "pic2": "http://218.66.59.25:3083/app/pad/pic/2020-03/24/4fff70e1-1028-49b8-9c48-12637e3c7f7f.jpg",</msg>
<msg timestamp="20200331 21:14:45.199" level="INFO">      "pic": [],</msg>
<msg timestamp="20200331 21:14:45.199" level="INFO">      "picCount": "4",</msg>
<msg timestamp="20200331 21:14:45.199" level="INFO">      "isTop": false,</msg>
<msg timestamp="20200331 21:14:45.199" level="INFO">      "position": 0</msg>
<msg timestamp="20200331 21:14:45.199" level="INFO">    },</msg>
<msg timestamp="20200331 21:14:45.199" level="INFO">    {</msg>
<msg timestamp="20200331 21:14:45.199" level="INFO">      "fileId": 23,</msg>
<msg timestamp="20200331 21:14:45.199" level="INFO">      "markLocked": false,</msg>
<msg timestamp="20200331 21:14:45.199" level="INFO">      "version": 1584526544000,</msg>
<msg timestamp="20200331 21:14:45.199" level="INFO">      "isRel": 0,</msg>
<msg timestamp="20200331 21:14:45.199" level="INFO">      "realPubTime": "2020-03-18 18:15:44.0",</msg>
<msg timestamp="20200331 21:14:45.199" level="INFO">      "title": "今日专题 0304",</msg>
<msg timestamp="20200331 21:14:45.199" level="INFO">      "textTitle": "今日专题 0304",</msg>
<msg timestamp="20200331 21:14:45.199" level="INFO">      "attAbstract": "这个可能是出现盖住半个字的问题吧？我这用的方法跟你的差不多 出现了只遮住了半个字的问题；这个可能是出现盖住半个字的问题吧？我这用的方法跟你的差不多 出现了只遮住了半个字的问题；这个可能是出现盖住半个字的问题吧？我这用的方法跟你的差不多 出现了只遮住了半个字的问题",</msg>
<msg timestamp="20200331 21:14:45.199" level="INFO">      "textAbstract": "这个可能是出现盖住半个字的问题吧？我这用的方法跟你的差不多 出现了只遮住了半个字的问题；这个可能是出现盖住半个字的问题吧？我这用的方法跟你的差不多 出现了只遮住了半个字的问题；这个可能是出现盖住半个字的问题吧？我这用的方法跟你的差不多 出现了只遮住了半个字的问题",</msg>
<msg timestamp="20200331 21:14:45.199" level="INFO">      "arthorID": 18,</msg>
<msg timestamp="20200331 21:14:45.199" level="INFO">      "arthorName": "last",</msg>
<msg timestamp="20200331 21:14:45.199" level="INFO">      "reporter": "",</msg>
<msg timestamp="20200331 21:14:45.199" level="INFO">      "publishtime": "2020-03-04 16:35:51.0",</msg>
<msg timestamp="20200331 21:14:45.199" level="INFO">      "articleType": 3,</msg>
<msg timestamp="20200331 21:14:45.200" level="INFO">      "tag": "",</msg>
<msg timestamp="20200331 21:14:45.200" level="INFO">      "trade": "",</msg>
<msg timestamp="20200331 21:14:45.200" level="INFO">      "tradeID": "",</msg>
<msg timestamp="20200331 21:14:45.200" level="INFO">      "colName": "首页~专题",</msg>
<msg timestamp="20200331 21:14:45.200" level="INFO">      "columnCasName": "首页~专题",</msg>
<msg timestamp="20200331 21:14:45.200" level="INFO">      "colID": 18,</msg>
<msg timestamp="20200331 21:14:45.200" level="INFO">      "colIcon": "http://218.66.59.25:3083/app/resource/xy/202003/23/33d46956-9672-4821-9f06-20c6bed0ea66.jpg",</msg>
<msg timestamp="20200331 21:14:45.200" level="INFO">      "mark": "",</msg>
<msg timestamp="20200331 21:14:45.200" level="INFO">      "source": "",</msg>
<msg timestamp="20200331 21:14:45.200" level="INFO">      "sourceUrl": "",</msg>
<msg timestamp="20200331 21:14:45.200" level="INFO">      "multimediaLink": "",</msg>
<msg timestamp="20200331 21:14:45.200" level="INFO">      "shareUrl": "http://218.66.59.25:3083/app/pad/content/content_23.html",</msg>
<msg timestamp="20200331 21:14:45.200" level="INFO">      "url": "",</msg>
<msg timestamp="20200331 21:14:45.200" level="INFO">      "urlPad": "http://218.66.59.25:3083/app/pad/content/content_23.html",</msg>
<msg timestamp="20200331 21:14:45.200" level="INFO">      "isBigPic": 0,</msg>
<msg timestamp="20200331 21:14:45.200" level="INFO">      "picRatio": "848:482",</msg>
<msg timestamp="20200331 21:14:45.200" level="INFO">      "isExclusive": 0,</msg>
<msg timestamp="20200331 21:14:45.201" level="INFO">      "contentUrl": "http://218.66.59.25:3083/app/pad/content/content_23.html",</msg>
<msg timestamp="20200331 21:14:45.201" level="INFO">      "linkID": 39,</msg>
<msg timestamp="20200331 21:14:45.201" level="INFO">      "linkType": 0,</msg>
<msg timestamp="20200331 21:14:45.201" level="INFO">      "linkName": "专题库~四季",</msg>
<msg timestamp="20200331 21:14:45.201" level="INFO">      "countClick": 960,</msg>
<msg timestamp="20200331 21:14:45.201" level="INFO">      "countClickInitial": 0,</msg>
<msg timestamp="20200331 21:14:45.201" level="INFO">      "countClickReal": 25,</msg>
<msg timestamp="20200331 21:14:45.201" level="INFO">      "countClickFake": 935,</msg>
<msg timestamp="20200331 21:14:45.201" level="INFO">      "countShareClick": 0,</msg>
<msg timestamp="20200331 21:14:45.201" level="INFO">      "rssID": 0,</msg>
<msg timestamp="20200331 21:14:45.201" level="INFO">      "rss": "",</msg>
<msg timestamp="20200331 21:14:45.201" level="INFO">      "rssType": 0,</msg>
<msg timestamp="20200331 21:14:45.201" level="INFO">      "discussClosed": "0",</msg>
<msg timestamp="20200331 21:14:45.201" level="INFO">      "countDiscuss": 0,</msg>
<msg timestamp="20200331 21:14:45.201" level="INFO">      "countPraise": 0,</msg>
<msg timestamp="20200331 21:14:45.201" level="INFO">      "countShare": 0,</msg>
<msg timestamp="20200331 21:14:45.201" level="INFO">      "extGroupID": 0,</msg>
<msg timestamp="20200331 21:14:45.201" level="INFO">      "picType": 0,</msg>
<msg timestamp="20200331 21:14:45.201" level="INFO">      "listType": 1,</msg>
<msg timestamp="20200331 21:14:45.201" level="INFO">      "picFullScreen": 0,</msg>
<msg timestamp="20200331 21:14:45.201" level="INFO">      "titleDisplay": 0,</msg>
<msg timestamp="20200331 21:14:45.201" level="INFO">      "pubTimeDisplay": 0,</msg>
<msg timestamp="20200331 21:14:45.202" level="INFO">      "shareClosed": 0,</msg>
<msg timestamp="20200331 21:14:45.202" level="INFO">      "shareContent": "",</msg>
<msg timestamp="20200331 21:14:45.202" level="INFO">      "shareTitle": "",</msg>
<msg timestamp="20200331 21:14:45.202" level="INFO">      "sharePicUrl": "",</msg>
<msg timestamp="20200331 21:14:45.202" level="INFO">      "customShare": 0,</msg>
<msg timestamp="20200331 21:14:45.202" level="INFO">      "listTitle": "",</msg>
<msg timestamp="20200331 21:14:45.202" level="INFO">      "praiseType": 0,</msg>
<msg timestamp="20200331 21:14:45.202" level="INFO">      "isrecommend": 0,</msg>
<msg timestamp="20200331 21:14:45.202" level="INFO">      "subTitle": "",</msg>
<msg timestamp="20200331 21:14:45.202" level="INFO">      "leadTitle": "",</msg>
<msg timestamp="20200331 21:14:45.202" level="INFO">      "picurl": "图片存储;xy/202003/05/t1_(235X57X500X206)6467b497-063a-46b7-be8f-3d10d4fde8a2.jpg",</msg>
<msg timestamp="20200331 21:14:45.202" level="INFO">      "ext_sharepic": "图片存储;xy/202003/05/t1_(235X57X500X206)6467b497-063a-46b7-be8f-3d10d4fde8a2.jpg",</msg>
<msg timestamp="20200331 21:14:45.202" level="INFO">      "keylist": "",</msg>
<msg timestamp="20200331 21:14:45.202" level="INFO">      "sectionids": "5;12;18;40",</msg>
<msg timestamp="20200331 21:14:45.202" level="INFO">      "newstype": 3,</msg>
<msg timestamp="20200331 21:14:45.202" level="INFO">      "collectcount": 0,</msg>
<msg timestamp="20200331 21:14:45.202" level="INFO">      "edittername": "木琴",</msg>
<msg timestamp="20200331 21:14:45.202" level="INFO">      "iorder": "-17600114.4000022970",</msg>
<msg timestamp="20200331 21:14:45.202" level="INFO">      "picauthor": "",</msg>
<msg timestamp="20200331 21:14:45.202" level="INFO">      "picauthorid": "",</msg>
<msg timestamp="20200331 21:14:45.202" level="INFO">      "videoauthor": "",</msg>
<msg timestamp="20200331 21:14:45.202" level="INFO">      "videoauthorid": "",</msg>
<msg timestamp="20200331 21:14:45.202" level="INFO">      "bigPic": "图片存储;xy/202003/05/t1_(235X57X500X206)6467b497-063a-46b7-be8f-3d10d4fde8a2.jpg",</msg>
<msg timestamp="20200331 21:14:45.203" level="INFO">      "pic_list": [</msg>
<msg timestamp="20200331 21:14:45.203" level="INFO">        "图片存储;xy/202003/05/t1_(235X57X500X206)6467b497-063a-46b7-be8f-3d10d4fde8a2.jpg",</msg>
<msg timestamp="20200331 21:14:45.203" level="INFO">        "",</msg>
<msg timestamp="20200331 21:14:45.203" level="INFO">        ""</msg>
<msg timestamp="20200331 21:14:45.203" level="INFO">      ],</msg>
<msg timestamp="20200331 21:14:45.203" level="INFO">      "pic_list_title": [</msg>
<msg timestamp="20200331 21:14:45.203" level="INFO">        "http://218.66.59.25:3083/app/pad/pic/2020-03/04/t1_(235X57X500X206)6467b497-063a-46b7-be8f-3d10d4fde8a2.jpg"</msg>
<msg timestamp="20200331 21:14:45.203" level="INFO">      ],</msg>
<msg timestamp="20200331 21:14:45.203" level="INFO">      "subColumnID": 40,</msg>
<msg timestamp="20200331 21:14:45.203" level="INFO">      "emojiID": "",</msg>
<msg timestamp="20200331 21:14:45.203" level="INFO">      "copyright": "0",</msg>
<msg timestamp="20200331 21:14:45.203" level="INFO">      "picBig": "http://218.66.59.25:3083/app/pad/pic/2020-03/04/t1_(235X57X500X206)6467b497-063a-46b7-be8f-3d10d4fde8a2.jpg",</msg>
<msg timestamp="20200331 21:14:45.203" level="INFO">      "pic": [],</msg>
<msg timestamp="20200331 21:14:45.204" level="INFO">      "picCount": "0",</msg>
<msg timestamp="20200331 21:14:45.204" level="INFO">      "isTop": false,</msg>
<msg timestamp="20200331 21:14:45.204" level="INFO">      "position": 5</msg>
<msg timestamp="20200331 21:14:45.204" level="INFO">    },</msg>
<msg timestamp="20200331 21:14:45.204" level="INFO">    {</msg>
<msg timestamp="20200331 21:14:45.204" level="INFO">      "fileId": 1035,</msg>
<msg timestamp="20200331 21:14:45.204" level="INFO">      "markLocked": false,</msg>
<msg timestamp="20200331 21:14:45.204" level="INFO">      "version": 1585017908000,</msg>
<msg timestamp="20200331 21:14:45.204" level="INFO">      "isRel": 0,</msg>
<msg timestamp="20200331 21:14:45.204" level="INFO">      "realPubTime": "2020-03-24 10:45:08.0",</msg>
<msg timestamp="20200331 21:14:45.204" level="INFO">      "title": "新创建稿件6666",</msg>
<msg timestamp="20200331 21:14:45.204" level="INFO">      "textTitle": "新创建稿件6666",</msg>
<msg timestamp="20200331 21:14:45.204" level="INFO">      "attAbstract": "",</msg>
<msg timestamp="20200331 21:14:45.204" level="INFO">      "textAbstract": "",</msg>
<msg timestamp="20200331 21:14:45.204" level="INFO">      "arthorID": 20,</msg>
<msg timestamp="20200331 21:14:45.204" level="INFO">      "arthorName": "",</msg>
<msg timestamp="20200331 21:14:45.204" level="INFO">      "reporter": "",</msg>
<msg timestamp="20200331 21:14:45.204" level="INFO">      "publishtime": "2020-03-24 10:45:08.0",</msg>
<msg timestamp="20200331 21:14:45.204" level="INFO">      "articleType": 0,</msg>
<msg timestamp="20200331 21:14:45.204" level="INFO">      "tag": "",</msg>
<msg timestamp="20200331 21:14:45.204" level="INFO">      "trade": "",</msg>
<msg timestamp="20200331 21:14:45.204" level="INFO">      "tradeID": "",</msg>
<msg timestamp="20200331 21:14:45.204" level="INFO">      "colName": "首页~头条",</msg>
<msg timestamp="20200331 21:14:45.205" level="INFO">      "columnCasName": "首页~头条",</msg>
<msg timestamp="20200331 21:14:45.205" level="INFO">      "colID": 5,</msg>
<msg timestamp="20200331 21:14:45.205" level="INFO">      "colIcon": "http://218.66.59.25:3083/app/resource/xy/202003/06/4fff70e1-1028-49b8-9c48-12637e3c7f7f.jpg",</msg>
<msg timestamp="20200331 21:14:45.205" level="INFO">      "mark": "",</msg>
<msg timestamp="20200331 21:14:45.205" level="INFO">      "source": "",</msg>
<msg timestamp="20200331 21:14:45.205" level="INFO">      "sourceUrl": "",</msg>
<msg timestamp="20200331 21:14:45.205" level="INFO">      "multimediaLink": "",</msg>
<msg timestamp="20200331 21:14:45.205" level="INFO">      "shareUrl": "http://218.66.59.25:3083/app/pad/content/content_1035.html",</msg>
<msg timestamp="20200331 21:14:45.205" level="INFO">      "url": "",</msg>
<msg timestamp="20200331 21:14:45.205" level="INFO">      "urlPad": "http://218.66.59.25:3083/app/pad/content/content_1035.html",</msg>
<msg timestamp="20200331 21:14:45.205" level="INFO">      "isBigPic": 0,</msg>
<msg timestamp="20200331 21:14:45.205" level="INFO">      "isExclusive": 0,</msg>
<msg timestamp="20200331 21:14:45.205" level="INFO">      "contentUrl": "http://218.66.59.25:3082/app_if/getArticleContent?articleId=1035",</msg>
<msg timestamp="20200331 21:14:45.205" level="INFO">      "linkID": 0,</msg>
<msg timestamp="20200331 21:14:45.205" level="INFO">      "linkType": 0,</msg>
<msg timestamp="20200331 21:14:45.205" level="INFO">      "linkName": "",</msg>
<msg timestamp="20200331 21:14:45.205" level="INFO">      "countClick": 0,</msg>
<msg timestamp="20200331 21:14:45.205" level="INFO">      "countClickInitial": 0,</msg>
<msg timestamp="20200331 21:14:45.205" level="INFO">      "countClickReal": 0,</msg>
<msg timestamp="20200331 21:14:45.205" level="INFO">      "countClickFake": 0,</msg>
<msg timestamp="20200331 21:14:45.205" level="INFO">      "countShareClick": 0,</msg>
<msg timestamp="20200331 21:14:45.205" level="INFO">      "rssID": 0,</msg>
<msg timestamp="20200331 21:14:45.206" level="INFO">      "rss": "",</msg>
<msg timestamp="20200331 21:14:45.206" level="INFO">      "rssType": 0,</msg>
<msg timestamp="20200331 21:14:45.206" level="INFO">      "discussClosed": "0",</msg>
<msg timestamp="20200331 21:14:45.206" level="INFO">      "countDiscuss": 0,</msg>
<msg timestamp="20200331 21:14:45.206" level="INFO">      "countPraise": 0,</msg>
<msg timestamp="20200331 21:14:45.206" level="INFO">      "countShare": 0,</msg>
<msg timestamp="20200331 21:14:45.206" level="INFO">      "extGroupID": 0,</msg>
<msg timestamp="20200331 21:14:45.206" level="INFO">      "picType": 1,</msg>
<msg timestamp="20200331 21:14:45.206" level="INFO">      "listType": 0,</msg>
<msg timestamp="20200331 21:14:45.206" level="INFO">      "picFullScreen": 0,</msg>
<msg timestamp="20200331 21:14:45.206" level="INFO">      "titleDisplay": 0,</msg>
<msg timestamp="20200331 21:14:45.206" level="INFO">      "pubTimeDisplay": 0,</msg>
<msg timestamp="20200331 21:14:45.206" level="INFO">      "shareClosed": 0,</msg>
<msg timestamp="20200331 21:14:45.206" level="INFO">      "shareContent": "",</msg>
<msg timestamp="20200331 21:14:45.206" level="INFO">      "shareTitle": "",</msg>
<msg timestamp="20200331 21:14:45.206" level="INFO">      "sharePicUrl": "",</msg>
<msg timestamp="20200331 21:14:45.206" level="INFO">      "customShare": 0,</msg>
<msg timestamp="20200331 21:14:45.206" level="INFO">      "listTitle": "8888888888888",</msg>
<msg timestamp="20200331 21:14:45.206" level="INFO">      "praiseType": 0,</msg>
<msg timestamp="20200331 21:14:45.206" level="INFO">      "isrecommend": 0,</msg>
<msg timestamp="20200331 21:14:45.206" level="INFO">      "subTitle": "",</msg>
<msg timestamp="20200331 21:14:45.206" level="INFO">      "leadTitle": "",</msg>
<msg timestamp="20200331 21:14:45.206" level="INFO">      "picurl": "",</msg>
<msg timestamp="20200331 21:14:45.207" level="INFO">      "ext_sharepic": "",</msg>
<msg timestamp="20200331 21:14:45.207" level="INFO">      "keylist": "",</msg>
<msg timestamp="20200331 21:14:45.207" level="INFO">      "sectionids": "5",</msg>
<msg timestamp="20200331 21:14:45.207" level="INFO">      "newstype": 0,</msg>
<msg timestamp="20200331 21:14:45.207" level="INFO">      "collectcount": 0,</msg>
<msg timestamp="20200331 21:14:45.207" level="INFO">      "edittername": "张鹏",</msg>
<msg timestamp="20200331 21:14:45.207" level="INFO">      "iorder": "-17800104.5001035000",</msg>
<msg timestamp="20200331 21:14:45.207" level="INFO">      "picauthor": "",</msg>
<msg timestamp="20200331 21:14:45.207" level="INFO">      "picauthorid": "",</msg>
<msg timestamp="20200331 21:14:45.207" level="INFO">      "videoauthor": "",</msg>
<msg timestamp="20200331 21:14:45.207" level="INFO">      "videoauthorid": "",</msg>
<msg timestamp="20200331 21:14:45.207" level="INFO">      "bigPic": "",</msg>
<msg timestamp="20200331 21:14:45.207" level="INFO">      "pic_list": [</msg>
<msg timestamp="20200331 21:14:45.207" level="INFO">        "",</msg>
<msg timestamp="20200331 21:14:45.207" level="INFO">        "",</msg>
<msg timestamp="20200331 21:14:45.207" level="INFO">        ""</msg>
<msg timestamp="20200331 21:14:45.207" level="INFO">      ],</msg>
<msg timestamp="20200331 21:14:45.207" level="INFO">      "pic_list_title": [],</msg>
<msg timestamp="20200331 21:14:45.207" level="INFO">      "emojiID": "",</msg>
<msg timestamp="20200331 21:14:45.207" level="INFO">      "copyright": "0",</msg>
<msg timestamp="20200331 21:14:45.207" level="INFO">      "pic": [],</msg>
<msg timestamp="20200331 21:14:45.207" level="INFO">      "picCount": "0",</msg>
<msg timestamp="20200331 21:14:45.208" level="INFO">      "isTop": false,</msg>
<msg timestamp="20200331 21:14:45.208" level="INFO">      "position": 0</msg>
[...]
<msg timestamp="20200331 21:14:45.362" level="INFO">          "tag": "",</msg>
<msg timestamp="20200331 21:14:45.362" level="INFO">          "trade": "",</msg>
<msg timestamp="20200331 21:14:45.362" level="INFO">          "tradeID": "",</msg>
<msg timestamp="20200331 21:14:45.362" level="INFO">          "colName": "首页~专题",</msg>
<msg timestamp="20200331 21:14:45.362" level="INFO">          "columnCasName": "首页~专题",</msg>
<msg timestamp="20200331 21:14:45.362" level="INFO">          "colID": 18,</msg>
<msg timestamp="20200331 21:14:45.362" level="INFO">          "colIcon": "http://218.66.59.25:3083/app/resource/xy/202003/23/33d46956-9672-4821-9f06-20c6bed0ea66.jpg",</msg>
<msg timestamp="20200331 21:14:45.363" level="INFO">          "mark": "",</msg>
<msg timestamp="20200331 21:14:45.363" level="INFO">          "source": "",</msg>
<msg timestamp="20200331 21:14:45.363" level="INFO">          "sourceUrl": "",</msg>
<msg timestamp="20200331 21:14:45.363" level="INFO">          "multimediaLink": "",</msg>
<msg timestamp="20200331 21:14:45.363" level="INFO">          "shareUrl": "http://218.66.59.25:3083/app/pad/content/content_23.html",</msg>
<msg timestamp="20200331 21:14:45.363" level="INFO">          "url": "",</msg>
<msg timestamp="20200331 21:14:45.363" level="INFO">          "urlPad": "http://218.66.59.25:3083/app/pad/content/content_23.html",</msg>
<msg timestamp="20200331 21:14:45.363" level="INFO">          "isBigPic": 0,</msg>
<msg timestamp="20200331 21:14:45.363" level="INFO">          "picRatio": "848:482",</msg>
<msg timestamp="20200331 21:14:45.363" level="INFO">          "isExclusive": 0,</msg>
<msg timestamp="20200331 21:14:45.363" level="INFO">          "contentUrl": "http://218.66.59.25:3083/app/pad/content/content_23.html",</msg>
<msg timestamp="20200331 21:14:45.363" level="INFO">          "linkID": 39,</msg>
<msg timestamp="20200331 21:14:45.363" level="INFO">          "linkType": 0,</msg>
<msg timestamp="20200331 21:14:45.363" level="INFO">          "linkName": "专题库~四季",</msg>
<msg timestamp="20200331 21:14:45.363" level="INFO">          "countClick": 960,</msg>
<msg timestamp="20200331 21:14:45.363" level="INFO">          "countClickInitial": 0,</msg>
<msg timestamp="20200331 21:14:45.363" level="INFO">          "countClickReal": 25,</msg>
<msg timestamp="20200331 21:14:45.363" level="INFO">          "countClickFake": 935,</msg>
<msg timestamp="20200331 21:14:45.363" level="INFO">          "countShareClick": 0,</msg>
<msg timestamp="20200331 21:14:45.363" level="INFO">          "rssID": 0,</msg>
<msg timestamp="20200331 21:14:45.363" level="INFO">          "rss": "",</msg>
<msg timestamp="20200331 21:14:45.363" level="INFO">          "rssType": 0,</msg>
<msg timestamp="20200331 21:14:45.363" level="INFO">          "discussClosed": "0",</msg>
<msg timestamp="20200331 21:14:45.364" level="INFO">          "countDiscuss": 0,</msg>
<msg timestamp="20200331 21:14:45.364" level="INFO">          "countPraise": 0,</msg>
<msg timestamp="20200331 21:14:45.364" level="INFO">          "countShare": 0,</msg>
<msg timestamp="20200331 21:14:45.364" level="INFO">          "extGroupID": 0,</msg>
<msg timestamp="20200331 21:14:45.364" level="INFO">          "picType": 0,</msg>
<msg timestamp="20200331 21:14:45.364" level="INFO">          "listType": 1,</msg>
<msg timestamp="20200331 21:14:45.364" level="INFO">          "picFullScreen": 0,</msg>
<msg timestamp="20200331 21:14:45.364" level="INFO">          "titleDisplay": 0,</msg>
<msg timestamp="20200331 21:14:45.364" level="INFO">          "pubTimeDisplay": 0,</msg>
<msg timestamp="20200331 21:14:45.364" level="INFO">          "shareClosed": 0,</msg>
<msg timestamp="20200331 21:14:45.364" level="INFO">          "shareContent": "",</msg>
<msg timestamp="20200331 21:14:45.364" level="INFO">          "shareTitle": "",</msg>
<msg timestamp="20200331 21:14:45.364" level="INFO">          "sharePicUrl": "",</msg>
<msg timestamp="20200331 21:14:45.364" level="INFO">          "customShare": 0,</msg>
<msg timestamp="20200331 21:14:45.364" level="INFO">          "listTitle": "",</msg>
<msg timestamp="20200331 21:14:45.364" level="INFO">          "praiseType": 0,</msg>
<msg timestamp="20200331 21:14:45.364" level="INFO">          "isrecommend": 0,</msg>
<msg timestamp="20200331 21:14:45.364" level="INFO">          "subTitle": "",</msg>
<msg timestamp="20200331 21:14:45.364" level="INFO">          "leadTitle": "",</msg>
<msg timestamp="20200331 21:14:45.364" level="INFO">          "picurl": "图片存储;xy/202003/05/t1_(235X57X500X206)6467b497-063a-46b7-be8f-3d10d4fde8a2.jpg",</msg>
<msg timestamp="20200331 21:14:45.364" level="INFO">          "ext_sharepic": "图片存储;xy/202003/05/t1_(235X57X500X206)6467b497-063a-46b7-be8f-3d10d4fde8a2.jpg",</msg>
<msg timestamp="20200331 21:14:45.364" level="INFO">          "keylist": "",</msg>
<msg timestamp="20200331 21:14:45.365" level="INFO">          "sectionids": "5;12;18;40",</msg>
<msg timestamp="20200331 21:14:45.365" level="INFO">          "newstype": 3,</msg>
<msg timestamp="20200331 21:14:45.365" level="INFO">          "collectcount": 0,</msg>
<msg timestamp="20200331 21:14:45.365" level="INFO">          "edittername": "木琴",</msg>
<msg timestamp="20200331 21:14:45.365" level="INFO">          "iorder": "-17600114.4000022970",</msg>
<msg timestamp="20200331 21:14:45.365" level="INFO">          "picauthor": "",</msg>
<msg timestamp="20200331 21:14:45.365" level="INFO">          "picauthorid": "",</msg>
<msg timestamp="20200331 21:14:45.365" level="INFO">          "videoauthor": "",</msg>
<msg timestamp="20200331 21:14:45.365" level="INFO">          "videoauthorid": "",</msg>
<msg timestamp="20200331 21:14:45.365" level="INFO">          "bigPic": "图片存储;xy/202003/05/t1_(235X57X500X206)6467b497-063a-46b7-be8f-3d10d4fde8a2.jpg",</msg>
<msg timestamp="20200331 21:14:45.365" level="INFO">          "pic_list": [</msg>
<msg timestamp="20200331 21:14:45.366" level="INFO">            "图片存储;xy/202003/05/t1_(235X57X500X206)6467b497-063a-46b7-be8f-3d10d4fde8a2.jpg",</msg>
<msg timestamp="20200331 21:14:45.366" level="INFO">            "",</msg>
<msg timestamp="20200331 21:14:45.366" level="INFO">            ""</msg>
<msg timestamp="20200331 21:14:45.366" level="INFO">          ],</msg>
<msg timestamp="20200331 21:14:45.366" level="INFO">          "pic_list_title": [</msg>
<msg timestamp="20200331 21:14:45.366" level="INFO">            "http://218.66.59.25:3083/app/pad/pic/2020-03/04/t1_(235X57X500X206)6467b497-063a-46b7-be8f-3d10d4fde8a2.jpg"</msg>
<msg timestamp="20200331 21:14:45.366" level="INFO">          ],</msg>
<msg timestamp="20200331 21:14:45.366" level="INFO">          "subColumnID": 40,</msg>
<msg timestamp="20200331 21:14:45.366" level="INFO">          "emojiID": "",</msg>
<msg timestamp="20200331 21:14:45.366" level="INFO">          "copyright": "0",</msg>
<msg timestamp="20200331 21:14:45.366" level="INFO">          "picBig": "http://218.66.59.25:3083/app/pad/pic/2020-03/04/t1_(235X57X500X206)6467b497-063a-46b7-be8f-3d10d4fde8a2.jpg",</msg>
<msg timestamp="20200331 21:14:45.366" level="INFO">          "pic": [],</msg>
<msg timestamp="20200331 21:14:45.366" level="INFO">          "picCount": "0"</msg>
<msg timestamp="20200331 21:14:45.366" level="INFO">        },</msg>
<msg timestamp="20200331 21:14:45.366" level="INFO">        {</msg>
<msg timestamp="20200331 21:14:45.366" level="INFO">          "fileId": 72,</msg>
<msg timestamp="20200331 21:14:45.367" level="INFO">          "markLocked": false,</msg>
<msg timestamp="20200331 21:14:45.367" level="INFO">          "version": 1584526543000,</msg>
<msg timestamp="20200331 21:14:45.367" level="INFO">          "isRel": 0,</msg>
<msg timestamp="20200331 21:14:45.367" level="INFO">          "realPubTime": "2020-03-18 18:15:43.0",</msg>
<msg timestamp="20200331 21:14:45.367" level="INFO">          "title": "普通文章测试",</msg>
<msg timestamp="20200331 21:14:45.367" level="INFO">          "textTitle": "普通文章测试",</msg>
<msg timestamp="20200331 21:14:45.367" level="INFO">          "attAbstract": "",</msg>
<msg timestamp="20200331 21:14:45.367" level="INFO">          "textAbstract": "",</msg>
<msg timestamp="20200331 21:14:45.367" level="INFO">          "arthorID": 17,</msg>
<msg timestamp="20200331 21:14:45.367" level="INFO">          "arthorName": "",</msg>
<msg timestamp="20200331 21:14:45.367" level="INFO">          "reporter": "",</msg>
<msg timestamp="20200331 21:14:45.367" level="INFO">          "publishtime": "2020-03-05 18:25:46.0",</msg>
<msg timestamp="20200331 21:14:45.367" level="INFO">          "articleType": 0,</msg>
<msg timestamp="20200331 21:14:45.367" level="INFO">          "tag": "",</msg>
<msg timestamp="20200331 21:14:45.367" level="INFO">          "trade": "",</msg>
<msg timestamp="20200331 21:14:45.367" level="INFO">          "tradeID": "",</msg>
<msg timestamp="20200331 21:14:45.367" level="INFO">          "colName": "首页~头条",</msg>
<msg timestamp="20200331 21:14:45.367" level="INFO">          "columnCasName": "首页~头条",</msg>
<msg timestamp="20200331 21:14:45.367" level="INFO">          "colID": 5,</msg>
<msg timestamp="20200331 21:14:45.367" level="INFO">          "colIcon": "http://218.66.59.25:3083/app/resource/xy/202003/06/4fff70e1-1028-49b8-9c48-12637e3c7f7f.jpg",</msg>
<msg timestamp="20200331 21:14:45.368" level="INFO">          "mark": "",</msg>
<msg timestamp="20200331 21:14:45.368" level="INFO">          "source": "",</msg>
<msg timestamp="20200331 21:14:45.368" level="INFO">          "sourceUrl": "",</msg>
<msg timestamp="20200331 21:14:45.368" level="INFO">          "multimediaLink": "",</msg>
<msg timestamp="20200331 21:14:45.368" level="INFO">          "shareUrl": "http://218.66.59.25:3083/app/pad/content/content_72.html",</msg>
<msg timestamp="20200331 21:14:45.368" level="INFO">          "url": "",</msg>
<msg timestamp="20200331 21:14:45.368" level="INFO">          "urlPad": "http://218.66.59.25:3083/app/pad/content/content_72.html",</msg>
<msg timestamp="20200331 21:14:45.368" level="INFO">          "isBigPic": 0,</msg>
<msg timestamp="20200331 21:14:45.368" level="INFO">          "isExclusive": 0,</msg>
<msg timestamp="20200331 21:14:45.368" level="INFO">          "contentUrl": "http://218.66.59.25:3082/app_if/getArticleContent?articleId=72",</msg>
<msg timestamp="20200331 21:14:45.368" level="INFO">          "linkID": 0,</msg>
<msg timestamp="20200331 21:14:45.368" level="INFO">          "linkType": 0,</msg>
<msg timestamp="20200331 21:14:45.368" level="INFO">          "linkName": "",</msg>
<msg timestamp="20200331 21:14:45.368" level="INFO">          "countClick": 0,</msg>
<msg timestamp="20200331 21:14:45.368" level="INFO">          "countClickInitial": 0,</msg>
<msg timestamp="20200331 21:14:45.368" level="INFO">          "countClickReal": 0,</msg>
<msg timestamp="20200331 21:14:45.368" level="INFO">          "countClickFake": 0,</msg>
<msg timestamp="20200331 21:14:45.368" level="INFO">          "countShareClick": 0,</msg>
<msg timestamp="20200331 21:14:45.368" level="INFO">          "rssID": 0,</msg>
<msg timestamp="20200331 21:14:45.368" level="INFO">          "rss": "",</msg>
<msg timestamp="20200331 21:14:45.368" level="INFO">          "rssType": 0,</msg>
<msg timestamp="20200331 21:14:45.368" level="INFO">          "discussClosed": "0",</msg>
<msg timestamp="20200331 21:14:45.369" level="INFO">          "countDiscuss": 1,</msg>
<msg timestamp="20200331 21:14:45.369" level="INFO">          "countPraise": 1,</msg>
<msg timestamp="20200331 21:14:45.369" level="INFO">          "countShare": 0,</msg>
<msg timestamp="20200331 21:14:45.369" level="INFO">          "extGroupID": 0,</msg>
<msg timestamp="20200331 21:14:45.369" level="INFO">          "picType": 1,</msg>
<msg timestamp="20200331 21:14:45.369" level="INFO">          "listType": 0,</msg>
<msg timestamp="20200331 21:14:45.369" level="INFO">          "picFullScreen": 0,</msg>
<msg timestamp="20200331 21:14:45.369" level="INFO">          "titleDisplay": 0,</msg>
<msg timestamp="20200331 21:14:45.369" level="INFO">          "pubTimeDisplay": 0,</msg>
<msg timestamp="20200331 21:14:45.369" level="INFO">          "shareClosed": 0,</msg>
<msg timestamp="20200331 21:14:45.369" level="INFO">          "shareContent": "",</msg>
<msg timestamp="20200331 21:14:45.369" level="INFO">          "shareTitle": "",</msg>
<msg timestamp="20200331 21:14:45.369" level="INFO">          "sharePicUrl": "",</msg>
<msg timestamp="20200331 21:14:45.369" level="INFO">          "customShare": 0,</msg>
<msg timestamp="20200331 21:14:45.369" level="INFO">          "listTitle": "",</msg>
<msg timestamp="20200331 21:14:45.369" level="INFO">          "praiseType": 0,</msg>
<msg timestamp="20200331 21:14:45.369" level="INFO">          "isrecommend": 0,</msg>
<msg timestamp="20200331 21:14:45.369" level="INFO">          "subTitle": "",</msg>
<msg timestamp="20200331 21:14:45.369" level="INFO">          "leadTitle": "",</msg>
<msg timestamp="20200331 21:14:45.369" level="INFO">          "picurl": "图片存储;xy/202003/05/t0_(159X80X550X373)03dd4744-b81d-4fc5-b829-8a25f1218489.jpg",</msg>
<msg timestamp="20200331 21:14:45.369" level="INFO">          "ext_sharepic": "图片存储;xy/202003/05/t0_(159X80X550X373)03dd4744-b81d-4fc5-b829-8a25f1218489.jpg",</msg>
<msg timestamp="20200331 21:14:45.370" level="INFO">          "keylist": "",</msg>
<msg timestamp="20200331 21:14:45.370" level="INFO">          "sectionids": "5",</msg>
<msg timestamp="20200331 21:14:45.370" level="INFO">          "newstype": 0,</msg>
<msg timestamp="20200331 21:14:45.370" level="INFO">          "collectcount": 0,</msg>
<msg timestamp="20200331 21:14:45.370" level="INFO">          "edittername": "于钦",</msg>
<msg timestamp="20200331 21:14:45.370" level="INFO">          "iorder": "-17610182.5000072000",</msg>
<msg timestamp="20200331 21:14:45.370" level="INFO">          "picauthor": "",</msg>
<msg timestamp="20200331 21:14:45.370" level="INFO">          "picauthorid": "",</msg>
<msg timestamp="20200331 21:14:45.370" level="INFO">          "videoauthor": "",</msg>
<msg timestamp="20200331 21:14:45.370" level="INFO">          "videoauthorid": "",</msg>
<msg timestamp="20200331 21:14:45.370" level="INFO">          "bigPic": "图片存储;xy/202003/05/t0_(159X80X550X373)03dd4744-b81d-4fc5-b829-8a25f1218489.jpg",</msg>
<msg timestamp="20200331 21:14:45.370" level="INFO">          "pic_list": [</msg>
<msg timestamp="20200331 21:14:45.370" level="INFO">            "图片存储;xy/202003/05/t0_(159X80X550X373)03dd4744-b81d-4fc5-b829-8a25f1218489.jpg",</msg>
<msg timestamp="20200331 21:14:45.370" level="INFO">            "",</msg>
<msg timestamp="20200331 21:14:45.370" level="INFO">            ""</msg>
<msg timestamp="20200331 21:14:45.370" level="INFO">          ],</msg>
<msg timestamp="20200331 21:14:45.370" level="INFO">          "pic_list_title": [</msg>
<msg timestamp="20200331 21:14:45.370" level="INFO">            "http://218.66.59.25:3083/app/pad/pic/2020-03/05/t0_(159X80X550X373)03dd4744-b81d-4fc5-b829-8a25f1218489.jpg"</msg>
<msg timestamp="20200331 21:14:45.370" level="INFO">          ],</msg>
<msg timestamp="20200331 21:14:45.370" level="INFO">          "emojiID": "",</msg>
<msg timestamp="20200331 21:14:45.370" level="INFO">          "copyright": "0",</msg>
<msg timestamp="20200331 21:14:45.371" level="INFO">          "picBig": "http://218.66.59.25:3083/app/pad/pic/2020-03/05/t0_(159X80X550X373)03dd4744-b81d-4fc5-b829-8a25f1218489.jpg",</msg>
<msg timestamp="20200331 21:14:45.371" level="INFO">          "pic": [],</msg>
<msg timestamp="20200331 21:14:45.371" level="INFO">          "picCount": "0"</msg>
<msg timestamp="20200331 21:14:45.371" level="INFO">        }</msg>
<msg timestamp="20200331 21:14:45.371" level="INFO">      ]</msg>
<msg timestamp="20200331 21:14:45.371" level="INFO">    }</msg>
<msg timestamp="20200331 21:14:45.371" level="INFO">  ],</msg>
<msg timestamp="20200331 21:14:45.371" level="INFO">  "adv": []</msg>
<msg timestamp="20200331 21:14:45.371" level="INFO">}</msg>
<status status="PASS" starttime="20200331 21:14:42.765" endtime="20200331 21:14:45.371"></status>
</kw>
<kw name="Fapi Response Data To Object">
<assign>
<var>${data}</var>
</assign>
<msg timestamp="20200331 21:14:45.379" level="FAIL">No keyword with name 'Fapi Response Data To Object' found.</msg>
<status status="FAIL" starttime="20200331 21:14:45.379" endtime="20200331 21:14:45.379"></status>
</kw>
<status status="FAIL" starttime="20200331 21:14:42.764" endtime="20200331 21:14:45.379"></status>
</kw>
<tags>
<tag>作者：张鹏</tag>
<tag>冒烟集-新福建APP</tag>
<tag>栏目接口/读取子栏目（张进）</tag>
</tags>
<status status="FAIL" starttime="20200331 21:14:42.760" endtime="20200331 21:14:45.380" critical="yes">No keyword with name 'Fapi Response Data To Object' found.</status>
</test>
<test id="s1-t2" name="查看的栏目不存在时，接口返回为空">
<kw name="Get Articles" library="Article_Common">
<doc>获取栏目稿件列表接口</doc>
<arguments>
<arg>${ID0}</arg>
</arguments>
<kw name="Fapi Params Set" library="FATL">
<doc>Adds the given ``key_value_pairs`` and ``items`` to HTTP request parameters.</doc>
<arguments>
<arg>columnId</arg>
<arg>${columnid}</arg>
<arg>siteId</arg>
<arg>${siteid}</arg>
</arguments>
<status status="PASS" starttime="20200331 21:14:45.385" endtime="20200331 21:14:45.385"></status>
</kw>
<kw name="Fapi Get" library="FATL">
<doc>Send a GET request on the session object found using the
given `alias`</doc>
<arguments>
<arg>${APPIF_ALIAS}</arg>
<arg>${GETARTICLES_URI}</arg>
</arguments>
<msg timestamp="20200331 21:14:45.695" level="INFO">Get Request using : alias=appif, uri=/getArticles, headers={'APITEST': '1'} json=None</msg>
<msg timestamp="20200331 21:14:45.695" level="INFO">JSON string is : {</msg>
<msg timestamp="20200331 21:14:45.695" level="INFO">  "carousel": [],</msg>
<msg timestamp="20200331 21:14:45.695" level="INFO">  "list": [],</msg>
<msg timestamp="20200331 21:14:45.695" level="INFO">  "modules": [],</msg>
<msg timestamp="20200331 21:14:45.695" level="INFO">  "adv": []</msg>
<msg timestamp="20200331 21:14:45.695" level="INFO">}</msg>
<status status="PASS" starttime="20200331 21:14:45.385" endtime="20200331 21:14:45.695"></status>
</kw>
<kw name="Fapi Response Data To Object">
<assign>
<var>${data}</var>
</assign>
<msg timestamp="20200331 21:14:45.704" level="FAIL">No keyword with name 'Fapi Response Data To Object' found.</msg>
<status status="FAIL" starttime="20200331 21:14:45.704" endtime="20200331 21:14:45.704"></status>
</kw>
<status status="FAIL" starttime="20200331 21:14:45.384" endtime="20200331 21:14:45.704"></status>
</kw>
<tags>
<tag>作者：张鹏</tag>
<tag>冒烟集-新福建APP</tag>
<tag>栏目接口/读取子栏目（张进）</tag>
</tags>
<status status="FAIL" starttime="20200331 21:14:45.381" endtime="20200331 21:14:45.705" critical="yes">No keyword with name 'Fapi Response Data To Object' found.</status>
</test>
<kw name="Fapi Delete All Sessions" library="FATL" type="teardown">
<doc>Removes all the session objects</doc>
<msg timestamp="20200331 21:14:45.707" level="INFO">Delete All Sessions</msg>
<status status="PASS" starttime="20200331 21:14:45.707" endtime="20200331 21:14:45.707"></status>
</kw>
<doc>该文档是获取栏目模块接口用例文档</doc>
<status status="FAIL" starttime="20200331 21:14:42.083" endtime="20200331 21:14:45.707"></status>
</suite>
<statistics>
<total>
<stat pass="0" fail="2">Critical Tests</stat>
<stat pass="0" fail="2">All Tests</stat>
</total>
<tag>
<stat pass="0" fail="2">作者：张鹏</stat>
<stat pass="0" fail="2">冒烟集-新福建APP</stat>
<stat pass="0" fail="2">栏目接口/读取子栏目（张进）</stat>
</tag>
<suite>
<stat pass="0" fail="2" id="s1" name="GetArticles">GetArticles</stat>
</suite>
</statistics>
<errors>
<msg timestamp="20200331 21:14:42.115" level="ERROR">Error in file 'D:\XFJ\API\App_Article\Article_Common.robot': Non-existing setting 'Force Tags'.</msg>
<msg timestamp="20200331 21:14:42.116" level="ERROR">Error in file 'D:\XFJ\API\App_Article\Article_Common.robot': Non-existing setting '...'.</msg>
</errors>
</robot>
