<?xml version="1.0" encoding="UTF-8"?>
<robot generator="Robot 3.1.1 (Python 3.6.5 on win32)" generated="20200526 10:52:59.197" rpa="false">
<suite id="s1" name="App InviteCode" source="D:\XFJ\XFJ\App_InviteCode">
<suite id="s1-s1" name="CodeImeiRecord" source="D:\XFJ\XFJ\App_InviteCode\CodeImeiRecord.robot">
<kw name="Create Session Common" library="Common" type="setup">
<kw name="Fapi Create Session" library="FATL">
<doc>Fapi Create Session: create a HTTP session to a server</doc>
<arguments>
<arg>${APPIF_ALIAS}</arg>
<arg>${APPIF_URL}</arg>
</arguments>
<msg timestamp="20200526 10:52:59.718" level="INFO">Creating Session using : alias=appif, url=https://api1.fjdaily.com/app_if, headers={'APITEST': '1'},                     cookies=None, auth=None, timeout=None, proxies=None, verify=False,                     debug=0 </msg>
<status status="PASS" starttime="20200526 10:52:59.717" endtime="20200526 10:52:59.718"></status>
</kw>
<status status="PASS" starttime="20200526 10:52:59.717" endtime="20200526 10:52:59.719"></status>
</kw>
<test id="s1-s1-t1" name="该会员已添加过邀请码，邀请失败">
<kw name="Code Imei Record" library="InviteCodeCommon">
<doc>邀请码使用</doc>
<arguments>
<arg>${code0}</arg>
<arg>${uid}</arg>
<arg>${imei}</arg>
</arguments>
<kw name="Fapi Params Set" library="FATL">
<doc>Adds the given ``key_value_pairs`` and ``items`` to HTTP request parameters.</doc>
<arguments>
<arg>code</arg>
<arg>${code}</arg>
<arg>uid</arg>
<arg>${uid}</arg>
<arg>imei</arg>
<arg>${imei}</arg>
<arg>name</arg>
<arg>null</arg>
<arg>siteID</arg>
<arg>1</arg>
<arg>curVersions</arg>
<arg>1</arg>
</arguments>
<status status="PASS" starttime="20200526 10:52:59.724" endtime="20200526 10:52:59.725"></status>
</kw>
<kw name="Fapi Get" library="FATL">
<doc>Send a GET request on the session object found using the
given `alias`</doc>
<arguments>
<arg>${APPIF_ALIAS}</arg>
<arg>${CODEIMEIRECORD_URI}</arg>
</arguments>
<msg timestamp="20200526 10:52:59.940" level="INFO">Get Request using : alias=appif, uri=/amuc/api/invitecode/codeImeiRecord, headers={'APITEST': '1'} json=None</msg>
<msg timestamp="20200526 10:52:59.940" level="INFO">JSON string is : {</msg>
<msg timestamp="20200526 10:52:59.940" level="INFO">  "status": 0,</msg>
<msg timestamp="20200526 10:52:59.940" level="INFO">  "message": "success",</msg>
<msg timestamp="20200526 10:52:59.940" level="INFO">  "data": {</msg>
<msg timestamp="20200526 10:52:59.941" level="INFO">    "code": "1001",</msg>
<msg timestamp="20200526 10:52:59.941" level="INFO">    "msg": "该会员已被喵了个咪邀请过了"</msg>
<msg timestamp="20200526 10:52:59.941" level="INFO">  }</msg>
<msg timestamp="20200526 10:52:59.941" level="INFO">}</msg>
<msg timestamp="20200526 10:52:59.941" level="INFO">d:\python\lib\site-packages\urllib3\connectionpool.py:851: InsecureRequestWarning: Unverified HTTPS request is being made. Adding certificate verification is strongly advised. See: https://urllib3.readthedocs.io/en/latest/advanced-usage.html#ssl-warnings
  InsecureRequestWarning)</msg>
<status status="PASS" starttime="20200526 10:52:59.726" endtime="20200526 10:52:59.942"></status>
</kw>
<kw name="Fapi Data To Object" library="FATL">
<doc>Convert Fapi response content to python object</doc>
<assign>
<var>${data}</var>
</assign>
<msg timestamp="20200526 10:52:59.943" level="INFO">${data} = &lt;FATL.Json2Object.Dict2Object object at 0x0000018949EADE48&gt;</msg>
<status status="PASS" starttime="20200526 10:52:59.942" endtime="20200526 10:52:59.943"></status>
</kw>
<kw name="Set Suite Variable" library="BuiltIn">
<doc>Makes a variable available everywhere within the scope of the current suite.</doc>
<arguments>
<arg>${response_data}</arg>
<arg>${data}</arg>
</arguments>
<msg timestamp="20200526 10:52:59.946" level="INFO">${response_data} = &lt;FATL.Json2Object.Dict2Object object at 0x0000018949EADE48&gt;</msg>
<status status="PASS" starttime="20200526 10:52:59.943" endtime="20200526 10:52:59.946"></status>
</kw>
<status status="PASS" starttime="20200526 10:52:59.723" endtime="20200526 10:52:59.946"></status>
</kw>
<kw name="Fapi Request Should Be Succeed" library="FATL">
<doc>Fapi HTTP response code should be 200 (means success)</doc>
<msg timestamp="20200526 10:52:59.947" level="INFO">HTTP response code is 200</msg>
<status status="PASS" starttime="20200526 10:52:59.947" endtime="20200526 10:52:59.947"></status>
</kw>
<kw name="Should Be Equal As Strings" library="BuiltIn">
<doc>Fails if objects are unequal after converting them to strings.</doc>
<arguments>
<arg>${response_data.code}</arg>
<arg>${RESULT0}</arg>
</arguments>
<status status="PASS" starttime="20200526 10:52:59.948" endtime="20200526 10:52:59.948"></status>
</kw>
<kw name="Should Be Equal As Strings" library="BuiltIn">
<doc>Fails if objects are unequal after converting them to strings.</doc>
<arguments>
<arg>${response_data.msg}</arg>
<arg>${MSG0}</arg>
</arguments>
<status status="PASS" starttime="20200526 10:52:59.948" endtime="20200526 10:52:59.949"></status>
</kw>
<tags>
<tag>作者：温怡春</tag>
<tag>新福建</tag>
<tag>邀请码接口（孙安）</tag>
</tags>
<status status="PASS" starttime="20200526 10:52:59.719" endtime="20200526 10:52:59.949" critical="yes"></status>
</test>
<test id="s1-s1-t2" name="该设备已添加过邀请码，邀请失败">
<kw name="RandomUid" library="Random">
<assign>
<var>${random_uid}</var>
</assign>
<kw name="Evaluate" library="BuiltIn">
<doc>Evaluates the given expression in Python and returns the results.</doc>
<arguments>
<arg>random.randint(128,3974087)</arg>
<arg>random</arg>
</arguments>
<assign>
<var>${random_uid}</var>
</assign>
<msg timestamp="20200526 10:52:59.954" level="INFO">${random_uid} = 638258</msg>
<status status="PASS" starttime="20200526 10:52:59.954" endtime="20200526 10:52:59.954"></status>
</kw>
<kw name="Evaluate" library="BuiltIn">
<doc>Evaluates the given expression in Python and returns the results.</doc>
<arguments>
<arg>str(${random_uid})</arg>
</arguments>
<assign>
<var>${typeuid}</var>
</assign>
<msg timestamp="20200526 10:52:59.955" level="INFO">${typeuid} = 638258</msg>
<status status="PASS" starttime="20200526 10:52:59.954" endtime="20200526 10:52:59.955"></status>
</kw>
<msg timestamp="20200526 10:52:59.955" level="INFO">${random_uid} = 638258</msg>
<status status="PASS" starttime="20200526 10:52:59.953" endtime="20200526 10:52:59.955"></status>
</kw>
<kw name="Code Imei Record" library="InviteCodeCommon">
<doc>邀请码使用</doc>
<arguments>
<arg>${code0}</arg>
<arg>${random_uid}</arg>
<arg>${imei}</arg>
</arguments>
<kw name="Fapi Params Set" library="FATL">
<doc>Adds the given ``key_value_pairs`` and ``items`` to HTTP request parameters.</doc>
<arguments>
<arg>code</arg>
<arg>${code}</arg>
<arg>uid</arg>
<arg>${uid}</arg>
<arg>imei</arg>
<arg>${imei}</arg>
<arg>name</arg>
<arg>null</arg>
<arg>siteID</arg>
<arg>1</arg>
<arg>curVersions</arg>
<arg>1</arg>
</arguments>
<status status="PASS" starttime="20200526 10:52:59.956" endtime="20200526 10:52:59.956"></status>
</kw>
<kw name="Fapi Get" library="FATL">
<doc>Send a GET request on the session object found using the
given `alias`</doc>
<arguments>
<arg>${APPIF_ALIAS}</arg>
<arg>${CODEIMEIRECORD_URI}</arg>
</arguments>
<msg timestamp="20200526 10:52:59.999" level="INFO">Get Request using : alias=appif, uri=/amuc/api/invitecode/codeImeiRecord, headers={'APITEST': '1'} json=None</msg>
<msg timestamp="20200526 10:52:59.999" level="INFO">JSON string is : {</msg>
<msg timestamp="20200526 10:52:59.999" level="INFO">  "status": 0,</msg>
<msg timestamp="20200526 10:52:59.999" level="INFO">  "message": "success",</msg>
<msg timestamp="20200526 10:52:59.999" level="INFO">  "data": {</msg>
<msg timestamp="20200526 10:52:59.999" level="INFO">    "code": "1001",</msg>
<msg timestamp="20200526 10:52:59.999" level="INFO">    "msg": "该设备已被喵了个咪邀请过了"</msg>
<msg timestamp="20200526 10:52:59.999" level="INFO">  }</msg>
<msg timestamp="20200526 10:52:59.999" level="INFO">}</msg>
<msg timestamp="20200526 10:53:00.000" level="INFO">d:\python\lib\site-packages\urllib3\connectionpool.py:851: InsecureRequestWarning: Unverified HTTPS request is being made. Adding certificate verification is strongly advised. See: https://urllib3.readthedocs.io/en/latest/advanced-usage.html#ssl-warnings
  InsecureRequestWarning)</msg>
<status status="PASS" starttime="20200526 10:52:59.956" endtime="20200526 10:53:00.000"></status>
</kw>
<kw name="Fapi Data To Object" library="FATL">
<doc>Convert Fapi response content to python object</doc>
<assign>
<var>${data}</var>
</assign>
<msg timestamp="20200526 10:53:00.001" level="INFO">${data} = &lt;FATL.Json2Object.Dict2Object object at 0x0000018949EAD3C8&gt;</msg>
<status status="PASS" starttime="20200526 10:53:00.000" endtime="20200526 10:53:00.001"></status>
</kw>
<kw name="Set Suite Variable" library="BuiltIn">
<doc>Makes a variable available everywhere within the scope of the current suite.</doc>
<arguments>
<arg>${response_data}</arg>
<arg>${data}</arg>
</arguments>
<msg timestamp="20200526 10:53:00.002" level="INFO">${response_data} = &lt;FATL.Json2Object.Dict2Object object at 0x0000018949EAD3C8&gt;</msg>
<status status="PASS" starttime="20200526 10:53:00.001" endtime="20200526 10:53:00.002"></status>
</kw>
<status status="PASS" starttime="20200526 10:52:59.955" endtime="20200526 10:53:00.003"></status>
</kw>
<kw name="Fapi Request Should Be Succeed" library="FATL">
<doc>Fapi HTTP response code should be 200 (means success)</doc>
<msg timestamp="20200526 10:53:00.004" level="INFO">HTTP response code is 200</msg>
<status status="PASS" starttime="20200526 10:53:00.003" endtime="20200526 10:53:00.004"></status>
</kw>
<kw name="Should Be Equal As Strings" library="BuiltIn">
<doc>Fails if objects are unequal after converting them to strings.</doc>
<arguments>
<arg>${response_data.code}</arg>
<arg>${RESULT0}</arg>
</arguments>
<status status="PASS" starttime="20200526 10:53:00.005" endtime="20200526 10:53:00.006"></status>
</kw>
<kw name="Should Be Equal As Strings" library="BuiltIn">
<doc>Fails if objects are unequal after converting them to strings.</doc>
<arguments>
<arg>${response_data.msg}</arg>
<arg>${MSG3}</arg>
</arguments>
<status status="PASS" starttime="20200526 10:53:00.006" endtime="20200526 10:53:00.008"></status>
</kw>
<tags>
<tag>作者：温怡春</tag>
<tag>新福建</tag>
<tag>邀请码接口（孙安）</tag>
</tags>
<status status="PASS" starttime="20200526 10:52:59.951" endtime="20200526 10:53:00.008" critical="yes"></status>
</test>
<test id="s1-s1-t3" name="会员未被邀请过，成功添加邀请码使用记录">
<kw name="RandomUid" library="Random">
<assign>
<var>${random_uid}</var>
</assign>
<kw name="Evaluate" library="BuiltIn">
<doc>Evaluates the given expression in Python and returns the results.</doc>
<arguments>
<arg>random.randint(128,3974087)</arg>
<arg>random</arg>
</arguments>
<assign>
<var>${random_uid}</var>
</assign>
<msg timestamp="20200526 10:53:00.016" level="INFO">${random_uid} = 1736666</msg>
<status status="PASS" starttime="20200526 10:53:00.015" endtime="20200526 10:53:00.016"></status>
</kw>
<kw name="Evaluate" library="BuiltIn">
<doc>Evaluates the given expression in Python and returns the results.</doc>
<arguments>
<arg>str(${random_uid})</arg>
</arguments>
<assign>
<var>${typeuid}</var>
</assign>
<msg timestamp="20200526 10:53:00.017" level="INFO">${typeuid} = 1736666</msg>
<status status="PASS" starttime="20200526 10:53:00.017" endtime="20200526 10:53:00.017"></status>
</kw>
<msg timestamp="20200526 10:53:00.017" level="INFO">${random_uid} = 1736666</msg>
<status status="PASS" starttime="20200526 10:53:00.015" endtime="20200526 10:53:00.017"></status>
</kw>
<kw name="RandomImei" library="Random">
<assign>
<var>${random_imei}</var>
</assign>
<kw name="Evaluate" library="BuiltIn">
<doc>Evaluates the given expression in Python and returns the results.</doc>
<arguments>
<arg>random.randint(1000000000,9999999999999)</arg>
<arg>random</arg>
</arguments>
<assign>
<var>${random_imei}</var>
</assign>
<msg timestamp="20200526 10:53:00.019" level="INFO">${random_imei} = 7459705829166</msg>
<status status="PASS" starttime="20200526 10:53:00.018" endtime="20200526 10:53:00.019"></status>
</kw>
<kw name="Evaluate" library="BuiltIn">
<doc>Evaluates the given expression in Python and returns the results.</doc>
<arguments>
<arg>str(${random_imei})</arg>
</arguments>
<assign>
<var>${typeimei}</var>
</assign>
<msg timestamp="20200526 10:53:00.020" level="INFO">${typeimei} = 7459705829166</msg>
<status status="PASS" starttime="20200526 10:53:00.020" endtime="20200526 10:53:00.020"></status>
</kw>
<msg timestamp="20200526 10:53:00.023" level="INFO">${random_imei} = 7459705829166</msg>
<status status="PASS" starttime="20200526 10:53:00.018" endtime="20200526 10:53:00.024"></status>
</kw>
<kw name="Code Imei Record" library="InviteCodeCommon">
<doc>邀请码使用</doc>
<arguments>
<arg>${code0}</arg>
<arg>${random_uid}</arg>
<arg>${random_imei}</arg>
</arguments>
<kw name="Fapi Params Set" library="FATL">
<doc>Adds the given ``key_value_pairs`` and ``items`` to HTTP request parameters.</doc>
<arguments>
<arg>code</arg>
<arg>${code}</arg>
<arg>uid</arg>
<arg>${uid}</arg>
<arg>imei</arg>
<arg>${imei}</arg>
<arg>name</arg>
<arg>null</arg>
<arg>siteID</arg>
<arg>1</arg>
<arg>curVersions</arg>
<arg>1</arg>
</arguments>
<status status="PASS" starttime="20200526 10:53:00.028" endtime="20200526 10:53:00.029"></status>
</kw>
<kw name="Fapi Get" library="FATL">
<doc>Send a GET request on the session object found using the
given `alias`</doc>
<arguments>
<arg>${APPIF_ALIAS}</arg>
<arg>${CODEIMEIRECORD_URI}</arg>
</arguments>
<msg timestamp="20200526 10:53:00.086" level="INFO">Get Request using : alias=appif, uri=/amuc/api/invitecode/codeImeiRecord, headers={'APITEST': '1'} json=None</msg>
<msg timestamp="20200526 10:53:00.087" level="INFO">JSON string is : {</msg>
<msg timestamp="20200526 10:53:00.087" level="INFO">  "status": 0,</msg>
<msg timestamp="20200526 10:53:00.087" level="INFO">  "message": "success",</msg>
<msg timestamp="20200526 10:53:00.087" level="INFO">  "data": {</msg>
<msg timestamp="20200526 10:53:00.087" level="INFO">    "code": "1002",</msg>
<msg timestamp="20200526 10:53:00.087" level="INFO">    "member": "257",</msg>
<msg timestamp="20200526 10:53:00.087" level="INFO">    "msg": "该设备成功添加邀请码使用记录"</msg>
<msg timestamp="20200526 10:53:00.087" level="INFO">  }</msg>
<msg timestamp="20200526 10:53:00.087" level="INFO">}</msg>
<msg timestamp="20200526 10:53:00.087" level="INFO">d:\python\lib\site-packages\urllib3\connectionpool.py:851: InsecureRequestWarning: Unverified HTTPS request is being made. Adding certificate verification is strongly advised. See: https://urllib3.readthedocs.io/en/latest/advanced-usage.html#ssl-warnings
  InsecureRequestWarning)</msg>
<status status="PASS" starttime="20200526 10:53:00.029" endtime="20200526 10:53:00.087"></status>
</kw>
<kw name="Fapi Data To Object" library="FATL">
<doc>Convert Fapi response content to python object</doc>
<assign>
<var>${data}</var>
</assign>
<msg timestamp="20200526 10:53:00.088" level="INFO">${data} = &lt;FATL.Json2Object.Dict2Object object at 0x0000018949F3D240&gt;</msg>
<status status="PASS" starttime="20200526 10:53:00.088" endtime="20200526 10:53:00.088"></status>
</kw>
<kw name="Set Suite Variable" library="BuiltIn">
<doc>Makes a variable available everywhere within the scope of the current suite.</doc>
<arguments>
<arg>${response_data}</arg>
<arg>${data}</arg>
</arguments>
<msg timestamp="20200526 10:53:00.089" level="INFO">${response_data} = &lt;FATL.Json2Object.Dict2Object object at 0x0000018949F3D240&gt;</msg>
<status status="PASS" starttime="20200526 10:53:00.088" endtime="20200526 10:53:00.089"></status>
</kw>
<status status="PASS" starttime="20200526 10:53:00.026" endtime="20200526 10:53:00.089"></status>
</kw>
<kw name="Fapi Request Should Be Succeed" library="FATL">
<doc>Fapi HTTP response code should be 200 (means success)</doc>
<msg timestamp="20200526 10:53:00.090" level="INFO">HTTP response code is 200</msg>
<status status="PASS" starttime="20200526 10:53:00.089" endtime="20200526 10:53:00.090"></status>
</kw>
<kw name="Should Be Equal As Strings" library="BuiltIn">
<doc>Fails if objects are unequal after converting them to strings.</doc>
<arguments>
<arg>${response_data.code}</arg>
<arg>${RESULT1}</arg>
</arguments>
<status status="PASS" starttime="20200526 10:53:00.090" endtime="20200526 10:53:00.091"></status>
</kw>
<kw name="Should Be Equal As Strings" library="BuiltIn">
<doc>Fails if objects are unequal after converting them to strings.</doc>
<arguments>
<arg>${response_data.msg}</arg>
<arg>${MSG1}</arg>
</arguments>
<status status="PASS" starttime="20200526 10:53:00.091" endtime="20200526 10:53:00.092"></status>
</kw>
<tags>
<tag>作者：温怡春</tag>
<tag>新福建</tag>
<tag>邀请码接口（孙安）</tag>
</tags>
<status status="PASS" starttime="20200526 10:53:00.010" endtime="20200526 10:53:00.092" critical="yes"></status>
</test>
<test id="s1-s1-t4" name="无效的邀请码，提示邀请码不存在">
<kw name="Code Imei Record" library="InviteCodeCommon">
<doc>邀请码使用</doc>
<arguments>
<arg>${code1}</arg>
<arg>${uid}</arg>
<arg>${imei}</arg>
</arguments>
<kw name="Fapi Params Set" library="FATL">
<doc>Adds the given ``key_value_pairs`` and ``items`` to HTTP request parameters.</doc>
<arguments>
<arg>code</arg>
<arg>${code}</arg>
<arg>uid</arg>
<arg>${uid}</arg>
<arg>imei</arg>
<arg>${imei}</arg>
<arg>name</arg>
<arg>null</arg>
<arg>siteID</arg>
<arg>1</arg>
<arg>curVersions</arg>
<arg>1</arg>
</arguments>
<status status="PASS" starttime="20200526 10:53:00.096" endtime="20200526 10:53:00.096"></status>
</kw>
<kw name="Fapi Get" library="FATL">
<doc>Send a GET request on the session object found using the
given `alias`</doc>
<arguments>
<arg>${APPIF_ALIAS}</arg>
<arg>${CODEIMEIRECORD_URI}</arg>
</arguments>
<msg timestamp="20200526 10:53:00.131" level="INFO">Get Request using : alias=appif, uri=/amuc/api/invitecode/codeImeiRecord, headers={'APITEST': '1'} json=None</msg>
<msg timestamp="20200526 10:53:00.131" level="INFO">JSON string is : {</msg>
<msg timestamp="20200526 10:53:00.131" level="INFO">  "status": 0,</msg>
<msg timestamp="20200526 10:53:00.131" level="INFO">  "message": "success",</msg>
<msg timestamp="20200526 10:53:00.131" level="INFO">  "data": {</msg>
<msg timestamp="20200526 10:53:00.131" level="INFO">    "code": "1003",</msg>
<msg timestamp="20200526 10:53:00.131" level="INFO">    "msg": "邀请码不存在"</msg>
<msg timestamp="20200526 10:53:00.131" level="INFO">  }</msg>
<msg timestamp="20200526 10:53:00.131" level="INFO">}</msg>
<msg timestamp="20200526 10:53:00.131" level="INFO">d:\python\lib\site-packages\urllib3\connectionpool.py:851: InsecureRequestWarning: Unverified HTTPS request is being made. Adding certificate verification is strongly advised. See: https://urllib3.readthedocs.io/en/latest/advanced-usage.html#ssl-warnings
  InsecureRequestWarning)</msg>
<status status="PASS" starttime="20200526 10:53:00.096" endtime="20200526 10:53:00.132"></status>
</kw>
<kw name="Fapi Data To Object" library="FATL">
<doc>Convert Fapi response content to python object</doc>
<assign>
<var>${data}</var>
</assign>
<msg timestamp="20200526 10:53:00.132" level="INFO">${data} = &lt;FATL.Json2Object.Dict2Object object at 0x0000018948BC62E8&gt;</msg>
<status status="PASS" starttime="20200526 10:53:00.132" endtime="20200526 10:53:00.132"></status>
</kw>
<kw name="Set Suite Variable" library="BuiltIn">
<doc>Makes a variable available everywhere within the scope of the current suite.</doc>
<arguments>
<arg>${response_data}</arg>
<arg>${data}</arg>
</arguments>
<msg timestamp="20200526 10:53:00.133" level="INFO">${response_data} = &lt;FATL.Json2Object.Dict2Object object at 0x0000018948BC62E8&gt;</msg>
<status status="PASS" starttime="20200526 10:53:00.132" endtime="20200526 10:53:00.133"></status>
</kw>
<status status="PASS" starttime="20200526 10:53:00.095" endtime="20200526 10:53:00.133"></status>
</kw>
<kw name="Fapi Request Should Be Succeed" library="FATL">
<doc>Fapi HTTP response code should be 200 (means success)</doc>
<msg timestamp="20200526 10:53:00.134" level="INFO">HTTP response code is 200</msg>
<status status="PASS" starttime="20200526 10:53:00.134" endtime="20200526 10:53:00.134"></status>
</kw>
<kw name="Should Be Equal As Strings" library="BuiltIn">
<doc>Fails if objects are unequal after converting them to strings.</doc>
<arguments>
<arg>${response_data.code}</arg>
<arg>${RESULT2}</arg>
</arguments>
<status status="PASS" starttime="20200526 10:53:00.135" endtime="20200526 10:53:00.135"></status>
</kw>
<kw name="Should Be Equal As Strings" library="BuiltIn">
<doc>Fails if objects are unequal after converting them to strings.</doc>
<arguments>
<arg>${response_data.msg}</arg>
<arg>${MSG2}</arg>
</arguments>
<status status="PASS" starttime="20200526 10:53:00.136" endtime="20200526 10:53:00.136"></status>
</kw>
<tags>
<tag>作者：温怡春</tag>
<tag>新福建</tag>
<tag>邀请码接口（孙安）</tag>
</tags>
<status status="PASS" starttime="20200526 10:53:00.093" endtime="20200526 10:53:00.136" critical="yes"></status>
</test>
<kw name="Fapi Delete All Sessions" library="FATL" type="teardown">
<doc>Removes all the session objects</doc>
<msg timestamp="20200526 10:53:00.139" level="INFO">Delete All Sessions</msg>
<status status="PASS" starttime="20200526 10:53:00.139" endtime="20200526 10:53:00.139"></status>
</kw>
<doc>邀请码使用</doc>
<status status="PASS" starttime="20200526 10:52:59.235" endtime="20200526 10:53:00.139"></status>
</suite>
<suite id="s1-s2" name="GetInviteCode" source="D:\XFJ\XFJ\App_InviteCode\GetInviteCode.robot">
<kw name="Create Session Common" library="Common" type="setup">
<kw name="Fapi Create Session" library="FATL">
<doc>Fapi Create Session: create a HTTP session to a server</doc>
<arguments>
<arg>${APPIF_ALIAS}</arg>
<arg>${APPIF_URL}</arg>
</arguments>
<msg timestamp="20200526 10:53:00.161" level="INFO">Creating Session using : alias=appif, url=https://api1.fjdaily.com/app_if, headers={'APITEST': '1'},                     cookies=None, auth=None, timeout=None, proxies=None, verify=False,                     debug=0 </msg>
<status status="PASS" starttime="20200526 10:53:00.160" endtime="20200526 10:53:00.162"></status>
</kw>
<status status="PASS" starttime="20200526 10:53:00.159" endtime="20200526 10:53:00.162"></status>
</kw>
<test id="s1-s2-t1" name="用户存在，获取邀请码成功">
<kw name="Get Invite Code" library="InviteCodeCommon">
<doc>获取邀请码</doc>
<arguments>
<arg>${uid}</arg>
</arguments>
<kw name="Fapi Params Set" library="FATL">
<doc>Adds the given ``key_value_pairs`` and ``items`` to HTTP request parameters.</doc>
<arguments>
<arg>uid</arg>
<arg>${uid}</arg>
<arg>siteID</arg>
<arg>1</arg>
<arg>curVersions</arg>
<arg>1</arg>
</arguments>
<status status="PASS" starttime="20200526 10:53:00.167" endtime="20200526 10:53:00.167"></status>
</kw>
<kw name="Fapi Get" library="FATL">
<doc>Send a GET request on the session object found using the
given `alias`</doc>
<arguments>
<arg>${APPIF_ALIAS}</arg>
<arg>${GETINVITECODE_URI}</arg>
</arguments>
<msg timestamp="20200526 10:53:00.307" level="INFO">Get Request using : alias=appif, uri=/amuc/api/invitecode/getInviteCode, headers={'APITEST': '1'} json=None</msg>
<msg timestamp="20200526 10:53:00.307" level="INFO">JSON string is : {</msg>
<msg timestamp="20200526 10:53:00.307" level="INFO">  "status": 0,</msg>
<msg timestamp="20200526 10:53:00.307" level="INFO">  "message": "success",</msg>
<msg timestamp="20200526 10:53:00.308" level="INFO">  "data": {</msg>
<msg timestamp="20200526 10:53:00.308" level="INFO">    "code": "8628775",</msg>
<msg timestamp="20200526 10:53:00.308" level="INFO">    "msg": "系统中存在,获取邀请码成功"</msg>
<msg timestamp="20200526 10:53:00.308" level="INFO">  }</msg>
<msg timestamp="20200526 10:53:00.308" level="INFO">}</msg>
<msg timestamp="20200526 10:53:00.308" level="INFO">d:\python\lib\site-packages\urllib3\connectionpool.py:851: InsecureRequestWarning: Unverified HTTPS request is being made. Adding certificate verification is strongly advised. See: https://urllib3.readthedocs.io/en/latest/advanced-usage.html#ssl-warnings
  InsecureRequestWarning)</msg>
<status status="PASS" starttime="20200526 10:53:00.167" endtime="20200526 10:53:00.309"></status>
</kw>
<kw name="Fapi Data To Object" library="FATL">
<doc>Convert Fapi response content to python object</doc>
<assign>
<var>${data}</var>
</assign>
<msg timestamp="20200526 10:53:00.310" level="INFO">${data} = &lt;FATL.Json2Object.Dict2Object object at 0x0000018949EADCC0&gt;</msg>
<status status="PASS" starttime="20200526 10:53:00.309" endtime="20200526 10:53:00.310"></status>
</kw>
<kw name="Set Suite Variable" library="BuiltIn">
<doc>Makes a variable available everywhere within the scope of the current suite.</doc>
<arguments>
<arg>${response_data}</arg>
<arg>${data}</arg>
</arguments>
<msg timestamp="20200526 10:53:00.311" level="INFO">${response_data} = &lt;FATL.Json2Object.Dict2Object object at 0x0000018949EADCC0&gt;</msg>
<status status="PASS" starttime="20200526 10:53:00.310" endtime="20200526 10:53:00.311"></status>
</kw>
<status status="PASS" starttime="20200526 10:53:00.166" endtime="20200526 10:53:00.311"></status>
</kw>
<kw name="Fapi Request Should Be Succeed" library="FATL">
<doc>Fapi HTTP response code should be 200 (means success)</doc>
<msg timestamp="20200526 10:53:00.312" level="INFO">HTTP response code is 200</msg>
<status status="PASS" starttime="20200526 10:53:00.312" endtime="20200526 10:53:00.312"></status>
</kw>
<kw name="Should Be Equal As Strings" library="BuiltIn">
<doc>Fails if objects are unequal after converting them to strings.</doc>
<arguments>
<arg>${response_data.code}</arg>
<arg>${code}</arg>
</arguments>
<status status="PASS" starttime="20200526 10:53:00.313" endtime="20200526 10:53:00.313"></status>
</kw>
<kw name="Should Be Equal As Strings" library="BuiltIn">
<doc>Fails if objects are unequal after converting them to strings.</doc>
<arguments>
<arg>${response_data.msg}</arg>
<arg>${msg}</arg>
</arguments>
<status status="PASS" starttime="20200526 10:53:00.313" endtime="20200526 10:53:00.314"></status>
</kw>
<tags>
<tag>作者：温怡春</tag>
<tag>新福建</tag>
<tag>邀请码接口（孙安）</tag>
</tags>
<status status="PASS" starttime="20200526 10:53:00.162" endtime="20200526 10:53:00.314" critical="yes"></status>
</test>
<test id="s1-s2-t2" name="用户不存在，邀请码为0">
<kw name="Get Invite Code" library="InviteCodeCommon">
<doc>获取邀请码</doc>
<arguments>
<arg>${uid0}</arg>
</arguments>
<kw name="Fapi Params Set" library="FATL">
<doc>Adds the given ``key_value_pairs`` and ``items`` to HTTP request parameters.</doc>
<arguments>
<arg>uid</arg>
<arg>${uid}</arg>
<arg>siteID</arg>
<arg>1</arg>
<arg>curVersions</arg>
<arg>1</arg>
</arguments>
<status status="PASS" starttime="20200526 10:53:00.319" endtime="20200526 10:53:00.319"></status>
</kw>
<kw name="Fapi Get" library="FATL">
<doc>Send a GET request on the session object found using the
given `alias`</doc>
<arguments>
<arg>${APPIF_ALIAS}</arg>
<arg>${GETINVITECODE_URI}</arg>
</arguments>
<msg timestamp="20200526 10:53:00.358" level="INFO">Get Request using : alias=appif, uri=/amuc/api/invitecode/getInviteCode, headers={'APITEST': '1'} json=None</msg>
<msg timestamp="20200526 10:53:00.358" level="INFO">JSON string is : {</msg>
<msg timestamp="20200526 10:53:00.358" level="INFO">  "status": 0,</msg>
<msg timestamp="20200526 10:53:00.359" level="INFO">  "message": "success",</msg>
<msg timestamp="20200526 10:53:00.359" level="INFO">  "data": {</msg>
<msg timestamp="20200526 10:53:00.359" level="INFO">    "code": "0",</msg>
<msg timestamp="20200526 10:53:00.359" level="INFO">    "msg": "系统中不存在uid:9的会员"</msg>
<msg timestamp="20200526 10:53:00.359" level="INFO">  }</msg>
<msg timestamp="20200526 10:53:00.359" level="INFO">}</msg>
<msg timestamp="20200526 10:53:00.359" level="INFO">d:\python\lib\site-packages\urllib3\connectionpool.py:851: InsecureRequestWarning: Unverified HTTPS request is being made. Adding certificate verification is strongly advised. See: https://urllib3.readthedocs.io/en/latest/advanced-usage.html#ssl-warnings
  InsecureRequestWarning)</msg>
<status status="PASS" starttime="20200526 10:53:00.320" endtime="20200526 10:53:00.359"></status>
</kw>
<kw name="Fapi Data To Object" library="FATL">
<doc>Convert Fapi response content to python object</doc>
<assign>
<var>${data}</var>
</assign>
<msg timestamp="20200526 10:53:00.360" level="INFO">${data} = &lt;FATL.Json2Object.Dict2Object object at 0x0000018948ABC7B8&gt;</msg>
<status status="PASS" starttime="20200526 10:53:00.360" endtime="20200526 10:53:00.361"></status>
</kw>
<kw name="Set Suite Variable" library="BuiltIn">
<doc>Makes a variable available everywhere within the scope of the current suite.</doc>
<arguments>
<arg>${response_data}</arg>
<arg>${data}</arg>
</arguments>
<msg timestamp="20200526 10:53:00.362" level="INFO">${response_data} = &lt;FATL.Json2Object.Dict2Object object at 0x0000018948ABC7B8&gt;</msg>
<status status="PASS" starttime="20200526 10:53:00.361" endtime="20200526 10:53:00.362"></status>
</kw>
<status status="PASS" starttime="20200526 10:53:00.319" endtime="20200526 10:53:00.363"></status>
</kw>
<kw name="Fapi Request Should Be Succeed" library="FATL">
<doc>Fapi HTTP response code should be 200 (means success)</doc>
<msg timestamp="20200526 10:53:00.364" level="INFO">HTTP response code is 200</msg>
<status status="PASS" starttime="20200526 10:53:00.363" endtime="20200526 10:53:00.364"></status>
</kw>
<kw name="Should Be Equal As Strings" library="BuiltIn">
<doc>Fails if objects are unequal after converting them to strings.</doc>
<arguments>
<arg>${response_data.code}</arg>
<arg>${code0}</arg>
</arguments>
<status status="PASS" starttime="20200526 10:53:00.364" endtime="20200526 10:53:00.366"></status>
</kw>
<kw name="Should Be Equal As Strings" library="BuiltIn">
<doc>Fails if objects are unequal after converting them to strings.</doc>
<arguments>
<arg>${response_data.msg}</arg>
<arg>${msg0}</arg>
</arguments>
<status status="PASS" starttime="20200526 10:53:00.366" endtime="20200526 10:53:00.368"></status>
</kw>
<tags>
<tag>作者：温怡春</tag>
<tag>新福建</tag>
<tag>邀请码接口（孙安）</tag>
</tags>
<status status="PASS" starttime="20200526 10:53:00.316" endtime="20200526 10:53:00.368" critical="yes"></status>
</test>
<kw name="Fapi Delete All Sessions" library="FATL" type="teardown">
<doc>Removes all the session objects</doc>
<msg timestamp="20200526 10:53:00.371" level="INFO">Delete All Sessions</msg>
<status status="PASS" starttime="20200526 10:53:00.371" endtime="20200526 10:53:00.372"></status>
</kw>
<doc>获取邀请码</doc>
<status status="PASS" starttime="20200526 10:53:00.147" endtime="20200526 10:53:00.372"></status>
</suite>
<status status="PASS" starttime="20200526 10:52:59.200" endtime="20200526 10:53:00.376"></status>
</suite>
<statistics>
<total>
<stat pass="6" fail="0">Critical Tests</stat>
<stat pass="6" fail="0">All Tests</stat>
</total>
<tag>
<stat pass="6" fail="0">作者：温怡春</stat>
<stat pass="6" fail="0">新福建</stat>
<stat pass="6" fail="0">邀请码接口（孙安）</stat>
</tag>
<suite>
<stat pass="6" fail="0" id="s1" name="App InviteCode">App InviteCode</stat>
<stat pass="4" fail="0" id="s1-s1" name="CodeImeiRecord">App InviteCode.CodeImeiRecord</stat>
<stat pass="2" fail="0" id="s1-s2" name="GetInviteCode">App InviteCode.GetInviteCode</stat>
</suite>
</statistics>
<errors>
</errors>
</robot>
