<?xml version="1.0" encoding="UTF-8"?>
<robot generator="Robot 3.1.1 (Python 3.6.5 on win32)" generated="20200426 13:08:55.756" rpa="false">
<suite id="s1" name="App Sso" source="D:\XFJ\API\App_Sso">
<suite id="s1-s1" name="Cancel" source="D:\XFJ\API\App_Sso\Cancel.robot">
<kw name="Create Sso Session Common" library="Common" type="setup">
<kw name="Fapi Create Session" library="FATL">
<doc>Fapi Create Session: create a HTTP session to a server</doc>
<arguments>
<arg>${SSO_ALIAS}</arg>
<arg>${SSO_URL}</arg>
</arguments>
<msg timestamp="20200426 13:08:56.323" level="INFO">Creating Session using : alias=sso, url=https://api1.fjdaily.com:18443/sso-app, headers={'APITEST': '1'},                     cookies=None, auth=None, timeout=None, proxies=None, verify=False,                     debug=0 </msg>
<status status="PASS" starttime="20200426 13:08:56.323" endtime="20200426 13:08:56.324"></status>
</kw>
<status status="PASS" starttime="20200426 13:08:56.323" endtime="20200426 13:08:56.324"></status>
</kw>
<test id="s1-s1-t1" name="手机号登录账号后再注销，接口返回成功状态码">
<kw name="Login By Phone" library="Sso_Common">
<doc>手机号快捷登录接口</doc>
<arguments>
<arg>${PHONE}</arg>
</arguments>
<kw name="Random" library="Random_Time">
<assign>
<var>${random}</var>
</assign>
<kw name="Evaluate" library="BuiltIn">
<doc>Evaluates the given expression in Python and returns the results.</doc>
<arguments>
<arg>random.randint(0,10000000000)</arg>
<arg>random</arg>
</arguments>
<assign>
<var>${random}</var>
</assign>
<msg timestamp="20200426 13:08:56.330" level="INFO">${random} = 7682857013</msg>
<status status="PASS" starttime="20200426 13:08:56.330" endtime="20200426 13:08:56.330"></status>
</kw>
<kw name="Evaluate" library="BuiltIn">
<doc>Evaluates the given expression in Python and returns the results.</doc>
<arguments>
<arg>str(${random})</arg>
</arguments>
<assign>
<var>${typerandom}</var>
</assign>
<msg timestamp="20200426 13:08:56.330" level="INFO">${typerandom} = 7682857013</msg>
<status status="PASS" starttime="20200426 13:08:56.330" endtime="20200426 13:08:56.331"></status>
</kw>
<msg timestamp="20200426 13:08:56.331" level="INFO">${random} = 7682857013</msg>
<status status="PASS" starttime="20200426 13:08:56.329" endtime="20200426 13:08:56.331"></status>
</kw>
<kw name="Time" library="Random_Time">
<assign>
<var>${timestamp}</var>
</assign>
<kw name="Evaluate" library="BuiltIn">
<doc>Evaluates the given expression in Python and returns the results.</doc>
<arguments>
<arg>int(time.time()*1000)</arg>
<arg>time</arg>
</arguments>
<assign>
<var>${time}</var>
</assign>
<msg timestamp="20200426 13:08:56.332" level="INFO">${time} = 1587877736331</msg>
<status status="PASS" starttime="20200426 13:08:56.332" endtime="20200426 13:08:56.332"></status>
</kw>
<kw name="Evaluate" library="BuiltIn">
<doc>Evaluates the given expression in Python and returns the results.</doc>
<arguments>
<arg>str(${time})</arg>
</arguments>
<assign>
<var>${typetime}</var>
</assign>
<msg timestamp="20200426 13:08:56.333" level="INFO">${typetime} = 1587877736331</msg>
<status status="PASS" starttime="20200426 13:08:56.332" endtime="20200426 13:08:56.333"></status>
</kw>
<msg timestamp="20200426 13:08:56.333" level="INFO">${timestamp} = 1587877736331</msg>
<status status="PASS" starttime="20200426 13:08:56.331" endtime="20200426 13:08:56.333"></status>
</kw>
<kw name="Md 5" library="Secret">
<arguments>
<arg>devid=${devid}&amp;random=${random}&amp;timestamp=${timestamp}&amp;token=${TOKEN}&amp;version=${VERSION}</arg>
</arguments>
<assign>
<var>${secret}</var>
</assign>
<msg timestamp="20200426 13:08:56.334" level="INFO">${secret} = 852a54cd9f7f1250d3152cc07a71c3f5</msg>
<status status="PASS" starttime="20200426 13:08:56.333" endtime="20200426 13:08:56.334"></status>
</kw>
<kw name="Fapi Params Set" library="FATL">
<doc>Adds the given ``key_value_pairs`` and ``items`` to HTTP request parameters.</doc>
<arguments>
<arg>devid</arg>
<arg>${devid}</arg>
<arg>phone</arg>
<arg>${phone}</arg>
<arg>siteid</arg>
<arg>${siteid}</arg>
<arg>curVersions</arg>
<arg>${CURVERSIONS}</arg>
</arguments>
<status status="PASS" starttime="20200426 13:08:56.334" endtime="20200426 13:08:56.334"></status>
</kw>
<kw name="Md 5" library="Secret">
<arguments>
<arg>devid=${devid}&amp;siteid=${siteid}&amp;phone=${phone}&amp;secret=${secret}</arg>
</arguments>
<assign>
<var>${program_sign}</var>
</assign>
<msg timestamp="20200426 13:08:56.335" level="INFO">${program_sign} = 63a26e82c1d2b135ea6498b45804304d</msg>
<status status="PASS" starttime="20200426 13:08:56.334" endtime="20200426 13:08:56.335"></status>
</kw>
<kw name="Set Variable" library="BuiltIn">
<doc>Returns the given values which can then be assigned to a variables.</doc>
<arguments>
<arg>devid,siteid,phone</arg>
</arguments>
<assign>
<var>${proParams}</var>
</assign>
<msg timestamp="20200426 13:08:56.335" level="INFO">${proParams} = devid,siteid,phone</msg>
<status status="PASS" starttime="20200426 13:08:56.335" endtime="20200426 13:08:56.335"></status>
</kw>
<kw name="Fapi Headers Set" library="FATL">
<doc>Adds the given ``key_value_pairs`` and ``items`` to HTTP request headers.</doc>
<arguments>
<arg>program-sign</arg>
<arg>${program_sign}</arg>
<arg>devid</arg>
<arg>${devid}</arg>
<arg>random</arg>
<arg>${random}</arg>
<arg>timestamp</arg>
<arg>${timestamp}</arg>
<arg>token</arg>
<arg>${TOKEN}</arg>
<arg>version</arg>
<arg>${VERSION}</arg>
<arg>Content-Type</arg>
<arg>application/x-www-form-urlencoded</arg>
<arg>program-params</arg>
<arg>${proParams}</arg>
</arguments>
<status status="PASS" starttime="20200426 13:08:56.336" endtime="20200426 13:08:56.336"></status>
</kw>
<kw name="Fapi Post" library="FATL">
<doc>Send a POST request on the session object found using the
given `alias`</doc>
<arguments>
<arg>${SSO_ALIAS}</arg>
<arg>${LOGINBYPHONE_URI}</arg>
</arguments>
<msg timestamp="20200426 13:08:56.506" level="INFO">Post Request using : alias=sso, uri=/api/loginByPhone, data=&lt;empty&gt;, headers={'APITEST': '1', 'program-sign': '63a26e82c1d2b135ea6498b45804304d', 'devid': '123456', 'random': '7682857013', 'timestamp': '1587877736331', 'token': '', 'version': '1.0.0', 'Content-Type': 'application/x-www-form-urlencoded', 'program-params': 'devid,siteid,phone'}, files=None, allow_redirects=True </msg>
<msg timestamp="20200426 13:08:56.506" level="INFO">JSON string is : {</msg>
<msg timestamp="20200426 13:08:56.506" level="INFO">  "code": 1,</msg>
<msg timestamp="20200426 13:08:56.506" level="INFO">  "msg": "success",</msg>
<msg timestamp="20200426 13:08:56.506" level="INFO">  "value": {</msg>
<msg timestamp="20200426 13:08:56.506" level="INFO">    "birthday": "2000-01-01",</msg>
<msg timestamp="20200426 13:08:56.506" level="INFO">    "address": "",</msg>
<msg timestamp="20200426 13:08:56.506" level="INFO">    "isRefOauth": 0,</msg>
<msg timestamp="20200426 13:08:56.506" level="INFO">    "sex": "0",</msg>
<msg timestamp="20200426 13:08:56.507" level="INFO">    "userid": "629",</msg>
<msg timestamp="20200426 13:08:56.507" level="INFO">    "token": "1a41b3147fabde99dbe0328a045ed2cd",</msg>
<msg timestamp="20200426 13:08:56.507" level="INFO">    "head": "",</msg>
<msg timestamp="20200426 13:08:56.507" level="INFO">    "uid": "618",</msg>
<msg timestamp="20200426 13:08:56.507" level="INFO">    "score": "0",</msg>
<msg timestamp="20200426 13:08:56.507" level="INFO">    "areaCode": "0086",</msg>
<msg timestamp="20200426 13:08:56.507" level="INFO">    "isOpen": 0,</msg>
<msg timestamp="20200426 13:08:56.507" level="INFO">    "phone": "18960713836",</msg>
<msg timestamp="20200426 13:08:56.507" level="INFO">    "isFirstOpen": "0",</msg>
<msg timestamp="20200426 13:08:56.507" level="INFO">    "nickname": "新福建626209",</msg>
<msg timestamp="20200426 13:08:56.507" level="INFO">    "isDefPassword": 1,</msg>
<msg timestamp="20200426 13:08:56.507" level="INFO">    "username": "新福建626209"</msg>
<msg timestamp="20200426 13:08:56.507" level="INFO">  },</msg>
<msg timestamp="20200426 13:08:56.507" level="INFO">  "status": 0,</msg>
<msg timestamp="20200426 13:08:56.507" level="INFO">  "message": "success",</msg>
<msg timestamp="20200426 13:08:56.507" level="INFO">  "data": {</msg>
<msg timestamp="20200426 13:08:56.507" level="INFO">    "birthday": "2000-01-01",</msg>
<msg timestamp="20200426 13:08:56.507" level="INFO">    "address": "",</msg>
<msg timestamp="20200426 13:08:56.508" level="INFO">    "isRefOauth": 0,</msg>
<msg timestamp="20200426 13:08:56.508" level="INFO">    "sex": "0",</msg>
<msg timestamp="20200426 13:08:56.508" level="INFO">    "userid": "629",</msg>
<msg timestamp="20200426 13:08:56.508" level="INFO">    "token": "1a41b3147fabde99dbe0328a045ed2cd",</msg>
<msg timestamp="20200426 13:08:56.508" level="INFO">    "head": "",</msg>
<msg timestamp="20200426 13:08:56.508" level="INFO">    "uid": "618",</msg>
<msg timestamp="20200426 13:08:56.508" level="INFO">    "score": "0",</msg>
<msg timestamp="20200426 13:08:56.508" level="INFO">    "areaCode": "0086",</msg>
<msg timestamp="20200426 13:08:56.508" level="INFO">    "isOpen": 0,</msg>
<msg timestamp="20200426 13:08:56.508" level="INFO">    "phone": "18960713836",</msg>
<msg timestamp="20200426 13:08:56.508" level="INFO">    "isFirstOpen": "0",</msg>
<msg timestamp="20200426 13:08:56.508" level="INFO">    "nickname": "新福建626209",</msg>
<msg timestamp="20200426 13:08:56.508" level="INFO">    "isDefPassword": 1,</msg>
<msg timestamp="20200426 13:08:56.508" level="INFO">    "username": "新福建626209"</msg>
<msg timestamp="20200426 13:08:56.508" level="INFO">  },</msg>
<msg timestamp="20200426 13:08:56.508" level="INFO">  "path": null,</msg>
<msg timestamp="20200426 13:08:56.508" level="INFO">  "error": null,</msg>
<msg timestamp="20200426 13:08:56.508" level="INFO">  "timestamp": 1587877736251</msg>
<msg timestamp="20200426 13:08:56.508" level="INFO">}</msg>
<msg timestamp="20200426 13:08:56.508" level="INFO">d:\python\lib\site-packages\urllib3\connectionpool.py:851: InsecureRequestWarning: Unverified HTTPS request is being made. Adding certificate verification is strongly advised. See: https://urllib3.readthedocs.io/en/latest/advanced-usage.html#ssl-warnings
  InsecureRequestWarning)</msg>
<status status="PASS" starttime="20200426 13:08:56.336" endtime="20200426 13:08:56.509"></status>
</kw>
<kw name="Fapi Data To Object" library="FATL">
<doc>Convert Fapi response content to python object</doc>
<assign>
<var>${data}</var>
</assign>
<msg timestamp="20200426 13:08:56.509" level="INFO">${data} = &lt;FATL.Json2Object.Dict2Object object at 0x000001F1DC9A6898&gt;</msg>
<status status="PASS" starttime="20200426 13:08:56.509" endtime="20200426 13:08:56.510"></status>
</kw>
<kw name="Set Suite Variable" library="BuiltIn">
<doc>Makes a variable available everywhere within the scope of the current suite.</doc>
<arguments>
<arg>${response_data}</arg>
<arg>${data}</arg>
</arguments>
<msg timestamp="20200426 13:08:56.512" level="INFO">${response_data} = &lt;FATL.Json2Object.Dict2Object object at 0x000001F1DC9A6898&gt;</msg>
<status status="PASS" starttime="20200426 13:08:56.510" endtime="20200426 13:08:56.512"></status>
</kw>
<status status="PASS" starttime="20200426 13:08:56.329" endtime="20200426 13:08:56.512"></status>
</kw>
<kw name="Sleep" library="BuiltIn">
<doc>Pauses the test executed for the given time.</doc>
<arguments>
<arg>5</arg>
</arguments>
<msg timestamp="20200426 13:09:01.515" level="INFO">Slept 5 seconds</msg>
<status status="PASS" starttime="20200426 13:08:56.513" endtime="20200426 13:09:01.515"></status>
</kw>
<kw name="SSO Cancel Api" library="Sso_Common">
<doc>注销</doc>
<arguments>
<arg>${response_data.uid}</arg>
</arguments>
<kw name="Random" library="Random_Time">
<assign>
<var>${random}</var>
</assign>
<kw name="Evaluate" library="BuiltIn">
<doc>Evaluates the given expression in Python and returns the results.</doc>
<arguments>
<arg>random.randint(0,10000000000)</arg>
<arg>random</arg>
</arguments>
<assign>
<var>${random}</var>
</assign>
<msg timestamp="20200426 13:09:01.517" level="INFO">${random} = 7037867338</msg>
<status status="PASS" starttime="20200426 13:09:01.517" endtime="20200426 13:09:01.517"></status>
</kw>
<kw name="Evaluate" library="BuiltIn">
<doc>Evaluates the given expression in Python and returns the results.</doc>
<arguments>
<arg>str(${random})</arg>
</arguments>
<assign>
<var>${typerandom}</var>
</assign>
<msg timestamp="20200426 13:09:01.518" level="INFO">${typerandom} = 7037867338</msg>
<status status="PASS" starttime="20200426 13:09:01.518" endtime="20200426 13:09:01.518"></status>
</kw>
<msg timestamp="20200426 13:09:01.518" level="INFO">${random} = 7037867338</msg>
<status status="PASS" starttime="20200426 13:09:01.516" endtime="20200426 13:09:01.518"></status>
</kw>
<kw name="Time" library="Random_Time">
<assign>
<var>${timestamp}</var>
</assign>
<kw name="Evaluate" library="BuiltIn">
<doc>Evaluates the given expression in Python and returns the results.</doc>
<arguments>
<arg>int(time.time()*1000)</arg>
<arg>time</arg>
</arguments>
<assign>
<var>${time}</var>
</assign>
<msg timestamp="20200426 13:09:01.519" level="INFO">${time} = 1587877741518</msg>
<status status="PASS" starttime="20200426 13:09:01.519" endtime="20200426 13:09:01.519"></status>
</kw>
<kw name="Evaluate" library="BuiltIn">
<doc>Evaluates the given expression in Python and returns the results.</doc>
<arguments>
<arg>str(${time})</arg>
</arguments>
<assign>
<var>${typetime}</var>
</assign>
<msg timestamp="20200426 13:09:01.520" level="INFO">${typetime} = 1587877741518</msg>
<status status="PASS" starttime="20200426 13:09:01.519" endtime="20200426 13:09:01.520"></status>
</kw>
<msg timestamp="20200426 13:09:01.520" level="INFO">${timestamp} = 1587877741518</msg>
<status status="PASS" starttime="20200426 13:09:01.518" endtime="20200426 13:09:01.520"></status>
</kw>
<kw name="Md 5" library="Secret">
<arguments>
<arg>devid=${devid}&amp;random=${random}&amp;timestamp=${timestamp}&amp;token=${TOKEN}&amp;version=${VERSION}</arg>
</arguments>
<assign>
<var>${secret}</var>
</assign>
<msg timestamp="20200426 13:09:01.521" level="INFO">${secret} = fe3a469a3dd3f184bd753eb1ca679e4e</msg>
<status status="PASS" starttime="20200426 13:09:01.520" endtime="20200426 13:09:01.521"></status>
</kw>
<kw name="Fapi Params Set" library="FATL">
<doc>Adds the given ``key_value_pairs`` and ``items`` to HTTP request parameters.</doc>
<arguments>
<arg>uid</arg>
<arg>${uid}</arg>
<arg>siteid</arg>
<arg>${SITEID}</arg>
<arg>curVersions</arg>
<arg>${CURVERSIONS}</arg>
</arguments>
<status status="PASS" starttime="20200426 13:09:01.521" endtime="20200426 13:09:01.521"></status>
</kw>
<kw name="Md 5" library="Secret">
<arguments>
<arg>uid=${uid}&amp;siteid=${SITEID}&amp;secret=${secret}</arg>
</arguments>
<assign>
<var>${program_sign}</var>
</assign>
<msg timestamp="20200426 13:09:01.522" level="INFO">${program_sign} = 2d551e9c1313ea12f72c92aaf8e23463</msg>
<status status="PASS" starttime="20200426 13:09:01.521" endtime="20200426 13:09:01.522"></status>
</kw>
<kw name="Set Variable" library="BuiltIn">
<doc>Returns the given values which can then be assigned to a variables.</doc>
<arguments>
<arg>uid,siteid</arg>
</arguments>
<assign>
<var>${proParams}</var>
</assign>
<msg timestamp="20200426 13:09:01.522" level="INFO">${proParams} = uid,siteid</msg>
<status status="PASS" starttime="20200426 13:09:01.522" endtime="20200426 13:09:01.522"></status>
</kw>
<kw name="Fapi Headers Set" library="FATL">
<doc>Adds the given ``key_value_pairs`` and ``items`` to HTTP request headers.</doc>
<arguments>
<arg>program-sign</arg>
<arg>${program_sign}</arg>
<arg>devid</arg>
<arg>${devid}</arg>
<arg>random</arg>
<arg>${random}</arg>
<arg>timestamp</arg>
<arg>${timestamp}</arg>
<arg>token</arg>
<arg>${TOKEN}</arg>
<arg>version</arg>
<arg>${VERSION}</arg>
<arg>Content-Type</arg>
<arg>application/x-www-form-urlencoded</arg>
<arg>program-params</arg>
<arg>${proParams}</arg>
</arguments>
<status status="PASS" starttime="20200426 13:09:01.523" endtime="20200426 13:09:01.523"></status>
</kw>
<kw name="Fapi Post" library="FATL">
<doc>Send a POST request on the session object found using the
given `alias`</doc>
<arguments>
<arg>${SSO_ALIAS}</arg>
<arg>${CANCEL_URI}</arg>
</arguments>
<msg timestamp="20200426 13:09:01.630" level="INFO">Post Request using : alias=sso, uri=/api/cancel, data=&lt;empty&gt;, headers={'APITEST': '1', 'program-sign': '2d551e9c1313ea12f72c92aaf8e23463', 'devid': '123456', 'random': '7037867338', 'timestamp': '1587877741518', 'token': '', 'version': '1.0.0', 'Content-Type': 'application/x-www-form-urlencoded', 'program-params': 'uid,siteid'}, files=None, allow_redirects=True </msg>
<msg timestamp="20200426 13:09:01.631" level="INFO">JSON string is : {</msg>
<msg timestamp="20200426 13:09:01.631" level="INFO">  "code": 1,</msg>
<msg timestamp="20200426 13:09:01.631" level="INFO">  "msg": "success",</msg>
<msg timestamp="20200426 13:09:01.631" level="INFO">  "value": {},</msg>
<msg timestamp="20200426 13:09:01.631" level="INFO">  "status": 0,</msg>
<msg timestamp="20200426 13:09:01.631" level="INFO">  "message": "success",</msg>
<msg timestamp="20200426 13:09:01.631" level="INFO">  "data": {},</msg>
<msg timestamp="20200426 13:09:01.631" level="INFO">  "path": null,</msg>
<msg timestamp="20200426 13:09:01.631" level="INFO">  "error": null,</msg>
<msg timestamp="20200426 13:09:01.631" level="INFO">  "timestamp": 1587877741376</msg>
<msg timestamp="20200426 13:09:01.631" level="INFO">}</msg>
<msg timestamp="20200426 13:09:01.631" level="INFO">d:\python\lib\site-packages\urllib3\connectionpool.py:851: InsecureRequestWarning: Unverified HTTPS request is being made. Adding certificate verification is strongly advised. See: https://urllib3.readthedocs.io/en/latest/advanced-usage.html#ssl-warnings
  InsecureRequestWarning)</msg>
<status status="PASS" starttime="20200426 13:09:01.523" endtime="20200426 13:09:01.632"></status>
</kw>
<kw name="Fapi Data To Object" library="FATL">
<doc>Convert Fapi response content to python object</doc>
<assign>
<var>${data}</var>
</assign>
<msg timestamp="20200426 13:09:01.633" level="INFO">${data} = &lt;FATL.Json2Object.Dict2Object object at 0x000001F1DA3D09B0&gt;</msg>
<status status="PASS" starttime="20200426 13:09:01.632" endtime="20200426 13:09:01.633"></status>
</kw>
<kw name="Set Suite Variable" library="BuiltIn">
<doc>Makes a variable available everywhere within the scope of the current suite.</doc>
<arguments>
<arg>${response_data}</arg>
<arg>${data}</arg>
</arguments>
<msg timestamp="20200426 13:09:01.635" level="INFO">${response_data} = &lt;FATL.Json2Object.Dict2Object object at 0x000001F1DA3D09B0&gt;</msg>
<status status="PASS" starttime="20200426 13:09:01.633" endtime="20200426 13:09:01.635"></status>
</kw>
<status status="PASS" starttime="20200426 13:09:01.516" endtime="20200426 13:09:01.635"></status>
</kw>
<kw name="Fapi Request Should Be Succeed" library="FATL">
<doc>Fapi HTTP response code should be 200 (means success)</doc>
<msg timestamp="20200426 13:09:01.636" level="INFO">HTTP response code is 200</msg>
<status status="PASS" starttime="20200426 13:09:01.635" endtime="20200426 13:09:01.636"></status>
</kw>
<kw name="Fapi Status Should Be Succeed" library="FATL">
<doc>Fapi response status code should be 0 (means success)</doc>
<status status="PASS" starttime="20200426 13:09:01.636" endtime="20200426 13:09:01.637"></status>
</kw>
<tags>
<tag>sso-app接口/注销（孙安）</tag>
<tag>作者：江宝敏</tag>
<tag>冒烟集-新福建APP</tag>
</tags>
<status status="PASS" starttime="20200426 13:08:56.325" endtime="20200426 13:09:01.637" critical="yes"></status>
</test>
<kw name="Fapi Delete All Sessions" library="FATL" type="teardown">
<doc>Removes all the session objects</doc>
<msg timestamp="20200426 13:09:01.641" level="INFO">Delete All Sessions</msg>
<status status="PASS" starttime="20200426 13:09:01.641" endtime="20200426 13:09:01.641"></status>
</kw>
<doc>注销账号</doc>
<status status="PASS" starttime="20200426 13:08:55.794" endtime="20200426 13:09:01.641"></status>
</suite>
<suite id="s1-s2" name="LoginByPhone" source="D:\XFJ\API\App_Sso\LoginByPhone.robot">
<kw name="Create Sso Session Common" library="Common" type="setup">
<kw name="Fapi Create Session" library="FATL">
<doc>Fapi Create Session: create a HTTP session to a server</doc>
<arguments>
<arg>${SSO_ALIAS}</arg>
<arg>${SSO_URL}</arg>
</arguments>
<msg timestamp="20200426 13:09:01.678" level="INFO">Creating Session using : alias=sso, url=https://api1.fjdaily.com:18443/sso-app, headers={'APITEST': '1', 'program-sign': '2d551e9c1313ea12f72c92aaf8e23463', 'devid': '123456', 'random': '7037867338', 'timestamp': '1587877741518', 'token': '', 'version': '1.0.0', 'Content-Type': 'application/x-www-form-urlencoded', 'program-params': 'uid,siteid'},                     cookies=None, auth=None, timeout=None, proxies=None, verify=False,                     debug=0 </msg>
<status status="PASS" starttime="20200426 13:09:01.677" endtime="20200426 13:09:01.678"></status>
</kw>
<status status="PASS" starttime="20200426 13:09:01.676" endtime="20200426 13:09:01.679"></status>
</kw>
<test id="s1-s2-t1" name="输入正确的手机号进行快捷登录，登录成功接口返回账号相关数据">
<kw name="Login By Phone" library="Sso_Common">
<doc>手机号快捷登录接口</doc>
<arguments>
<arg>${PHONE}</arg>
</arguments>
<kw name="Random" library="Random_Time">
<assign>
<var>${random}</var>
</assign>
<kw name="Evaluate" library="BuiltIn">
<doc>Evaluates the given expression in Python and returns the results.</doc>
<arguments>
<arg>random.randint(0,10000000000)</arg>
<arg>random</arg>
</arguments>
<assign>
<var>${random}</var>
</assign>
<msg timestamp="20200426 13:09:01.692" level="INFO">${random} = 2625372691</msg>
<status status="PASS" starttime="20200426 13:09:01.692" endtime="20200426 13:09:01.692"></status>
</kw>
<kw name="Evaluate" library="BuiltIn">
<doc>Evaluates the given expression in Python and returns the results.</doc>
<arguments>
<arg>str(${random})</arg>
</arguments>
<assign>
<var>${typerandom}</var>
</assign>
<msg timestamp="20200426 13:09:01.693" level="INFO">${typerandom} = 2625372691</msg>
<status status="PASS" starttime="20200426 13:09:01.693" endtime="20200426 13:09:01.693"></status>
</kw>
<msg timestamp="20200426 13:09:01.694" level="INFO">${random} = 2625372691</msg>
<status status="PASS" starttime="20200426 13:09:01.691" endtime="20200426 13:09:01.694"></status>
</kw>
<kw name="Time" library="Random_Time">
<assign>
<var>${timestamp}</var>
</assign>
<kw name="Evaluate" library="BuiltIn">
<doc>Evaluates the given expression in Python and returns the results.</doc>
<arguments>
<arg>int(time.time()*1000)</arg>
<arg>time</arg>
</arguments>
<assign>
<var>${time}</var>
</assign>
<msg timestamp="20200426 13:09:01.696" level="INFO">${time} = 1587877741694</msg>
<status status="PASS" starttime="20200426 13:09:01.695" endtime="20200426 13:09:01.696"></status>
</kw>
<kw name="Evaluate" library="BuiltIn">
<doc>Evaluates the given expression in Python and returns the results.</doc>
<arguments>
<arg>str(${time})</arg>
</arguments>
<assign>
<var>${typetime}</var>
</assign>
<msg timestamp="20200426 13:09:01.697" level="INFO">${typetime} = 1587877741694</msg>
<status status="PASS" starttime="20200426 13:09:01.696" endtime="20200426 13:09:01.697"></status>
</kw>
<msg timestamp="20200426 13:09:01.698" level="INFO">${timestamp} = 1587877741694</msg>
<status status="PASS" starttime="20200426 13:09:01.694" endtime="20200426 13:09:01.698"></status>
</kw>
<kw name="Md 5" library="Secret">
<arguments>
<arg>devid=${devid}&amp;random=${random}&amp;timestamp=${timestamp}&amp;token=${TOKEN}&amp;version=${VERSION}</arg>
</arguments>
<assign>
<var>${secret}</var>
</assign>
<msg timestamp="20200426 13:09:01.699" level="INFO">${secret} = 6281f7a5f2d9dc14204d49e2cc185729</msg>
<status status="PASS" starttime="20200426 13:09:01.698" endtime="20200426 13:09:01.699"></status>
</kw>
<kw name="Fapi Params Set" library="FATL">
<doc>Adds the given ``key_value_pairs`` and ``items`` to HTTP request parameters.</doc>
<arguments>
<arg>devid</arg>
<arg>${devid}</arg>
<arg>phone</arg>
<arg>${phone}</arg>
<arg>siteid</arg>
<arg>${siteid}</arg>
<arg>curVersions</arg>
<arg>${CURVERSIONS}</arg>
</arguments>
<status status="PASS" starttime="20200426 13:09:01.700" endtime="20200426 13:09:01.701"></status>
</kw>
<kw name="Md 5" library="Secret">
<arguments>
<arg>devid=${devid}&amp;siteid=${siteid}&amp;phone=${phone}&amp;secret=${secret}</arg>
</arguments>
<assign>
<var>${program_sign}</var>
</assign>
<msg timestamp="20200426 13:09:01.702" level="INFO">${program_sign} = 4ed9c9b09bd77fc5a115b1ea4f6715a9</msg>
<status status="PASS" starttime="20200426 13:09:01.701" endtime="20200426 13:09:01.702"></status>
</kw>
<kw name="Set Variable" library="BuiltIn">
<doc>Returns the given values which can then be assigned to a variables.</doc>
<arguments>
<arg>devid,siteid,phone</arg>
</arguments>
<assign>
<var>${proParams}</var>
</assign>
<msg timestamp="20200426 13:09:01.703" level="INFO">${proParams} = devid,siteid,phone</msg>
<status status="PASS" starttime="20200426 13:09:01.703" endtime="20200426 13:09:01.703"></status>
</kw>
<kw name="Fapi Headers Set" library="FATL">
<doc>Adds the given ``key_value_pairs`` and ``items`` to HTTP request headers.</doc>
<arguments>
<arg>program-sign</arg>
<arg>${program_sign}</arg>
<arg>devid</arg>
<arg>${devid}</arg>
<arg>random</arg>
<arg>${random}</arg>
<arg>timestamp</arg>
<arg>${timestamp}</arg>
<arg>token</arg>
<arg>${TOKEN}</arg>
<arg>version</arg>
<arg>${VERSION}</arg>
<arg>Content-Type</arg>
<arg>application/x-www-form-urlencoded</arg>
<arg>program-params</arg>
<arg>${proParams}</arg>
</arguments>
<status status="PASS" starttime="20200426 13:09:01.704" endtime="20200426 13:09:01.705"></status>
</kw>
<kw name="Fapi Post" library="FATL">
<doc>Send a POST request on the session object found using the
given `alias`</doc>
<arguments>
<arg>${SSO_ALIAS}</arg>
<arg>${LOGINBYPHONE_URI}</arg>
</arguments>
<msg timestamp="20200426 13:09:01.942" level="INFO">Post Request using : alias=sso, uri=/api/loginByPhone, data=&lt;empty&gt;, headers={'APITEST': '1', 'program-sign': '4ed9c9b09bd77fc5a115b1ea4f6715a9', 'devid': '123456', 'random': '2625372691', 'timestamp': '1587877741694', 'token': '', 'version': '1.0.0', 'Content-Type': 'application/x-www-form-urlencoded', 'program-params': 'devid,siteid,phone'}, files=None, allow_redirects=True </msg>
<msg timestamp="20200426 13:09:01.942" level="INFO">JSON string is : {</msg>
<msg timestamp="20200426 13:09:01.942" level="INFO">  "code": 1,</msg>
<msg timestamp="20200426 13:09:01.942" level="INFO">  "msg": "success",</msg>
<msg timestamp="20200426 13:09:01.943" level="INFO">  "value": {</msg>
<msg timestamp="20200426 13:09:01.943" level="INFO">    "birthday": "2000-01-01",</msg>
<msg timestamp="20200426 13:09:01.943" level="INFO">    "address": "",</msg>
<msg timestamp="20200426 13:09:01.943" level="INFO">    "isRefOauth": 0,</msg>
<msg timestamp="20200426 13:09:01.943" level="INFO">    "sex": "0",</msg>
<msg timestamp="20200426 13:09:01.943" level="INFO">    "userid": "186",</msg>
<msg timestamp="20200426 13:09:01.943" level="INFO">    "token": "ec63bb66009b693b49020904bbd41e2e",</msg>
<msg timestamp="20200426 13:09:01.943" level="INFO">    "head": "",</msg>
<msg timestamp="20200426 13:09:01.943" level="INFO">    "uid": "171",</msg>
<msg timestamp="20200426 13:09:01.943" level="INFO">    "score": "0",</msg>
<msg timestamp="20200426 13:09:01.943" level="INFO">    "areaCode": "0086",</msg>
<msg timestamp="20200426 13:09:01.943" level="INFO">    "isOpen": 0,</msg>
<msg timestamp="20200426 13:09:01.943" level="INFO">    "phone": "13545396666",</msg>
<msg timestamp="20200426 13:09:01.943" level="INFO">    "isFirstOpen": "0",</msg>
<msg timestamp="20200426 13:09:01.943" level="INFO">    "nickname": "新福建824342",</msg>
<msg timestamp="20200426 13:09:01.943" level="INFO">    "isDefPassword": 1,</msg>
<msg timestamp="20200426 13:09:01.943" level="INFO">    "username": "新福建824342"</msg>
<msg timestamp="20200426 13:09:01.943" level="INFO">  },</msg>
<msg timestamp="20200426 13:09:01.943" level="INFO">  "status": 0,</msg>
<msg timestamp="20200426 13:09:01.943" level="INFO">  "message": "success",</msg>
<msg timestamp="20200426 13:09:01.943" level="INFO">  "data": {</msg>
<msg timestamp="20200426 13:09:01.943" level="INFO">    "birthday": "2000-01-01",</msg>
<msg timestamp="20200426 13:09:01.944" level="INFO">    "address": "",</msg>
<msg timestamp="20200426 13:09:01.944" level="INFO">    "isRefOauth": 0,</msg>
<msg timestamp="20200426 13:09:01.944" level="INFO">    "sex": "0",</msg>
<msg timestamp="20200426 13:09:01.944" level="INFO">    "userid": "186",</msg>
<msg timestamp="20200426 13:09:01.944" level="INFO">    "token": "ec63bb66009b693b49020904bbd41e2e",</msg>
<msg timestamp="20200426 13:09:01.944" level="INFO">    "head": "",</msg>
<msg timestamp="20200426 13:09:01.944" level="INFO">    "uid": "171",</msg>
<msg timestamp="20200426 13:09:01.944" level="INFO">    "score": "0",</msg>
<msg timestamp="20200426 13:09:01.944" level="INFO">    "areaCode": "0086",</msg>
<msg timestamp="20200426 13:09:01.944" level="INFO">    "isOpen": 0,</msg>
<msg timestamp="20200426 13:09:01.944" level="INFO">    "phone": "13545396666",</msg>
<msg timestamp="20200426 13:09:01.944" level="INFO">    "isFirstOpen": "0",</msg>
<msg timestamp="20200426 13:09:01.944" level="INFO">    "nickname": "新福建824342",</msg>
<msg timestamp="20200426 13:09:01.944" level="INFO">    "isDefPassword": 1,</msg>
<msg timestamp="20200426 13:09:01.944" level="INFO">    "username": "新福建824342"</msg>
<msg timestamp="20200426 13:09:01.944" level="INFO">  },</msg>
<msg timestamp="20200426 13:09:01.944" level="INFO">  "path": null,</msg>
<msg timestamp="20200426 13:09:01.944" level="INFO">  "error": null,</msg>
<msg timestamp="20200426 13:09:01.944" level="INFO">  "timestamp": 1587877741623</msg>
<msg timestamp="20200426 13:09:01.944" level="INFO">}</msg>
<msg timestamp="20200426 13:09:01.945" level="INFO">d:\python\lib\site-packages\urllib3\connectionpool.py:851: InsecureRequestWarning: Unverified HTTPS request is being made. Adding certificate verification is strongly advised. See: https://urllib3.readthedocs.io/en/latest/advanced-usage.html#ssl-warnings
  InsecureRequestWarning)</msg>
<status status="PASS" starttime="20200426 13:09:01.706" endtime="20200426 13:09:01.945"></status>
</kw>
<kw name="Fapi Data To Object" library="FATL">
<doc>Convert Fapi response content to python object</doc>
<assign>
<var>${data}</var>
</assign>
<msg timestamp="20200426 13:09:01.946" level="INFO">${data} = &lt;FATL.Json2Object.Dict2Object object at 0x000001F1DA31BCC0&gt;</msg>
<status status="PASS" starttime="20200426 13:09:01.945" endtime="20200426 13:09:01.946"></status>
</kw>
<kw name="Set Suite Variable" library="BuiltIn">
<doc>Makes a variable available everywhere within the scope of the current suite.</doc>
<arguments>
<arg>${response_data}</arg>
<arg>${data}</arg>
</arguments>
<msg timestamp="20200426 13:09:01.948" level="INFO">${response_data} = &lt;FATL.Json2Object.Dict2Object object at 0x000001F1DA31BCC0&gt;</msg>
<status status="PASS" starttime="20200426 13:09:01.946" endtime="20200426 13:09:01.948"></status>
</kw>
<status status="PASS" starttime="20200426 13:09:01.690" endtime="20200426 13:09:01.948"></status>
</kw>
<kw name="Should Be Equal As Strings" library="BuiltIn">
<doc>Fails if objects are unequal after converting them to strings.</doc>
<arguments>
<arg>${response_data.phone}</arg>
<arg>${PHONE}</arg>
</arguments>
<status status="PASS" starttime="20200426 13:09:01.949" endtime="20200426 13:09:01.949"></status>
</kw>
<tags>
<tag>sso-app接口/手机号快捷登录（孙安）</tag>
<tag>作者：张鹏</tag>
<tag>冒烟集-新福建APP</tag>
</tags>
<status status="PASS" starttime="20200426 13:09:01.679" endtime="20200426 13:09:01.950" critical="yes"></status>
</test>
<test id="s1-s2-t2" name="输入不存在的手机号进行快捷登录，接口返回手机号格式不正确">
<kw name="Login By Phone" library="Sso_Common">
<doc>手机号快捷登录接口</doc>
<arguments>
<arg>${PHONE0}</arg>
</arguments>
<kw name="Random" library="Random_Time">
<assign>
<var>${random}</var>
</assign>
<kw name="Evaluate" library="BuiltIn">
<doc>Evaluates the given expression in Python and returns the results.</doc>
<arguments>
<arg>random.randint(0,10000000000)</arg>
<arg>random</arg>
</arguments>
<assign>
<var>${random}</var>
</assign>
<msg timestamp="20200426 13:09:01.959" level="INFO">${random} = 8464995045</msg>
<status status="PASS" starttime="20200426 13:09:01.959" endtime="20200426 13:09:01.959"></status>
</kw>
<kw name="Evaluate" library="BuiltIn">
<doc>Evaluates the given expression in Python and returns the results.</doc>
<arguments>
<arg>str(${random})</arg>
</arguments>
<assign>
<var>${typerandom}</var>
</assign>
<msg timestamp="20200426 13:09:01.960" level="INFO">${typerandom} = 8464995045</msg>
<status status="PASS" starttime="20200426 13:09:01.959" endtime="20200426 13:09:01.960"></status>
</kw>
<msg timestamp="20200426 13:09:01.960" level="INFO">${random} = 8464995045</msg>
<status status="PASS" starttime="20200426 13:09:01.958" endtime="20200426 13:09:01.960"></status>
</kw>
<kw name="Time" library="Random_Time">
<assign>
<var>${timestamp}</var>
</assign>
<kw name="Evaluate" library="BuiltIn">
<doc>Evaluates the given expression in Python and returns the results.</doc>
<arguments>
<arg>int(time.time()*1000)</arg>
<arg>time</arg>
</arguments>
<assign>
<var>${time}</var>
</assign>
<msg timestamp="20200426 13:09:01.961" level="INFO">${time} = 1587877741961</msg>
<status status="PASS" starttime="20200426 13:09:01.960" endtime="20200426 13:09:01.961"></status>
</kw>
<kw name="Evaluate" library="BuiltIn">
<doc>Evaluates the given expression in Python and returns the results.</doc>
<arguments>
<arg>str(${time})</arg>
</arguments>
<assign>
<var>${typetime}</var>
</assign>
<msg timestamp="20200426 13:09:01.962" level="INFO">${typetime} = 1587877741961</msg>
<status status="PASS" starttime="20200426 13:09:01.961" endtime="20200426 13:09:01.962"></status>
</kw>
<msg timestamp="20200426 13:09:01.962" level="INFO">${timestamp} = 1587877741961</msg>
<status status="PASS" starttime="20200426 13:09:01.960" endtime="20200426 13:09:01.962"></status>
</kw>
<kw name="Md 5" library="Secret">
<arguments>
<arg>devid=${devid}&amp;random=${random}&amp;timestamp=${timestamp}&amp;token=${TOKEN}&amp;version=${VERSION}</arg>
</arguments>
<assign>
<var>${secret}</var>
</assign>
<msg timestamp="20200426 13:09:01.963" level="INFO">${secret} = 12d2de59278e19314e08d874456b5a9f</msg>
<status status="PASS" starttime="20200426 13:09:01.963" endtime="20200426 13:09:01.963"></status>
</kw>
<kw name="Fapi Params Set" library="FATL">
<doc>Adds the given ``key_value_pairs`` and ``items`` to HTTP request parameters.</doc>
<arguments>
<arg>devid</arg>
<arg>${devid}</arg>
<arg>phone</arg>
<arg>${phone}</arg>
<arg>siteid</arg>
<arg>${siteid}</arg>
<arg>curVersions</arg>
<arg>${CURVERSIONS}</arg>
</arguments>
<status status="PASS" starttime="20200426 13:09:01.963" endtime="20200426 13:09:01.964"></status>
</kw>
<kw name="Md 5" library="Secret">
<arguments>
<arg>devid=${devid}&amp;siteid=${siteid}&amp;phone=${phone}&amp;secret=${secret}</arg>
</arguments>
<assign>
<var>${program_sign}</var>
</assign>
<msg timestamp="20200426 13:09:01.964" level="INFO">${program_sign} = 140ed2e1ce8ed0d75c6e055aa3366154</msg>
<status status="PASS" starttime="20200426 13:09:01.964" endtime="20200426 13:09:01.964"></status>
</kw>
<kw name="Set Variable" library="BuiltIn">
<doc>Returns the given values which can then be assigned to a variables.</doc>
<arguments>
<arg>devid,siteid,phone</arg>
</arguments>
<assign>
<var>${proParams}</var>
</assign>
<msg timestamp="20200426 13:09:01.965" level="INFO">${proParams} = devid,siteid,phone</msg>
<status status="PASS" starttime="20200426 13:09:01.964" endtime="20200426 13:09:01.965"></status>
</kw>
<kw name="Fapi Headers Set" library="FATL">
<doc>Adds the given ``key_value_pairs`` and ``items`` to HTTP request headers.</doc>
<arguments>
<arg>program-sign</arg>
<arg>${program_sign}</arg>
<arg>devid</arg>
<arg>${devid}</arg>
<arg>random</arg>
<arg>${random}</arg>
<arg>timestamp</arg>
<arg>${timestamp}</arg>
<arg>token</arg>
<arg>${TOKEN}</arg>
<arg>version</arg>
<arg>${VERSION}</arg>
<arg>Content-Type</arg>
<arg>application/x-www-form-urlencoded</arg>
<arg>program-params</arg>
<arg>${proParams}</arg>
</arguments>
<status status="PASS" starttime="20200426 13:09:01.965" endtime="20200426 13:09:01.966"></status>
</kw>
<kw name="Fapi Post" library="FATL">
<doc>Send a POST request on the session object found using the
given `alias`</doc>
<arguments>
<arg>${SSO_ALIAS}</arg>
<arg>${LOGINBYPHONE_URI}</arg>
</arguments>
<msg timestamp="20200426 13:09:02.004" level="INFO">Post Request using : alias=sso, uri=/api/loginByPhone, data=&lt;empty&gt;, headers={'APITEST': '1', 'program-sign': '140ed2e1ce8ed0d75c6e055aa3366154', 'devid': '123456', 'random': '8464995045', 'timestamp': '1587877741961', 'token': '', 'version': '1.0.0', 'Content-Type': 'application/x-www-form-urlencoded', 'program-params': 'devid,siteid,phone'}, files=None, allow_redirects=True </msg>
<msg timestamp="20200426 13:09:02.004" level="INFO">JSON string is : {</msg>
<msg timestamp="20200426 13:09:02.004" level="INFO">  "code": 0,</msg>
<msg timestamp="20200426 13:09:02.004" level="INFO">  "msg": "phone_format_error",</msg>
<msg timestamp="20200426 13:09:02.004" level="INFO">  "value": {},</msg>
<msg timestamp="20200426 13:09:02.004" level="INFO">  "status": -1,</msg>
<msg timestamp="20200426 13:09:02.004" level="INFO">  "message": "手机号格式不正确",</msg>
<msg timestamp="20200426 13:09:02.004" level="INFO">  "data": {},</msg>
<msg timestamp="20200426 13:09:02.004" level="INFO">  "path": "/sso-app/api/loginByPhone",</msg>
<msg timestamp="20200426 13:09:02.004" level="INFO">  "error": "手机号格式不正确",</msg>
<msg timestamp="20200426 13:09:02.004" level="INFO">  "timestamp": 1587877741752</msg>
<msg timestamp="20200426 13:09:02.004" level="INFO">}</msg>
<msg timestamp="20200426 13:09:02.004" level="INFO">d:\python\lib\site-packages\urllib3\connectionpool.py:851: InsecureRequestWarning: Unverified HTTPS request is being made. Adding certificate verification is strongly advised. See: https://urllib3.readthedocs.io/en/latest/advanced-usage.html#ssl-warnings
  InsecureRequestWarning)</msg>
<status status="PASS" starttime="20200426 13:09:01.966" endtime="20200426 13:09:02.005"></status>
</kw>
<kw name="Fapi Data To Object" library="FATL">
<doc>Convert Fapi response content to python object</doc>
<assign>
<var>${data}</var>
</assign>
<msg timestamp="20200426 13:09:02.006" level="INFO">${data} = &lt;FATL.Json2Object.Dict2Object object at 0x000001F1DC5FB390&gt;</msg>
<status status="PASS" starttime="20200426 13:09:02.005" endtime="20200426 13:09:02.006"></status>
</kw>
<kw name="Set Suite Variable" library="BuiltIn">
<doc>Makes a variable available everywhere within the scope of the current suite.</doc>
<arguments>
<arg>${response_data}</arg>
<arg>${data}</arg>
</arguments>
<msg timestamp="20200426 13:09:02.006" level="INFO">${response_data} = &lt;FATL.Json2Object.Dict2Object object at 0x000001F1DC5FB390&gt;</msg>
<status status="PASS" starttime="20200426 13:09:02.006" endtime="20200426 13:09:02.006"></status>
</kw>
<status status="PASS" starttime="20200426 13:09:01.957" endtime="20200426 13:09:02.007"></status>
</kw>
<kw name="Fapi Status Should Be" library="FATL">
<doc>Fapi response status code should be equal to the `expectedCode`</doc>
<arguments>
<arg>${RESULT}</arg>
</arguments>
<msg timestamp="20200426 13:09:02.008" level="INFO">Actual status code is: -1</msg>
<status status="PASS" starttime="20200426 13:09:02.007" endtime="20200426 13:09:02.008"></status>
</kw>
<tags>
<tag>sso-app接口/手机号快捷登录（孙安）</tag>
<tag>作者：张鹏</tag>
<tag>冒烟集-新福建APP</tag>
</tags>
<status status="PASS" starttime="20200426 13:09:01.952" endtime="20200426 13:09:02.008" critical="yes"></status>
</test>
<test id="s1-s2-t3" name="输入字符进行快捷登录，接口返回手机号格式不正确">
<kw name="Login By Phone" library="Sso_Common">
<doc>手机号快捷登录接口</doc>
<arguments>
<arg>${PHONE1}</arg>
</arguments>
<kw name="Random" library="Random_Time">
<assign>
<var>${random}</var>
</assign>
<kw name="Evaluate" library="BuiltIn">
<doc>Evaluates the given expression in Python and returns the results.</doc>
<arguments>
<arg>random.randint(0,10000000000)</arg>
<arg>random</arg>
</arguments>
<assign>
<var>${random}</var>
</assign>
<msg timestamp="20200426 13:09:02.016" level="INFO">${random} = 4735798836</msg>
<status status="PASS" starttime="20200426 13:09:02.016" endtime="20200426 13:09:02.016"></status>
</kw>
<kw name="Evaluate" library="BuiltIn">
<doc>Evaluates the given expression in Python and returns the results.</doc>
<arguments>
<arg>str(${random})</arg>
</arguments>
<assign>
<var>${typerandom}</var>
</assign>
<msg timestamp="20200426 13:09:02.017" level="INFO">${typerandom} = 4735798836</msg>
<status status="PASS" starttime="20200426 13:09:02.016" endtime="20200426 13:09:02.017"></status>
</kw>
<msg timestamp="20200426 13:09:02.017" level="INFO">${random} = 4735798836</msg>
<status status="PASS" starttime="20200426 13:09:02.015" endtime="20200426 13:09:02.017"></status>
</kw>
<kw name="Time" library="Random_Time">
<assign>
<var>${timestamp}</var>
</assign>
<kw name="Evaluate" library="BuiltIn">
<doc>Evaluates the given expression in Python and returns the results.</doc>
<arguments>
<arg>int(time.time()*1000)</arg>
<arg>time</arg>
</arguments>
<assign>
<var>${time}</var>
</assign>
<msg timestamp="20200426 13:09:02.018" level="INFO">${time} = 1587877742017</msg>
<status status="PASS" starttime="20200426 13:09:02.017" endtime="20200426 13:09:02.018"></status>
</kw>
<kw name="Evaluate" library="BuiltIn">
<doc>Evaluates the given expression in Python and returns the results.</doc>
<arguments>
<arg>str(${time})</arg>
</arguments>
<assign>
<var>${typetime}</var>
</assign>
<msg timestamp="20200426 13:09:02.018" level="INFO">${typetime} = 1587877742017</msg>
<status status="PASS" starttime="20200426 13:09:02.018" endtime="20200426 13:09:02.018"></status>
</kw>
<msg timestamp="20200426 13:09:02.019" level="INFO">${timestamp} = 1587877742017</msg>
<status status="PASS" starttime="20200426 13:09:02.017" endtime="20200426 13:09:02.019"></status>
</kw>
<kw name="Md 5" library="Secret">
<arguments>
<arg>devid=${devid}&amp;random=${random}&amp;timestamp=${timestamp}&amp;token=${TOKEN}&amp;version=${VERSION}</arg>
</arguments>
<assign>
<var>${secret}</var>
</assign>
<msg timestamp="20200426 13:09:02.019" level="INFO">${secret} = 8aab990d608e2d457c31c88b7035040d</msg>
<status status="PASS" starttime="20200426 13:09:02.019" endtime="20200426 13:09:02.019"></status>
</kw>
<kw name="Fapi Params Set" library="FATL">
<doc>Adds the given ``key_value_pairs`` and ``items`` to HTTP request parameters.</doc>
<arguments>
<arg>devid</arg>
<arg>${devid}</arg>
<arg>phone</arg>
<arg>${phone}</arg>
<arg>siteid</arg>
<arg>${siteid}</arg>
<arg>curVersions</arg>
<arg>${CURVERSIONS}</arg>
</arguments>
<status status="PASS" starttime="20200426 13:09:02.019" endtime="20200426 13:09:02.020"></status>
</kw>
<kw name="Md 5" library="Secret">
<arguments>
<arg>devid=${devid}&amp;siteid=${siteid}&amp;phone=${phone}&amp;secret=${secret}</arg>
</arguments>
<assign>
<var>${program_sign}</var>
</assign>
<msg timestamp="20200426 13:09:02.020" level="INFO">${program_sign} = 958cb8a065572e371c76def83c102df7</msg>
<status status="PASS" starttime="20200426 13:09:02.020" endtime="20200426 13:09:02.020"></status>
</kw>
<kw name="Set Variable" library="BuiltIn">
<doc>Returns the given values which can then be assigned to a variables.</doc>
<arguments>
<arg>devid,siteid,phone</arg>
</arguments>
<assign>
<var>${proParams}</var>
</assign>
<msg timestamp="20200426 13:09:02.021" level="INFO">${proParams} = devid,siteid,phone</msg>
<status status="PASS" starttime="20200426 13:09:02.021" endtime="20200426 13:09:02.021"></status>
</kw>
<kw name="Fapi Headers Set" library="FATL">
<doc>Adds the given ``key_value_pairs`` and ``items`` to HTTP request headers.</doc>
<arguments>
<arg>program-sign</arg>
<arg>${program_sign}</arg>
<arg>devid</arg>
<arg>${devid}</arg>
<arg>random</arg>
<arg>${random}</arg>
<arg>timestamp</arg>
<arg>${timestamp}</arg>
<arg>token</arg>
<arg>${TOKEN}</arg>
<arg>version</arg>
<arg>${VERSION}</arg>
<arg>Content-Type</arg>
<arg>application/x-www-form-urlencoded</arg>
<arg>program-params</arg>
<arg>${proParams}</arg>
</arguments>
<status status="PASS" starttime="20200426 13:09:02.021" endtime="20200426 13:09:02.022"></status>
</kw>
<kw name="Fapi Post" library="FATL">
<doc>Send a POST request on the session object found using the
given `alias`</doc>
<arguments>
<arg>${SSO_ALIAS}</arg>
<arg>${LOGINBYPHONE_URI}</arg>
</arguments>
<msg timestamp="20200426 13:09:02.143" level="INFO">Post Request using : alias=sso, uri=/api/loginByPhone, data=&lt;empty&gt;, headers={'APITEST': '1', 'program-sign': '958cb8a065572e371c76def83c102df7', 'devid': '123456', 'random': '4735798836', 'timestamp': '1587877742017', 'token': '', 'version': '1.0.0', 'Content-Type': 'application/x-www-form-urlencoded', 'program-params': 'devid,siteid,phone'}, files=None, allow_redirects=True </msg>
<msg timestamp="20200426 13:09:02.143" level="INFO">JSON string is : {</msg>
<msg timestamp="20200426 13:09:02.143" level="INFO">  "code": 0,</msg>
<msg timestamp="20200426 13:09:02.143" level="INFO">  "msg": "phone_format_error",</msg>
<msg timestamp="20200426 13:09:02.143" level="INFO">  "value": {},</msg>
<msg timestamp="20200426 13:09:02.143" level="INFO">  "status": -1,</msg>
<msg timestamp="20200426 13:09:02.143" level="INFO">  "message": "手机号格式不正确",</msg>
<msg timestamp="20200426 13:09:02.143" level="INFO">  "data": {},</msg>
<msg timestamp="20200426 13:09:02.143" level="INFO">  "path": "/sso-app/api/loginByPhone",</msg>
<msg timestamp="20200426 13:09:02.143" level="INFO">  "error": "手机号格式不正确",</msg>
<msg timestamp="20200426 13:09:02.143" level="INFO">  "timestamp": 1587877741817</msg>
<msg timestamp="20200426 13:09:02.144" level="INFO">}</msg>
<msg timestamp="20200426 13:09:02.144" level="INFO">d:\python\lib\site-packages\urllib3\connectionpool.py:851: InsecureRequestWarning: Unverified HTTPS request is being made. Adding certificate verification is strongly advised. See: https://urllib3.readthedocs.io/en/latest/advanced-usage.html#ssl-warnings
  InsecureRequestWarning)</msg>
<status status="PASS" starttime="20200426 13:09:02.022" endtime="20200426 13:09:02.144"></status>
</kw>
<kw name="Fapi Data To Object" library="FATL">
<doc>Convert Fapi response content to python object</doc>
<assign>
<var>${data}</var>
</assign>
<msg timestamp="20200426 13:09:02.145" level="INFO">${data} = &lt;FATL.Json2Object.Dict2Object object at 0x000001F1DCA416A0&gt;</msg>
<status status="PASS" starttime="20200426 13:09:02.144" endtime="20200426 13:09:02.145"></status>
</kw>
<kw name="Set Suite Variable" library="BuiltIn">
<doc>Makes a variable available everywhere within the scope of the current suite.</doc>
<arguments>
<arg>${response_data}</arg>
<arg>${data}</arg>
</arguments>
<msg timestamp="20200426 13:09:02.145" level="INFO">${response_data} = &lt;FATL.Json2Object.Dict2Object object at 0x000001F1DCA416A0&gt;</msg>
<status status="PASS" starttime="20200426 13:09:02.145" endtime="20200426 13:09:02.145"></status>
</kw>
<status status="PASS" starttime="20200426 13:09:02.015" endtime="20200426 13:09:02.146"></status>
</kw>
<kw name="Fapi Status Should Be" library="FATL">
<doc>Fapi response status code should be equal to the `expectedCode`</doc>
<arguments>
<arg>${RESULT}</arg>
</arguments>
<msg timestamp="20200426 13:09:02.147" level="INFO">Actual status code is: -1</msg>
<status status="PASS" starttime="20200426 13:09:02.146" endtime="20200426 13:09:02.147"></status>
</kw>
<tags>
<tag>sso-app接口/手机号快捷登录（孙安）</tag>
<tag>作者：张鹏</tag>
<tag>冒烟集-新福建APP</tag>
</tags>
<status status="PASS" starttime="20200426 13:09:02.010" endtime="20200426 13:09:02.147" critical="yes"></status>
</test>
<kw name="Fapi Delete All Sessions" library="FATL" type="teardown">
<doc>Removes all the session objects</doc>
<msg timestamp="20200426 13:09:02.150" level="INFO">Delete All Sessions</msg>
<status status="PASS" starttime="20200426 13:09:02.149" endtime="20200426 13:09:02.150"></status>
</kw>
<doc>该文档是获取App配置模块接口用例文档</doc>
<status status="PASS" starttime="20200426 13:09:01.644" endtime="20200426 13:09:02.150"></status>
</suite>
<suite id="s1-s3" name="Logout" source="D:\XFJ\API\App_Sso\Logout.robot">
<kw name="Create Sso Session Common" library="Common" type="setup">
<kw name="Fapi Create Session" library="FATL">
<doc>Fapi Create Session: create a HTTP session to a server</doc>
<arguments>
<arg>${SSO_ALIAS}</arg>
<arg>${SSO_URL}</arg>
</arguments>
<msg timestamp="20200426 13:09:02.179" level="INFO">Creating Session using : alias=sso, url=https://api1.fjdaily.com:18443/sso-app, headers={'APITEST': '1', 'program-sign': '958cb8a065572e371c76def83c102df7', 'devid': '123456', 'random': '4735798836', 'timestamp': '1587877742017', 'token': '', 'version': '1.0.0', 'Content-Type': 'application/x-www-form-urlencoded', 'program-params': 'devid,siteid,phone'},                     cookies=None, auth=None, timeout=None, proxies=None, verify=False,                     debug=0 </msg>
<status status="PASS" starttime="20200426 13:09:02.179" endtime="20200426 13:09:02.180"></status>
</kw>
<status status="PASS" starttime="20200426 13:09:02.178" endtime="20200426 13:09:02.180"></status>
</kw>
<test id="s1-s3-t1" name="手机号登录账号后再退出，接口返回成功状态码">
<kw name="Login By Phone" library="Sso_Common">
<doc>手机号快捷登录接口</doc>
<arguments>
<arg>${PHONE}</arg>
</arguments>
<kw name="Random" library="Random_Time">
<assign>
<var>${random}</var>
</assign>
<kw name="Evaluate" library="BuiltIn">
<doc>Evaluates the given expression in Python and returns the results.</doc>
<arguments>
<arg>random.randint(0,10000000000)</arg>
<arg>random</arg>
</arguments>
<assign>
<var>${random}</var>
</assign>
<msg timestamp="20200426 13:09:02.185" level="INFO">${random} = 7601226510</msg>
<status status="PASS" starttime="20200426 13:09:02.185" endtime="20200426 13:09:02.185"></status>
</kw>
<kw name="Evaluate" library="BuiltIn">
<doc>Evaluates the given expression in Python and returns the results.</doc>
<arguments>
<arg>str(${random})</arg>
</arguments>
<assign>
<var>${typerandom}</var>
</assign>
<msg timestamp="20200426 13:09:02.186" level="INFO">${typerandom} = 7601226510</msg>
<status status="PASS" starttime="20200426 13:09:02.185" endtime="20200426 13:09:02.186"></status>
</kw>
<msg timestamp="20200426 13:09:02.186" level="INFO">${random} = 7601226510</msg>
<status status="PASS" starttime="20200426 13:09:02.184" endtime="20200426 13:09:02.186"></status>
</kw>
<kw name="Time" library="Random_Time">
<assign>
<var>${timestamp}</var>
</assign>
<kw name="Evaluate" library="BuiltIn">
<doc>Evaluates the given expression in Python and returns the results.</doc>
<arguments>
<arg>int(time.time()*1000)</arg>
<arg>time</arg>
</arguments>
<assign>
<var>${time}</var>
</assign>
<msg timestamp="20200426 13:09:02.187" level="INFO">${time} = 1587877742186</msg>
<status status="PASS" starttime="20200426 13:09:02.186" endtime="20200426 13:09:02.187"></status>
</kw>
<kw name="Evaluate" library="BuiltIn">
<doc>Evaluates the given expression in Python and returns the results.</doc>
<arguments>
<arg>str(${time})</arg>
</arguments>
<assign>
<var>${typetime}</var>
</assign>
<msg timestamp="20200426 13:09:02.187" level="INFO">${typetime} = 1587877742186</msg>
<status status="PASS" starttime="20200426 13:09:02.187" endtime="20200426 13:09:02.187"></status>
</kw>
<msg timestamp="20200426 13:09:02.187" level="INFO">${timestamp} = 1587877742186</msg>
<status status="PASS" starttime="20200426 13:09:02.186" endtime="20200426 13:09:02.187"></status>
</kw>
<kw name="Md 5" library="Secret">
<arguments>
<arg>devid=${devid}&amp;random=${random}&amp;timestamp=${timestamp}&amp;token=${TOKEN}&amp;version=${VERSION}</arg>
</arguments>
<assign>
<var>${secret}</var>
</assign>
<msg timestamp="20200426 13:09:02.188" level="INFO">${secret} = 0ebb693fe5899df082cee80e02c4ca1c</msg>
<status status="PASS" starttime="20200426 13:09:02.188" endtime="20200426 13:09:02.188"></status>
</kw>
<kw name="Fapi Params Set" library="FATL">
<doc>Adds the given ``key_value_pairs`` and ``items`` to HTTP request parameters.</doc>
<arguments>
<arg>devid</arg>
<arg>${devid}</arg>
<arg>phone</arg>
<arg>${phone}</arg>
<arg>siteid</arg>
<arg>${siteid}</arg>
<arg>curVersions</arg>
<arg>${CURVERSIONS}</arg>
</arguments>
<status status="PASS" starttime="20200426 13:09:02.188" endtime="20200426 13:09:02.189"></status>
</kw>
<kw name="Md 5" library="Secret">
<arguments>
<arg>devid=${devid}&amp;siteid=${siteid}&amp;phone=${phone}&amp;secret=${secret}</arg>
</arguments>
<assign>
<var>${program_sign}</var>
</assign>
<msg timestamp="20200426 13:09:02.189" level="INFO">${program_sign} = 75501fc3421e2c692bcf79f7e422811a</msg>
<status status="PASS" starttime="20200426 13:09:02.189" endtime="20200426 13:09:02.189"></status>
</kw>
<kw name="Set Variable" library="BuiltIn">
<doc>Returns the given values which can then be assigned to a variables.</doc>
<arguments>
<arg>devid,siteid,phone</arg>
</arguments>
<assign>
<var>${proParams}</var>
</assign>
<msg timestamp="20200426 13:09:02.190" level="INFO">${proParams} = devid,siteid,phone</msg>
<status status="PASS" starttime="20200426 13:09:02.189" endtime="20200426 13:09:02.190"></status>
</kw>
<kw name="Fapi Headers Set" library="FATL">
<doc>Adds the given ``key_value_pairs`` and ``items`` to HTTP request headers.</doc>
<arguments>
<arg>program-sign</arg>
<arg>${program_sign}</arg>
<arg>devid</arg>
<arg>${devid}</arg>
<arg>random</arg>
<arg>${random}</arg>
<arg>timestamp</arg>
<arg>${timestamp}</arg>
<arg>token</arg>
<arg>${TOKEN}</arg>
<arg>version</arg>
<arg>${VERSION}</arg>
<arg>Content-Type</arg>
<arg>application/x-www-form-urlencoded</arg>
<arg>program-params</arg>
<arg>${proParams}</arg>
</arguments>
<status status="PASS" starttime="20200426 13:09:02.190" endtime="20200426 13:09:02.190"></status>
</kw>
<kw name="Fapi Post" library="FATL">
<doc>Send a POST request on the session object found using the
given `alias`</doc>
<arguments>
<arg>${SSO_ALIAS}</arg>
<arg>${LOGINBYPHONE_URI}</arg>
</arguments>
<msg timestamp="20200426 13:09:02.453" level="INFO">Post Request using : alias=sso, uri=/api/loginByPhone, data=&lt;empty&gt;, headers={'APITEST': '1', 'program-sign': '75501fc3421e2c692bcf79f7e422811a', 'devid': '123456', 'random': '7601226510', 'timestamp': '1587877742186', 'token': '', 'version': '1.0.0', 'Content-Type': 'application/x-www-form-urlencoded', 'program-params': 'devid,siteid,phone'}, files=None, allow_redirects=True </msg>
<msg timestamp="20200426 13:09:02.453" level="INFO">JSON string is : {</msg>
<msg timestamp="20200426 13:09:02.453" level="INFO">  "code": 1,</msg>
<msg timestamp="20200426 13:09:02.453" level="INFO">  "msg": "success",</msg>
<msg timestamp="20200426 13:09:02.453" level="INFO">  "value": {</msg>
<msg timestamp="20200426 13:09:02.454" level="INFO">    "birthday": "2000-01-01",</msg>
<msg timestamp="20200426 13:09:02.454" level="INFO">    "address": "",</msg>
<msg timestamp="20200426 13:09:02.454" level="INFO">    "isRefOauth": 0,</msg>
<msg timestamp="20200426 13:09:02.454" level="INFO">    "sex": "0",</msg>
<msg timestamp="20200426 13:09:02.454" level="INFO">    "userid": "630",</msg>
<msg timestamp="20200426 13:09:02.454" level="INFO">    "token": "37045f05eb96d2639e75446f6a5a1993",</msg>
<msg timestamp="20200426 13:09:02.454" level="INFO">    "head": "",</msg>
<msg timestamp="20200426 13:09:02.454" level="INFO">    "uid": "619",</msg>
<msg timestamp="20200426 13:09:02.454" level="INFO">    "score": "0",</msg>
<msg timestamp="20200426 13:09:02.454" level="INFO">    "areaCode": "0086",</msg>
<msg timestamp="20200426 13:09:02.454" level="INFO">    "isOpen": 0,</msg>
<msg timestamp="20200426 13:09:02.454" level="INFO">    "phone": "18960713836",</msg>
<msg timestamp="20200426 13:09:02.454" level="INFO">    "isFirstOpen": "1",</msg>
<msg timestamp="20200426 13:09:02.454" level="INFO">    "nickname": "新福建516130",</msg>
<msg timestamp="20200426 13:09:02.454" level="INFO">    "isDefPassword": 1,</msg>
<msg timestamp="20200426 13:09:02.454" level="INFO">    "username": "新福建516130"</msg>
<msg timestamp="20200426 13:09:02.454" level="INFO">  },</msg>
<msg timestamp="20200426 13:09:02.454" level="INFO">  "status": 0,</msg>
<msg timestamp="20200426 13:09:02.454" level="INFO">  "message": "success",</msg>
<msg timestamp="20200426 13:09:02.455" level="INFO">  "data": {</msg>
<msg timestamp="20200426 13:09:02.455" level="INFO">    "birthday": "2000-01-01",</msg>
<msg timestamp="20200426 13:09:02.455" level="INFO">    "address": "",</msg>
<msg timestamp="20200426 13:09:02.455" level="INFO">    "isRefOauth": 0,</msg>
<msg timestamp="20200426 13:09:02.455" level="INFO">    "sex": "0",</msg>
<msg timestamp="20200426 13:09:02.455" level="INFO">    "userid": "630",</msg>
<msg timestamp="20200426 13:09:02.455" level="INFO">    "token": "37045f05eb96d2639e75446f6a5a1993",</msg>
<msg timestamp="20200426 13:09:02.455" level="INFO">    "head": "",</msg>
<msg timestamp="20200426 13:09:02.455" level="INFO">    "uid": "619",</msg>
<msg timestamp="20200426 13:09:02.455" level="INFO">    "score": "0",</msg>
<msg timestamp="20200426 13:09:02.455" level="INFO">    "areaCode": "0086",</msg>
<msg timestamp="20200426 13:09:02.455" level="INFO">    "isOpen": 0,</msg>
<msg timestamp="20200426 13:09:02.455" level="INFO">    "phone": "18960713836",</msg>
<msg timestamp="20200426 13:09:02.455" level="INFO">    "isFirstOpen": "1",</msg>
<msg timestamp="20200426 13:09:02.455" level="INFO">    "nickname": "新福建516130",</msg>
<msg timestamp="20200426 13:09:02.455" level="INFO">    "isDefPassword": 1,</msg>
<msg timestamp="20200426 13:09:02.455" level="INFO">    "username": "新福建516130"</msg>
<msg timestamp="20200426 13:09:02.455" level="INFO">  },</msg>
<msg timestamp="20200426 13:09:02.455" level="INFO">  "path": null,</msg>
<msg timestamp="20200426 13:09:02.455" level="INFO">  "error": null,</msg>
<msg timestamp="20200426 13:09:02.455" level="INFO">  "timestamp": 1587877742206</msg>
<msg timestamp="20200426 13:09:02.455" level="INFO">}</msg>
<msg timestamp="20200426 13:09:02.456" level="INFO">d:\python\lib\site-packages\urllib3\connectionpool.py:851: InsecureRequestWarning: Unverified HTTPS request is being made. Adding certificate verification is strongly advised. See: https://urllib3.readthedocs.io/en/latest/advanced-usage.html#ssl-warnings
  InsecureRequestWarning)</msg>
<status status="PASS" starttime="20200426 13:09:02.191" endtime="20200426 13:09:02.456"></status>
</kw>
<kw name="Fapi Data To Object" library="FATL">
<doc>Convert Fapi response content to python object</doc>
<assign>
<var>${data}</var>
</assign>
<msg timestamp="20200426 13:09:02.457" level="INFO">${data} = &lt;FATL.Json2Object.Dict2Object object at 0x000001F1DA67EC18&gt;</msg>
<status status="PASS" starttime="20200426 13:09:02.456" endtime="20200426 13:09:02.457"></status>
</kw>
<kw name="Set Suite Variable" library="BuiltIn">
<doc>Makes a variable available everywhere within the scope of the current suite.</doc>
<arguments>
<arg>${response_data}</arg>
<arg>${data}</arg>
</arguments>
<msg timestamp="20200426 13:09:02.458" level="INFO">${response_data} = &lt;FATL.Json2Object.Dict2Object object at 0x000001F1DA67EC18&gt;</msg>
<status status="PASS" starttime="20200426 13:09:02.457" endtime="20200426 13:09:02.459"></status>
</kw>
<status status="PASS" starttime="20200426 13:09:02.184" endtime="20200426 13:09:02.459"></status>
</kw>
<kw name="Sleep" library="BuiltIn">
<doc>Pauses the test executed for the given time.</doc>
<arguments>
<arg>3</arg>
</arguments>
<msg timestamp="20200426 13:09:05.460" level="INFO">Slept 3 seconds</msg>
<status status="PASS" starttime="20200426 13:09:02.459" endtime="20200426 13:09:05.460"></status>
</kw>
<kw name="SSO Logout Api" library="Sso_Common">
<doc>退出</doc>
<arguments>
<arg>${response_data.uid}</arg>
<arg>${response_data.token}</arg>
</arguments>
<kw name="Random" library="Random_Time">
<assign>
<var>${random}</var>
</assign>
<kw name="Evaluate" library="BuiltIn">
<doc>Evaluates the given expression in Python and returns the results.</doc>
<arguments>
<arg>random.randint(0,10000000000)</arg>
<arg>random</arg>
</arguments>
<assign>
<var>${random}</var>
</assign>
<msg timestamp="20200426 13:09:05.462" level="INFO">${random} = 7457782654</msg>
<status status="PASS" starttime="20200426 13:09:05.462" endtime="20200426 13:09:05.462"></status>
</kw>
<kw name="Evaluate" library="BuiltIn">
<doc>Evaluates the given expression in Python and returns the results.</doc>
<arguments>
<arg>str(${random})</arg>
</arguments>
<assign>
<var>${typerandom}</var>
</assign>
<msg timestamp="20200426 13:09:05.463" level="INFO">${typerandom} = 7457782654</msg>
<status status="PASS" starttime="20200426 13:09:05.463" endtime="20200426 13:09:05.463"></status>
</kw>
<msg timestamp="20200426 13:09:05.463" level="INFO">${random} = 7457782654</msg>
<status status="PASS" starttime="20200426 13:09:05.461" endtime="20200426 13:09:05.463"></status>
</kw>
<kw name="Time" library="Random_Time">
<assign>
<var>${timestamp}</var>
</assign>
<kw name="Evaluate" library="BuiltIn">
<doc>Evaluates the given expression in Python and returns the results.</doc>
<arguments>
<arg>int(time.time()*1000)</arg>
<arg>time</arg>
</arguments>
<assign>
<var>${time}</var>
</assign>
<msg timestamp="20200426 13:09:05.464" level="INFO">${time} = 1587877745464</msg>
<status status="PASS" starttime="20200426 13:09:05.464" endtime="20200426 13:09:05.464"></status>
</kw>
<kw name="Evaluate" library="BuiltIn">
<doc>Evaluates the given expression in Python and returns the results.</doc>
<arguments>
<arg>str(${time})</arg>
</arguments>
<assign>
<var>${typetime}</var>
</assign>
<msg timestamp="20200426 13:09:05.465" level="INFO">${typetime} = 1587877745464</msg>
<status status="PASS" starttime="20200426 13:09:05.464" endtime="20200426 13:09:05.465"></status>
</kw>
<msg timestamp="20200426 13:09:05.465" level="INFO">${timestamp} = 1587877745464</msg>
<status status="PASS" starttime="20200426 13:09:05.463" endtime="20200426 13:09:05.465"></status>
</kw>
<kw name="Md 5" library="Secret">
<arguments>
<arg>devid=${devid}&amp;random=${random}&amp;timestamp=${timestamp}&amp;token=${token}&amp;version=${VERSION}</arg>
</arguments>
<assign>
<var>${secret}</var>
</assign>
<msg timestamp="20200426 13:09:05.465" level="INFO">${secret} = 7e05353d887fb836f71f3868f1c91e68</msg>
<status status="PASS" starttime="20200426 13:09:05.465" endtime="20200426 13:09:05.465"></status>
</kw>
<kw name="Fapi Params Set" library="FATL">
<doc>Adds the given ``key_value_pairs`` and ``items`` to HTTP request parameters.</doc>
<arguments>
<arg>uid</arg>
<arg>${uid}</arg>
<arg>devid</arg>
<arg>${devid}</arg>
<arg>token</arg>
<arg>${token}</arg>
<arg>curVersions</arg>
<arg>${CURVERSIONS}</arg>
</arguments>
<status status="PASS" starttime="20200426 13:09:05.466" endtime="20200426 13:09:05.466"></status>
</kw>
<kw name="Md 5" library="Secret">
<arguments>
<arg>uid=${uid}&amp;devid=${devid}&amp;token=${token}&amp;secret=${secret}</arg>
</arguments>
<assign>
<var>${program_sign}</var>
</assign>
<msg timestamp="20200426 13:09:05.466" level="INFO">${program_sign} = 4c6531cd59ac6726ad7a4bc482a10a64</msg>
<status status="PASS" starttime="20200426 13:09:05.466" endtime="20200426 13:09:05.467"></status>
</kw>
<kw name="Set Variable" library="BuiltIn">
<doc>Returns the given values which can then be assigned to a variables.</doc>
<arguments>
<arg>uid,devid,token</arg>
</arguments>
<assign>
<var>${proParams}</var>
</assign>
<msg timestamp="20200426 13:09:05.467" level="INFO">${proParams} = uid,devid,token</msg>
<status status="PASS" starttime="20200426 13:09:05.467" endtime="20200426 13:09:05.467"></status>
</kw>
<kw name="Fapi Headers Set" library="FATL">
<doc>Adds the given ``key_value_pairs`` and ``items`` to HTTP request headers.</doc>
<arguments>
<arg>program-sign</arg>
<arg>${program_sign}</arg>
<arg>devid</arg>
<arg>${devid}</arg>
<arg>random</arg>
<arg>${random}</arg>
<arg>timestamp</arg>
<arg>${timestamp}</arg>
<arg>token</arg>
<arg>${token}</arg>
<arg>version</arg>
<arg>${VERSION}</arg>
<arg>Content-Type</arg>
<arg>application/x-www-form-urlencoded</arg>
<arg>program-params</arg>
<arg>${proParams}</arg>
</arguments>
<status status="PASS" starttime="20200426 13:09:05.467" endtime="20200426 13:09:05.468"></status>
</kw>
<kw name="Fapi Post" library="FATL">
<doc>Send a POST request on the session object found using the
given `alias`</doc>
<arguments>
<arg>${SSO_ALIAS}</arg>
<arg>${LOGOUT_URI}</arg>
</arguments>
<msg timestamp="20200426 13:09:05.525" level="INFO">Post Request using : alias=sso, uri=/api/logout, data=&lt;empty&gt;, headers={'APITEST': '1', 'program-sign': '4c6531cd59ac6726ad7a4bc482a10a64', 'devid': '123456', 'random': '7457782654', 'timestamp': '1587877745464', 'token': '37045f05eb96d2639e75446f6a5a1993', 'version': '1.0.0', 'Content-Type': 'application/x-www-form-urlencoded', 'program-params': 'uid,devid,token'}, files=None, allow_redirects=True </msg>
<msg timestamp="20200426 13:09:05.525" level="INFO">JSON string is : {</msg>
<msg timestamp="20200426 13:09:05.525" level="INFO">  "code": 1,</msg>
<msg timestamp="20200426 13:09:05.525" level="INFO">  "msg": "success",</msg>
<msg timestamp="20200426 13:09:05.525" level="INFO">  "value": {},</msg>
<msg timestamp="20200426 13:09:05.525" level="INFO">  "status": 0,</msg>
<msg timestamp="20200426 13:09:05.525" level="INFO">  "message": "success",</msg>
<msg timestamp="20200426 13:09:05.525" level="INFO">  "data": {},</msg>
<msg timestamp="20200426 13:09:05.525" level="INFO">  "path": null,</msg>
<msg timestamp="20200426 13:09:05.525" level="INFO">  "error": null,</msg>
<msg timestamp="20200426 13:09:05.525" level="INFO">  "timestamp": 1587877745278</msg>
<msg timestamp="20200426 13:09:05.525" level="INFO">}</msg>
<msg timestamp="20200426 13:09:05.526" level="INFO">d:\python\lib\site-packages\urllib3\connectionpool.py:851: InsecureRequestWarning: Unverified HTTPS request is being made. Adding certificate verification is strongly advised. See: https://urllib3.readthedocs.io/en/latest/advanced-usage.html#ssl-warnings
  InsecureRequestWarning)</msg>
<status status="PASS" starttime="20200426 13:09:05.468" endtime="20200426 13:09:05.526"></status>
</kw>
<kw name="Fapi Data To Object" library="FATL">
<doc>Convert Fapi response content to python object</doc>
<assign>
<var>${data}</var>
</assign>
<msg timestamp="20200426 13:09:05.527" level="INFO">${data} = &lt;FATL.Json2Object.Dict2Object object at 0x000001F1DCA62470&gt;</msg>
<status status="PASS" starttime="20200426 13:09:05.526" endtime="20200426 13:09:05.527"></status>
</kw>
<kw name="Set Suite Variable" library="BuiltIn">
<doc>Makes a variable available everywhere within the scope of the current suite.</doc>
<arguments>
<arg>${response_data}</arg>
<arg>${data}</arg>
</arguments>
<msg timestamp="20200426 13:09:05.527" level="INFO">${response_data} = &lt;FATL.Json2Object.Dict2Object object at 0x000001F1DCA62470&gt;</msg>
<status status="PASS" starttime="20200426 13:09:05.527" endtime="20200426 13:09:05.528"></status>
</kw>
<status status="PASS" starttime="20200426 13:09:05.461" endtime="20200426 13:09:05.528"></status>
</kw>
<kw name="Fapi Request Should Be Succeed" library="FATL">
<doc>Fapi HTTP response code should be 200 (means success)</doc>
<msg timestamp="20200426 13:09:05.529" level="INFO">HTTP response code is 200</msg>
<status status="PASS" starttime="20200426 13:09:05.528" endtime="20200426 13:09:05.529"></status>
</kw>
<kw name="Fapi Status Should Be Succeed" library="FATL">
<doc>Fapi response status code should be 0 (means success)</doc>
<status status="PASS" starttime="20200426 13:09:05.529" endtime="20200426 13:09:05.530"></status>
</kw>
<tags>
<tag>sso-app接口/退出（孙安）</tag>
<tag>作者：江宝敏</tag>
<tag>冒烟集-新福建APP</tag>
</tags>
<status status="PASS" starttime="20200426 13:09:02.180" endtime="20200426 13:09:05.530" critical="yes"></status>
</test>
<test id="s1-s3-t2" name="第三方QQ登录账号后再退出，接口返回成功状态码">
<kw name="SSO Oauth Login" library="Sso_Common">
<doc>第三方登录接口</doc>
<arguments>
<arg>${QQ.provider}</arg>
<arg>${QQ.oid}</arg>
<arg>${QQ.nickname}</arg>
</arguments>
<kw name="Random" library="Random_Time">
<assign>
<var>${random}</var>
</assign>
<kw name="Evaluate" library="BuiltIn">
<doc>Evaluates the given expression in Python and returns the results.</doc>
<arguments>
<arg>random.randint(0,10000000000)</arg>
<arg>random</arg>
</arguments>
<assign>
<var>${random}</var>
</assign>
<msg timestamp="20200426 13:09:05.539" level="INFO">${random} = 7337296219</msg>
<status status="PASS" starttime="20200426 13:09:05.538" endtime="20200426 13:09:05.539"></status>
</kw>
<kw name="Evaluate" library="BuiltIn">
<doc>Evaluates the given expression in Python and returns the results.</doc>
<arguments>
<arg>str(${random})</arg>
</arguments>
<assign>
<var>${typerandom}</var>
</assign>
<msg timestamp="20200426 13:09:05.540" level="INFO">${typerandom} = 7337296219</msg>
<status status="PASS" starttime="20200426 13:09:05.539" endtime="20200426 13:09:05.540"></status>
</kw>
<msg timestamp="20200426 13:09:05.540" level="INFO">${random} = 7337296219</msg>
<status status="PASS" starttime="20200426 13:09:05.538" endtime="20200426 13:09:05.540"></status>
</kw>
<kw name="Time" library="Random_Time">
<assign>
<var>${timestamp}</var>
</assign>
<kw name="Evaluate" library="BuiltIn">
<doc>Evaluates the given expression in Python and returns the results.</doc>
<arguments>
<arg>int(time.time()*1000)</arg>
<arg>time</arg>
</arguments>
<assign>
<var>${time}</var>
</assign>
<msg timestamp="20200426 13:09:05.541" level="INFO">${time} = 1587877745540</msg>
<status status="PASS" starttime="20200426 13:09:05.541" endtime="20200426 13:09:05.541"></status>
</kw>
<kw name="Evaluate" library="BuiltIn">
<doc>Evaluates the given expression in Python and returns the results.</doc>
<arguments>
<arg>str(${time})</arg>
</arguments>
<assign>
<var>${typetime}</var>
</assign>
<msg timestamp="20200426 13:09:05.541" level="INFO">${typetime} = 1587877745540</msg>
<status status="PASS" starttime="20200426 13:09:05.541" endtime="20200426 13:09:05.541"></status>
</kw>
<msg timestamp="20200426 13:09:05.542" level="INFO">${timestamp} = 1587877745540</msg>
<status status="PASS" starttime="20200426 13:09:05.540" endtime="20200426 13:09:05.542"></status>
</kw>
<kw name="ENCODE" library="Secret2">
<arguments>
<arg>${nickname}</arg>
</arguments>
<assign>
<var>${name}</var>
</assign>
<msg timestamp="20200426 13:09:05.543" level="INFO">${name} = IuS4gOaXoOaJgOaciSI=</msg>
<status status="PASS" starttime="20200426 13:09:05.542" endtime="20200426 13:09:05.543"></status>
</kw>
<kw name="Md 5" library="Secret">
<arguments>
<arg>devid=${devid}&amp;random=${random}&amp;timestamp=${timestamp}&amp;token=${TOKEN1}&amp;version=${VERSION1}</arg>
</arguments>
<assign>
<var>${secret}</var>
</assign>
<msg timestamp="20200426 13:09:05.543" level="INFO">${secret} = 001d2e416b09da10b0edb84c76a3adc6</msg>
<status status="PASS" starttime="20200426 13:09:05.543" endtime="20200426 13:09:05.544"></status>
</kw>
<kw name="Fapi Params Set" library="FATL">
<doc>Adds the given ``key_value_pairs`` and ``items`` to HTTP request parameters.</doc>
<arguments>
<arg>provider</arg>
<arg>${provider}</arg>
<arg>oid</arg>
<arg>${oid}</arg>
<arg>nickname</arg>
<arg>${name}</arg>
<arg>devid</arg>
<arg>${devid}</arg>
<arg>siteid</arg>
<arg>${siteid}</arg>
<arg>random</arg>
<arg>${random}</arg>
<arg>timestamp</arg>
<arg>${timestamp}</arg>
<arg>version</arg>
<arg>${VERSION1}</arg>
<arg>token</arg>
<arg>${TOKEN1}</arg>
<arg>curVersions</arg>
<arg>${CURVERSIONS}</arg>
</arguments>
<status status="PASS" starttime="20200426 13:09:05.544" endtime="20200426 13:09:05.545"></status>
</kw>
<kw name="Md 5" library="Secret">
<arguments>
<arg>devid=${devid}&amp;random=${random}&amp;timestamp=${timestamp}&amp;token=${TOKEN1}&amp;version=${VERSION1}&amp;secret=${secret}</arg>
</arguments>
<assign>
<var>${program_sign}</var>
</assign>
<msg timestamp="20200426 13:09:05.545" level="INFO">${program_sign} = ab0b1a37e1238cf2fd774cafdf840c1c</msg>
<status status="PASS" starttime="20200426 13:09:05.545" endtime="20200426 13:09:05.545"></status>
</kw>
<kw name="Set Variable" library="BuiltIn">
<doc>Returns the given values which can then be assigned to a variables.</doc>
<arguments>
<arg>devid,random,timestamp,token,version</arg>
</arguments>
<assign>
<var>${proParams}</var>
</assign>
<msg timestamp="20200426 13:09:05.546" level="INFO">${proParams} = devid,random,timestamp,token,version</msg>
<status status="PASS" starttime="20200426 13:09:05.545" endtime="20200426 13:09:05.546"></status>
</kw>
<kw name="Fapi Headers Set" library="FATL">
<doc>Adds the given ``key_value_pairs`` and ``items`` to HTTP request headers.</doc>
<arguments>
<arg>program-sign</arg>
<arg>${program_sign}</arg>
<arg>devid</arg>
<arg>${devid}</arg>
<arg>random</arg>
<arg>${random}</arg>
<arg>timestamp</arg>
<arg>${timestamp}</arg>
<arg>token</arg>
<arg>${TOKEN1}</arg>
<arg>version</arg>
<arg>${VERSION1}</arg>
<arg>Content-Type</arg>
<arg>application/x-www-form-urlencoded</arg>
<arg>program-params</arg>
<arg>${proParams}</arg>
</arguments>
<status status="PASS" starttime="20200426 13:09:05.546" endtime="20200426 13:09:05.546"></status>
</kw>
<kw name="Fapi Post" library="FATL">
<doc>Send a POST request on the session object found using the
given `alias`</doc>
<arguments>
<arg>${SSO_ALIAS}</arg>
<arg>${OAUTHLOGIN_URI}</arg>
</arguments>
<msg timestamp="20200426 13:09:05.622" level="INFO">Post Request using : alias=sso, uri=/api/oauthLogin, data=&lt;empty&gt;, headers={'APITEST': '1', 'program-sign': 'ab0b1a37e1238cf2fd774cafdf840c1c', 'devid': '123456', 'random': '7337296219', 'timestamp': '1587877745540', 'token': '1', 'version': '1', 'Content-Type': 'application/x-www-form-urlencoded', 'program-params': 'devid,random,timestamp,token,version'}, files=None, allow_redirects=True </msg>
<msg timestamp="20200426 13:09:05.622" level="INFO">JSON string is : {</msg>
<msg timestamp="20200426 13:09:05.622" level="INFO">  "code": 1,</msg>
<msg timestamp="20200426 13:09:05.622" level="INFO">  "msg": "success",</msg>
<msg timestamp="20200426 13:09:05.622" level="INFO">  "value": {</msg>
<msg timestamp="20200426 13:09:05.622" level="INFO">    "birthday": "1999-10-01",</msg>
<msg timestamp="20200426 13:09:05.622" level="INFO">    "address": "",</msg>
<msg timestamp="20200426 13:09:05.622" level="INFO">    "isRefOauth": 1,</msg>
<msg timestamp="20200426 13:09:05.622" level="INFO">    "sex": "1",</msg>
<msg timestamp="20200426 13:09:05.622" level="INFO">    "userid": "618",</msg>
<msg timestamp="20200426 13:09:05.622" level="INFO">    "token": "19ce6bbda4063a4ecc31040b730f5e5f",</msg>
<msg timestamp="20200426 13:09:05.622" level="INFO">    "head": "http://thirdqq.qlogo.cn/g?b=oidb&amp;k=KJQOh07PS0FnZsIadbn1SA&amp;s=100&amp;t=1506669135",</msg>
<msg timestamp="20200426 13:09:05.622" level="INFO">    "score": "125",</msg>
<msg timestamp="20200426 13:09:05.622" level="INFO">    "uid": "607",</msg>
<msg timestamp="20200426 13:09:05.623" level="INFO">    "isOpen": 1,</msg>
<msg timestamp="20200426 13:09:05.623" level="INFO">    "provider": "tencent_QQ",</msg>
<msg timestamp="20200426 13:09:05.623" level="INFO">    "isFirstOpen": "0",</msg>
<msg timestamp="20200426 13:09:05.623" level="INFO">    "nickname": "一无所有1111",</msg>
<msg timestamp="20200426 13:09:05.623" level="INFO">    "isDefPassword": 0,</msg>
<msg timestamp="20200426 13:09:05.623" level="INFO">    "username": "qq-62D34A92B2C38EC00356E3CB4B0F03BC"</msg>
<msg timestamp="20200426 13:09:05.623" level="INFO">  },</msg>
<msg timestamp="20200426 13:09:05.623" level="INFO">  "status": 0,</msg>
<msg timestamp="20200426 13:09:05.623" level="INFO">  "message": "success",</msg>
<msg timestamp="20200426 13:09:05.623" level="INFO">  "data": {</msg>
<msg timestamp="20200426 13:09:05.623" level="INFO">    "birthday": "1999-10-01",</msg>
<msg timestamp="20200426 13:09:05.623" level="INFO">    "address": "",</msg>
<msg timestamp="20200426 13:09:05.623" level="INFO">    "isRefOauth": 1,</msg>
<msg timestamp="20200426 13:09:05.623" level="INFO">    "sex": "1",</msg>
<msg timestamp="20200426 13:09:05.623" level="INFO">    "userid": "618",</msg>
<msg timestamp="20200426 13:09:05.623" level="INFO">    "token": "19ce6bbda4063a4ecc31040b730f5e5f",</msg>
<msg timestamp="20200426 13:09:05.623" level="INFO">    "head": "http://thirdqq.qlogo.cn/g?b=oidb&amp;k=KJQOh07PS0FnZsIadbn1SA&amp;s=100&amp;t=1506669135",</msg>
<msg timestamp="20200426 13:09:05.623" level="INFO">    "score": "125",</msg>
<msg timestamp="20200426 13:09:05.623" level="INFO">    "uid": "607",</msg>
<msg timestamp="20200426 13:09:05.623" level="INFO">    "isOpen": 1,</msg>
<msg timestamp="20200426 13:09:05.623" level="INFO">    "provider": "tencent_QQ",</msg>
<msg timestamp="20200426 13:09:05.624" level="INFO">    "isFirstOpen": "0",</msg>
<msg timestamp="20200426 13:09:05.624" level="INFO">    "nickname": "一无所有1111",</msg>
<msg timestamp="20200426 13:09:05.624" level="INFO">    "isDefPassword": 0,</msg>
<msg timestamp="20200426 13:09:05.624" level="INFO">    "username": "qq-62D34A92B2C38EC00356E3CB4B0F03BC"</msg>
<msg timestamp="20200426 13:09:05.624" level="INFO">  },</msg>
<msg timestamp="20200426 13:09:05.624" level="INFO">  "path": null,</msg>
<msg timestamp="20200426 13:09:05.624" level="INFO">  "error": null,</msg>
<msg timestamp="20200426 13:09:05.624" level="INFO">  "timestamp": 1587877745351</msg>
<msg timestamp="20200426 13:09:05.624" level="INFO">}</msg>
<msg timestamp="20200426 13:09:05.624" level="INFO">d:\python\lib\site-packages\urllib3\connectionpool.py:851: InsecureRequestWarning: Unverified HTTPS request is being made. Adding certificate verification is strongly advised. See: https://urllib3.readthedocs.io/en/latest/advanced-usage.html#ssl-warnings
  InsecureRequestWarning)</msg>
<status status="PASS" starttime="20200426 13:09:05.547" endtime="20200426 13:09:05.624"></status>
</kw>
<kw name="Fapi Data To Object" library="FATL">
<doc>Convert Fapi response content to python object</doc>
<assign>
<var>${data}</var>
</assign>
<msg timestamp="20200426 13:09:05.625" level="INFO">${data} = &lt;FATL.Json2Object.Dict2Object object at 0x000001F1DCA56208&gt;</msg>
<status status="PASS" starttime="20200426 13:09:05.625" endtime="20200426 13:09:05.625"></status>
</kw>
<kw name="Set Suite Variable" library="BuiltIn">
<doc>Makes a variable available everywhere within the scope of the current suite.</doc>
<arguments>
<arg>${response_data}</arg>
<arg>${data}</arg>
</arguments>
<msg timestamp="20200426 13:09:05.626" level="INFO">${response_data} = &lt;FATL.Json2Object.Dict2Object object at 0x000001F1DCA56208&gt;</msg>
<status status="PASS" starttime="20200426 13:09:05.626" endtime="20200426 13:09:05.626"></status>
</kw>
<status status="PASS" starttime="20200426 13:09:05.537" endtime="20200426 13:09:05.627"></status>
</kw>
<kw name="Sleep" library="BuiltIn">
<doc>Pauses the test executed for the given time.</doc>
<arguments>
<arg>3</arg>
</arguments>
<msg timestamp="20200426 13:09:08.628" level="INFO">Slept 3 seconds</msg>
<status status="PASS" starttime="20200426 13:09:05.627" endtime="20200426 13:09:08.628"></status>
</kw>
<kw name="SSO Logout Api" library="Sso_Common">
<doc>退出</doc>
<arguments>
<arg>${response_data.uid}</arg>
<arg>${response_data.token}</arg>
</arguments>
<kw name="Random" library="Random_Time">
<assign>
<var>${random}</var>
</assign>
<kw name="Evaluate" library="BuiltIn">
<doc>Evaluates the given expression in Python and returns the results.</doc>
<arguments>
[...]
given `alias`</doc>
<arguments>
<arg>${SSO_ALIAS}</arg>
<arg>${OAUTHLOGIN_URI}</arg>
</arguments>
<msg timestamp="20200426 13:09:29.211" level="INFO">Post Request using : alias=sso, uri=/api/oauthLogin, data=&lt;empty&gt;, headers={'APITEST': '1', 'program-sign': '2332bad207e058c5ad619fb3da410e58', 'devid': '123456', 'random': '5033072754', 'timestamp': '1587877769065', 'token': '1', 'version': '1', 'Content-Type': 'application/x-www-form-urlencoded', 'program-params': 'devid,random,timestamp,token,version'}, files=None, allow_redirects=True </msg>
<msg timestamp="20200426 13:09:29.212" level="INFO">JSON string is : {</msg>
<msg timestamp="20200426 13:09:29.212" level="INFO">  "code": 1,</msg>
<msg timestamp="20200426 13:09:29.213" level="INFO">  "msg": "success",</msg>
<msg timestamp="20200426 13:09:29.213" level="INFO">  "value": {</msg>
<msg timestamp="20200426 13:09:29.213" level="INFO">    "birthday": "1980-01-01",</msg>
<msg timestamp="20200426 13:09:29.213" level="INFO">    "address": "",</msg>
<msg timestamp="20200426 13:09:29.213" level="INFO">    "isRefOauth": 1,</msg>
<msg timestamp="20200426 13:09:29.213" level="INFO">    "sex": "1",</msg>
<msg timestamp="20200426 13:09:29.213" level="INFO">    "userid": "620",</msg>
<msg timestamp="20200426 13:09:29.213" level="INFO">    "token": "f959682bfe75242809dd4976c61bafde",</msg>
<msg timestamp="20200426 13:09:29.213" level="INFO">    "head": "https://tvax4.sinaimg.cn/crop.373.58.933.933.50/006kzhoQly8fgkimmopdrj31ao0t6tqt.jpg?KID=imgbed,tva&amp;Expires=1587703676&amp;ssig=sIB5o90Dtf",</msg>
<msg timestamp="20200426 13:09:29.213" level="INFO">    "score": "0",</msg>
<msg timestamp="20200426 13:09:29.213" level="INFO">    "uid": "609",</msg>
<msg timestamp="20200426 13:09:29.213" level="INFO">    "isOpen": 1,</msg>
<msg timestamp="20200426 13:09:29.213" level="INFO">    "provider": "sina_weibo",</msg>
<msg timestamp="20200426 13:09:29.214" level="INFO">    "isFirstOpen": "0",</msg>
<msg timestamp="20200426 13:09:29.214" level="INFO">    "nickname": "abcdef",</msg>
<msg timestamp="20200426 13:09:29.214" level="INFO">    "isDefPassword": 0,</msg>
<msg timestamp="20200426 13:09:29.214" level="INFO">    "username": "wb-5800732080"</msg>
<msg timestamp="20200426 13:09:29.214" level="INFO">  },</msg>
<msg timestamp="20200426 13:09:29.214" level="INFO">  "status": 0,</msg>
<msg timestamp="20200426 13:09:29.214" level="INFO">  "message": "success",</msg>
<msg timestamp="20200426 13:09:29.214" level="INFO">  "data": {</msg>
<msg timestamp="20200426 13:09:29.214" level="INFO">    "birthday": "1980-01-01",</msg>
<msg timestamp="20200426 13:09:29.214" level="INFO">    "address": "",</msg>
<msg timestamp="20200426 13:09:29.214" level="INFO">    "isRefOauth": 1,</msg>
<msg timestamp="20200426 13:09:29.214" level="INFO">    "sex": "1",</msg>
<msg timestamp="20200426 13:09:29.214" level="INFO">    "userid": "620",</msg>
<msg timestamp="20200426 13:09:29.214" level="INFO">    "token": "f959682bfe75242809dd4976c61bafde",</msg>
<msg timestamp="20200426 13:09:29.214" level="INFO">    "head": "https://tvax4.sinaimg.cn/crop.373.58.933.933.50/006kzhoQly8fgkimmopdrj31ao0t6tqt.jpg?KID=imgbed,tva&amp;Expires=1587703676&amp;ssig=sIB5o90Dtf",</msg>
<msg timestamp="20200426 13:09:29.214" level="INFO">    "score": "0",</msg>
<msg timestamp="20200426 13:09:29.214" level="INFO">    "uid": "609",</msg>
<msg timestamp="20200426 13:09:29.214" level="INFO">    "isOpen": 1,</msg>
<msg timestamp="20200426 13:09:29.214" level="INFO">    "provider": "sina_weibo",</msg>
<msg timestamp="20200426 13:09:29.214" level="INFO">    "isFirstOpen": "0",</msg>
<msg timestamp="20200426 13:09:29.215" level="INFO">    "nickname": "abcdef",</msg>
<msg timestamp="20200426 13:09:29.215" level="INFO">    "isDefPassword": 0,</msg>
<msg timestamp="20200426 13:09:29.215" level="INFO">    "username": "wb-5800732080"</msg>
<msg timestamp="20200426 13:09:29.215" level="INFO">  },</msg>
<msg timestamp="20200426 13:09:29.215" level="INFO">  "path": null,</msg>
<msg timestamp="20200426 13:09:29.215" level="INFO">  "error": null,</msg>
<msg timestamp="20200426 13:09:29.215" level="INFO">  "timestamp": 1587877768962</msg>
<msg timestamp="20200426 13:09:29.215" level="INFO">}</msg>
<msg timestamp="20200426 13:09:29.215" level="INFO">d:\python\lib\site-packages\urllib3\connectionpool.py:851: InsecureRequestWarning: Unverified HTTPS request is being made. Adding certificate verification is strongly advised. See: https://urllib3.readthedocs.io/en/latest/advanced-usage.html#ssl-warnings
  InsecureRequestWarning)</msg>
<status status="PASS" starttime="20200426 13:09:29.075" endtime="20200426 13:09:29.215"></status>
</kw>
<kw name="Fapi Data To Object" library="FATL">
<doc>Convert Fapi response content to python object</doc>
<assign>
<var>${data}</var>
</assign>
<msg timestamp="20200426 13:09:29.216" level="INFO">${data} = &lt;FATL.Json2Object.Dict2Object object at 0x000001F1DCA41908&gt;</msg>
<status status="PASS" starttime="20200426 13:09:29.216" endtime="20200426 13:09:29.216"></status>
</kw>
<kw name="Set Suite Variable" library="BuiltIn">
<doc>Makes a variable available everywhere within the scope of the current suite.</doc>
<arguments>
<arg>${response_data}</arg>
<arg>${data}</arg>
</arguments>
<msg timestamp="20200426 13:09:29.218" level="INFO">${response_data} = &lt;FATL.Json2Object.Dict2Object object at 0x000001F1DCA41908&gt;</msg>
<status status="PASS" starttime="20200426 13:09:29.216" endtime="20200426 13:09:29.218"></status>
</kw>
<status status="PASS" starttime="20200426 13:09:29.062" endtime="20200426 13:09:29.218"></status>
</kw>
<kw name="Sleep" library="BuiltIn">
<doc>Pauses the test executed for the given time.</doc>
<arguments>
<arg>3</arg>
</arguments>
<msg timestamp="20200426 13:09:32.220" level="INFO">Slept 3 seconds</msg>
<status status="PASS" starttime="20200426 13:09:29.219" endtime="20200426 13:09:32.220"></status>
</kw>
<kw name="Oauth Bind Phone" library="Sso_Common">
<doc>三方绑定手机号</doc>
<arguments>
<arg>${response_data.uid}</arg>
<arg>${PHONE}</arg>
</arguments>
<kw name="Random" library="Random_Time">
<assign>
<var>${random}</var>
</assign>
<kw name="Evaluate" library="BuiltIn">
<doc>Evaluates the given expression in Python and returns the results.</doc>
<arguments>
<arg>random.randint(0,10000000000)</arg>
<arg>random</arg>
</arguments>
<assign>
<var>${random}</var>
</assign>
<msg timestamp="20200426 13:09:32.222" level="INFO">${random} = 7625945574</msg>
<status status="PASS" starttime="20200426 13:09:32.222" endtime="20200426 13:09:32.222"></status>
</kw>
<kw name="Evaluate" library="BuiltIn">
<doc>Evaluates the given expression in Python and returns the results.</doc>
<arguments>
<arg>str(${random})</arg>
</arguments>
<assign>
<var>${typerandom}</var>
</assign>
<msg timestamp="20200426 13:09:32.223" level="INFO">${typerandom} = 7625945574</msg>
<status status="PASS" starttime="20200426 13:09:32.222" endtime="20200426 13:09:32.223"></status>
</kw>
<msg timestamp="20200426 13:09:32.223" level="INFO">${random} = 7625945574</msg>
<status status="PASS" starttime="20200426 13:09:32.221" endtime="20200426 13:09:32.223"></status>
</kw>
<kw name="Time" library="Random_Time">
<assign>
<var>${timestamp}</var>
</assign>
<kw name="Evaluate" library="BuiltIn">
<doc>Evaluates the given expression in Python and returns the results.</doc>
<arguments>
<arg>int(time.time()*1000)</arg>
<arg>time</arg>
</arguments>
<assign>
<var>${time}</var>
</assign>
<msg timestamp="20200426 13:09:32.224" level="INFO">${time} = 1587877772224</msg>
<status status="PASS" starttime="20200426 13:09:32.224" endtime="20200426 13:09:32.224"></status>
</kw>
<kw name="Evaluate" library="BuiltIn">
<doc>Evaluates the given expression in Python and returns the results.</doc>
<arguments>
<arg>str(${time})</arg>
</arguments>
<assign>
<var>${typetime}</var>
</assign>
<msg timestamp="20200426 13:09:32.225" level="INFO">${typetime} = 1587877772224</msg>
<status status="PASS" starttime="20200426 13:09:32.224" endtime="20200426 13:09:32.225"></status>
</kw>
<msg timestamp="20200426 13:09:32.225" level="INFO">${timestamp} = 1587877772224</msg>
<status status="PASS" starttime="20200426 13:09:32.223" endtime="20200426 13:09:32.225"></status>
</kw>
<kw name="Md 5" library="Secret">
<arguments>
<arg>devid=${devid}&amp;random=${random}&amp;timestamp=${timestamp}&amp;token=${TOKEN}&amp;version=${VERSION}</arg>
</arguments>
<assign>
<var>${secret}</var>
</assign>
<msg timestamp="20200426 13:09:32.226" level="INFO">${secret} = f00a2e32ebbd11efca35d73b0a951c1a</msg>
<status status="PASS" starttime="20200426 13:09:32.225" endtime="20200426 13:09:32.226"></status>
</kw>
<kw name="Fapi Params Set" library="FATL">
<doc>Adds the given ``key_value_pairs`` and ``items`` to HTTP request parameters.</doc>
<arguments>
<arg>uid</arg>
<arg>${uid}</arg>
<arg>newPhone</arg>
<arg>${newphone}</arg>
<arg>siteid</arg>
<arg>${siteid}</arg>
<arg>curVersions</arg>
<arg>${CURVERSIONS}</arg>
</arguments>
<status status="PASS" starttime="20200426 13:09:32.226" endtime="20200426 13:09:32.226"></status>
</kw>
<kw name="Md 5" library="Secret">
<arguments>
<arg>uid=${uid}&amp;newPhone=${newphone}&amp;secret=${secret}</arg>
</arguments>
<assign>
<var>${program_sign}</var>
</assign>
<msg timestamp="20200426 13:09:32.227" level="INFO">${program_sign} = f13366a9f2f47a6bb279b8dc0f13f405</msg>
<status status="PASS" starttime="20200426 13:09:32.226" endtime="20200426 13:09:32.227"></status>
</kw>
<kw name="Set Variable" library="BuiltIn">
<doc>Returns the given values which can then be assigned to a variables.</doc>
<arguments>
<arg>uid,newPhone</arg>
</arguments>
<assign>
<var>${proParams}</var>
</assign>
<msg timestamp="20200426 13:09:32.227" level="INFO">${proParams} = uid,newPhone</msg>
<status status="PASS" starttime="20200426 13:09:32.227" endtime="20200426 13:09:32.227"></status>
</kw>
<kw name="Fapi Headers Set" library="FATL">
<doc>Adds the given ``key_value_pairs`` and ``items`` to HTTP request headers.</doc>
<arguments>
<arg>program-sign</arg>
<arg>${program_sign}</arg>
<arg>devid</arg>
<arg>${devid}</arg>
<arg>random</arg>
<arg>${random}</arg>
<arg>timestamp</arg>
<arg>${timestamp}</arg>
<arg>token</arg>
<arg>${TOKEN}</arg>
<arg>version</arg>
<arg>${VERSION}</arg>
<arg>Content-Type</arg>
<arg>application/x-www-form-urlencoded</arg>
<arg>program-params</arg>
<arg>${proParams}</arg>
</arguments>
<status status="PASS" starttime="20200426 13:09:32.227" endtime="20200426 13:09:32.228"></status>
</kw>
<kw name="Fapi Post" library="FATL">
<doc>Send a POST request on the session object found using the
given `alias`</doc>
<arguments>
<arg>${SSO_ALIAS}</arg>
<arg>${OAUTHBINDPHONE_URI}</arg>
</arguments>
<msg timestamp="20200426 13:09:32.271" level="INFO">Post Request using : alias=sso, uri=/api/oauthBindPhone, data=&lt;empty&gt;, headers={'APITEST': '1', 'program-sign': 'f13366a9f2f47a6bb279b8dc0f13f405', 'devid': '123456', 'random': '7625945574', 'timestamp': '1587877772224', 'token': '', 'version': '1.0.0', 'Content-Type': 'application/x-www-form-urlencoded', 'program-params': 'uid,newPhone'}, files=None, allow_redirects=True </msg>
<msg timestamp="20200426 13:09:32.271" level="INFO">JSON string is : {</msg>
<msg timestamp="20200426 13:09:32.271" level="INFO">  "code": 0,</msg>
<msg timestamp="20200426 13:09:32.271" level="INFO">  "msg": "register_phoneregistered",</msg>
<msg timestamp="20200426 13:09:32.272" level="INFO">  "value": {},</msg>
<msg timestamp="20200426 13:09:32.272" level="INFO">  "status": -1,</msg>
<msg timestamp="20200426 13:09:32.272" level="INFO">  "message": "手机号已经被注册",</msg>
<msg timestamp="20200426 13:09:32.272" level="INFO">  "data": {},</msg>
<msg timestamp="20200426 13:09:32.272" level="INFO">  "path": "/sso-app/api/oauthBindPhone",</msg>
<msg timestamp="20200426 13:09:32.272" level="INFO">  "error": "手机号已经被注册",</msg>
<msg timestamp="20200426 13:09:32.272" level="INFO">  "timestamp": 1587877772023</msg>
<msg timestamp="20200426 13:09:32.272" level="INFO">}</msg>
<msg timestamp="20200426 13:09:32.272" level="INFO">d:\python\lib\site-packages\urllib3\connectionpool.py:851: InsecureRequestWarning: Unverified HTTPS request is being made. Adding certificate verification is strongly advised. See: https://urllib3.readthedocs.io/en/latest/advanced-usage.html#ssl-warnings
  InsecureRequestWarning)</msg>
<status status="PASS" starttime="20200426 13:09:32.228" endtime="20200426 13:09:32.272"></status>
</kw>
<kw name="Fapi Data To Object" library="FATL">
<doc>Convert Fapi response content to python object</doc>
<assign>
<var>${data}</var>
</assign>
<msg timestamp="20200426 13:09:32.273" level="INFO">${data} = &lt;FATL.Json2Object.Dict2Object object at 0x000001F1DC5FB198&gt;</msg>
<status status="PASS" starttime="20200426 13:09:32.273" endtime="20200426 13:09:32.273"></status>
</kw>
<kw name="Set Suite Variable" library="BuiltIn">
<doc>Makes a variable available everywhere within the scope of the current suite.</doc>
<arguments>
<arg>${response_data}</arg>
<arg>${data}</arg>
</arguments>
<msg timestamp="20200426 13:09:32.274" level="INFO">${response_data} = &lt;FATL.Json2Object.Dict2Object object at 0x000001F1DC5FB198&gt;</msg>
<status status="PASS" starttime="20200426 13:09:32.274" endtime="20200426 13:09:32.275"></status>
</kw>
<status status="PASS" starttime="20200426 13:09:32.221" endtime="20200426 13:09:32.275"></status>
</kw>
<kw name="Sleep" library="BuiltIn">
<doc>Pauses the test executed for the given time.</doc>
<arguments>
<arg>3</arg>
</arguments>
<msg timestamp="20200426 13:09:35.276" level="INFO">Slept 3 seconds</msg>
<status status="PASS" starttime="20200426 13:09:32.275" endtime="20200426 13:09:35.276"></status>
</kw>
<kw name="Oauth UnBind Phone" library="Sso_Common">
<doc>三方解绑手机号</doc>
<arguments>
<arg>${response_data.uid}</arg>
<arg>${PHONE}</arg>
</arguments>
<msg timestamp="20200426 13:09:35.277" level="FAIL">Resolving variable '${response_data.uid}' failed: AttributeError: 'Dict2Object' object has no attribute 'uid'</msg>
<status status="FAIL" starttime="20200426 13:09:35.277" endtime="20200426 13:09:35.277"></status>
</kw>
<tags>
<tag>sso-app接口/三方绑定手机号（孙安）</tag>
<tag>作者：江宝敏</tag>
<tag>冒烟集-新福建APP</tag>
</tags>
<status status="FAIL" starttime="20200426 13:09:29.058" endtime="20200426 13:09:35.278" critical="yes">Resolving variable '${response_data.uid}' failed: AttributeError: 'Dict2Object' object has no attribute 'uid'</status>
</test>
<kw name="Fapi Delete All Sessions" library="FATL" type="teardown">
<doc>Removes all the session objects</doc>
<msg timestamp="20200426 13:09:35.281" level="INFO">Delete All Sessions</msg>
<status status="PASS" starttime="20200426 13:09:35.281" endtime="20200426 13:09:35.281"></status>
</kw>
<doc>三方绑定手机号</doc>
<status status="FAIL" starttime="20200426 13:09:29.035" endtime="20200426 13:09:35.281"></status>
</suite>
<status status="FAIL" starttime="20200426 13:08:55.760" endtime="20200426 13:09:35.287"></status>
</suite>
<statistics>
<total>
<stat pass="15" fail="4">Critical Tests</stat>
<stat pass="15" fail="4">All Tests</stat>
</total>
<tag>
<stat pass="0" fail="4">sso-app接口/三方绑定手机号（孙安）</stat>
<stat pass="2" fail="0">sso-app接口/修改个人资料（孙安）</stat>
<stat pass="3" fail="0">sso-app接口/手机号快捷登录（孙安）</stat>
<stat pass="1" fail="0">sso-app接口/注销（孙安）</stat>
<stat pass="4" fail="0">sso-app接口/第三方登录（孙安）</stat>
<stat pass="5" fail="0">sso-app接口/退出（孙安）</stat>
<stat pass="3" fail="0">作者：张鹏</stat>
<stat pass="12" fail="4">作者：江宝敏</stat>
<stat pass="15" fail="4">冒烟集-新福建APP</stat>
</tag>
<suite>
<stat pass="15" fail="4" id="s1" name="App Sso">App Sso</stat>
<stat pass="1" fail="0" id="s1-s1" name="Cancel">App Sso.Cancel</stat>
<stat pass="3" fail="0" id="s1-s2" name="LoginByPhone">App Sso.LoginByPhone</stat>
<stat pass="5" fail="0" id="s1-s3" name="Logout">App Sso.Logout</stat>
<stat pass="2" fail="0" id="s1-s4" name="Modify">App Sso.Modify</stat>
<stat pass="0" fail="3" id="s1-s5" name="OauthBindPhone">App Sso.OauthBindPhone</stat>
<stat pass="4" fail="0" id="s1-s6" name="OauthLogin">App Sso.OauthLogin</stat>
<stat pass="0" fail="1" id="s1-s7" name="OauthUnBindPhone">App Sso.OauthUnBindPhone</stat>
</suite>
</statistics>
<errors>
<msg timestamp="20200426 13:08:55.797" level="ERROR">Error in file 'D:\XFJ\API\App_Sso\Sso_Common.robot': Non-existing setting 'Force Tags'.</msg>
<msg timestamp="20200426 13:08:55.798" level="ERROR">Error in file 'D:\XFJ\API\App_Sso\Sso_Common.robot': Non-existing setting '...'.</msg>
<msg timestamp="20200426 13:08:56.283" level="ERROR">Error in file 'D:\XFJ\API\App_Sso\Random_Time.robot': Importing test library 'MyLib' failed: ModuleNotFoundError: No module named 'MyLib'
Traceback (most recent call last):
  None
PYTHONPATH:
  D:\python\Scripts\robot.exe
  d:\python\python36.zip
  d:\python\DLLs
  d:\python\lib
  d:\python
  d:\python\lib\site-packages
  d:\python\lib\site-packages\win32
  d:\python\lib\site-packages\win32\lib
  d:\python\lib\site-packages\Pythonwin</msg>
<msg timestamp="20200426 13:09:01.661" level="ERROR">Error in file 'D:\XFJ\API\App_Sso\Random_Time.robot': Importing test library 'MyLib' failed: ModuleNotFoundError: No module named 'MyLib'
Traceback (most recent call last):
  None
PYTHONPATH:
  D:\python\Scripts\robot.exe
  d:\python\python36.zip
  d:\python\DLLs
  d:\python\lib
  d:\python
  d:\python\lib\site-packages
  d:\python\lib\site-packages\win32
  d:\python\lib\site-packages\win32\lib
  d:\python\lib\site-packages\Pythonwin</msg>
<msg timestamp="20200426 13:09:02.170" level="ERROR">Error in file 'D:\XFJ\API\App_Sso\Random_Time.robot': Importing test library 'MyLib' failed: ModuleNotFoundError: No module named 'MyLib'
Traceback (most recent call last):
  None
PYTHONPATH:
  D:\python\Scripts\robot.exe
  d:\python\python36.zip
  d:\python\DLLs
  d:\python\lib
  d:\python
  d:\python\lib\site-packages
  d:\python\lib\site-packages\win32
  d:\python\lib\site-packages\win32\lib
  d:\python\lib\site-packages\Pythonwin</msg>
<msg timestamp="20200426 13:09:18.304" level="ERROR">Error in file 'D:\XFJ\API\App_Sso\Random_Time.robot': Importing test library 'MyLib' failed: ModuleNotFoundError: No module named 'MyLib'
Traceback (most recent call last):
  None
PYTHONPATH:
  D:\python\Scripts\robot.exe
  d:\python\python36.zip
  d:\python\DLLs
  d:\python\lib
  d:\python
  d:\python\lib\site-packages
  d:\python\lib\site-packages\win32
  d:\python\lib\site-packages\win32\lib
  d:\python\lib\site-packages\Pythonwin</msg>
<msg timestamp="20200426 13:09:18.783" level="ERROR">Error in file 'D:\XFJ\API\App_Sso\Random_Time.robot': Importing test library 'MyLib' failed: ModuleNotFoundError: No module named 'MyLib'
Traceback (most recent call last):
  None
PYTHONPATH:
  D:\python\Scripts\robot.exe
  d:\python\python36.zip
  d:\python\DLLs
  d:\python\lib
  d:\python
  d:\python\lib\site-packages
  d:\python\lib\site-packages\win32
  d:\python\lib\site-packages\win32\lib
  d:\python\lib\site-packages\Pythonwin</msg>
<msg timestamp="20200426 13:09:28.524" level="ERROR">Error in file 'D:\XFJ\API\App_Sso\Random_Time.robot': Importing test library 'MyLib' failed: ModuleNotFoundError: No module named 'MyLib'
Traceback (most recent call last):
  None
PYTHONPATH:
  D:\python\Scripts\robot.exe
  d:\python\python36.zip
  d:\python\DLLs
  d:\python\lib
  d:\python
  d:\python\lib\site-packages
  d:\python\lib\site-packages\win32
  d:\python\lib\site-packages\win32\lib
  d:\python\lib\site-packages\Pythonwin</msg>
<msg timestamp="20200426 13:09:29.047" level="ERROR">Error in file 'D:\XFJ\API\App_Sso\Random_Time.robot': Importing test library 'MyLib' failed: ModuleNotFoundError: No module named 'MyLib'
Traceback (most recent call last):
  None
PYTHONPATH:
  D:\python\Scripts\robot.exe
  d:\python\python36.zip
  d:\python\DLLs
  d:\python\lib
  d:\python
  d:\python\lib\site-packages
  d:\python\lib\site-packages\win32
  d:\python\lib\site-packages\win32\lib
  d:\python\lib\site-packages\Pythonwin</msg>
</errors>
</robot>
