<?xml version="1.0" encoding="UTF-8"?>
<robot generator="Robot 3.1.1 (Python 3.6.5 on win32)" generated="20200417 15:24:15.476" rpa="false">
<suite id="s1" name="RegionLeaderView" source="D:\XFJ\API\App_Leader\RegionLeaderView.robot">
<kw name="Create Session Common" library="Common" type="setup">
<kw name="Fapi Create Session" library="FATL">
<doc>Fapi Create Session: create a HTTP session to a server</doc>
<arguments>
<arg>${APPIF_ALIAS}</arg>
<arg>${APPIF_URL}</arg>
</arguments>
<msg timestamp="20200417 15:24:15.974" level="INFO">Creating Session using : alias=appif, url=https://api1.fjdaily.com/app_if, headers={'APITEST': '1'},                     cookies=None, auth=None, timeout=None, proxies=None, verify=False,                     debug=0 </msg>
<status status="PASS" starttime="20200417 15:24:15.974" endtime="20200417 15:24:15.975"></status>
</kw>
<status status="PASS" starttime="20200417 15:24:15.973" endtime="20200417 15:24:15.975"></status>
</kw>
<test id="s1-t1" name="地区分类下有人物信息,接口返回当前地区下的所有人物信息">
<kw name="Region Leader View" library="LeaderCommon">
<doc>地区人物列表</doc>
<arguments>
<arg>${REGIONID0}</arg>
</arguments>
<kw name="Fapi Params Set" library="FATL">
<doc>Adds the given ``key_value_pairs`` and ``items`` to HTTP request parameters.</doc>
<arguments>
<arg>regionID</arg>
<arg>${regionid}</arg>
<arg>siteId</arg>
<arg>${siteid}</arg>
<arg>curVersions</arg>
<arg>${CURVERSIONS}</arg>
</arguments>
<status status="PASS" starttime="20200417 15:24:15.982" endtime="20200417 15:24:15.982"></status>
</kw>
<kw name="Fapi Get" library="FATL">
<doc>Send a GET request on the session object found using the
given `alias`</doc>
<arguments>
<arg>${APPIF_ALIAS}</arg>
<arg>${REGIONLEADERVIEW_URI}</arg>
</arguments>
<msg timestamp="20200417 15:24:16.223" level="INFO">Get Request using : alias=appif, uri=/regionleaderView, headers={'APITEST': '1'} json=None</msg>
<msg timestamp="20200417 15:24:16.224" level="INFO">JSON string is : {</msg>
<msg timestamp="20200417 15:24:16.224" level="INFO">  "status": 0,</msg>
<msg timestamp="20200417 15:24:16.224" level="INFO">  "message": "success",</msg>
<msg timestamp="20200417 15:24:16.224" level="INFO">  "data": [</msg>
<msg timestamp="20200417 15:24:16.224" level="INFO">    {</msg>
<msg timestamp="20200417 15:24:16.224" level="INFO">      "id": 18,</msg>
<msg timestamp="20200417 15:24:16.224" level="INFO">      "name": "于伟国",</msg>
<msg timestamp="20200417 15:24:16.224" level="INFO">      "url": "https://img1.fjdaily.com/app/resource/202003/31/f5240097-7ca8-4d73-82fc-ec19a9dfd1b5.jpg",</msg>
<msg timestamp="20200417 15:24:16.224" level="INFO">      "duty": "中共十九届中央委员，福建省委书记，省人大常委会主任，福建省军区党委第一书记",</msg>
<msg timestamp="20200417 15:24:16.224" level="INFO">      "description": "于伟国，男，汉族，1955年10月生，山东威海人（江苏太仓出生），1975年12月加入中国共产党，1973年01月参加工作，中国人民大学中国语言文学系中国文学专业毕业，大学学历。中国人民大学",</msg>
<msg timestamp="20200417 15:24:16.224" level="INFO">      "columnID": 124,</msg>
<msg timestamp="20200417 15:24:16.224" level="INFO">      "groupID": 0</msg>
<msg timestamp="20200417 15:24:16.225" level="INFO">    },</msg>
<msg timestamp="20200417 15:24:16.225" level="INFO">    {</msg>
<msg timestamp="20200417 15:24:16.225" level="INFO">      "id": 41,</msg>
<msg timestamp="20200417 15:24:16.225" level="INFO">      "name": "唐登杰",</msg>
<msg timestamp="20200417 15:24:16.225" level="INFO">      "url": "https://img1.fjdaily.com/app/resource/202004/09/86b5091b-94eb-421e-880f-301998611be2.jpg",</msg>
<msg timestamp="20200417 15:24:16.225" level="INFO">      "duty": "现任中共十九届中央候补委员，福建省委副书记，福建省人民政府省长、党组书记。",</msg>
<msg timestamp="20200417 15:24:16.225" level="INFO">      "description": "唐登杰，男，汉族，1964年6月出生，江苏建湖人（上海出生），1991年8月加入中国共产党，1986年7月参加工作，在职研究生学历，工商管理硕士，高级工程师。",</msg>
<msg timestamp="20200417 15:24:16.225" level="INFO">      "columnID": 125,</msg>
<msg timestamp="20200417 15:24:16.225" level="INFO">      "groupID": 0</msg>
<msg timestamp="20200417 15:24:16.225" level="INFO">    },</msg>
<msg timestamp="20200417 15:24:16.225" level="INFO">    {</msg>
<msg timestamp="20200417 15:24:16.225" level="INFO">      "id": 32,</msg>
<msg timestamp="20200417 15:24:16.225" level="INFO">      "name": "王宁",</msg>
<msg timestamp="20200417 15:24:16.225" level="INFO">      "url": "https://img1.fjdaily.com/app/resource/202004/03/ae3c346b-1391-4eeb-b84f-8e4cb0ad2e58.jpg",</msg>
<msg timestamp="20200417 15:24:16.225" level="INFO">      "duty": "福建省委副书记、福州市委书记",</msg>
<msg timestamp="20200417 15:24:16.225" level="INFO">      "description": "福建省委副书记、福州市委书记",</msg>
<msg timestamp="20200417 15:24:16.225" level="INFO">      "columnID": 127,</msg>
<msg timestamp="20200417 15:24:16.225" level="INFO">      "groupID": 0</msg>
<msg timestamp="20200417 15:24:16.225" level="INFO">    },</msg>
<msg timestamp="20200417 15:24:16.225" level="INFO">    {</msg>
<msg timestamp="20200417 15:24:16.225" level="INFO">      "id": 42,</msg>
<msg timestamp="20200417 15:24:16.225" level="INFO">      "name": "李德金",</msg>
<msg timestamp="20200417 15:24:16.225" level="INFO">      "url": "https://img1.fjdaily.com/app/resource/202004/09/fa1dff1b-e1bc-41fd-9621-49b3736a63e6.jpg",</msg>
<msg timestamp="20200417 15:24:16.225" level="INFO">      "duty": "省政府副省长、党组成员",</msg>
<msg timestamp="20200417 15:24:16.226" level="INFO">      "description": "省政府副省长、党组成员",</msg>
<msg timestamp="20200417 15:24:16.226" level="INFO">      "columnID": 0,</msg>
<msg timestamp="20200417 15:24:16.226" level="INFO">      "groupID": 0</msg>
<msg timestamp="20200417 15:24:16.226" level="INFO">    },</msg>
<msg timestamp="20200417 15:24:16.226" level="INFO">    {</msg>
<msg timestamp="20200417 15:24:16.226" level="INFO">      "id": 44,</msg>
<msg timestamp="20200417 15:24:16.226" level="INFO">      "name": "田湘利",</msg>
<msg timestamp="20200417 15:24:16.226" level="INFO">      "url": "https://img1.fjdaily.com/app/resource/202004/09/ca966da9-9a3c-48ac-8c6c-1cfd39e8c45e.jpg",</msg>
<msg timestamp="20200417 15:24:16.226" level="INFO">      "duty": "省政府副省长、党组成员，省公安厅党委书记、厅长",</msg>
<msg timestamp="20200417 15:24:16.226" level="INFO">      "description": "省政府副省长、党组成员，省公安厅党委书记、厅长",</msg>
<msg timestamp="20200417 15:24:16.226" level="INFO">      "columnID": 0,</msg>
<msg timestamp="20200417 15:24:16.226" level="INFO">      "groupID": 0</msg>
<msg timestamp="20200417 15:24:16.226" level="INFO">    },</msg>
<msg timestamp="20200417 15:24:16.226" level="INFO">    {</msg>
<msg timestamp="20200417 15:24:16.226" level="INFO">      "id": 45,</msg>
<msg timestamp="20200417 15:24:16.226" level="INFO">      "name": "郑建闽",</msg>
<msg timestamp="20200417 15:24:16.226" level="INFO">      "url": "https://img1.fjdaily.com/app/resource/202004/09/39638ef9-e401-486c-b7ff-026bf25bd43d.jpg",</msg>
<msg timestamp="20200417 15:24:16.226" level="INFO">      "duty": "十三届全国政协常委,台盟中央副主席、福建省委会主委，省政府副省长",</msg>
<msg timestamp="20200417 15:24:16.226" level="INFO">      "description": "十三届全国政协常委,台盟中央副主席、福建省委会主委，省政府副省长",</msg>
<msg timestamp="20200417 15:24:16.226" level="INFO">      "columnID": 0,</msg>
<msg timestamp="20200417 15:24:16.226" level="INFO">      "groupID": 0</msg>
<msg timestamp="20200417 15:24:16.226" level="INFO">    },</msg>
<msg timestamp="20200417 15:24:16.226" level="INFO">    {</msg>
<msg timestamp="20200417 15:24:16.227" level="INFO">      "id": 46,</msg>
<msg timestamp="20200417 15:24:16.227" level="INFO">      "name": "郭宁宁",</msg>
<msg timestamp="20200417 15:24:16.227" level="INFO">      "url": "https://img1.fjdaily.com/app/resource/202004/09/3db80f30-d751-4120-8373-f8e123639e8e.jpg",</msg>
<msg timestamp="20200417 15:24:16.227" level="INFO">      "duty": "省政府副省长、党组成员",</msg>
<msg timestamp="20200417 15:24:16.227" level="INFO">      "description": "省政府副省长、党组成员",</msg>
<msg timestamp="20200417 15:24:16.227" level="INFO">      "columnID": 78,</msg>
<msg timestamp="20200417 15:24:16.227" level="INFO">      "groupID": 0</msg>
<msg timestamp="20200417 15:24:16.227" level="INFO">    },</msg>
<msg timestamp="20200417 15:24:16.227" level="INFO">    {</msg>
<msg timestamp="20200417 15:24:16.227" level="INFO">      "id": 47,</msg>
<msg timestamp="20200417 15:24:16.227" level="INFO">      "name": "林宝金",</msg>
<msg timestamp="20200417 15:24:16.227" level="INFO">      "url": "https://img1.fjdaily.com/app/resource/202004/09/120586f4-ac74-46ea-b138-308b9b225922.jpg",</msg>
<msg timestamp="20200417 15:24:16.227" level="INFO">      "duty": "",</msg>
<msg timestamp="20200417 15:24:16.227" level="INFO">      "description": "",</msg>
<msg timestamp="20200417 15:24:16.227" level="INFO">      "columnID": 0,</msg>
<msg timestamp="20200417 15:24:16.227" level="INFO">      "groupID": 0</msg>
<msg timestamp="20200417 15:24:16.227" level="INFO">    },</msg>
<msg timestamp="20200417 15:24:16.227" level="INFO">    {</msg>
<msg timestamp="20200417 15:24:16.227" level="INFO">      "id": 19,</msg>
<msg timestamp="20200417 15:24:16.227" level="INFO">      "name": "尤猛军",</msg>
<msg timestamp="20200417 15:24:16.228" level="INFO">      "url": "https://img1.fjdaily.com/app/resource/202004/03/0403f8b7-9e3c-4cdb-994b-be321e3b6c7d.jpg",</msg>
<msg timestamp="20200417 15:24:16.228" level="INFO">      "duty": "福建省福州市委副书记、市长，福州新区管理委员会主任（兼）",</msg>
<msg timestamp="20200417 15:24:16.228" level="INFO">      "description": "福建省福州市委副书记、市长，福州新区管理委员会主任（兼）",</msg>
<msg timestamp="20200417 15:24:16.228" level="INFO">      "columnID": 128,</msg>
<msg timestamp="20200417 15:24:16.228" level="INFO">      "groupID": 0</msg>
<msg timestamp="20200417 15:24:16.228" level="INFO">    },</msg>
<msg timestamp="20200417 15:24:16.228" level="INFO">    {</msg>
<msg timestamp="20200417 15:24:16.228" level="INFO">      "id": 48,</msg>
<msg timestamp="20200417 15:24:16.228" level="INFO">      "name": "黄新銮",</msg>
<msg timestamp="20200417 15:24:16.228" level="INFO">      "url": "https://img1.fjdaily.com/app/resource/202004/09/aa9723c3-d665-4927-a372-760194da7649.jpg",</msg>
<msg timestamp="20200417 15:24:16.228" level="INFO">      "duty": "",</msg>
<msg timestamp="20200417 15:24:16.228" level="INFO">      "description": "",</msg>
<msg timestamp="20200417 15:24:16.228" level="INFO">      "columnID": 0,</msg>
<msg timestamp="20200417 15:24:16.228" level="INFO">      "groupID": 0</msg>
<msg timestamp="20200417 15:24:16.228" level="INFO">    },</msg>
<msg timestamp="20200417 15:24:16.228" level="INFO">    {</msg>
<msg timestamp="20200417 15:24:16.228" level="INFO">      "id": 33,</msg>
<msg timestamp="20200417 15:24:16.228" level="INFO">      "name": "潘东升",</msg>
<msg timestamp="20200417 15:24:16.228" level="INFO">      "url": "https://img1.fjdaily.com/app/resource/202004/03/5e1ff658-aaea-42d1-912d-0fbb8589e844.jpg",</msg>
<msg timestamp="20200417 15:24:16.228" level="INFO">      "duty": "福建省公安厅党委委员、福州市政府党组成员、副市长，市委政法委副书记（兼），市公安局党委书记、局长兼督察长",</msg>
<msg timestamp="20200417 15:24:16.228" level="INFO">      "description": "福建省公安厅党委委员、福州市政府党组成员、副市长，市委政法委副书记（兼），市公安局党委书记、局长兼督察长",</msg>
<msg timestamp="20200417 15:24:16.228" level="INFO">      "columnID": 0,</msg>
<msg timestamp="20200417 15:24:16.228" level="INFO">      "groupID": 0</msg>
<msg timestamp="20200417 15:24:16.228" level="INFO">    },</msg>
<msg timestamp="20200417 15:24:16.229" level="INFO">    {</msg>
<msg timestamp="20200417 15:24:16.229" level="INFO">      "id": 49,</msg>
<msg timestamp="20200417 15:24:16.229" level="INFO">      "name": "阿斯顿发射点",</msg>
<msg timestamp="20200417 15:24:16.229" level="INFO">      "url": "https://img1.fjdaily.com/app/resource/202004/15/ea0d10e9-9f08-45dc-97fe-12d1fcfda6f4.gif",</msg>
<msg timestamp="20200417 15:24:16.229" level="INFO">      "duty": "的萨芬",</msg>
<msg timestamp="20200417 15:24:16.229" level="INFO">      "description": "阿斯顿发生啊撒打发",</msg>
<msg timestamp="20200417 15:24:16.229" level="INFO">      "columnID": 0,</msg>
<msg timestamp="20200417 15:24:16.229" level="INFO">      "groupID": 0</msg>
<msg timestamp="20200417 15:24:16.229" level="INFO">    }</msg>
<msg timestamp="20200417 15:24:16.229" level="INFO">  ]</msg>
<msg timestamp="20200417 15:24:16.229" level="INFO">}</msg>
<msg timestamp="20200417 15:24:16.229" level="INFO">d:\python\lib\site-packages\urllib3\connectionpool.py:851: InsecureRequestWarning: Unverified HTTPS request is being made. Adding certificate verification is strongly advised. See: https://urllib3.readthedocs.io/en/latest/advanced-usage.html#ssl-warnings
  InsecureRequestWarning)</msg>
<status status="PASS" starttime="20200417 15:24:15.982" endtime="20200417 15:24:16.230"></status>
</kw>
<kw name="Fapi Data To Object" library="FATL">
<doc>Convert Fapi response content to python object</doc>
<assign>
<var>${data}</var>
</assign>
<msg timestamp="20200417 15:24:16.230" level="INFO">${data} = [&lt;FATL.Json2Object.Dict2Object object at 0x0000018A0F56DC50&gt;, &lt;FATL.Json2Object.Dict2Object object at 0x0000018A0F56DCC0&gt;, &lt;FATL.Json2Object.Dict2Object object at 0x0000018A0F56DCF8&gt;, &lt;FATL.Json2Objec...</msg>
<status status="PASS" starttime="20200417 15:24:16.230" endtime="20200417 15:24:16.231"></status>
</kw>
<kw name="Set Suite Variable" library="BuiltIn">
<doc>Makes a variable available everywhere within the scope of the current suite.</doc>
<arguments>
<arg>${response_data}</arg>
<arg>${data}</arg>
</arguments>
<msg timestamp="20200417 15:24:16.232" level="INFO">${response_data} = [&lt;FATL.Json2Object.Dict2Object object at 0x0000018A0F56DC50&gt;, &lt;FATL.Json2Object.Dict2Object object at 0x0000018A0F56DCC0&gt;, &lt;FATL.Json2Object.Dict2Object object at 0x0000018A0F56DCF8&gt;, &lt;FATL.Json2Objec...</msg>
<status status="PASS" starttime="20200417 15:24:16.231" endtime="20200417 15:24:16.232"></status>
</kw>
<status status="PASS" starttime="20200417 15:24:15.981" endtime="20200417 15:24:16.232"></status>
</kw>
<kw name="Should Be Equal As Strings" library="BuiltIn">
<doc>Fails if objects are unequal after converting them to strings.</doc>
<arguments>
<arg>${response_data[0].name}</arg>
<arg>${RESULT}</arg>
</arguments>
<status status="PASS" starttime="20200417 15:24:16.233" endtime="20200417 15:24:16.233"></status>
</kw>
<tags>
<tag>作者：张鹏</tag>
<tag>冒烟集-新福建App</tag>
<tag>地区人物列表/人物（张进）</tag>
</tags>
<status status="PASS" starttime="20200417 15:24:15.975" endtime="20200417 15:24:16.234" critical="yes"></status>
</test>
<test id="s1-t2" name="地区分类下无人物信息,接口返回为空状态码为-1">
<kw name="Region Leader View" library="LeaderCommon">
<doc>地区人物列表</doc>
<arguments>
<arg>${REGIONID1}</arg>
</arguments>
<kw name="Fapi Params Set" library="FATL">
<doc>Adds the given ``key_value_pairs`` and ``items`` to HTTP request parameters.</doc>
<arguments>
<arg>regionID</arg>
<arg>${regionid}</arg>
<arg>siteId</arg>
<arg>${siteid}</arg>
<arg>curVersions</arg>
<arg>${CURVERSIONS}</arg>
</arguments>
<status status="PASS" starttime="20200417 15:24:16.240" endtime="20200417 15:24:16.240"></status>
</kw>
<kw name="Fapi Get" library="FATL">
<doc>Send a GET request on the session object found using the
given `alias`</doc>
<arguments>
<arg>${APPIF_ALIAS}</arg>
<arg>${REGIONLEADERVIEW_URI}</arg>
</arguments>
<msg timestamp="20200417 15:24:16.287" level="INFO">Get Request using : alias=appif, uri=/regionleaderView, headers={'APITEST': '1'} json=None</msg>
<msg timestamp="20200417 15:24:16.287" level="INFO">JSON string is : {</msg>
<msg timestamp="20200417 15:24:16.287" level="INFO">  "status": -1,</msg>
<msg timestamp="20200417 15:24:16.287" level="INFO">  "message": "Your server has down or target user not exist !",</msg>
<msg timestamp="20200417 15:24:16.287" level="INFO">  "data": {}</msg>
<msg timestamp="20200417 15:24:16.287" level="INFO">}</msg>
<msg timestamp="20200417 15:24:16.287" level="INFO">d:\python\lib\site-packages\urllib3\connectionpool.py:851: InsecureRequestWarning: Unverified HTTPS request is being made. Adding certificate verification is strongly advised. See: https://urllib3.readthedocs.io/en/latest/advanced-usage.html#ssl-warnings
  InsecureRequestWarning)</msg>
<status status="PASS" starttime="20200417 15:24:16.240" endtime="20200417 15:24:16.288"></status>
</kw>
<kw name="Fapi Data To Object" library="FATL">
<doc>Convert Fapi response content to python object</doc>
<assign>
<var>${data}</var>
</assign>
<msg timestamp="20200417 15:24:16.288" level="INFO">${data} = &lt;FATL.Json2Object.Dict2Object object at 0x0000018A0F56D748&gt;</msg>
<status status="PASS" starttime="20200417 15:24:16.288" endtime="20200417 15:24:16.289"></status>
</kw>
<kw name="Set Suite Variable" library="BuiltIn">
<doc>Makes a variable available everywhere within the scope of the current suite.</doc>
<arguments>
<arg>${response_data}</arg>
<arg>${data}</arg>
</arguments>
<msg timestamp="20200417 15:24:16.289" level="INFO">${response_data} = &lt;FATL.Json2Object.Dict2Object object at 0x0000018A0F56D748&gt;</msg>
<status status="PASS" starttime="20200417 15:24:16.289" endtime="20200417 15:24:16.289"></status>
</kw>
<status status="PASS" starttime="20200417 15:24:16.239" endtime="20200417 15:24:16.289"></status>
</kw>
<kw name="Fapi Status Should Be" library="FATL">
<doc>Fapi response status code should be equal to the `expectedCode`</doc>
<arguments>
<arg>${STATUS}</arg>
</arguments>
<msg timestamp="20200417 15:24:16.290" level="INFO">Actual status code is: -1</msg>
<status status="PASS" starttime="20200417 15:24:16.290" endtime="20200417 15:24:16.291"></status>
</kw>
<tags>
<tag>作者：张鹏</tag>
<tag>冒烟集-新福建App</tag>
<tag>地区人物列表/人物（张进）</tag>
</tags>
<status status="PASS" starttime="20200417 15:24:16.236" endtime="20200417 15:24:16.291" critical="yes"></status>
</test>
<kw name="Fapi Delete All Sessions" library="FATL" type="teardown">
<doc>Removes all the session objects</doc>
<msg timestamp="20200417 15:24:16.294" level="INFO">Delete All Sessions</msg>
<status status="PASS" starttime="20200417 15:24:16.293" endtime="20200417 15:24:16.294"></status>
</kw>
<doc>地区人物列表</doc>
<status status="PASS" starttime="20200417 15:24:15.480" endtime="20200417 15:24:16.294"></status>
</suite>
<statistics>
<total>
<stat pass="2" fail="0">Critical Tests</stat>
<stat pass="2" fail="0">All Tests</stat>
</total>
<tag>
<stat pass="2" fail="0">作者：张鹏</stat>
<stat pass="2" fail="0">冒烟集-新福建App</stat>
<stat pass="2" fail="0">地区人物列表/人物（张进）</stat>
</tag>
<suite>
<stat pass="2" fail="0" id="s1" name="RegionLeaderView">RegionLeaderView</stat>
</suite>
</statistics>
<errors>
<msg timestamp="20200417 15:24:15.513" level="ERROR">Error in file 'D:\XFJ\API\App_Leader\LeaderCommon.robot': Non-existing setting 'Force Tags'.</msg>
<msg timestamp="20200417 15:24:15.514" level="ERROR">Error in file 'D:\XFJ\API\App_Leader\LeaderCommon.robot': Non-existing setting '...'.</msg>
</errors>
</robot>
