<?xml version="1.0" encoding="UTF-8"?>
<robot generator="Robot 3.1.1 (Python 3.6.5 on win32)" generated="20200417 14:46:31.202" rpa="false">
<suite id="s1" name="Tipoff" source="D:\XFJ\API\App_Interact\Tipoff.robot">
<kw name="Create Session Common" library="Common" type="setup">
<kw name="Fapi Create Session" library="FATL">
<doc>Fapi Create Session: create a HTTP session to a server</doc>
<arguments>
<arg>${APPIF_ALIAS}</arg>
<arg>${APPIF_URL}</arg>
</arguments>
<msg timestamp="20200417 14:46:31.731" level="INFO">Creating Session using : alias=appif, url=https://api1.fjdaily.com/app_if, headers={'APITEST': '1'},                     cookies=None, auth=None, timeout=None, proxies=None, verify=False,                     debug=0 </msg>
<status status="PASS" starttime="20200417 14:46:31.731" endtime="20200417 14:46:31.732"></status>
</kw>
<status status="PASS" starttime="20200417 14:46:31.730" endtime="20200417 14:46:31.732"></status>
</kw>
<test id="s1-t1" name="匿名提交报料不上传附件，接口返回成功在后台可以查看提交的报料信息">
<kw name="Sleep" library="BuiltIn">
<doc>Pauses the test executed for the given time.</doc>
<arguments>
<arg>2</arg>
</arguments>
<msg timestamp="20200417 14:46:33.741" level="INFO">Slept 2 seconds</msg>
<status status="PASS" starttime="20200417 14:46:31.739" endtime="20200417 14:46:33.741"></status>
</kw>
<kw name="Tipoff" library="InteractCommon">
<doc>提交报料</doc>
<arguments>
<arg>${EMPTY}</arg>
<arg>${EMPTY}</arg>
<arg>${TOPIC}</arg>
<arg>${CONTENT}</arg>
<arg>${EMPTY}</arg>
</arguments>
<kw name="Fapi Params Set" library="FATL">
<doc>Adds the given ``key_value_pairs`` and ``items`` to HTTP request parameters.</doc>
<arguments>
<arg>curVersions</arg>
<arg>${CURVERSIONS}</arg>
</arguments>
<status status="PASS" starttime="20200417 14:46:33.743" endtime="20200417 14:46:33.743"></status>
</kw>
<kw name="Fapi Headers Set" library="FATL">
<doc>Adds the given ``key_value_pairs`` and ``items`` to HTTP request headers.</doc>
<arguments>
<arg>Content-Type</arg>
<arg>application/x-www-form-urlencoded</arg>
</arguments>
<status status="PASS" starttime="20200417 14:46:33.743" endtime="20200417 14:46:33.743"></status>
</kw>
<kw name="Create Dictionary" library="BuiltIn">
<doc>Creates and returns a dictionary based on the given ``items``.</doc>
<arguments>
<arg>siteID</arg>
<arg>${siteid}</arg>
<arg>userName</arg>
<arg>${username}</arg>
<arg>contactNo</arg>
<arg>${contactno}</arg>
<arg>topic</arg>
<arg>${topic}</arg>
<arg>content</arg>
<arg>${content}</arg>
<arg>imgUrl</arg>
<arg>${imgurl}</arg>
</arguments>
<assign>
<var>${bodyData}</var>
</assign>
<msg timestamp="20200417 14:46:33.745" level="INFO">${bodyData} = {'siteID': '1', 'userName': '', 'contactNo': '', 'topic': '客户端提交报料', 'content': '工号9527在客户端提交报料', 'imgUrl': ''}</msg>
<status status="PASS" starttime="20200417 14:46:33.744" endtime="20200417 14:46:33.745"></status>
</kw>
<kw name="Fapi Post" library="FATL">
<doc>Send a POST request on the session object found using the
given `alias`</doc>
<arguments>
<arg>${APPIF_ALIAS}</arg>
<arg>${TIPOFF_URI}</arg>
<arg>data=${bodyData}</arg>
</arguments>
<msg timestamp="20200417 14:46:35.663" level="INFO">Post Request using : alias=appif, uri=/tipoff, data=siteID=1&amp;userName=&amp;contactNo=&amp;topic=%E5%AE%A2%E6%88%B7%E7%AB%AF%E6%8F%90%E4%BA%A4%E6%8A%A5%E6%96%99&amp;content=%E5%B7%A5%E5%8F%B79527%E5%9C%A8%E5%AE%A2%E6%88%B7%E7%AB%AF%E6%8F%90%E4%BA%A4%E6%8A%A5%E6%96%99&amp;imgUrl=, headers={'APITEST': '1', 'Content-Type': 'application/x-www-form-urlencoded'}, files=None, allow_redirects=True </msg>
<msg timestamp="20200417 14:46:35.664" level="INFO">JSON string is : {</msg>
<msg timestamp="20200417 14:46:35.664" level="INFO">  "status": 0,</msg>
<msg timestamp="20200417 14:46:35.664" level="INFO">  "message": "success",</msg>
<msg timestamp="20200417 14:46:35.664" level="INFO">  "data": {</msg>
<msg timestamp="20200417 14:46:35.664" level="INFO">    "value": "true"</msg>
<msg timestamp="20200417 14:46:35.664" level="INFO">  }</msg>
<msg timestamp="20200417 14:46:35.664" level="INFO">}</msg>
<msg timestamp="20200417 14:46:35.664" level="INFO">d:\python\lib\site-packages\urllib3\connectionpool.py:851: InsecureRequestWarning: Unverified HTTPS request is being made. Adding certificate verification is strongly advised. See: https://urllib3.readthedocs.io/en/latest/advanced-usage.html#ssl-warnings
  InsecureRequestWarning)</msg>
<status status="PASS" starttime="20200417 14:46:33.745" endtime="20200417 14:46:35.664"></status>
</kw>
<kw name="Fapi Data To Object" library="FATL">
<doc>Convert Fapi response content to python object</doc>
<assign>
<var>${data}</var>
</assign>
<msg timestamp="20200417 14:46:35.665" level="INFO">${data} = &lt;FATL.Json2Object.Dict2Object object at 0x0000013299D7C080&gt;</msg>
<status status="PASS" starttime="20200417 14:46:35.665" endtime="20200417 14:46:35.665"></status>
</kw>
<kw name="Set Suite Variable" library="BuiltIn">
<doc>Makes a variable available everywhere within the scope of the current suite.</doc>
<arguments>
<arg>${response_data}</arg>
<arg>${data}</arg>
</arguments>
<msg timestamp="20200417 14:46:35.666" level="INFO">${response_data} = &lt;FATL.Json2Object.Dict2Object object at 0x0000013299D7C080&gt;</msg>
<status status="PASS" starttime="20200417 14:46:35.665" endtime="20200417 14:46:35.667"></status>
</kw>
<status status="PASS" starttime="20200417 14:46:33.742" endtime="20200417 14:46:35.667"></status>
</kw>
<kw name="Should Be Equal As Strings" library="BuiltIn">
<doc>Fails if objects are unequal after converting them to strings.</doc>
<arguments>
<arg>${response_data.value}</arg>
<arg>${RESULT}</arg>
</arguments>
<status status="PASS" starttime="20200417 14:46:35.667" endtime="20200417 14:46:35.668"></status>
</kw>
<tags>
<tag>作者：张鹏</tag>
<tag>冒烟集-新福建App</tag>
<tag>报料提交/互动其他（许雁良）</tag>
</tags>
<status status="PASS" starttime="20200417 14:46:31.732" endtime="20200417 14:46:35.668" critical="yes"></status>
</test>
<test id="s1-t2" name="匿名提交报料上传附件，接口返回成功在后台可以查看提交的报料信息">
<kw name="Sleep" library="BuiltIn">
<doc>Pauses the test executed for the given time.</doc>
<arguments>
<arg>2</arg>
</arguments>
<msg timestamp="20200417 14:46:37.677" level="INFO">Slept 2 seconds</msg>
<status status="PASS" starttime="20200417 14:46:35.675" endtime="20200417 14:46:37.677"></status>
</kw>
<kw name="Tipoff" library="InteractCommon">
<doc>提交报料</doc>
<arguments>
<arg>${EMPTY}</arg>
<arg>${EMPTY}</arg>
<arg>${TOPIC}</arg>
<arg>${CONTENT}</arg>
<arg>${IMGURL}</arg>
</arguments>
<kw name="Fapi Params Set" library="FATL">
<doc>Adds the given ``key_value_pairs`` and ``items`` to HTTP request parameters.</doc>
<arguments>
<arg>curVersions</arg>
<arg>${CURVERSIONS}</arg>
</arguments>
<status status="PASS" starttime="20200417 14:46:37.679" endtime="20200417 14:46:37.680"></status>
</kw>
<kw name="Fapi Headers Set" library="FATL">
<doc>Adds the given ``key_value_pairs`` and ``items`` to HTTP request headers.</doc>
<arguments>
<arg>Content-Type</arg>
<arg>application/x-www-form-urlencoded</arg>
</arguments>
<status status="PASS" starttime="20200417 14:46:37.680" endtime="20200417 14:46:37.681"></status>
</kw>
<kw name="Create Dictionary" library="BuiltIn">
<doc>Creates and returns a dictionary based on the given ``items``.</doc>
<arguments>
<arg>siteID</arg>
<arg>${siteid}</arg>
<arg>userName</arg>
<arg>${username}</arg>
<arg>contactNo</arg>
<arg>${contactno}</arg>
<arg>topic</arg>
<arg>${topic}</arg>
<arg>content</arg>
<arg>${content}</arg>
<arg>imgUrl</arg>
<arg>${imgurl}</arg>
</arguments>
<assign>
<var>${bodyData}</var>
</assign>
<msg timestamp="20200417 14:46:37.683" level="INFO">${bodyData} = {'siteID': '1', 'userName': '', 'contactNo': '', 'topic': '客户端提交报料', 'content': '工号9527在客户端提交报料', 'imgUrl': 'https://img1.fjdaily.com/app/resource/xy/202004/15/t2_(44X201X440X333)93576ac3-9f23-4784-94...</msg>
<status status="PASS" starttime="20200417 14:46:37.681" endtime="20200417 14:46:37.684"></status>
</kw>
<kw name="Fapi Post" library="FATL">
<doc>Send a POST request on the session object found using the
given `alias`</doc>
<arguments>
<arg>${APPIF_ALIAS}</arg>
<arg>${TIPOFF_URI}</arg>
<arg>data=${bodyData}</arg>
</arguments>
<msg timestamp="20200417 14:46:38.014" level="INFO">Post Request using : alias=appif, uri=/tipoff, data=siteID=1&amp;userName=&amp;contactNo=&amp;topic=%E5%AE%A2%E6%88%B7%E7%AB%AF%E6%8F%90%E4%BA%A4%E6%8A%A5%E6%96%99&amp;content=%E5%B7%A5%E5%8F%B79527%E5%9C%A8%E5%AE%A2%E6%88%B7%E7%AB%AF%E6%8F%90%E4%BA%A4%E6%8A%A5%E6%96%99&amp;imgUrl=https%3A%2F%2Fimg1.fjdaily.com%2Fapp%2Fresource%2Fxy%2F202004%2F15%2Ft2_%2844X201X440X333%2993576ac3-9f23-4784-9404-bac8c1fe2511.jpg, headers={'APITEST': '1', 'Content-Type': 'application/x-www-form-urlencoded'}, files=None, allow_redirects=True </msg>
<msg timestamp="20200417 14:46:38.014" level="INFO">JSON string is : {</msg>
<msg timestamp="20200417 14:46:38.014" level="INFO">  "status": 0,</msg>
<msg timestamp="20200417 14:46:38.014" level="INFO">  "message": "success",</msg>
<msg timestamp="20200417 14:46:38.014" level="INFO">  "data": {</msg>
<msg timestamp="20200417 14:46:38.014" level="INFO">    "value": "true"</msg>
<msg timestamp="20200417 14:46:38.014" level="INFO">  }</msg>
<msg timestamp="20200417 14:46:38.014" level="INFO">}</msg>
<msg timestamp="20200417 14:46:38.014" level="INFO">d:\python\lib\site-packages\urllib3\connectionpool.py:851: InsecureRequestWarning: Unverified HTTPS request is being made. Adding certificate verification is strongly advised. See: https://urllib3.readthedocs.io/en/latest/advanced-usage.html#ssl-warnings
  InsecureRequestWarning)</msg>
<status status="PASS" starttime="20200417 14:46:37.684" endtime="20200417 14:46:38.015"></status>
</kw>
<kw name="Fapi Data To Object" library="FATL">
<doc>Convert Fapi response content to python object</doc>
<assign>
<var>${data}</var>
</assign>
<msg timestamp="20200417 14:46:38.015" level="INFO">${data} = &lt;FATL.Json2Object.Dict2Object object at 0x0000013299DA8588&gt;</msg>
<status status="PASS" starttime="20200417 14:46:38.015" endtime="20200417 14:46:38.015"></status>
</kw>
<kw name="Set Suite Variable" library="BuiltIn">
<doc>Makes a variable available everywhere within the scope of the current suite.</doc>
<arguments>
<arg>${response_data}</arg>
<arg>${data}</arg>
</arguments>
<msg timestamp="20200417 14:46:38.016" level="INFO">${response_data} = &lt;FATL.Json2Object.Dict2Object object at 0x0000013299DA8588&gt;</msg>
<status status="PASS" starttime="20200417 14:46:38.016" endtime="20200417 14:46:38.016"></status>
</kw>
<status status="PASS" starttime="20200417 14:46:37.678" endtime="20200417 14:46:38.016"></status>
</kw>
<kw name="Should Be Equal As Strings" library="BuiltIn">
<doc>Fails if objects are unequal after converting them to strings.</doc>
<arguments>
<arg>${response_data.value}</arg>
<arg>${RESULT}</arg>
</arguments>
<status status="PASS" starttime="20200417 14:46:38.017" endtime="20200417 14:46:38.017"></status>
</kw>
<tags>
<tag>作者：张鹏</tag>
<tag>冒烟集-新福建App</tag>
<tag>报料提交/互动其他（许雁良）</tag>
</tags>
<status status="PASS" starttime="20200417 14:46:35.670" endtime="20200417 14:46:38.018" critical="yes"></status>
</test>
<test id="s1-t3" name="实名提交报料不上传附件，接口返回成功在后台可以查看提交的报料信息">
<kw name="Sleep" library="BuiltIn">
<doc>Pauses the test executed for the given time.</doc>
<arguments>
<arg>2</arg>
</arguments>
<msg timestamp="20200417 14:46:40.025" level="INFO">Slept 2 seconds</msg>
<status status="PASS" starttime="20200417 14:46:38.024" endtime="20200417 14:46:40.025"></status>
</kw>
<kw name="Tipoff" library="InteractCommon">
<doc>提交报料</doc>
<arguments>
<arg>${USERNAME}</arg>
<arg>${CONTACTNO}</arg>
<arg>${TOPIC}</arg>
<arg>${CONTENT}</arg>
<arg>${EMPTY}</arg>
</arguments>
<kw name="Fapi Params Set" library="FATL">
<doc>Adds the given ``key_value_pairs`` and ``items`` to HTTP request parameters.</doc>
<arguments>
<arg>curVersions</arg>
<arg>${CURVERSIONS}</arg>
</arguments>
<status status="PASS" starttime="20200417 14:46:40.027" endtime="20200417 14:46:40.027"></status>
</kw>
<kw name="Fapi Headers Set" library="FATL">
<doc>Adds the given ``key_value_pairs`` and ``items`` to HTTP request headers.</doc>
<arguments>
<arg>Content-Type</arg>
<arg>application/x-www-form-urlencoded</arg>
</arguments>
<status status="PASS" starttime="20200417 14:46:40.027" endtime="20200417 14:46:40.027"></status>
</kw>
<kw name="Create Dictionary" library="BuiltIn">
<doc>Creates and returns a dictionary based on the given ``items``.</doc>
<arguments>
<arg>siteID</arg>
<arg>${siteid}</arg>
<arg>userName</arg>
<arg>${username}</arg>
<arg>contactNo</arg>
<arg>${contactno}</arg>
<arg>topic</arg>
<arg>${topic}</arg>
<arg>content</arg>
<arg>${content}</arg>
<arg>imgUrl</arg>
<arg>${imgurl}</arg>
</arguments>
<assign>
<var>${bodyData}</var>
</assign>
<msg timestamp="20200417 14:46:40.029" level="INFO">${bodyData} = {'siteID': '1', 'userName': '工号9527', 'contactNo': '13645396666', 'topic': '客户端提交报料', 'content': '工号9527在客户端提交报料', 'imgUrl': ''}</msg>
<status status="PASS" starttime="20200417 14:46:40.028" endtime="20200417 14:46:40.029"></status>
</kw>
<kw name="Fapi Post" library="FATL">
<doc>Send a POST request on the session object found using the
given `alias`</doc>
<arguments>
<arg>${APPIF_ALIAS}</arg>
<arg>${TIPOFF_URI}</arg>
<arg>data=${bodyData}</arg>
</arguments>
<msg timestamp="20200417 14:46:40.616" level="INFO">Post Request using : alias=appif, uri=/tipoff, data=siteID=1&amp;userName=%E5%B7%A5%E5%8F%B79527&amp;contactNo=13645396666&amp;topic=%E5%AE%A2%E6%88%B7%E7%AB%AF%E6%8F%90%E4%BA%A4%E6%8A%A5%E6%96%99&amp;content=%E5%B7%A5%E5%8F%B79527%E5%9C%A8%E5%AE%A2%E6%88%B7%E7%AB%AF%E6%8F%90%E4%BA%A4%E6%8A%A5%E6%96%99&amp;imgUrl=, headers={'APITEST': '1', 'Content-Type': 'application/x-www-form-urlencoded'}, files=None, allow_redirects=True </msg>
<msg timestamp="20200417 14:46:40.616" level="INFO">JSON string is : {</msg>
<msg timestamp="20200417 14:46:40.616" level="INFO">  "status": 0,</msg>
<msg timestamp="20200417 14:46:40.616" level="INFO">  "message": "success",</msg>
<msg timestamp="20200417 14:46:40.616" level="INFO">  "data": {</msg>
<msg timestamp="20200417 14:46:40.616" level="INFO">    "value": "true"</msg>
<msg timestamp="20200417 14:46:40.616" level="INFO">  }</msg>
<msg timestamp="20200417 14:46:40.617" level="INFO">}</msg>
<msg timestamp="20200417 14:46:40.617" level="INFO">d:\python\lib\site-packages\urllib3\connectionpool.py:851: InsecureRequestWarning: Unverified HTTPS request is being made. Adding certificate verification is strongly advised. See: https://urllib3.readthedocs.io/en/latest/advanced-usage.html#ssl-warnings
  InsecureRequestWarning)</msg>
<status status="PASS" starttime="20200417 14:46:40.029" endtime="20200417 14:46:40.617"></status>
</kw>
<kw name="Fapi Data To Object" library="FATL">
<doc>Convert Fapi response content to python object</doc>
<assign>
<var>${data}</var>
</assign>
<msg timestamp="20200417 14:46:40.618" level="INFO">${data} = &lt;FATL.Json2Object.Dict2Object object at 0x0000013299DFEFD0&gt;</msg>
<status status="PASS" starttime="20200417 14:46:40.617" endtime="20200417 14:46:40.618"></status>
</kw>
<kw name="Set Suite Variable" library="BuiltIn">
<doc>Makes a variable available everywhere within the scope of the current suite.</doc>
<arguments>
<arg>${response_data}</arg>
<arg>${data}</arg>
</arguments>
<msg timestamp="20200417 14:46:40.618" level="INFO">${response_data} = &lt;FATL.Json2Object.Dict2Object object at 0x0000013299DFEFD0&gt;</msg>
<status status="PASS" starttime="20200417 14:46:40.618" endtime="20200417 14:46:40.618"></status>
</kw>
<status status="PASS" starttime="20200417 14:46:40.026" endtime="20200417 14:46:40.619"></status>
</kw>
<kw name="Should Be Equal As Strings" library="BuiltIn">
<doc>Fails if objects are unequal after converting them to strings.</doc>
<arguments>
<arg>${response_data.value}</arg>
<arg>${RESULT}</arg>
</arguments>
<status status="PASS" starttime="20200417 14:46:40.619" endtime="20200417 14:46:40.620"></status>
</kw>
<tags>
<tag>作者：张鹏</tag>
<tag>冒烟集-新福建App</tag>
<tag>报料提交/互动其他（许雁良）</tag>
</tags>
<status status="PASS" starttime="20200417 14:46:38.019" endtime="20200417 14:46:40.620" critical="yes"></status>
</test>
<test id="s1-t4" name="实名提交报料上传附件，接口返回成功在后台可以查看提交的报料信息">
<kw name="Sleep" library="BuiltIn">
<doc>Pauses the test executed for the given time.</doc>
<arguments>
<arg>2</arg>
</arguments>
<msg timestamp="20200417 14:46:42.627" level="INFO">Slept 2 seconds</msg>
<status status="PASS" starttime="20200417 14:46:40.626" endtime="20200417 14:46:42.627"></status>
</kw>
<kw name="Tipoff" library="InteractCommon">
<doc>提交报料</doc>
<arguments>
<arg>${USERNAME}</arg>
<arg>${CONTACTNO}</arg>
<arg>${TOPIC}</arg>
<arg>${CONTENT}</arg>
<arg>${IMGURL}</arg>
</arguments>
<kw name="Fapi Params Set" library="FATL">
<doc>Adds the given ``key_value_pairs`` and ``items`` to HTTP request parameters.</doc>
<arguments>
<arg>curVersions</arg>
<arg>${CURVERSIONS}</arg>
</arguments>
<status status="PASS" starttime="20200417 14:46:42.629" endtime="20200417 14:46:42.629"></status>
</kw>
<kw name="Fapi Headers Set" library="FATL">
<doc>Adds the given ``key_value_pairs`` and ``items`` to HTTP request headers.</doc>
<arguments>
<arg>Content-Type</arg>
<arg>application/x-www-form-urlencoded</arg>
</arguments>
<status status="PASS" starttime="20200417 14:46:42.629" endtime="20200417 14:46:42.629"></status>
</kw>
<kw name="Create Dictionary" library="BuiltIn">
<doc>Creates and returns a dictionary based on the given ``items``.</doc>
<arguments>
<arg>siteID</arg>
<arg>${siteid}</arg>
<arg>userName</arg>
<arg>${username}</arg>
<arg>contactNo</arg>
<arg>${contactno}</arg>
<arg>topic</arg>
<arg>${topic}</arg>
<arg>content</arg>
<arg>${content}</arg>
<arg>imgUrl</arg>
<arg>${imgurl}</arg>
</arguments>
<assign>
<var>${bodyData}</var>
</assign>
<msg timestamp="20200417 14:46:42.630" level="INFO">${bodyData} = {'siteID': '1', 'userName': '工号9527', 'contactNo': '13645396666', 'topic': '客户端提交报料', 'content': '工号9527在客户端提交报料', 'imgUrl': 'https://img1.fjdaily.com/app/resource/xy/202004/15/t2_(44X201X440X333)9357...</msg>
<status status="PASS" starttime="20200417 14:46:42.630" endtime="20200417 14:46:42.631"></status>
</kw>
<kw name="Fapi Post" library="FATL">
<doc>Send a POST request on the session object found using the
given `alias`</doc>
<arguments>
<arg>${APPIF_ALIAS}</arg>
<arg>${TIPOFF_URI}</arg>
<arg>data=${bodyData}</arg>
</arguments>
<msg timestamp="20200417 14:46:42.673" level="INFO">Post Request using : alias=appif, uri=/tipoff, data=siteID=1&amp;userName=%E5%B7%A5%E5%8F%B79527&amp;contactNo=13645396666&amp;topic=%E5%AE%A2%E6%88%B7%E7%AB%AF%E6%8F%90%E4%BA%A4%E6%8A%A5%E6%96%99&amp;content=%E5%B7%A5%E5%8F%B79527%E5%9C%A8%E5%AE%A2%E6%88%B7%E7%AB%AF%E6%8F%90%E4%BA%A4%E6%8A%A5%E6%96%99&amp;imgUrl=https%3A%2F%2Fimg1.fjdaily.com%2Fapp%2Fresource%2Fxy%2F202004%2F15%2Ft2_%2844X201X440X333%2993576ac3-9f23-4784-9404-bac8c1fe2511.jpg, headers={'APITEST': '1', 'Content-Type': 'application/x-www-form-urlencoded'}, files=None, allow_redirects=True </msg>
<msg timestamp="20200417 14:46:42.674" level="INFO">JSON string is : {</msg>
<msg timestamp="20200417 14:46:42.674" level="INFO">  "status": 0,</msg>
<msg timestamp="20200417 14:46:42.674" level="INFO">  "message": "success",</msg>
<msg timestamp="20200417 14:46:42.674" level="INFO">  "data": {</msg>
<msg timestamp="20200417 14:46:42.674" level="INFO">    "value": "true"</msg>
<msg timestamp="20200417 14:46:42.674" level="INFO">  }</msg>
<msg timestamp="20200417 14:46:42.674" level="INFO">}</msg>
<msg timestamp="20200417 14:46:42.674" level="INFO">d:\python\lib\site-packages\urllib3\connectionpool.py:851: InsecureRequestWarning: Unverified HTTPS request is being made. Adding certificate verification is strongly advised. See: https://urllib3.readthedocs.io/en/latest/advanced-usage.html#ssl-warnings
  InsecureRequestWarning)</msg>
<status status="PASS" starttime="20200417 14:46:42.631" endtime="20200417 14:46:42.674"></status>
</kw>
<kw name="Fapi Data To Object" library="FATL">
<doc>Convert Fapi response content to python object</doc>
<assign>
<var>${data}</var>
</assign>
<msg timestamp="20200417 14:46:42.675" level="INFO">${data} = &lt;FATL.Json2Object.Dict2Object object at 0x0000013299DFEE48&gt;</msg>
<status status="PASS" starttime="20200417 14:46:42.675" endtime="20200417 14:46:42.675"></status>
</kw>
<kw name="Set Suite Variable" library="BuiltIn">
<doc>Makes a variable available everywhere within the scope of the current suite.</doc>
<arguments>
<arg>${response_data}</arg>
<arg>${data}</arg>
</arguments>
<msg timestamp="20200417 14:46:42.676" level="INFO">${response_data} = &lt;FATL.Json2Object.Dict2Object object at 0x0000013299DFEE48&gt;</msg>
<status status="PASS" starttime="20200417 14:46:42.675" endtime="20200417 14:46:42.676"></status>
</kw>
<status status="PASS" starttime="20200417 14:46:42.628" endtime="20200417 14:46:42.676"></status>
</kw>
<kw name="Should Be Equal As Strings" library="BuiltIn">
<doc>Fails if objects are unequal after converting them to strings.</doc>
<arguments>
<arg>${response_data.value}</arg>
<arg>${RESULT}</arg>
</arguments>
<status status="PASS" starttime="20200417 14:46:42.676" endtime="20200417 14:46:42.677"></status>
</kw>
<tags>
<tag>作者：张鹏</tag>
<tag>冒烟集-新福建App</tag>
<tag>报料提交/互动其他（许雁良）</tag>
</tags>
<status status="PASS" starttime="20200417 14:46:40.621" endtime="20200417 14:46:42.678" critical="yes"></status>
</test>
<kw name="Fapi Delete All Sessions" library="FATL" type="teardown">
<doc>Removes all the session objects</doc>
<msg timestamp="20200417 14:46:42.680" level="INFO">Delete All Sessions</msg>
<status status="PASS" starttime="20200417 14:46:42.680" endtime="20200417 14:46:42.680"></status>
</kw>
<doc>报料提交</doc>
<status status="PASS" starttime="20200417 14:46:31.205" endtime="20200417 14:46:42.681"></status>
</suite>
<statistics>
<total>
<stat pass="4" fail="0">Critical Tests</stat>
<stat pass="4" fail="0">All Tests</stat>
</total>
<tag>
<stat pass="4" fail="0">作者：张鹏</stat>
<stat pass="4" fail="0">冒烟集-新福建App</stat>
<stat pass="4" fail="0">报料提交/互动其他（许雁良）</stat>
</tag>
<suite>
<stat pass="4" fail="0" id="s1" name="Tipoff">Tipoff</stat>
</suite>
</statistics>
<errors>
<msg timestamp="20200417 14:46:31.235" level="ERROR">Error in file 'D:\XFJ\API\App_Interact\InteractCommon.robot': Non-existing setting 'Force Tags'.</msg>
<msg timestamp="20200417 14:46:31.236" level="ERROR">Error in file 'D:\XFJ\API\App_Interact\InteractCommon.robot': Non-existing setting '...'.</msg>
</errors>
</robot>
