<?xml version="1.0" encoding="UTF-8"?>
<robot generator="Robot 3.1.1 (Python 3.6.5 on win32)" generated="20200326 14:53:05.106" rpa="false">
<suite id="s1" name="GetColumns" source="D:\XFJ\API\App_Column\GetColumns.robot">
<kw name="Create Session Common" library="Common" type="setup">
<kw name="Fapi Create Session" library="FATL">
<doc>Fapi Create Session: create a HTTP session to a server</doc>
<arguments>
<arg>${APPIF_ALIAS}</arg>
<arg>${APPIF_URL}</arg>
</arguments>
<msg timestamp="20200326 14:53:05.631" level="INFO">Creating Session using : alias=appif, url=http://218.66.59.25:3082/app_if, headers={'APITEST': '1'},                     cookies=None, auth=None, timeout=None, proxies=None, verify=False,                     debug=0 </msg>
<status status="PASS" starttime="20200326 14:53:05.631" endtime="20200326 14:53:05.632"></status>
</kw>
<status status="PASS" starttime="20200326 14:53:05.630" endtime="20200326 14:53:05.632"></status>
</kw>
<test id="s1-t1" name="读取所有栏目数据">
<kw name="Get Columns" library="Column_Common">
<doc>获取栏目数据接口</doc>
<arguments>
<arg>${ID}</arg>
</arguments>
<kw name="Fapi Params Set" library="FATL">
<doc>Adds the given ``key_value_pairs`` and ``items`` to HTTP request parameters.</doc>
<arguments>
<arg>parentColumnId</arg>
<arg>${parentcolumnid}</arg>
<arg>siteId</arg>
<arg>${siteid}</arg>
<arg>curVersions</arg>
<arg>${CURVERSIONS}</arg>
</arguments>
<status status="PASS" starttime="20200326 14:53:05.634" endtime="20200326 14:53:05.635"></status>
</kw>
<kw name="Fapi Get" library="FATL">
<doc>Send a GET request on the session object found using the
given `alias`</doc>
<arguments>
<arg>${APPIF_ALIAS}</arg>
<arg>${GETCOLUMNS_URI}</arg>
</arguments>
<msg timestamp="20200326 14:53:45.399" level="INFO">Get Request using : alias=appif, uri=/getColumns, headers={'APITEST': '1'} json=None</msg>
<msg timestamp="20200326 14:53:45.400" level="INFO">JSON string is : {</msg>
<msg timestamp="20200326 14:53:45.400" level="INFO">  "status": 0,</msg>
<msg timestamp="20200326 14:53:45.400" level="INFO">  "message": "success",</msg>
<msg timestamp="20200326 14:53:45.401" level="INFO">  "data": {</msg>
<msg timestamp="20200326 14:53:45.401" level="INFO">    "version": 1584528481000,</msg>
<msg timestamp="20200326 14:53:45.401" level="INFO">    "columns": [</msg>
<msg timestamp="20200326 14:53:45.401" level="INFO">      {</msg>
<msg timestamp="20200326 14:53:45.401" level="INFO">        "isdelete": 0,</msg>
<msg timestamp="20200326 14:53:45.401" level="INFO">        "level": 0,</msg>
<msg timestamp="20200326 14:53:45.401" level="INFO">        "columnLevel": 0,</msg>
<msg timestamp="20200326 14:53:45.401" level="INFO">        "columnId": 1,</msg>
<msg timestamp="20200326 14:53:45.401" level="INFO">        "columnID": 1,</msg>
<msg timestamp="20200326 14:53:45.401" level="INFO">        "columnName": "首页",</msg>
<msg timestamp="20200326 14:53:45.401" level="INFO">        "topCount": 0,</msg>
<msg timestamp="20200326 14:53:45.401" level="INFO">        "phoneIcon": "http://218.66.59.25:3083/app/resource/202003/16/346de68c-715a-4342-869c-9c35f0a0bf8f.png",</msg>
<msg timestamp="20200326 14:53:45.401" level="INFO">        "padIcon": "http://218.66.59.25:3083/app/resource/202003/16/32d717c5-b2cc-43cf-867d-768cd1718d3b.png",</msg>
<msg timestamp="20200326 14:53:45.401" level="INFO">        "orderId": 1,</msg>
<msg timestamp="20200326 14:53:45.401" level="INFO">        "keyword": "",</msg>
<msg timestamp="20200326 14:53:45.401" level="INFO">        "description": "2月7日0-24时，福建省报告新增新型冠状病毒肺炎确诊病例15例。",</msg>
<msg timestamp="20200326 14:53:45.401" level="INFO">        "linkUrl": "",</msg>
<msg timestamp="20200326 14:53:45.401" level="INFO">        "isForbidden": false,</msg>
<msg timestamp="20200326 14:53:45.401" level="INFO">        "casNames": "首页",</msg>
<msg timestamp="20200326 14:53:45.401" level="INFO">        "rssCount": 0,</msg>
<msg timestamp="20200326 14:53:45.401" level="INFO">        "appFixed": 0,</msg>
<msg timestamp="20200326 14:53:45.401" level="INFO">        "appShow": 1,</msg>
<msg timestamp="20200326 14:53:45.402" level="INFO">        "synXCX": 0,</msg>
<msg timestamp="20200326 14:53:45.402" level="INFO">        "isScreen": 0,</msg>
<msg timestamp="20200326 14:53:45.402" level="INFO">        "columnType": "4003",</msg>
<msg timestamp="20200326 14:53:45.402" level="INFO">        "columnStyle": "227",</msg>
<msg timestamp="20200326 14:53:45.402" level="INFO">        "showReadCount": 0,</msg>
<msg timestamp="20200326 14:53:45.402" level="INFO">        "showPubTime": 0,</msg>
<msg timestamp="20200326 14:53:45.402" level="INFO">        "showPraiseCount": 0,</msg>
<msg timestamp="20200326 14:53:45.402" level="INFO">        "showDiscussCount": 0,</msg>
<msg timestamp="20200326 14:53:45.402" level="INFO">        "showStyle": 0,</msg>
<msg timestamp="20200326 14:53:45.402" level="INFO">        "topPic": "",</msg>
<msg timestamp="20200326 14:53:45.402" level="INFO">        "showCard": 0,</msg>
<msg timestamp="20200326 14:53:45.402" level="INFO">        "cardUrl": "",</msg>
<msg timestamp="20200326 14:53:45.402" level="INFO">        "showColumnPad": 0,</msg>
<msg timestamp="20200326 14:53:45.402" level="INFO">        "onlyShowPad": 0,</msg>
<msg timestamp="20200326 14:53:45.402" level="INFO">        "showReadCountPad": 0,</msg>
<msg timestamp="20200326 14:53:45.402" level="INFO">        "showPubTimePad": 0,</msg>
<msg timestamp="20200326 14:53:45.402" level="INFO">        "showPraiseCountPad": 0,</msg>
<msg timestamp="20200326 14:53:45.402" level="INFO">        "showDiscussCountPad": 0,</msg>
<msg timestamp="20200326 14:53:45.402" level="INFO">        "showStylePad": 0,</msg>
<msg timestamp="20200326 14:53:45.402" level="INFO">        "topPicPad": "",</msg>
<msg timestamp="20200326 14:53:45.403" level="INFO">        "showCardPad": 0,</msg>
<msg timestamp="20200326 14:53:45.403" level="INFO">        "cardUrlPad": "",</msg>
<msg timestamp="20200326 14:53:45.403" level="INFO">        "topCountPad": 0,</msg>
<msg timestamp="20200326 14:53:45.403" level="INFO">        "showMoreTipPad": 0,</msg>
<msg timestamp="20200326 14:53:45.403" level="INFO">        "appTypePadID": "",</msg>
<msg timestamp="20200326 14:53:45.403" level="INFO">        "appTypePad": "",</msg>
<msg timestamp="20200326 14:53:45.403" level="INFO">        "timeAxisIconPad": "",</msg>
<msg timestamp="20200326 14:53:45.403" level="INFO">        "timeAxisColorPad": "",</msg>
<msg timestamp="20200326 14:53:45.403" level="INFO">        "iconPad": "",</msg>
<msg timestamp="20200326 14:53:45.403" level="INFO">        "isIncomPad": 0,</msg>
<msg timestamp="20200326 14:53:45.403" level="INFO">        "hasExtField": 0,</msg>
<msg timestamp="20200326 14:53:45.403" level="INFO">        "iconBigType": 0,</msg>
<msg timestamp="20200326 14:53:45.403" level="INFO">        "aggId": 0,</msg>
<msg timestamp="20200326 14:53:45.403" level="INFO">        "appNormal": -2147483648</msg>
<msg timestamp="20200326 14:53:45.403" level="INFO">      },</msg>
<msg timestamp="20200326 14:53:45.403" level="INFO">      {</msg>
<msg timestamp="20200326 14:53:45.403" level="INFO">        "isdelete": 0,</msg>
<msg timestamp="20200326 14:53:45.403" level="INFO">        "level": 0,</msg>
<msg timestamp="20200326 14:53:45.403" level="INFO">        "columnLevel": 0,</msg>
<msg timestamp="20200326 14:53:45.403" level="INFO">        "columnId": 8,</msg>
<msg timestamp="20200326 14:53:45.403" level="INFO">        "columnID": 8,</msg>
<msg timestamp="20200326 14:53:45.404" level="INFO">        "columnName": "福建号",</msg>
<msg timestamp="20200326 14:53:45.404" level="INFO">        "topCount": 0,</msg>
<msg timestamp="20200326 14:53:45.404" level="INFO">        "phoneIcon": "",</msg>
<msg timestamp="20200326 14:53:45.404" level="INFO">        "padIcon": "",</msg>
<msg timestamp="20200326 14:53:45.404" level="INFO">        "orderId": 2,</msg>
<msg timestamp="20200326 14:53:45.404" level="INFO">        "keyword": "",</msg>
<msg timestamp="20200326 14:53:45.404" level="INFO">        "description": "",</msg>
<msg timestamp="20200326 14:53:45.404" level="INFO">        "linkUrl": "",</msg>
<msg timestamp="20200326 14:53:45.404" level="INFO">        "isForbidden": false,</msg>
<msg timestamp="20200326 14:53:45.404" level="INFO">        "casNames": "福建号",</msg>
<msg timestamp="20200326 14:53:45.404" level="INFO">        "rssCount": 0,</msg>
<msg timestamp="20200326 14:53:45.404" level="INFO">        "appFixed": 0,</msg>
<msg timestamp="20200326 14:53:45.404" level="INFO">        "appShow": 1,</msg>
<msg timestamp="20200326 14:53:45.404" level="INFO">        "synXCX": 0,</msg>
<msg timestamp="20200326 14:53:45.404" level="INFO">        "isScreen": 0,</msg>
<msg timestamp="20200326 14:53:45.404" level="INFO">        "columnType": "4003",</msg>
<msg timestamp="20200326 14:53:45.404" level="INFO">        "columnStyle": "410",</msg>
<msg timestamp="20200326 14:53:45.405" level="INFO">        "showReadCount": 0,</msg>
<msg timestamp="20200326 14:53:45.405" level="INFO">        "showPubTime": 0,</msg>
<msg timestamp="20200326 14:53:45.405" level="INFO">        "showPraiseCount": 0,</msg>
<msg timestamp="20200326 14:53:45.405" level="INFO">        "showDiscussCount": 0,</msg>
<msg timestamp="20200326 14:53:45.405" level="INFO">        "showStyle": 0,</msg>
<msg timestamp="20200326 14:53:45.405" level="INFO">        "topPic": "",</msg>
<msg timestamp="20200326 14:53:45.405" level="INFO">        "showCard": 0,</msg>
<msg timestamp="20200326 14:53:45.405" level="INFO">        "cardUrl": "",</msg>
<msg timestamp="20200326 14:53:45.405" level="INFO">        "showColumnPad": 0,</msg>
<msg timestamp="20200326 14:53:45.405" level="INFO">        "onlyShowPad": 0,</msg>
<msg timestamp="20200326 14:53:45.405" level="INFO">        "showReadCountPad": 0,</msg>
<msg timestamp="20200326 14:53:45.405" level="INFO">        "showPubTimePad": 0,</msg>
<msg timestamp="20200326 14:53:45.405" level="INFO">        "showPraiseCountPad": 0,</msg>
<msg timestamp="20200326 14:53:45.405" level="INFO">        "showDiscussCountPad": 0,</msg>
<msg timestamp="20200326 14:53:45.405" level="INFO">        "showStylePad": 0,</msg>
<msg timestamp="20200326 14:53:45.405" level="INFO">        "topPicPad": "",</msg>
<msg timestamp="20200326 14:53:45.405" level="INFO">        "showCardPad": 0,</msg>
<msg timestamp="20200326 14:53:45.405" level="INFO">        "cardUrlPad": "",</msg>
<msg timestamp="20200326 14:53:45.405" level="INFO">        "topCountPad": 0,</msg>
<msg timestamp="20200326 14:53:45.405" level="INFO">        "showMoreTipPad": 0,</msg>
<msg timestamp="20200326 14:53:45.406" level="INFO">        "appTypePadID": "",</msg>
<msg timestamp="20200326 14:53:45.406" level="INFO">        "appTypePad": "",</msg>
<msg timestamp="20200326 14:53:45.406" level="INFO">        "timeAxisIconPad": "",</msg>
<msg timestamp="20200326 14:53:45.406" level="INFO">        "timeAxisColorPad": "",</msg>
<msg timestamp="20200326 14:53:45.406" level="INFO">        "iconPad": "",</msg>
<msg timestamp="20200326 14:53:45.406" level="INFO">        "isIncomPad": 0,</msg>
<msg timestamp="20200326 14:53:45.406" level="INFO">        "hasExtField": 0,</msg>
<msg timestamp="20200326 14:53:45.406" level="INFO">        "iconBigType": 0,</msg>
<msg timestamp="20200326 14:53:45.406" level="INFO">        "aggId": 0,</msg>
<msg timestamp="20200326 14:53:45.406" level="INFO">        "appNormal": -2147483648</msg>
<msg timestamp="20200326 14:53:45.406" level="INFO">      },</msg>
<msg timestamp="20200326 14:53:45.406" level="INFO">      {</msg>
<msg timestamp="20200326 14:53:45.406" level="INFO">        "isdelete": 0,</msg>
<msg timestamp="20200326 14:53:45.406" level="INFO">        "level": 0,</msg>
<msg timestamp="20200326 14:53:45.406" level="INFO">        "columnLevel": 0,</msg>
<msg timestamp="20200326 14:53:45.406" level="INFO">        "columnId": 9,</msg>
<msg timestamp="20200326 14:53:45.406" level="INFO">        "columnID": 9,</msg>
<msg timestamp="20200326 14:53:45.406" level="INFO">        "columnName": "活动",</msg>
<msg timestamp="20200326 14:53:45.406" level="INFO">        "topCount": 0,</msg>
<msg timestamp="20200326 14:53:45.406" level="INFO">        "phoneIcon": "http://218.66.59.25:3083/app/resource/202003/16/47462502-3b29-4b28-9a09-ee858f58b457.png",</msg>
<msg timestamp="20200326 14:53:45.406" level="INFO">        "padIcon": "http://218.66.59.25:3083/app/resource/202003/16/bea2ce72-8c01-40af-b9db-3fae16858723.png",</msg>
<msg timestamp="20200326 14:53:45.407" level="INFO">        "orderId": 4,</msg>
<msg timestamp="20200326 14:53:45.407" level="INFO">        "keyword": "",</msg>
<msg timestamp="20200326 14:53:45.407" level="INFO">        "description": "",</msg>
<msg timestamp="20200326 14:53:45.407" level="INFO">        "linkUrl": "",</msg>
<msg timestamp="20200326 14:53:45.407" level="INFO">        "isForbidden": false,</msg>
<msg timestamp="20200326 14:53:45.407" level="INFO">        "casNames": "活动",</msg>
<msg timestamp="20200326 14:53:45.407" level="INFO">        "rssCount": 0,</msg>
<msg timestamp="20200326 14:53:45.407" level="INFO">        "appFixed": 0,</msg>
<msg timestamp="20200326 14:53:45.407" level="INFO">        "appShow": 1,</msg>
<msg timestamp="20200326 14:53:45.407" level="INFO">        "synXCX": 0,</msg>
<msg timestamp="20200326 14:53:45.407" level="INFO">        "isScreen": 0,</msg>
<msg timestamp="20200326 14:53:45.407" level="INFO">        "columnType": "4003",</msg>
<msg timestamp="20200326 14:53:45.407" level="INFO">        "columnStyle": "221",</msg>
<msg timestamp="20200326 14:53:45.407" level="INFO">        "showReadCount": 0,</msg>
<msg timestamp="20200326 14:53:45.407" level="INFO">        "showPubTime": 0,</msg>
<msg timestamp="20200326 14:53:45.407" level="INFO">        "showPraiseCount": 0,</msg>
<msg timestamp="20200326 14:53:45.407" level="INFO">        "showDiscussCount": 0,</msg>
<msg timestamp="20200326 14:53:45.407" level="INFO">        "showStyle": 0,</msg>
<msg timestamp="20200326 14:53:45.407" level="INFO">        "topPic": "",</msg>
<msg timestamp="20200326 14:53:45.407" level="INFO">        "showCard": 0,</msg>
<msg timestamp="20200326 14:53:45.407" level="INFO">        "cardUrl": "",</msg>
<msg timestamp="20200326 14:53:45.408" level="INFO">        "showColumnPad": 0,</msg>
<msg timestamp="20200326 14:53:45.408" level="INFO">        "onlyShowPad": 0,</msg>
<msg timestamp="20200326 14:53:45.408" level="INFO">        "showReadCountPad": 0,</msg>
<msg timestamp="20200326 14:53:45.408" level="INFO">        "showPubTimePad": 0,</msg>
<msg timestamp="20200326 14:53:45.408" level="INFO">        "showPraiseCountPad": 0,</msg>
<msg timestamp="20200326 14:53:45.408" level="INFO">        "showDiscussCountPad": 0,</msg>
<msg timestamp="20200326 14:53:45.408" level="INFO">        "showStylePad": 0,</msg>
<msg timestamp="20200326 14:53:45.408" level="INFO">        "topPicPad": "",</msg>
<msg timestamp="20200326 14:53:45.408" level="INFO">        "showCardPad": 0,</msg>
<msg timestamp="20200326 14:53:45.408" level="INFO">        "cardUrlPad": "",</msg>
<msg timestamp="20200326 14:53:45.408" level="INFO">        "topCountPad": 0,</msg>
<msg timestamp="20200326 14:53:45.408" level="INFO">        "showMoreTipPad": 0,</msg>
<msg timestamp="20200326 14:53:45.408" level="INFO">        "appTypePadID": "",</msg>
<msg timestamp="20200326 14:53:45.408" level="INFO">        "appTypePad": "",</msg>
<msg timestamp="20200326 14:53:45.409" level="INFO">        "timeAxisIconPad": "",</msg>
<msg timestamp="20200326 14:53:45.409" level="INFO">        "timeAxisColorPad": "",</msg>
<msg timestamp="20200326 14:53:45.409" level="INFO">        "iconPad": "",</msg>
<msg timestamp="20200326 14:53:45.409" level="INFO">        "isIncomPad": 0,</msg>
<msg timestamp="20200326 14:53:45.409" level="INFO">        "hasExtField": 0,</msg>
<msg timestamp="20200326 14:53:45.409" level="INFO">        "iconBigType": 0,</msg>
<msg timestamp="20200326 14:53:45.409" level="INFO">        "aggId": 0,</msg>
<msg timestamp="20200326 14:53:45.409" level="INFO">        "appNormal": -2147483648</msg>
<msg timestamp="20200326 14:53:45.409" level="INFO">      },</msg>
<msg timestamp="20200326 14:53:45.409" level="INFO">      {</msg>
<msg timestamp="20200326 14:53:45.409" level="INFO">        "isdelete": 0,</msg>
<msg timestamp="20200326 14:53:45.409" level="INFO">        "level": 0,</msg>
<msg timestamp="20200326 14:53:45.409" level="INFO">        "columnLevel": 0,</msg>
<msg timestamp="20200326 14:53:45.409" level="INFO">        "columnId": 6,</msg>
<msg timestamp="20200326 14:53:45.409" level="INFO">        "columnID": 6,</msg>
<msg timestamp="20200326 14:53:45.409" level="INFO">        "columnName": "我的",</msg>
<msg timestamp="20200326 14:53:45.409" level="INFO">        "topCount": 0,</msg>
<msg timestamp="20200326 14:53:45.409" level="INFO">        "phoneIcon": "http://218.66.59.25:3083/app/resource/202003/16/075b67fc-b482-415b-9fa6-f9a299c3ee48.png",</msg>
<msg timestamp="20200326 14:53:45.409" level="INFO">        "padIcon": "http://218.66.59.25:3083/app/resource/202003/16/ea4fdb7e-41a3-49c1-9c85-8e4b3618843b.png",</msg>
<msg timestamp="20200326 14:53:45.409" level="INFO">        "orderId": 5,</msg>
<msg timestamp="20200326 14:53:45.410" level="INFO">        "keyword": "",</msg>
<msg timestamp="20200326 14:53:45.410" level="INFO">        "description": "",</msg>
<msg timestamp="20200326 14:53:45.410" level="INFO">        "linkUrl": "",</msg>
<msg timestamp="20200326 14:53:45.410" level="INFO">        "isForbidden": false,</msg>
<msg timestamp="20200326 14:53:45.410" level="INFO">        "casNames": "我的",</msg>
<msg timestamp="20200326 14:53:45.410" level="INFO">        "rssCount": 0,</msg>
<msg timestamp="20200326 14:53:45.410" level="INFO">        "appFixed": 0,</msg>
<msg timestamp="20200326 14:53:45.410" level="INFO">        "appShow": 1,</msg>
<msg timestamp="20200326 14:53:45.410" level="INFO">        "synXCX": 0,</msg>
<msg timestamp="20200326 14:53:45.410" level="INFO">        "isScreen": 0,</msg>
<msg timestamp="20200326 14:53:45.410" level="INFO">        "columnType": "4003",</msg>
<msg timestamp="20200326 14:53:45.410" level="INFO">        "columnStyle": "218",</msg>
<msg timestamp="20200326 14:53:45.410" level="INFO">        "showReadCount": 0,</msg>
<msg timestamp="20200326 14:53:45.410" level="INFO">        "showPubTime": 0,</msg>
<msg timestamp="20200326 14:53:45.410" level="INFO">        "showPraiseCount": 0,</msg>
<msg timestamp="20200326 14:53:45.410" level="INFO">        "showDiscussCount": 0,</msg>
<msg timestamp="20200326 14:53:45.410" level="INFO">        "showStyle": 0,</msg>
<msg timestamp="20200326 14:53:45.410" level="INFO">        "topPic": "",</msg>
<msg timestamp="20200326 14:53:45.410" level="INFO">        "showCard": 0,</msg>
<msg timestamp="20200326 14:53:45.410" level="INFO">        "cardUrl": "",</msg>
<msg timestamp="20200326 14:53:45.410" level="INFO">        "showColumnPad": 0,</msg>
<msg timestamp="20200326 14:53:45.411" level="INFO">        "onlyShowPad": 0,</msg>
<msg timestamp="20200326 14:53:45.411" level="INFO">        "showReadCountPad": 0,</msg>
<msg timestamp="20200326 14:53:45.411" level="INFO">        "showPubTimePad": 0,</msg>
<msg timestamp="20200326 14:53:45.411" level="INFO">        "showPraiseCountPad": 0,</msg>
<msg timestamp="20200326 14:53:45.411" level="INFO">        "showDiscussCountPad": 0,</msg>
<msg timestamp="20200326 14:53:45.411" level="INFO">        "showStylePad": 0,</msg>
<msg timestamp="20200326 14:53:45.411" level="INFO">        "topPicPad": "",</msg>
<msg timestamp="20200326 14:53:45.411" level="INFO">        "showCardPad": 0,</msg>
<msg timestamp="20200326 14:53:45.411" level="INFO">        "cardUrlPad": "",</msg>
<msg timestamp="20200326 14:53:45.411" level="INFO">        "topCountPad": 0,</msg>
<msg timestamp="20200326 14:53:45.411" level="INFO">        "showMoreTipPad": 0,</msg>
<msg timestamp="20200326 14:53:45.411" level="INFO">        "appTypePadID": "",</msg>
<msg timestamp="20200326 14:53:45.411" level="INFO">        "appTypePad": "",</msg>
<msg timestamp="20200326 14:53:45.411" level="INFO">        "timeAxisIconPad": "",</msg>
<msg timestamp="20200326 14:53:45.411" level="INFO">        "timeAxisColorPad": "",</msg>
<msg timestamp="20200326 14:53:45.411" level="INFO">        "iconPad": "",</msg>
<msg timestamp="20200326 14:53:45.411" level="INFO">        "isIncomPad": 0,</msg>
<msg timestamp="20200326 14:53:45.411" level="INFO">        "hasExtField": 0,</msg>
<msg timestamp="20200326 14:53:45.411" level="INFO">        "iconBigType": 0,</msg>
<msg timestamp="20200326 14:53:45.411" level="INFO">        "aggId": 0,</msg>
<msg timestamp="20200326 14:53:45.411" level="INFO">        "appNormal": -2147483648</msg>
<msg timestamp="20200326 14:53:45.412" level="INFO">      },</msg>
<msg timestamp="20200326 14:53:45.412" level="INFO">      {</msg>
<msg timestamp="20200326 14:53:45.412" level="INFO">        "isdelete": 0,</msg>
<msg timestamp="20200326 14:53:45.412" level="INFO">        "level": 0,</msg>
<msg timestamp="20200326 14:53:45.412" level="INFO">        "columnLevel": 0,</msg>
<msg timestamp="20200326 14:53:45.412" level="INFO">        "columnId": 11,</msg>
<msg timestamp="20200326 14:53:45.412" level="INFO">        "columnID": 11,</msg>
<msg timestamp="20200326 14:53:45.412" level="INFO">        "columnName": "专题库",</msg>
<msg timestamp="20200326 14:53:45.412" level="INFO">        "topCount": 0,</msg>
<msg timestamp="20200326 14:53:45.412" level="INFO">        "phoneIcon": "http://218.66.59.25:3083/app/resource/xy/202003/05/t2_(27X30X426X163)6382e28d-fa76-4536-b949-cc461c51b3fe.jpg",</msg>
<msg timestamp="20200326 14:53:45.412" level="INFO">        "padIcon": "http://218.66.59.25:3083/app/resource/xy/202003/05/t2_(27X30X426X163)6382e28d-fa76-4536-b949-cc461c51b3fe.jpg",</msg>
<msg timestamp="20200326 14:53:45.412" level="INFO">        "orderId": 8,</msg>
<msg timestamp="20200326 14:53:45.412" level="INFO">        "keyword": "",</msg>
<msg timestamp="20200326 14:53:45.412" level="INFO">        "description": "这个可能是出现盖住半个字的问题吧？我这用的方法跟你的差不多 出现了只遮住了半个字的问题；这个可能是出现盖住半个字的问题吧？我这用的方法跟你的差不多 出现了只遮住了半个字的问题；这个可能是出现盖住半个字的问题吧？我这用的方法跟你的差不多 出现了只遮住了半个字的问题",</msg>
<msg timestamp="20200326 14:53:45.412" level="INFO">        "linkUrl": "",</msg>
<msg timestamp="20200326 14:53:45.412" level="INFO">        "isForbidden": false,</msg>
<msg timestamp="20200326 14:53:45.412" level="INFO">        "casNames": "专题库",</msg>
<msg timestamp="20200326 14:53:45.412" level="INFO">        "rssCount": 0,</msg>
<msg timestamp="20200326 14:53:45.412" level="INFO">        "appFixed": 0,</msg>
<msg timestamp="20200326 14:53:45.412" level="INFO">        "appShow": 1,</msg>
<msg timestamp="20200326 14:53:45.412" level="INFO">        "synXCX": 0,</msg>
<msg timestamp="20200326 14:53:45.413" level="INFO">        "isScreen": 0,</msg>
<msg timestamp="20200326 14:53:45.413" level="INFO">        "columnType": "",</msg>
<msg timestamp="20200326 14:53:45.413" level="INFO">        "columnStyle": "",</msg>
<msg timestamp="20200326 14:53:45.413" level="INFO">        "showReadCount": 0,</msg>
<msg timestamp="20200326 14:53:45.413" level="INFO">        "showPubTime": 0,</msg>
<msg timestamp="20200326 14:53:45.413" level="INFO">        "showPraiseCount": 0,</msg>
<msg timestamp="20200326 14:53:45.413" level="INFO">        "showDiscussCount": 0,</msg>
<msg timestamp="20200326 14:53:45.413" level="INFO">        "showStyle": 0,</msg>
<msg timestamp="20200326 14:53:45.413" level="INFO">        "topPic": "",</msg>
<msg timestamp="20200326 14:53:45.413" level="INFO">        "showCard": 0,</msg>
<msg timestamp="20200326 14:53:45.413" level="INFO">        "cardUrl": "",</msg>
<msg timestamp="20200326 14:53:45.413" level="INFO">        "showColumnPad": 0,</msg>
<msg timestamp="20200326 14:53:45.413" level="INFO">        "onlyShowPad": 0,</msg>
<msg timestamp="20200326 14:53:45.413" level="INFO">        "showReadCountPad": 0,</msg>
<msg timestamp="20200326 14:53:45.413" level="INFO">        "showPubTimePad": 0,</msg>
<msg timestamp="20200326 14:53:45.413" level="INFO">        "showPraiseCountPad": 0,</msg>
<msg timestamp="20200326 14:53:45.413" level="INFO">        "showDiscussCountPad": 0,</msg>
<msg timestamp="20200326 14:53:45.413" level="INFO">        "showStylePad": 0,</msg>
<msg timestamp="20200326 14:53:45.413" level="INFO">        "topPicPad": "",</msg>
<msg timestamp="20200326 14:53:45.413" level="INFO">        "showCardPad": 0,</msg>
<msg timestamp="20200326 14:53:45.414" level="INFO">        "cardUrlPad": "",</msg>
<msg timestamp="20200326 14:53:45.414" level="INFO">        "topCountPad": 0,</msg>
<msg timestamp="20200326 14:53:45.414" level="INFO">        "showMoreTipPad": 0,</msg>
<msg timestamp="20200326 14:53:45.414" level="INFO">        "appTypePadID": "",</msg>
<msg timestamp="20200326 14:53:45.414" level="INFO">        "appTypePad": "",</msg>
<msg timestamp="20200326 14:53:45.414" level="INFO">        "timeAxisIconPad": "",</msg>
<msg timestamp="20200326 14:53:45.414" level="INFO">        "timeAxisColorPad": "",</msg>
<msg timestamp="20200326 14:53:45.414" level="INFO">        "iconPad": "",</msg>
<msg timestamp="20200326 14:53:45.414" level="INFO">        "isIncomPad": 0,</msg>
<msg timestamp="20200326 14:53:45.414" level="INFO">        "hasExtField": 0,</msg>
<msg timestamp="20200326 14:53:45.414" level="INFO">        "iconBigType": 0,</msg>
<msg timestamp="20200326 14:53:45.414" level="INFO">        "aggId": 0,</msg>
<msg timestamp="20200326 14:53:45.415" level="INFO">        "appNormal": -2147483648</msg>
<msg timestamp="20200326 14:53:45.415" level="INFO">      },</msg>
<msg timestamp="20200326 14:53:45.415" level="INFO">      {</msg>
<msg timestamp="20200326 14:53:45.415" level="INFO">        "isdelete": 0,</msg>
<msg timestamp="20200326 14:53:45.415" level="INFO">        "level": 0,</msg>
<msg timestamp="20200326 14:53:45.415" level="INFO">        "columnLevel": 0,</msg>
<msg timestamp="20200326 14:53:45.415" level="INFO">        "columnId": 26,</msg>
<msg timestamp="20200326 14:53:45.415" level="INFO">        "columnID": 26,</msg>
<msg timestamp="20200326 14:53:45.415" level="INFO">        "columnName": "读报",</msg>
<msg timestamp="20200326 14:53:45.415" level="INFO">        "topCount": 0,</msg>
<msg timestamp="20200326 14:53:45.415" level="INFO">        "phoneIcon": "",</msg>
<msg timestamp="20200326 14:53:45.415" level="INFO">        "padIcon": "",</msg>
<msg timestamp="20200326 14:53:45.415" level="INFO">        "orderId": 9,</msg>
<msg timestamp="20200326 14:53:45.415" level="INFO">        "keyword": "",</msg>
<msg timestamp="20200326 14:53:45.415" level="INFO">        "description": "",</msg>
<msg timestamp="20200326 14:53:45.415" level="INFO">        "linkUrl": "",</msg>
<msg timestamp="20200326 14:53:45.415" level="INFO">        "isForbidden": false,</msg>
<msg timestamp="20200326 14:53:45.415" level="INFO">        "casNames": "读报",</msg>
<msg timestamp="20200326 14:53:45.415" level="INFO">        "rssCount": 0,</msg>
<msg timestamp="20200326 14:53:45.415" level="INFO">        "appFixed": 0,</msg>
<msg timestamp="20200326 14:53:45.416" level="INFO">        "appShow": 1,</msg>
<msg timestamp="20200326 14:53:45.416" level="INFO">        "synXCX": 0,</msg>
<msg timestamp="20200326 14:53:45.416" level="INFO">        "isScreen": 0,</msg>
<msg timestamp="20200326 14:53:45.416" level="INFO">        "columnType": "4005",</msg>
<msg timestamp="20200326 14:53:45.416" level="INFO">        "columnStyle": "102",</msg>
<msg timestamp="20200326 14:53:45.416" level="INFO">        "showReadCount": 0,</msg>
<msg timestamp="20200326 14:53:45.416" level="INFO">        "showPubTime": 0,</msg>
<msg timestamp="20200326 14:53:45.416" level="INFO">        "showPraiseCount": 0,</msg>
<msg timestamp="20200326 14:53:45.416" level="INFO">        "showDiscussCount": 0,</msg>
<msg timestamp="20200326 14:53:45.416" level="INFO">        "showStyle": 0,</msg>
<msg timestamp="20200326 14:53:45.416" level="INFO">        "topPic": "",</msg>
<msg timestamp="20200326 14:53:45.416" level="INFO">        "showCard": 0,</msg>
<msg timestamp="20200326 14:53:45.416" level="INFO">        "cardUrl": "",</msg>
<msg timestamp="20200326 14:53:45.416" level="INFO">        "showColumnPad": 0,</msg>
<msg timestamp="20200326 14:53:45.416" level="INFO">        "onlyShowPad": 0,</msg>
<msg timestamp="20200326 14:53:45.416" level="INFO">        "showReadCountPad": 0,</msg>
<msg timestamp="20200326 14:53:45.416" level="INFO">        "showPubTimePad": 0,</msg>
<msg timestamp="20200326 14:53:45.416" level="INFO">        "showPraiseCountPad": 0,</msg>
<msg timestamp="20200326 14:53:45.416" level="INFO">        "showDiscussCountPad": 0,</msg>
<msg timestamp="20200326 14:53:45.416" level="INFO">        "showStylePad": 0,</msg>
<msg timestamp="20200326 14:53:45.416" level="INFO">        "topPicPad": "",</msg>
<msg timestamp="20200326 14:53:45.417" level="INFO">        "showCardPad": 0,</msg>
<msg timestamp="20200326 14:53:45.417" level="INFO">        "cardUrlPad": "",</msg>
<msg timestamp="20200326 14:53:45.417" level="INFO">        "topCountPad": 0,</msg>
<msg timestamp="20200326 14:53:45.417" level="INFO">        "showMoreTipPad": 0,</msg>
<msg timestamp="20200326 14:53:45.417" level="INFO">        "appTypePadID": "",</msg>
<msg timestamp="20200326 14:53:45.417" level="INFO">        "appTypePad": "",</msg>
<msg timestamp="20200326 14:53:45.417" level="INFO">        "timeAxisIconPad": "",</msg>
<msg timestamp="20200326 14:53:45.417" level="INFO">        "timeAxisColorPad": "",</msg>
<msg timestamp="20200326 14:53:45.417" level="INFO">        "iconPad": "",</msg>
<msg timestamp="20200326 14:53:45.417" level="INFO">        "isIncomPad": 0,</msg>
<msg timestamp="20200326 14:53:45.417" level="INFO">        "hasExtField": 0,</msg>
<msg timestamp="20200326 14:53:45.417" level="INFO">        "iconBigType": 0,</msg>
<msg timestamp="20200326 14:53:45.417" level="INFO">        "aggId": 0,</msg>
<msg timestamp="20200326 14:53:45.417" level="INFO">        "appNormal": -2147483648</msg>
<msg timestamp="20200326 14:53:45.417" level="INFO">      }</msg>
<msg timestamp="20200326 14:53:45.417" level="INFO">    ],</msg>
<msg timestamp="20200326 14:53:45.417" level="INFO">    "topColumns": []</msg>
<msg timestamp="20200326 14:53:45.417" level="INFO">  }</msg>
<msg timestamp="20200326 14:53:45.417" level="INFO">}</msg>
<status status="PASS" starttime="20200326 14:53:05.635" endtime="20200326 14:53:45.418"></status>
</kw>
<kw name="Fapi Data To Object" library="FATL">
<doc>Convert Fapi response content to python object</doc>
<assign>
<var>${data}</var>
</assign>
<msg timestamp="20200326 14:53:45.418" level="INFO">${data} = &lt;FATL.Json2Object.Dict2Object object at 0x00000188D33C4EF0&gt;</msg>
<status status="PASS" starttime="20200326 14:53:45.418" endtime="20200326 14:53:45.418"></status>
</kw>
<kw name="Set Suite Variable" library="BuiltIn">
<doc>Makes a variable available everywhere within the scope of the current suite.</doc>
<arguments>
<arg>${response_data}</arg>
<arg>${data}</arg>
</arguments>
<msg timestamp="20200326 14:53:45.420" level="INFO">${response_data} = &lt;FATL.Json2Object.Dict2Object object at 0x00000188D33C4EF0&gt;</msg>
<status status="PASS" starttime="20200326 14:53:45.419" endtime="20200326 14:53:45.420"></status>
</kw>
<status status="PASS" starttime="20200326 14:53:05.634" endtime="20200326 14:53:45.421"></status>
</kw>
<kw name="Should Be Equal As Strings" library="BuiltIn">
<doc>Fails if objects are unequal after converting them to strings.</doc>
<arguments>
<arg>${response_data.columns[0].columnName}</arg>
<arg>${RESULT}</arg>
</arguments>
<status status="PASS" starttime="20200326 14:53:45.421" endtime="20200326 14:53:45.422"></status>
</kw>
<tags>
<tag>作者：张鹏</tag>
<tag>冒烟集-新福建APP</tag>
<tag>栏目接口/读取子栏目（张进）</tag>
</tags>
<status status="PASS" starttime="20200326 14:53:05.632" endtime="20200326 14:53:45.422" critical="yes"></status>
</test>
<test id="s1-t2" name="读取首页下的栏目数据">
<kw name="Get Columns" library="Column_Common">
<doc>获取栏目数据接口</doc>
<arguments>
<arg>${ID0}</arg>
</arguments>
<kw name="Fapi Params Set" library="FATL">
<doc>Adds the given ``key_value_pairs`` and ``items`` to HTTP request parameters.</doc>
<arguments>
<arg>parentColumnId</arg>
<arg>${parentcolumnid}</arg>
<arg>siteId</arg>
<arg>${siteid}</arg>
<arg>curVersions</arg>
<arg>${CURVERSIONS}</arg>
</arguments>
<status status="PASS" starttime="20200326 14:53:45.427" endtime="20200326 14:53:45.428"></status>
</kw>
<kw name="Fapi Get" library="FATL">
<doc>Send a GET request on the session object found using the
given `alias`</doc>
<arguments>
<arg>${APPIF_ALIAS}</arg>
<arg>${GETCOLUMNS_URI}</arg>
</arguments>
<msg timestamp="20200326 14:53:47.007" level="INFO">Get Request using : alias=appif, uri=/getColumns, headers={'APITEST': '1'} json=None</msg>
<msg timestamp="20200326 14:53:47.010" level="INFO">JSON string is : {</msg>
<msg timestamp="20200326 14:53:47.011" level="INFO">  "status": 0,</msg>
<msg timestamp="20200326 14:53:47.011" level="INFO">  "message": "success",</msg>
<msg timestamp="20200326 14:53:47.011" level="INFO">  "data": {</msg>
<msg timestamp="20200326 14:53:47.011" level="INFO">    "version": 1584935848000,</msg>
<msg timestamp="20200326 14:53:47.011" level="INFO">    "columns": [</msg>
<msg timestamp="20200326 14:53:47.011" level="INFO">      {</msg>
<msg timestamp="20200326 14:53:47.011" level="INFO">        "isdelete": 0,</msg>
<msg timestamp="20200326 14:53:47.011" level="INFO">        "level": 1,</msg>
<msg timestamp="20200326 14:53:47.011" level="INFO">        "columnLevel": 1,</msg>
<msg timestamp="20200326 14:53:47.011" level="INFO">        "columnId": 5,</msg>
<msg timestamp="20200326 14:53:47.011" level="INFO">        "columnID": 5,</msg>
<msg timestamp="20200326 14:53:47.011" level="INFO">        "columnName": "头条",</msg>
<msg timestamp="20200326 14:53:47.011" level="INFO">        "topCount": 3,</msg>
<msg timestamp="20200326 14:53:47.011" level="INFO">        "phoneIcon": "http://218.66.59.25:3083/app/resource/xy/202003/06/4fff70e1-1028-49b8-9c48-12637e3c7f7f.jpg",</msg>
<msg timestamp="20200326 14:53:47.011" level="INFO">        "padIcon": "http://218.66.59.25:3083/app/resource/xy/202003/06/4fff70e1-1028-49b8-9c48-12637e3c7f7f.jpg",</msg>
<msg timestamp="20200326 14:53:47.011" level="INFO">        "orderId": 1,</msg>
<msg timestamp="20200326 14:53:47.011" level="INFO">        "keyword": "",</msg>
<msg timestamp="20200326 14:53:47.011" level="INFO">        "description": "测试大图大图测试大图大图测试大图大图测试大图大图测试大图大图测试大图大图测试大图大图",</msg>
<msg timestamp="20200326 14:53:47.011" level="INFO">        "linkUrl": "",</msg>
<msg timestamp="20200326 14:53:47.011" level="INFO">        "isForbidden": false,</msg>
<msg timestamp="20200326 14:53:47.011" level="INFO">        "casNames": "首页~头条",</msg>
<msg timestamp="20200326 14:53:47.011" level="INFO">        "rssCount": 0,</msg>
<msg timestamp="20200326 14:53:47.012" level="INFO">        "appFixed": 0,</msg>
<msg timestamp="20200326 14:53:47.012" level="INFO">        "appShow": 1,</msg>
<msg timestamp="20200326 14:53:47.012" level="INFO">        "synXCX": 0,</msg>
<msg timestamp="20200326 14:53:47.012" level="INFO">        "isScreen": 0,</msg>
<msg timestamp="20200326 14:53:47.012" level="INFO">        "columnType": "4003",</msg>
<msg timestamp="20200326 14:53:47.012" level="INFO">        "columnStyle": "101",</msg>
<msg timestamp="20200326 14:53:47.012" level="INFO">        "showReadCount": 1,</msg>
<msg timestamp="20200326 14:53:47.012" level="INFO">        "showPubTime": 1,</msg>
<msg timestamp="20200326 14:53:47.012" level="INFO">        "showPraiseCount": 1,</msg>
<msg timestamp="20200326 14:53:47.012" level="INFO">        "showDiscussCount": 1,</msg>
<msg timestamp="20200326 14:53:47.012" level="INFO">        "showStyle": 0,</msg>
<msg timestamp="20200326 14:53:47.012" level="INFO">        "topPic": "",</msg>
<msg timestamp="20200326 14:53:47.012" level="INFO">        "showCard": 0,</msg>
<msg timestamp="20200326 14:53:47.012" level="INFO">        "cardUrl": "",</msg>
<msg timestamp="20200326 14:53:47.012" level="INFO">        "showColumnPad": 0,</msg>
<msg timestamp="20200326 14:53:47.012" level="INFO">        "onlyShowPad": 0,</msg>
<msg timestamp="20200326 14:53:47.012" level="INFO">        "showReadCountPad": 0,</msg>
<msg timestamp="20200326 14:53:47.012" level="INFO">        "showPubTimePad": 0,</msg>
<msg timestamp="20200326 14:53:47.012" level="INFO">        "showPraiseCountPad": 0,</msg>
<msg timestamp="20200326 14:53:47.012" level="INFO">        "showDiscussCountPad": 0,</msg>
<msg timestamp="20200326 14:53:47.012" level="INFO">        "showStylePad": 0,</msg>
<msg timestamp="20200326 14:53:47.012" level="INFO">        "topPicPad": "",</msg>
<msg timestamp="20200326 14:53:47.012" level="INFO">        "showCardPad": 0,</msg>
<msg timestamp="20200326 14:53:47.012" level="INFO">        "cardUrlPad": "",</msg>
<msg timestamp="20200326 14:53:47.013" level="INFO">        "topCountPad": 0,</msg>
<msg timestamp="20200326 14:53:47.013" level="INFO">        "showMoreTipPad": 0,</msg>
<msg timestamp="20200326 14:53:47.013" level="INFO">        "appTypePadID": "",</msg>
<msg timestamp="20200326 14:53:47.013" level="INFO">        "appTypePad": "",</msg>
<msg timestamp="20200326 14:53:47.013" level="INFO">        "timeAxisIconPad": "",</msg>
<msg timestamp="20200326 14:53:47.013" level="INFO">        "timeAxisColorPad": "",</msg>
<msg timestamp="20200326 14:53:47.013" level="INFO">        "iconPad": "",</msg>
<msg timestamp="20200326 14:53:47.013" level="INFO">        "isIncomPad": 0,</msg>
<msg timestamp="20200326 14:53:47.013" level="INFO">        "hasExtField": 0,</msg>
<msg timestamp="20200326 14:53:47.013" level="INFO">        "iconBigType": 0,</msg>
<msg timestamp="20200326 14:53:47.013" level="INFO">        "aggId": 0,</msg>
<msg timestamp="20200326 14:53:47.013" level="INFO">        "appNormal": -2147483648</msg>
<msg timestamp="20200326 14:53:47.013" level="INFO">      },</msg>
<msg timestamp="20200326 14:53:47.013" level="INFO">      {</msg>
<msg timestamp="20200326 14:53:47.013" level="INFO">        "isdelete": 0,</msg>
<msg timestamp="20200326 14:53:47.013" level="INFO">        "level": 1,</msg>
<msg timestamp="20200326 14:53:47.013" level="INFO">        "columnLevel": 1,</msg>
<msg timestamp="20200326 14:53:47.013" level="INFO">        "columnId": 15,</msg>
<msg timestamp="20200326 14:53:47.013" level="INFO">        "columnID": 15,</msg>
<msg timestamp="20200326 14:53:47.013" level="INFO">        "columnName": "V视",</msg>
<msg timestamp="20200326 14:53:47.013" level="INFO">        "topCount": 0,</msg>
<msg timestamp="20200326 14:53:47.013" level="INFO">        "phoneIcon": "",</msg>
<msg timestamp="20200326 14:53:47.013" level="INFO">        "padIcon": "",</msg>
<msg timestamp="20200326 14:53:47.013" level="INFO">        "orderId": 3,</msg>
<msg timestamp="20200326 14:53:47.014" level="INFO">        "keyword": "",</msg>
<msg timestamp="20200326 14:53:47.014" level="INFO">        "description": "",</msg>
<msg timestamp="20200326 14:53:47.014" level="INFO">        "linkUrl": "",</msg>
<msg timestamp="20200326 14:53:47.014" level="INFO">        "isForbidden": false,</msg>
<msg timestamp="20200326 14:53:47.014" level="INFO">        "casNames": "首页~V视",</msg>
<msg timestamp="20200326 14:53:47.014" level="INFO">        "rssCount": 0,</msg>
<msg timestamp="20200326 14:53:47.014" level="INFO">        "appFixed": 0,</msg>
<msg timestamp="20200326 14:53:47.014" level="INFO">        "appShow": 1,</msg>
<msg timestamp="20200326 14:53:47.014" level="INFO">        "synXCX": 0,</msg>
<msg timestamp="20200326 14:53:47.014" level="INFO">        "isScreen": 0,</msg>
<msg timestamp="20200326 14:53:47.014" level="INFO">        "columnType": "",</msg>
<msg timestamp="20200326 14:53:47.014" level="INFO">        "columnStyle": "203",</msg>
<msg timestamp="20200326 14:53:47.014" level="INFO">        "showReadCount": 0,</msg>
<msg timestamp="20200326 14:53:47.014" level="INFO">        "showPubTime": 0,</msg>
<msg timestamp="20200326 14:53:47.014" level="INFO">        "showPraiseCount": 0,</msg>
<msg timestamp="20200326 14:53:47.014" level="INFO">        "showDiscussCount": 0,</msg>
<msg timestamp="20200326 14:53:47.014" level="INFO">        "showStyle": 0,</msg>
<msg timestamp="20200326 14:53:47.014" level="INFO">        "topPic": "",</msg>
<msg timestamp="20200326 14:53:47.014" level="INFO">        "showCard": 0,</msg>
<msg timestamp="20200326 14:53:47.014" level="INFO">        "cardUrl": "",</msg>
<msg timestamp="20200326 14:53:47.014" level="INFO">        "showColumnPad": 0,</msg>
<msg timestamp="20200326 14:53:47.015" level="INFO">        "onlyShowPad": 0,</msg>
<msg timestamp="20200326 14:53:47.015" level="INFO">        "showReadCountPad": 0,</msg>
<msg timestamp="20200326 14:53:47.015" level="INFO">        "showPubTimePad": 0,</msg>
<msg timestamp="20200326 14:53:47.015" level="INFO">        "showPraiseCountPad": 0,</msg>
<msg timestamp="20200326 14:53:47.015" level="INFO">        "showDiscussCountPad": 0,</msg>
<msg timestamp="20200326 14:53:47.015" level="INFO">        "showStylePad": 0,</msg>
<msg timestamp="20200326 14:53:47.015" level="INFO">        "topPicPad": "",</msg>
<msg timestamp="20200326 14:53:47.015" level="INFO">        "showCardPad": 0,</msg>
<msg timestamp="20200326 14:53:47.015" level="INFO">        "cardUrlPad": "",</msg>
<msg timestamp="20200326 14:53:47.015" level="INFO">        "topCountPad": 0,</msg>
<msg timestamp="20200326 14:53:47.015" level="INFO">        "showMoreTipPad": 0,</msg>
<msg timestamp="20200326 14:53:47.015" level="INFO">        "appTypePadID": "",</msg>
<msg timestamp="20200326 14:53:47.015" level="INFO">        "appTypePad": "",</msg>
<msg timestamp="20200326 14:53:47.015" level="INFO">        "timeAxisIconPad": "",</msg>
<msg timestamp="20200326 14:53:47.015" level="INFO">        "timeAxisColorPad": "",</msg>
<msg timestamp="20200326 14:53:47.015" level="INFO">        "iconPad": "",</msg>
<msg timestamp="20200326 14:53:47.015" level="INFO">        "isIncomPad": 0,</msg>
<msg timestamp="20200326 14:53:47.015" level="INFO">        "hasExtField": 0,</msg>
<msg timestamp="20200326 14:53:47.015" level="INFO">        "iconBigType": 0,</msg>
<msg timestamp="20200326 14:53:47.015" level="INFO">        "aggId": 0,</msg>
<msg timestamp="20200326 14:53:47.015" level="INFO">        "appNormal": -2147483648</msg>
<msg timestamp="20200326 14:53:47.015" level="INFO">      },</msg>
<msg timestamp="20200326 14:53:47.015" level="INFO">      {</msg>
<msg timestamp="20200326 14:53:47.016" level="INFO">        "isdelete": 0,</msg>
<msg timestamp="20200326 14:53:47.016" level="INFO">        "level": 1,</msg>
<msg timestamp="20200326 14:53:47.016" level="INFO">        "columnLevel": 1,</msg>
<msg timestamp="20200326 14:53:47.016" level="INFO">        "columnId": 17,</msg>
<msg timestamp="20200326 14:53:47.016" level="INFO">        "columnID": 17,</msg>
<msg timestamp="20200326 14:53:47.016" level="INFO">        "columnName": "图集",</msg>
<msg timestamp="20200326 14:53:47.016" level="INFO">        "topCount": 0,</msg>
<msg timestamp="20200326 14:53:47.016" level="INFO">        "phoneIcon": "",</msg>
<msg timestamp="20200326 14:53:47.016" level="INFO">        "padIcon": "",</msg>
<msg timestamp="20200326 14:53:47.016" level="INFO">        "orderId": 5,</msg>
<msg timestamp="20200326 14:53:47.016" level="INFO">        "keyword": "",</msg>
<msg timestamp="20200326 14:53:47.016" level="INFO">        "description": "2月7日0-24时，福建省报告新增新型冠状病毒肺炎确诊病例15例。",</msg>
<msg timestamp="20200326 14:53:47.016" level="INFO">        "linkUrl": "",</msg>
<msg timestamp="20200326 14:53:47.016" level="INFO">        "isForbidden": false,</msg>
<msg timestamp="20200326 14:53:47.016" level="INFO">        "casNames": "首页~图集",</msg>
<msg timestamp="20200326 14:53:47.016" level="INFO">        "rssCount": 0,</msg>
<msg timestamp="20200326 14:53:47.016" level="INFO">        "appFixed": 0,</msg>
<msg timestamp="20200326 14:53:47.016" level="INFO">        "appShow": 1,</msg>
<msg timestamp="20200326 14:53:47.016" level="INFO">        "synXCX": 0,</msg>
<msg timestamp="20200326 14:53:47.016" level="INFO">        "isScreen": 0,</msg>
<msg timestamp="20200326 14:53:47.016" level="INFO">        "columnType": "",</msg>
<msg timestamp="20200326 14:53:47.016" level="INFO">        "columnStyle": "202",</msg>
<msg timestamp="20200326 14:53:47.016" level="INFO">        "showReadCount": 0,</msg>
<msg timestamp="20200326 14:53:47.017" level="INFO">        "showPubTime": 0,</msg>
<msg timestamp="20200326 14:53:47.017" level="INFO">        "showPraiseCount": 0,</msg>
<msg timestamp="20200326 14:53:47.017" level="INFO">        "showDiscussCount": 0,</msg>
<msg timestamp="20200326 14:53:47.017" level="INFO">        "showStyle": 0,</msg>
<msg timestamp="20200326 14:53:47.017" level="INFO">        "topPic": "",</msg>
<msg timestamp="20200326 14:53:47.017" level="INFO">        "showCard": 0,</msg>
<msg timestamp="20200326 14:53:47.017" level="INFO">        "cardUrl": "",</msg>
<msg timestamp="20200326 14:53:47.017" level="INFO">        "showColumnPad": 0,</msg>
<msg timestamp="20200326 14:53:47.017" level="INFO">        "onlyShowPad": 0,</msg>
<msg timestamp="20200326 14:53:47.017" level="INFO">        "showReadCountPad": 0,</msg>
<msg timestamp="20200326 14:53:47.017" level="INFO">        "showPubTimePad": 0,</msg>
<msg timestamp="20200326 14:53:47.017" level="INFO">        "showPraiseCountPad": 0,</msg>
<msg timestamp="20200326 14:53:47.017" level="INFO">        "showDiscussCountPad": 0,</msg>
<msg timestamp="20200326 14:53:47.017" level="INFO">        "showStylePad": 0,</msg>
<msg timestamp="20200326 14:53:47.017" level="INFO">        "topPicPad": "",</msg>
<msg timestamp="20200326 14:53:47.017" level="INFO">        "showCardPad": 0,</msg>
<msg timestamp="20200326 14:53:47.017" level="INFO">        "cardUrlPad": "",</msg>
<msg timestamp="20200326 14:53:47.017" level="INFO">        "topCountPad": 0,</msg>
<msg timestamp="20200326 14:53:47.017" level="INFO">        "showMoreTipPad": 0,</msg>
<msg timestamp="20200326 14:53:47.017" level="INFO">        "appTypePadID": "",</msg>
<msg timestamp="20200326 14:53:47.017" level="INFO">        "appTypePad": "",</msg>
<msg timestamp="20200326 14:53:47.017" level="INFO">        "timeAxisIconPad": "",</msg>
<msg timestamp="20200326 14:53:47.017" level="INFO">        "timeAxisColorPad": "",</msg>
<msg timestamp="20200326 14:53:47.018" level="INFO">        "iconPad": "",</msg>
<msg timestamp="20200326 14:53:47.018" level="INFO">        "isIncomPad": 0,</msg>
<msg timestamp="20200326 14:53:47.018" level="INFO">        "hasExtField": 0,</msg>
<msg timestamp="20200326 14:53:47.018" level="INFO">        "iconBigType": 0,</msg>
<msg timestamp="20200326 14:53:47.018" level="INFO">        "aggId": 0,</msg>
<msg timestamp="20200326 14:53:47.018" level="INFO">        "appNormal": -2147483648</msg>
<msg timestamp="20200326 14:53:47.018" level="INFO">      },</msg>
<msg timestamp="20200326 14:53:47.018" level="INFO">      {</msg>
<msg timestamp="20200326 14:53:47.018" level="INFO">        "isdelete": 0,</msg>
<msg timestamp="20200326 14:53:47.018" level="INFO">        "level": 1,</msg>
<msg timestamp="20200326 14:53:47.018" level="INFO">        "columnLevel": 1,</msg>
<msg timestamp="20200326 14:53:47.018" level="INFO">        "columnId": 18,</msg>
<msg timestamp="20200326 14:53:47.018" level="INFO">        "columnID": 18,</msg>
<msg timestamp="20200326 14:53:47.018" level="INFO">        "columnName": "专题",</msg>
<msg timestamp="20200326 14:53:47.018" level="INFO">        "topCount": 0,</msg>
<msg timestamp="20200326 14:53:47.018" level="INFO">        "phoneIcon": "http://218.66.59.25:3083/app/resource/xy/202003/23/33d46956-9672-4821-9f06-20c6bed0ea66.jpg",</msg>
<msg timestamp="20200326 14:53:47.018" level="INFO">        "padIcon": "http://218.66.59.25:3083/app/resource/xy/202003/23/33d46956-9672-4821-9f06-20c6bed0ea66.jpg",</msg>
<msg timestamp="20200326 14:53:47.018" level="INFO">        "orderId": 6,</msg>
<msg timestamp="20200326 14:53:47.018" level="INFO">        "keyword": "",</msg>
<msg timestamp="20200326 14:53:47.018" level="INFO">        "description": "",</msg>
<msg timestamp="20200326 14:53:47.018" level="INFO">        "linkUrl": "",</msg>
<msg timestamp="20200326 14:53:47.019" level="INFO">        "isForbidden": false,</msg>
<msg timestamp="20200326 14:53:47.019" level="INFO">        "casNames": "首页~专题",</msg>
<msg timestamp="20200326 14:53:47.019" level="INFO">        "rssCount": 0,</msg>
<msg timestamp="20200326 14:53:47.019" level="INFO">        "appFixed": 0,</msg>
<msg timestamp="20200326 14:53:47.019" level="INFO">        "appShow": 1,</msg>
<msg timestamp="20200326 14:53:47.019" level="INFO">        "synXCX": 0,</msg>
<msg timestamp="20200326 14:53:47.019" level="INFO">        "isScreen": 0,</msg>
<msg timestamp="20200326 14:53:47.019" level="INFO">        "columnType": "",</msg>
<msg timestamp="20200326 14:53:47.019" level="INFO">        "columnStyle": "101",</msg>
<msg timestamp="20200326 14:53:47.019" level="INFO">        "showReadCount": 0,</msg>
<msg timestamp="20200326 14:53:47.019" level="INFO">        "showPubTime": 1,</msg>
<msg timestamp="20200326 14:53:47.019" level="INFO">        "showPraiseCount": 0,</msg>
<msg timestamp="20200326 14:53:47.019" level="INFO">        "showDiscussCount": 0,</msg>
<msg timestamp="20200326 14:53:47.019" level="INFO">        "showStyle": 0,</msg>
<msg timestamp="20200326 14:53:47.019" level="INFO">        "topPic": "",</msg>
<msg timestamp="20200326 14:53:47.019" level="INFO">        "showCard": 0,</msg>
<msg timestamp="20200326 14:53:47.019" level="INFO">        "cardUrl": "",</msg>
<msg timestamp="20200326 14:53:47.019" level="INFO">        "showColumnPad": 0,</msg>
<msg timestamp="20200326 14:53:47.019" level="INFO">        "onlyShowPad": 0,</msg>
<msg timestamp="20200326 14:53:47.019" level="INFO">        "showReadCountPad": 0,</msg>
<msg timestamp="20200326 14:53:47.019" level="INFO">        "showPubTimePad": 0,</msg>
<msg timestamp="20200326 14:53:47.019" level="INFO">        "showPraiseCountPad": 0,</msg>
<msg timestamp="20200326 14:53:47.019" level="INFO">        "showDiscussCountPad": 0,</msg>
<msg timestamp="20200326 14:53:47.020" level="INFO">        "showStylePad": 0,</msg>
<msg timestamp="20200326 14:53:47.020" level="INFO">        "topPicPad": "",</msg>
<msg timestamp="20200326 14:53:47.020" level="INFO">        "showCardPad": 0,</msg>
<msg timestamp="20200326 14:53:47.020" level="INFO">        "cardUrlPad": "",</msg>
<msg timestamp="20200326 14:53:47.020" level="INFO">        "topCountPad": 0,</msg>
<msg timestamp="20200326 14:53:47.020" level="INFO">        "showMoreTipPad": 0,</msg>
<msg timestamp="20200326 14:53:47.020" level="INFO">        "appTypePadID": "",</msg>
<msg timestamp="20200326 14:53:47.020" level="INFO">        "appTypePad": "",</msg>
<msg timestamp="20200326 14:53:47.020" level="INFO">        "timeAxisIconPad": "",</msg>
<msg timestamp="20200326 14:53:47.020" level="INFO">        "timeAxisColorPad": "",</msg>
<msg timestamp="20200326 14:53:47.020" level="INFO">        "iconPad": "",</msg>
<msg timestamp="20200326 14:53:47.020" level="INFO">        "isIncomPad": 0,</msg>
<msg timestamp="20200326 14:53:47.020" level="INFO">        "hasExtField": 0,</msg>
<msg timestamp="20200326 14:53:47.020" level="INFO">        "iconBigType": 0,</msg>
<msg timestamp="20200326 14:53:47.020" level="INFO">        "aggId": 0,</msg>
<msg timestamp="20200326 14:53:47.020" level="INFO">        "appNormal": -2147483648</msg>
<msg timestamp="20200326 14:53:47.020" level="INFO">      },</msg>
<msg timestamp="20200326 14:53:47.020" level="INFO">      {</msg>
<msg timestamp="20200326 14:53:47.020" level="INFO">        "isdelete": 0,</msg>
<msg timestamp="20200326 14:53:47.020" level="INFO">        "level": 1,</msg>
<msg timestamp="20200326 14:53:47.020" level="INFO">        "columnLevel": 1,</msg>
<msg timestamp="20200326 14:53:47.020" level="INFO">        "columnId": 16,</msg>
<msg timestamp="20200326 14:53:47.020" level="INFO">        "columnID": 16,</msg>
<msg timestamp="20200326 14:53:47.020" level="INFO">        "columnName": "直播",</msg>
<msg timestamp="20200326 14:53:47.021" level="INFO">        "topCount": 0,</msg>
<msg timestamp="20200326 14:53:47.021" level="INFO">        "phoneIcon": "",</msg>
<msg timestamp="20200326 14:53:47.021" level="INFO">        "padIcon": "",</msg>
<msg timestamp="20200326 14:53:47.021" level="INFO">        "orderId": 7,</msg>
<msg timestamp="20200326 14:53:47.021" level="INFO">        "keyword": "",</msg>
<msg timestamp="20200326 14:53:47.021" level="INFO">        "description": "2月7日0-24时，福建省报告新增新型冠状病毒肺炎确诊病例15例。",</msg>
<msg timestamp="20200326 14:53:47.021" level="INFO">        "linkUrl": "",</msg>
<msg timestamp="20200326 14:53:47.021" level="INFO">        "isForbidden": false,</msg>
<msg timestamp="20200326 14:53:47.021" level="INFO">        "casNames": "首页~直播",</msg>
<msg timestamp="20200326 14:53:47.021" level="INFO">        "rssCount": 0,</msg>
<msg timestamp="20200326 14:53:47.021" level="INFO">        "appFixed": 0,</msg>
<msg timestamp="20200326 14:53:47.021" level="INFO">        "appShow": 1,</msg>
<msg timestamp="20200326 14:53:47.021" level="INFO">        "synXCX": 0,</msg>
<msg timestamp="20200326 14:53:47.021" level="INFO">        "isScreen": 0,</msg>
<msg timestamp="20200326 14:53:47.022" level="INFO">        "columnType": "",</msg>
<msg timestamp="20200326 14:53:47.022" level="INFO">        "columnStyle": "225",</msg>
<msg timestamp="20200326 14:53:47.022" level="INFO">        "showReadCount": 0,</msg>
<msg timestamp="20200326 14:53:47.022" level="INFO">        "showPubTime": 0,</msg>
<msg timestamp="20200326 14:53:47.022" level="INFO">        "showPraiseCount": 0,</msg>
<msg timestamp="20200326 14:53:47.022" level="INFO">        "showDiscussCount": 0,</msg>
<msg timestamp="20200326 14:53:47.022" level="INFO">        "showStyle": 0,</msg>
<msg timestamp="20200326 14:53:47.022" level="INFO">        "topPic": "",</msg>
<msg timestamp="20200326 14:53:47.022" level="INFO">        "showCard": 0,</msg>
<msg timestamp="20200326 14:53:47.022" level="INFO">        "cardUrl": "",</msg>
<msg timestamp="20200326 14:53:47.022" level="INFO">        "showColumnPad": 0,</msg>
<msg timestamp="20200326 14:53:47.022" level="INFO">        "onlyShowPad": 0,</msg>
<msg timestamp="20200326 14:53:47.022" level="INFO">        "showReadCountPad": 0,</msg>
<msg timestamp="20200326 14:53:47.022" level="INFO">        "showPubTimePad": 0,</msg>
<msg timestamp="20200326 14:53:47.023" level="INFO">        "showPraiseCountPad": 0,</msg>
<msg timestamp="20200326 14:53:47.023" level="INFO">        "showDiscussCountPad": 0,</msg>
<msg timestamp="20200326 14:53:47.023" level="INFO">        "showStylePad": 0,</msg>
<msg timestamp="20200326 14:53:47.023" level="INFO">        "topPicPad": "",</msg>
<msg timestamp="20200326 14:53:47.023" level="INFO">        "showCardPad": 0,</msg>
<msg timestamp="20200326 14:53:47.023" level="INFO">        "cardUrlPad": "",</msg>
<msg timestamp="20200326 14:53:47.023" level="INFO">        "topCountPad": 0,</msg>
<msg timestamp="20200326 14:53:47.023" level="INFO">        "showMoreTipPad": 0,</msg>
<msg timestamp="20200326 14:53:47.023" level="INFO">        "appTypePadID": "",</msg>
<msg timestamp="20200326 14:53:47.023" level="INFO">        "appTypePad": "",</msg>
<msg timestamp="20200326 14:53:47.023" level="INFO">        "timeAxisIconPad": "",</msg>
<msg timestamp="20200326 14:53:47.023" level="INFO">        "timeAxisColorPad": "",</msg>
<msg timestamp="20200326 14:53:47.023" level="INFO">        "iconPad": "",</msg>
<msg timestamp="20200326 14:53:47.023" level="INFO">        "isIncomPad": 0,</msg>
<msg timestamp="20200326 14:53:47.024" level="INFO">        "hasExtField": 0,</msg>
<msg timestamp="20200326 14:53:47.024" level="INFO">        "iconBigType": 0,</msg>
<msg timestamp="20200326 14:53:47.024" level="INFO">        "aggId": 0,</msg>
<msg timestamp="20200326 14:53:47.024" level="INFO">        "appNormal": -2147483648</msg>
<msg timestamp="20200326 14:53:47.024" level="INFO">      },</msg>
<msg timestamp="20200326 14:53:47.024" level="INFO">      {</msg>
<msg timestamp="20200326 14:53:47.024" level="INFO">        "isdelete": 0,</msg>
<msg timestamp="20200326 14:53:47.024" level="INFO">        "level": 1,</msg>
<msg timestamp="20200326 14:53:47.024" level="INFO">        "columnLevel": 1,</msg>
<msg timestamp="20200326 14:53:47.024" level="INFO">        "columnId": 19,</msg>
<msg timestamp="20200326 14:53:47.024" level="INFO">        "columnID": 19,</msg>
<msg timestamp="20200326 14:53:47.025" level="INFO">        "columnName": "问吧",</msg>
<msg timestamp="20200326 14:53:47.025" level="INFO">        "topCount": 0,</msg>
<msg timestamp="20200326 14:53:47.025" level="INFO">        "phoneIcon": "",</msg>
<msg timestamp="20200326 14:53:47.025" level="INFO">        "padIcon": "",</msg>
<msg timestamp="20200326 14:53:47.025" level="INFO">        "orderId": 8,</msg>
<msg timestamp="20200326 14:53:47.025" level="INFO">        "keyword": "",</msg>
<msg timestamp="20200326 14:53:47.025" level="INFO">        "description": "2月7日0-24时，福建省报告新增新型冠状病毒肺炎确诊病例15例。",</msg>
<msg timestamp="20200326 14:53:47.025" level="INFO">        "linkUrl": "",</msg>
<msg timestamp="20200326 14:53:47.025" level="INFO">        "isForbidden": false,</msg>
<msg timestamp="20200326 14:53:47.025" level="INFO">        "casNames": "首页~问吧",</msg>
<msg timestamp="20200326 14:53:47.025" level="INFO">        "rssCount": 0,</msg>
<msg timestamp="20200326 14:53:47.025" level="INFO">        "appFixed": 0,</msg>
<msg timestamp="20200326 14:53:47.025" level="INFO">        "appShow": 1,</msg>
<msg timestamp="20200326 14:53:47.026" level="INFO">        "synXCX": 0,</msg>
<msg timestamp="20200326 14:53:47.026" level="INFO">        "isScreen": 0,</msg>
<msg timestamp="20200326 14:53:47.026" level="INFO">        "columnType": "",</msg>
<msg timestamp="20200326 14:53:47.026" level="INFO">        "columnStyle": "107",</msg>
<msg timestamp="20200326 14:53:47.026" level="INFO">        "showReadCount": 0,</msg>
<msg timestamp="20200326 14:53:47.026" level="INFO">        "showPubTime": 0,</msg>
<msg timestamp="20200326 14:53:47.026" level="INFO">        "showPraiseCount": 0,</msg>
<msg timestamp="20200326 14:53:47.026" level="INFO">        "showDiscussCount": 0,</msg>
<msg timestamp="20200326 14:53:47.026" level="INFO">        "showStyle": 0,</msg>
<msg timestamp="20200326 14:53:47.026" level="INFO">        "topPic": "",</msg>
<msg timestamp="20200326 14:53:47.026" level="INFO">        "showCard": 0,</msg>
<msg timestamp="20200326 14:53:47.026" level="INFO">        "cardUrl": "",</msg>
<msg timestamp="20200326 14:53:47.027" level="INFO">        "showColumnPad": 0,</msg>
<msg timestamp="20200326 14:53:47.027" level="INFO">        "onlyShowPad": 0,</msg>
<msg timestamp="20200326 14:53:47.027" level="INFO">        "showReadCountPad": 0,</msg>
<msg timestamp="20200326 14:53:47.027" level="INFO">        "showPubTimePad": 0,</msg>
<msg timestamp="20200326 14:53:47.027" level="INFO">        "showPraiseCountPad": 0,</msg>
<msg timestamp="20200326 14:53:47.027" level="INFO">        "showDiscussCountPad": 0,</msg>
<msg timestamp="20200326 14:53:47.027" level="INFO">        "showStylePad": 0,</msg>
<msg timestamp="20200326 14:53:47.027" level="INFO">        "topPicPad": "",</msg>
<msg timestamp="20200326 14:53:47.027" level="INFO">        "showCardPad": 0,</msg>
<msg timestamp="20200326 14:53:47.027" level="INFO">        "cardUrlPad": "",</msg>
<msg timestamp="20200326 14:53:47.027" level="INFO">        "topCountPad": 0,</msg>
<msg timestamp="20200326 14:53:47.027" level="INFO">        "showMoreTipPad": 0,</msg>
<msg timestamp="20200326 14:53:47.027" level="INFO">        "appTypePadID": "",</msg>
<msg timestamp="20200326 14:53:47.028" level="INFO">        "appTypePad": "",</msg>
<msg timestamp="20200326 14:53:47.028" level="INFO">        "timeAxisIconPad": "",</msg>
<msg timestamp="20200326 14:53:47.028" level="INFO">        "timeAxisColorPad": "",</msg>
<msg timestamp="20200326 14:53:47.028" level="INFO">        "iconPad": "",</msg>
<msg timestamp="20200326 14:53:47.028" level="INFO">        "isIncomPad": 0,</msg>
<msg timestamp="20200326 14:53:47.028" level="INFO">        "hasExtField": 0,</msg>
<msg timestamp="20200326 14:53:47.028" level="INFO">        "iconBigType": 0,</msg>
<msg timestamp="20200326 14:53:47.028" level="INFO">        "aggId": 0,</msg>
<msg timestamp="20200326 14:53:47.028" level="INFO">        "appNormal": -2147483648</msg>
<msg timestamp="20200326 14:53:47.028" level="INFO">      },</msg>
<msg timestamp="20200326 14:53:47.028" level="INFO">      {</msg>
<msg timestamp="20200326 14:53:47.028" level="INFO">        "isdelete": 0,</msg>
<msg timestamp="20200326 14:53:47.028" level="INFO">        "level": 1,</msg>
<msg timestamp="20200326 14:53:47.028" level="INFO">        "columnLevel": 1,</msg>
<msg timestamp="20200326 14:53:47.029" level="INFO">        "columnId": 20,</msg>
<msg timestamp="20200326 14:53:47.029" level="INFO">        "columnID": 20,</msg>
<msg timestamp="20200326 14:53:47.029" level="INFO">        "columnName": "问政",</msg>
<msg timestamp="20200326 14:53:47.029" level="INFO">        "topCount": 0,</msg>
<msg timestamp="20200326 14:53:47.029" level="INFO">        "phoneIcon": "",</msg>
<msg timestamp="20200326 14:53:47.029" level="INFO">        "padIcon": "",</msg>
<msg timestamp="20200326 14:53:47.029" level="INFO">        "orderId": 9,</msg>
<msg timestamp="20200326 14:53:47.029" level="INFO">        "keyword": "",</msg>
<msg timestamp="20200326 14:53:47.029" level="INFO">        "description": "2月7日0-24时，福建省报告新增新型冠状病毒肺炎确诊病例15例。",</msg>
<msg timestamp="20200326 14:53:47.029" level="INFO">        "linkUrl": "",</msg>
<msg timestamp="20200326 14:53:47.029" level="INFO">        "isForbidden": false,</msg>
<msg timestamp="20200326 14:53:47.029" level="INFO">        "casNames": "首页~问政",</msg>
<msg timestamp="20200326 14:53:47.029" level="INFO">        "rssCount": 0,</msg>
<msg timestamp="20200326 14:53:47.030" level="INFO">        "appFixed": 0,</msg>
<msg timestamp="20200326 14:53:47.030" level="INFO">        "appShow": 1,</msg>
<msg timestamp="20200326 14:53:47.030" level="INFO">        "synXCX": 0,</msg>
<msg timestamp="20200326 14:53:47.030" level="INFO">        "isScreen": 0,</msg>
<msg timestamp="20200326 14:53:47.030" level="INFO">        "columnType": "",</msg>
<msg timestamp="20200326 14:53:47.030" level="INFO">        "columnStyle": "107",</msg>
<msg timestamp="20200326 14:53:47.030" level="INFO">        "showReadCount": 0,</msg>
<msg timestamp="20200326 14:53:47.030" level="INFO">        "showPubTime": 0,</msg>
<msg timestamp="20200326 14:53:47.030" level="INFO">        "showPraiseCount": 0,</msg>
<msg timestamp="20200326 14:53:47.030" level="INFO">        "showDiscussCount": 0,</msg>
<msg timestamp="20200326 14:53:47.030" level="INFO">        "showStyle": 0,</msg>
<msg timestamp="20200326 14:53:47.030" level="INFO">        "topPic": "",</msg>
<msg timestamp="20200326 14:53:47.030" level="INFO">        "showCard": 0,</msg>
<msg timestamp="20200326 14:53:47.031" level="INFO">        "cardUrl": "",</msg>
<msg timestamp="20200326 14:53:47.031" level="INFO">        "showColumnPad": 0,</msg>
<msg timestamp="20200326 14:53:47.031" level="INFO">        "onlyShowPad": 0,</msg>
<msg timestamp="20200326 14:53:47.031" level="INFO">        "showReadCountPad": 0,</msg>
<msg timestamp="20200326 14:53:47.031" level="INFO">        "showPubTimePad": 0,</msg>
<msg timestamp="20200326 14:53:47.031" level="INFO">        "showPraiseCountPad": 0,</msg>
<msg timestamp="20200326 14:53:47.031" level="INFO">        "showDiscussCountPad": 0,</msg>
<msg timestamp="20200326 14:53:47.031" level="INFO">        "showStylePad": 0,</msg>
<msg timestamp="20200326 14:53:47.031" level="INFO">        "topPicPad": "",</msg>
<msg timestamp="20200326 14:53:47.031" level="INFO">        "showCardPad": 0,</msg>
<msg timestamp="20200326 14:53:47.031" level="INFO">        "cardUrlPad": "",</msg>
<msg timestamp="20200326 14:53:47.032" level="INFO">        "topCountPad": 0,</msg>
<msg timestamp="20200326 14:53:47.032" level="INFO">        "showMoreTipPad": 0,</msg>
<msg timestamp="20200326 14:53:47.032" level="INFO">        "appTypePadID": "",</msg>
<msg timestamp="20200326 14:53:47.032" level="INFO">        "appTypePad": "",</msg>
<msg timestamp="20200326 14:53:47.032" level="INFO">        "timeAxisIconPad": "",</msg>
<msg timestamp="20200326 14:53:47.032" level="INFO">        "timeAxisColorPad": "",</msg>
<msg timestamp="20200326 14:53:47.032" level="INFO">        "iconPad": "",</msg>
<msg timestamp="20200326 14:53:47.032" level="INFO">        "isIncomPad": 0,</msg>
<msg timestamp="20200326 14:53:47.032" level="INFO">        "hasExtField": 0,</msg>
<msg timestamp="20200326 14:53:47.032" level="INFO">        "iconBigType": 0,</msg>
<msg timestamp="20200326 14:53:47.032" level="INFO">        "aggId": 0,</msg>
<msg timestamp="20200326 14:53:47.032" level="INFO">        "appNormal": -2147483648</msg>
<msg timestamp="20200326 14:53:47.032" level="INFO">      },</msg>
<msg timestamp="20200326 14:53:47.033" level="INFO">      {</msg>
<msg timestamp="20200326 14:53:47.033" level="INFO">        "isdelete": 0,</msg>
<msg timestamp="20200326 14:53:47.033" level="INFO">        "level": 1,</msg>
<msg timestamp="20200326 14:53:47.033" level="INFO">        "columnLevel": 1,</msg>
<msg timestamp="20200326 14:53:47.033" level="INFO">        "columnId": 25,</msg>
<msg timestamp="20200326 14:53:47.033" level="INFO">        "columnID": 25,</msg>
<msg timestamp="20200326 14:53:47.033" level="INFO">        "columnName": "福建号",</msg>
<msg timestamp="20200326 14:53:47.033" level="INFO">        "topCount": 0,</msg>
<msg timestamp="20200326 14:53:47.033" level="INFO">        "phoneIcon": "",</msg>
<msg timestamp="20200326 14:53:47.033" level="INFO">        "padIcon": "",</msg>
<msg timestamp="20200326 14:53:47.033" level="INFO">        "orderId": 10,</msg>
<msg timestamp="20200326 14:53:47.033" level="INFO">        "keyword": "",</msg>
<msg timestamp="20200326 14:53:47.033" level="INFO">        "description": "2月7日0-24时，福建省报告新增新型冠状病毒肺炎确诊病例15例。",</msg>
<msg timestamp="20200326 14:53:47.034" level="INFO">        "linkUrl": "",</msg>
<msg timestamp="20200326 14:53:47.034" level="INFO">        "isForbidden": false,</msg>
<msg timestamp="20200326 14:53:47.034" level="INFO">        "casNames": "首页~福建号",</msg>
<msg timestamp="20200326 14:53:47.034" level="INFO">        "rssCount": 0,</msg>
<msg timestamp="20200326 14:53:47.034" level="INFO">        "appFixed": 0,</msg>
<msg timestamp="20200326 14:53:47.034" level="INFO">        "appShow": 1,</msg>
<msg timestamp="20200326 14:53:47.034" level="INFO">        "synXCX": 0,</msg>
<msg timestamp="20200326 14:53:47.034" level="INFO">        "isScreen": 0,</msg>
<msg timestamp="20200326 14:53:47.034" level="INFO">        "columnType": "",</msg>
<msg timestamp="20200326 14:53:47.034" level="INFO">        "columnStyle": "215",</msg>
<msg timestamp="20200326 14:53:47.034" level="INFO">        "showReadCount": 0,</msg>
<msg timestamp="20200326 14:53:47.034" level="INFO">        "showPubTime": 0,</msg>
<msg timestamp="20200326 14:53:47.034" level="INFO">        "showPraiseCount": 0,</msg>
<msg timestamp="20200326 14:53:47.034" level="INFO">        "showDiscussCount": 0,</msg>
<msg timestamp="20200326 14:53:47.035" level="INFO">        "showStyle": 0,</msg>
<msg timestamp="20200326 14:53:47.035" level="INFO">        "topPic": "",</msg>
<msg timestamp="20200326 14:53:47.035" level="INFO">        "showCard": 0,</msg>
<msg timestamp="20200326 14:53:47.035" level="INFO">        "cardUrl": "",</msg>
<msg timestamp="20200326 14:53:47.035" level="INFO">        "showColumnPad": 0,</msg>
<msg timestamp="20200326 14:53:47.035" level="INFO">        "onlyShowPad": 0,</msg>
<msg timestamp="20200326 14:53:47.035" level="INFO">        "showReadCountPad": 0,</msg>
<msg timestamp="20200326 14:53:47.035" level="INFO">        "showPubTimePad": 0,</msg>
<msg timestamp="20200326 14:53:47.035" level="INFO">        "showPraiseCountPad": 0,</msg>
<msg timestamp="20200326 14:53:47.035" level="INFO">        "showDiscussCountPad": 0,</msg>
<msg timestamp="20200326 14:53:47.035" level="INFO">        "showStylePad": 0,</msg>
<msg timestamp="20200326 14:53:47.035" level="INFO">        "topPicPad": "",</msg>
<msg timestamp="20200326 14:53:47.035" level="INFO">        "showCardPad": 0,</msg>
<msg timestamp="20200326 14:53:47.036" level="INFO">        "cardUrlPad": "",</msg>
<msg timestamp="20200326 14:53:47.036" level="INFO">        "topCountPad": 0,</msg>
<msg timestamp="20200326 14:53:47.036" level="INFO">        "showMoreTipPad": 0,</msg>
<msg timestamp="20200326 14:53:47.036" level="INFO">        "appTypePadID": "",</msg>
<msg timestamp="20200326 14:53:47.036" level="INFO">        "appTypePad": "",</msg>
<msg timestamp="20200326 14:53:47.036" level="INFO">        "timeAxisIconPad": "",</msg>
<msg timestamp="20200326 14:53:47.036" level="INFO">        "timeAxisColorPad": "",</msg>
<msg timestamp="20200326 14:53:47.036" level="INFO">        "iconPad": "",</msg>
<msg timestamp="20200326 14:53:47.036" level="INFO">        "isIncomPad": 0,</msg>
<msg timestamp="20200326 14:53:47.036" level="INFO">        "hasExtField": 0,</msg>
<msg timestamp="20200326 14:53:47.036" level="INFO">        "iconBigType": 0,</msg>
<msg timestamp="20200326 14:53:47.036" level="INFO">        "aggId": 0,</msg>
<msg timestamp="20200326 14:53:47.036" level="INFO">        "appNormal": -2147483648</msg>
<msg timestamp="20200326 14:53:47.036" level="INFO">      },</msg>
<msg timestamp="20200326 14:53:47.036" level="INFO">      {</msg>
<msg timestamp="20200326 14:53:47.036" level="INFO">        "isdelete": 0,</msg>
<msg timestamp="20200326 14:53:47.036" level="INFO">        "level": 1,</msg>
<msg timestamp="20200326 14:53:47.036" level="INFO">        "columnLevel": 1,</msg>
<msg timestamp="20200326 14:53:47.036" level="INFO">        "columnId": 31,</msg>
<msg timestamp="20200326 14:53:47.036" level="INFO">        "columnID": 31,</msg>
<msg timestamp="20200326 14:53:47.036" level="INFO">        "columnName": "翔宇号挂接栏目",</msg>
<msg timestamp="20200326 14:53:47.036" level="INFO">        "topCount": 0,</msg>
<msg timestamp="20200326 14:53:47.037" level="INFO">        "phoneIcon": "",</msg>
<msg timestamp="20200326 14:53:47.037" level="INFO">        "padIcon": "",</msg>
<msg timestamp="20200326 14:53:47.037" level="INFO">        "orderId": 11,</msg>
<msg timestamp="20200326 14:53:47.037" level="INFO">        "keyword": "",</msg>
<msg timestamp="20200326 14:53:47.037" level="INFO">        "description": "2月7日0-24时，福建省报告新增新型冠状病毒肺炎确诊病例15例。",</msg>
<msg timestamp="20200326 14:53:47.037" level="INFO">        "linkUrl": "",</msg>
<msg timestamp="20200326 14:53:47.037" level="INFO">        "isForbidden": false,</msg>
<msg timestamp="20200326 14:53:47.037" level="INFO">        "casNames": "首页~翔宇号挂接栏目",</msg>
<msg timestamp="20200326 14:53:47.037" level="INFO">        "rssCount": 0,</msg>
<msg timestamp="20200326 14:53:47.037" level="INFO">        "appFixed": 0,</msg>
<msg timestamp="20200326 14:53:47.037" level="INFO">        "appShow": 1,</msg>
<msg timestamp="20200326 14:53:47.037" level="INFO">        "synXCX": 0,</msg>
<msg timestamp="20200326 14:53:47.037" level="INFO">        "isScreen": 0,</msg>
<msg timestamp="20200326 14:53:47.037" level="INFO">        "columnType": "",</msg>
<msg timestamp="20200326 14:53:47.037" level="INFO">        "columnStyle": "215",</msg>
<msg timestamp="20200326 14:53:47.037" level="INFO">        "showReadCount": 1,</msg>
<msg timestamp="20200326 14:53:47.037" level="INFO">        "showPubTime": 0,</msg>
<msg timestamp="20200326 14:53:47.037" level="INFO">        "showPraiseCount": 0,</msg>
<msg timestamp="20200326 14:53:47.037" level="INFO">        "showDiscussCount": 0,</msg>
<msg timestamp="20200326 14:53:47.037" level="INFO">        "showStyle": 0,</msg>
<msg timestamp="20200326 14:53:47.038" level="INFO">        "topPic": "",</msg>
<msg timestamp="20200326 14:53:47.038" level="INFO">        "showCard": 0,</msg>
<msg timestamp="20200326 14:53:47.038" level="INFO">        "cardUrl": "",</msg>
<msg timestamp="20200326 14:53:47.038" level="INFO">        "showColumnPad": 0,</msg>
<msg timestamp="20200326 14:53:47.038" level="INFO">        "onlyShowPad": 0,</msg>
<msg timestamp="20200326 14:53:47.038" level="INFO">        "showReadCountPad": 0,</msg>
<msg timestamp="20200326 14:53:47.038" level="INFO">        "showPubTimePad": 0,</msg>
<msg timestamp="20200326 14:53:47.038" level="INFO">        "showPraiseCountPad": 0,</msg>
<msg timestamp="20200326 14:53:47.038" level="INFO">        "showDiscussCountPad": 0,</msg>
<msg timestamp="20200326 14:53:47.038" level="INFO">        "showStylePad": 0,</msg>
<msg timestamp="20200326 14:53:47.038" level="INFO">        "topPicPad": "",</msg>
<msg timestamp="20200326 14:53:47.038" level="INFO">        "showCardPad": 0,</msg>
<msg timestamp="20200326 14:53:47.038" level="INFO">        "cardUrlPad": "",</msg>
<msg timestamp="20200326 14:53:47.038" level="INFO">        "topCountPad": 0,</msg>
<msg timestamp="20200326 14:53:47.038" level="INFO">        "showMoreTipPad": 0,</msg>
<msg timestamp="20200326 14:53:47.039" level="INFO">        "appTypePadID": "",</msg>
<msg timestamp="20200326 14:53:47.039" level="INFO">        "appTypePad": "",</msg>
<msg timestamp="20200326 14:53:47.039" level="INFO">        "timeAxisIconPad": "",</msg>
<msg timestamp="20200326 14:53:47.039" level="INFO">        "timeAxisColorPad": "",</msg>
<msg timestamp="20200326 14:53:47.039" level="INFO">        "iconPad": "",</msg>
<msg timestamp="20200326 14:53:47.039" level="INFO">        "isIncomPad": 0,</msg>
<msg timestamp="20200326 14:53:47.039" level="INFO">        "hasExtField": 0,</msg>
<msg timestamp="20200326 14:53:47.039" level="INFO">        "iconBigType": 0,</msg>
<msg timestamp="20200326 14:53:47.039" level="INFO">        "aggId": 0,</msg>
<msg timestamp="20200326 14:53:47.039" level="INFO">        "appNormal": -2147483648</msg>
<msg timestamp="20200326 14:53:47.039" level="INFO">      },</msg>
<msg timestamp="20200326 14:53:47.039" level="INFO">      {</msg>
<msg timestamp="20200326 14:53:47.039" level="INFO">        "isdelete": 0,</msg>
<msg timestamp="20200326 14:53:47.039" level="INFO">        "level": 1,</msg>
<msg timestamp="20200326 14:53:47.039" level="INFO">        "columnLevel": 1,</msg>
<msg timestamp="20200326 14:53:47.039" level="INFO">        "columnId": 47,</msg>
<msg timestamp="20200326 14:53:47.039" level="INFO">        "columnID": 47,</msg>
<msg timestamp="20200326 14:53:47.039" level="INFO">        "columnName": "荐读",</msg>
<msg timestamp="20200326 14:53:47.039" level="INFO">        "topCount": 0,</msg>
<msg timestamp="20200326 14:53:47.039" level="INFO">        "phoneIcon": "",</msg>
<msg timestamp="20200326 14:53:47.039" level="INFO">        "padIcon": "",</msg>
<msg timestamp="20200326 14:53:47.040" level="INFO">        "orderId": 12,</msg>
<msg timestamp="20200326 14:53:47.040" level="INFO">        "keyword": "",</msg>
<msg timestamp="20200326 14:53:47.040" level="INFO">        "description": "2月7日0-24时，福建省报告新增新型冠状病毒肺炎确诊病例15例。",</msg>
<msg timestamp="20200326 14:53:47.040" level="INFO">        "linkUrl": "",</msg>
<msg timestamp="20200326 14:53:47.040" level="INFO">        "isForbidden": false,</msg>
<msg timestamp="20200326 14:53:47.040" level="INFO">        "casNames": "首页~荐读",</msg>
<msg timestamp="20200326 14:53:47.040" level="INFO">        "rssCount": 0,</msg>
<msg timestamp="20200326 14:53:47.040" level="INFO">        "appFixed": 0,</msg>
<msg timestamp="20200326 14:53:47.040" level="INFO">        "appShow": 1,</msg>
<msg timestamp="20200326 14:53:47.040" level="INFO">        "synXCX": 0,</msg>
<msg timestamp="20200326 14:53:47.040" level="INFO">        "isScreen": 0,</msg>
<msg timestamp="20200326 14:53:47.040" level="INFO">        "columnType": "",</msg>
<msg timestamp="20200326 14:53:47.040" level="INFO">        "columnStyle": "101",</msg>
<msg timestamp="20200326 14:53:47.040" level="INFO">        "showReadCount": 0,</msg>
<msg timestamp="20200326 14:53:47.040" level="INFO">        "showPubTime": 0,</msg>
<msg timestamp="20200326 14:53:47.040" level="INFO">        "showPraiseCount": 0,</msg>
<msg timestamp="20200326 14:53:47.040" level="INFO">        "showDiscussCount": 0,</msg>
<msg timestamp="20200326 14:53:47.040" level="INFO">        "showStyle": 0,</msg>
<msg timestamp="20200326 14:53:47.040" level="INFO">        "topPic": "",</msg>
<msg timestamp="20200326 14:53:47.040" level="INFO">        "showCard": 0,</msg>
<msg timestamp="20200326 14:53:47.040" level="INFO">        "cardUrl": "",</msg>
<msg timestamp="20200326 14:53:47.040" level="INFO">        "showColumnPad": 0,</msg>
<msg timestamp="20200326 14:53:47.041" level="INFO">        "onlyShowPad": 0,</msg>
<msg timestamp="20200326 14:53:47.041" level="INFO">        "showReadCountPad": 0,</msg>
<msg timestamp="20200326 14:53:47.041" level="INFO">        "showPubTimePad": 0,</msg>
<msg timestamp="20200326 14:53:47.041" level="INFO">        "showPraiseCountPad": 0,</msg>
<msg timestamp="20200326 14:53:47.041" level="INFO">        "showDiscussCountPad": 0,</msg>
<msg timestamp="20200326 14:53:47.041" level="INFO">        "showStylePad": 0,</msg>
<msg timestamp="20200326 14:53:47.041" level="INFO">        "topPicPad": "",</msg>
<msg timestamp="20200326 14:53:47.041" level="INFO">        "showCardPad": 0,</msg>
<msg timestamp="20200326 14:53:47.041" level="INFO">        "cardUrlPad": "",</msg>
<msg timestamp="20200326 14:53:47.041" level="INFO">        "topCountPad": 0,</msg>
<msg timestamp="20200326 14:53:47.041" level="INFO">        "showMoreTipPad": 0,</msg>
<msg timestamp="20200326 14:53:47.041" level="INFO">        "appTypePadID": "",</msg>
<msg timestamp="20200326 14:53:47.041" level="INFO">        "appTypePad": "",</msg>
<msg timestamp="20200326 14:53:47.041" level="INFO">        "timeAxisIconPad": "",</msg>
<msg timestamp="20200326 14:53:47.041" level="INFO">        "timeAxisColorPad": "",</msg>
<msg timestamp="20200326 14:53:47.041" level="INFO">        "iconPad": "",</msg>
<msg timestamp="20200326 14:53:47.041" level="INFO">        "isIncomPad": 0,</msg>
<msg timestamp="20200326 14:53:47.041" level="INFO">        "hasExtField": 0,</msg>
<msg timestamp="20200326 14:53:47.041" level="INFO">        "iconBigType": 0,</msg>
<msg timestamp="20200326 14:53:47.041" level="INFO">        "aggId": 0,</msg>
<msg timestamp="20200326 14:53:47.041" level="INFO">        "appNormal": -2147483648</msg>
<msg timestamp="20200326 14:53:47.041" level="INFO">      },</msg>
<msg timestamp="20200326 14:53:47.042" level="INFO">      {</msg>
<msg timestamp="20200326 14:53:47.042" level="INFO">        "isdelete": 0,</msg>
<msg timestamp="20200326 14:53:47.042" level="INFO">        "level": 1,</msg>
<msg timestamp="20200326 14:53:47.042" level="INFO">        "columnLevel": 1,</msg>
<msg timestamp="20200326 14:53:47.042" level="INFO">        "columnId": 48,</msg>
<msg timestamp="20200326 14:53:47.042" level="INFO">        "columnID": 48,</msg>
<msg timestamp="20200326 14:53:47.042" level="INFO">        "columnName": "地方",</msg>
<msg timestamp="20200326 14:53:47.042" level="INFO">        "topCount": 5,</msg>
<msg timestamp="20200326 14:53:47.042" level="INFO">        "phoneIcon": "",</msg>
<msg timestamp="20200326 14:53:47.042" level="INFO">        "padIcon": "",</msg>
[...]
<msg timestamp="20200326 14:53:47.065" level="INFO">        "appNormal": -2147483648</msg>
<msg timestamp="20200326 14:53:47.065" level="INFO">      },</msg>
<msg timestamp="20200326 14:53:47.065" level="INFO">      {</msg>
<msg timestamp="20200326 14:53:47.065" level="INFO">        "isdelete": 0,</msg>
<msg timestamp="20200326 14:53:47.066" level="INFO">        "level": 1,</msg>
<msg timestamp="20200326 14:53:47.066" level="INFO">        "columnLevel": 1,</msg>
<msg timestamp="20200326 14:53:47.066" level="INFO">        "columnId": 80,</msg>
<msg timestamp="20200326 14:53:47.066" level="INFO">        "columnID": 80,</msg>
<msg timestamp="20200326 14:53:47.066" level="INFO">        "columnName": "yll测试栏目",</msg>
<msg timestamp="20200326 14:53:47.066" level="INFO">        "topCount": 5,</msg>
<msg timestamp="20200326 14:53:47.066" level="INFO">        "phoneIcon": "",</msg>
<msg timestamp="20200326 14:53:47.066" level="INFO">        "padIcon": "",</msg>
<msg timestamp="20200326 14:53:47.066" level="INFO">        "orderId": 24,</msg>
<msg timestamp="20200326 14:53:47.066" level="INFO">        "keyword": "",</msg>
<msg timestamp="20200326 14:53:47.066" level="INFO">        "description": "2月7日0-24时，福建省报告新增新型冠状病毒肺炎确诊病例15例。",</msg>
<msg timestamp="20200326 14:53:47.066" level="INFO">        "linkUrl": "",</msg>
<msg timestamp="20200326 14:53:47.066" level="INFO">        "isForbidden": false,</msg>
<msg timestamp="20200326 14:53:47.066" level="INFO">        "casNames": "首页~yll测试栏目",</msg>
<msg timestamp="20200326 14:53:47.066" level="INFO">        "rssCount": 0,</msg>
<msg timestamp="20200326 14:53:47.066" level="INFO">        "appFixed": 0,</msg>
<msg timestamp="20200326 14:53:47.067" level="INFO">        "appShow": 1,</msg>
<msg timestamp="20200326 14:53:47.067" level="INFO">        "synXCX": 0,</msg>
<msg timestamp="20200326 14:53:47.067" level="INFO">        "isScreen": 0,</msg>
<msg timestamp="20200326 14:53:47.067" level="INFO">        "columnType": "",</msg>
<msg timestamp="20200326 14:53:47.067" level="INFO">        "columnStyle": "101",</msg>
<msg timestamp="20200326 14:53:47.067" level="INFO">        "showReadCount": 1,</msg>
<msg timestamp="20200326 14:53:47.067" level="INFO">        "showPubTime": 1,</msg>
<msg timestamp="20200326 14:53:47.067" level="INFO">        "showPraiseCount": 0,</msg>
<msg timestamp="20200326 14:53:47.067" level="INFO">        "showDiscussCount": 0,</msg>
<msg timestamp="20200326 14:53:47.067" level="INFO">        "showStyle": 0,</msg>
<msg timestamp="20200326 14:53:47.067" level="INFO">        "topPic": "",</msg>
<msg timestamp="20200326 14:53:47.067" level="INFO">        "showCard": 0,</msg>
<msg timestamp="20200326 14:53:47.067" level="INFO">        "cardUrl": "",</msg>
<msg timestamp="20200326 14:53:47.067" level="INFO">        "showColumnPad": 0,</msg>
<msg timestamp="20200326 14:53:47.067" level="INFO">        "onlyShowPad": 0,</msg>
<msg timestamp="20200326 14:53:47.067" level="INFO">        "showReadCountPad": 0,</msg>
<msg timestamp="20200326 14:53:47.067" level="INFO">        "showPubTimePad": 0,</msg>
<msg timestamp="20200326 14:53:47.067" level="INFO">        "showPraiseCountPad": 0,</msg>
<msg timestamp="20200326 14:53:47.067" level="INFO">        "showDiscussCountPad": 0,</msg>
<msg timestamp="20200326 14:53:47.067" level="INFO">        "showStylePad": 0,</msg>
<msg timestamp="20200326 14:53:47.067" level="INFO">        "topPicPad": "",</msg>
<msg timestamp="20200326 14:53:47.067" level="INFO">        "showCardPad": 0,</msg>
<msg timestamp="20200326 14:53:47.068" level="INFO">        "cardUrlPad": "",</msg>
<msg timestamp="20200326 14:53:47.068" level="INFO">        "topCountPad": 0,</msg>
<msg timestamp="20200326 14:53:47.068" level="INFO">        "showMoreTipPad": 0,</msg>
<msg timestamp="20200326 14:53:47.068" level="INFO">        "appTypePadID": "",</msg>
<msg timestamp="20200326 14:53:47.068" level="INFO">        "appTypePad": "",</msg>
<msg timestamp="20200326 14:53:47.068" level="INFO">        "timeAxisIconPad": "",</msg>
<msg timestamp="20200326 14:53:47.068" level="INFO">        "timeAxisColorPad": "",</msg>
<msg timestamp="20200326 14:53:47.068" level="INFO">        "iconPad": "",</msg>
<msg timestamp="20200326 14:53:47.068" level="INFO">        "isIncomPad": 0,</msg>
<msg timestamp="20200326 14:53:47.068" level="INFO">        "hasExtField": 0,</msg>
<msg timestamp="20200326 14:53:47.068" level="INFO">        "iconBigType": 0,</msg>
<msg timestamp="20200326 14:53:47.068" level="INFO">        "aggId": 0,</msg>
<msg timestamp="20200326 14:53:47.068" level="INFO">        "appNormal": -2147483648</msg>
<msg timestamp="20200326 14:53:47.068" level="INFO">      },</msg>
<msg timestamp="20200326 14:53:47.068" level="INFO">      {</msg>
<msg timestamp="20200326 14:53:47.068" level="INFO">        "isdelete": 0,</msg>
<msg timestamp="20200326 14:53:47.068" level="INFO">        "level": 1,</msg>
<msg timestamp="20200326 14:53:47.068" level="INFO">        "columnLevel": 1,</msg>
<msg timestamp="20200326 14:53:47.068" level="INFO">        "columnId": 81,</msg>
<msg timestamp="20200326 14:53:47.068" level="INFO">        "columnID": 81,</msg>
<msg timestamp="20200326 14:53:47.068" level="INFO">        "columnName": "测试1",</msg>
<msg timestamp="20200326 14:53:47.068" level="INFO">        "topCount": 4,</msg>
<msg timestamp="20200326 14:53:47.069" level="INFO">        "phoneIcon": "",</msg>
<msg timestamp="20200326 14:53:47.069" level="INFO">        "padIcon": "",</msg>
<msg timestamp="20200326 14:53:47.069" level="INFO">        "orderId": 25,</msg>
<msg timestamp="20200326 14:53:47.069" level="INFO">        "keyword": "",</msg>
<msg timestamp="20200326 14:53:47.069" level="INFO">        "description": "2月7日0-24时，福建省报告新增新型冠状病毒肺炎确诊病例15例。",</msg>
<msg timestamp="20200326 14:53:47.069" level="INFO">        "linkUrl": "",</msg>
<msg timestamp="20200326 14:53:47.069" level="INFO">        "isForbidden": false,</msg>
<msg timestamp="20200326 14:53:47.069" level="INFO">        "casNames": "首页~测试1",</msg>
<msg timestamp="20200326 14:53:47.069" level="INFO">        "rssCount": 0,</msg>
<msg timestamp="20200326 14:53:47.069" level="INFO">        "appFixed": 0,</msg>
<msg timestamp="20200326 14:53:47.069" level="INFO">        "appShow": 1,</msg>
<msg timestamp="20200326 14:53:47.069" level="INFO">        "synXCX": 0,</msg>
<msg timestamp="20200326 14:53:47.069" level="INFO">        "isScreen": 0,</msg>
<msg timestamp="20200326 14:53:47.069" level="INFO">        "columnType": "",</msg>
<msg timestamp="20200326 14:53:47.069" level="INFO">        "columnStyle": "101",</msg>
<msg timestamp="20200326 14:53:47.069" level="INFO">        "showReadCount": 0,</msg>
<msg timestamp="20200326 14:53:47.069" level="INFO">        "showPubTime": 1,</msg>
<msg timestamp="20200326 14:53:47.069" level="INFO">        "showPraiseCount": 0,</msg>
<msg timestamp="20200326 14:53:47.069" level="INFO">        "showDiscussCount": 0,</msg>
<msg timestamp="20200326 14:53:47.069" level="INFO">        "showStyle": 0,</msg>
<msg timestamp="20200326 14:53:47.069" level="INFO">        "topPic": "",</msg>
<msg timestamp="20200326 14:53:47.069" level="INFO">        "showCard": 0,</msg>
<msg timestamp="20200326 14:53:47.070" level="INFO">        "cardUrl": "",</msg>
<msg timestamp="20200326 14:53:47.070" level="INFO">        "showColumnPad": 0,</msg>
<msg timestamp="20200326 14:53:47.070" level="INFO">        "onlyShowPad": 0,</msg>
<msg timestamp="20200326 14:53:47.070" level="INFO">        "showReadCountPad": 0,</msg>
<msg timestamp="20200326 14:53:47.070" level="INFO">        "showPubTimePad": 0,</msg>
<msg timestamp="20200326 14:53:47.070" level="INFO">        "showPraiseCountPad": 0,</msg>
<msg timestamp="20200326 14:53:47.070" level="INFO">        "showDiscussCountPad": 0,</msg>
<msg timestamp="20200326 14:53:47.070" level="INFO">        "showStylePad": 0,</msg>
<msg timestamp="20200326 14:53:47.070" level="INFO">        "topPicPad": "",</msg>
<msg timestamp="20200326 14:53:47.070" level="INFO">        "showCardPad": 0,</msg>
<msg timestamp="20200326 14:53:47.070" level="INFO">        "cardUrlPad": "",</msg>
<msg timestamp="20200326 14:53:47.070" level="INFO">        "topCountPad": 0,</msg>
<msg timestamp="20200326 14:53:47.070" level="INFO">        "showMoreTipPad": 0,</msg>
<msg timestamp="20200326 14:53:47.070" level="INFO">        "appTypePadID": "",</msg>
<msg timestamp="20200326 14:53:47.070" level="INFO">        "appTypePad": "",</msg>
<msg timestamp="20200326 14:53:47.070" level="INFO">        "timeAxisIconPad": "",</msg>
<msg timestamp="20200326 14:53:47.070" level="INFO">        "timeAxisColorPad": "",</msg>
<msg timestamp="20200326 14:53:47.070" level="INFO">        "iconPad": "",</msg>
<msg timestamp="20200326 14:53:47.070" level="INFO">        "isIncomPad": 0,</msg>
<msg timestamp="20200326 14:53:47.070" level="INFO">        "hasExtField": 0,</msg>
<msg timestamp="20200326 14:53:47.071" level="INFO">        "iconBigType": 0,</msg>
<msg timestamp="20200326 14:53:47.071" level="INFO">        "aggId": 0,</msg>
<msg timestamp="20200326 14:53:47.071" level="INFO">        "appNormal": -2147483648</msg>
<msg timestamp="20200326 14:53:47.071" level="INFO">      },</msg>
<msg timestamp="20200326 14:53:47.071" level="INFO">      {</msg>
<msg timestamp="20200326 14:53:47.071" level="INFO">        "isdelete": 0,</msg>
<msg timestamp="20200326 14:53:47.071" level="INFO">        "level": 1,</msg>
<msg timestamp="20200326 14:53:47.071" level="INFO">        "columnLevel": 1,</msg>
<msg timestamp="20200326 14:53:47.071" level="INFO">        "columnId": 91,</msg>
<msg timestamp="20200326 14:53:47.071" level="INFO">        "columnID": 91,</msg>
<msg timestamp="20200326 14:53:47.071" level="INFO">        "columnName": "测试栏目0323",</msg>
<msg timestamp="20200326 14:53:47.071" level="INFO">        "topCount": 0,</msg>
<msg timestamp="20200326 14:53:47.071" level="INFO">        "phoneIcon": "",</msg>
<msg timestamp="20200326 14:53:47.071" level="INFO">        "padIcon": "",</msg>
<msg timestamp="20200326 14:53:47.071" level="INFO">        "orderId": 26,</msg>
<msg timestamp="20200326 14:53:47.071" level="INFO">        "keyword": "",</msg>
<msg timestamp="20200326 14:53:47.071" level="INFO">        "description": "2月7日0-24时，福建省报告新增新型冠状病毒肺炎确诊病例15例。",</msg>
<msg timestamp="20200326 14:53:47.071" level="INFO">        "linkUrl": "",</msg>
<msg timestamp="20200326 14:53:47.071" level="INFO">        "isForbidden": false,</msg>
<msg timestamp="20200326 14:53:47.071" level="INFO">        "casNames": "首页~测试栏目0323",</msg>
<msg timestamp="20200326 14:53:47.071" level="INFO">        "rssCount": 0,</msg>
<msg timestamp="20200326 14:53:47.071" level="INFO">        "appFixed": 0,</msg>
<msg timestamp="20200326 14:53:47.072" level="INFO">        "appShow": 1,</msg>
<msg timestamp="20200326 14:53:47.072" level="INFO">        "synXCX": 0,</msg>
<msg timestamp="20200326 14:53:47.072" level="INFO">        "isScreen": 0,</msg>
<msg timestamp="20200326 14:53:47.072" level="INFO">        "columnType": "",</msg>
<msg timestamp="20200326 14:53:47.072" level="INFO">        "columnStyle": "101",</msg>
<msg timestamp="20200326 14:53:47.072" level="INFO">        "showReadCount": 0,</msg>
<msg timestamp="20200326 14:53:47.072" level="INFO">        "showPubTime": 0,</msg>
<msg timestamp="20200326 14:53:47.072" level="INFO">        "showPraiseCount": 0,</msg>
<msg timestamp="20200326 14:53:47.072" level="INFO">        "showDiscussCount": 0,</msg>
<msg timestamp="20200326 14:53:47.072" level="INFO">        "showStyle": 0,</msg>
<msg timestamp="20200326 14:53:47.072" level="INFO">        "topPic": "",</msg>
<msg timestamp="20200326 14:53:47.072" level="INFO">        "showCard": 0,</msg>
<msg timestamp="20200326 14:53:47.072" level="INFO">        "cardUrl": "",</msg>
<msg timestamp="20200326 14:53:47.072" level="INFO">        "showColumnPad": 0,</msg>
<msg timestamp="20200326 14:53:47.072" level="INFO">        "onlyShowPad": 0,</msg>
<msg timestamp="20200326 14:53:47.072" level="INFO">        "showReadCountPad": 0,</msg>
<msg timestamp="20200326 14:53:47.072" level="INFO">        "showPubTimePad": 0,</msg>
<msg timestamp="20200326 14:53:47.072" level="INFO">        "showPraiseCountPad": 0,</msg>
<msg timestamp="20200326 14:53:47.072" level="INFO">        "showDiscussCountPad": 0,</msg>
<msg timestamp="20200326 14:53:47.072" level="INFO">        "showStylePad": 0,</msg>
<msg timestamp="20200326 14:53:47.072" level="INFO">        "topPicPad": "",</msg>
<msg timestamp="20200326 14:53:47.072" level="INFO">        "showCardPad": 0,</msg>
<msg timestamp="20200326 14:53:47.072" level="INFO">        "cardUrlPad": "",</msg>
<msg timestamp="20200326 14:53:47.073" level="INFO">        "topCountPad": 0,</msg>
<msg timestamp="20200326 14:53:47.073" level="INFO">        "showMoreTipPad": 0,</msg>
<msg timestamp="20200326 14:53:47.073" level="INFO">        "appTypePadID": "",</msg>
<msg timestamp="20200326 14:53:47.073" level="INFO">        "appTypePad": "",</msg>
<msg timestamp="20200326 14:53:47.073" level="INFO">        "timeAxisIconPad": "",</msg>
<msg timestamp="20200326 14:53:47.073" level="INFO">        "timeAxisColorPad": "",</msg>
<msg timestamp="20200326 14:53:47.073" level="INFO">        "iconPad": "",</msg>
<msg timestamp="20200326 14:53:47.073" level="INFO">        "isIncomPad": 0,</msg>
<msg timestamp="20200326 14:53:47.073" level="INFO">        "hasExtField": 0,</msg>
<msg timestamp="20200326 14:53:47.073" level="INFO">        "iconBigType": 0,</msg>
<msg timestamp="20200326 14:53:47.073" level="INFO">        "aggId": 0,</msg>
<msg timestamp="20200326 14:53:47.073" level="INFO">        "appNormal": -2147483648</msg>
<msg timestamp="20200326 14:53:47.073" level="INFO">      }</msg>
<msg timestamp="20200326 14:53:47.073" level="INFO">    ],</msg>
<msg timestamp="20200326 14:53:47.073" level="INFO">    "topColumns": []</msg>
<msg timestamp="20200326 14:53:47.073" level="INFO">  }</msg>
<msg timestamp="20200326 14:53:47.073" level="INFO">}</msg>
<status status="PASS" starttime="20200326 14:53:45.428" endtime="20200326 14:53:47.074"></status>
</kw>
<kw name="Fapi Data To Object" library="FATL">
<doc>Convert Fapi response content to python object</doc>
<assign>
<var>${data}</var>
</assign>
<msg timestamp="20200326 14:53:47.075" level="INFO">${data} = &lt;FATL.Json2Object.Dict2Object object at 0x00000188D3405358&gt;</msg>
<status status="PASS" starttime="20200326 14:53:47.074" endtime="20200326 14:53:47.075"></status>
</kw>
<kw name="Set Suite Variable" library="BuiltIn">
<doc>Makes a variable available everywhere within the scope of the current suite.</doc>
<arguments>
<arg>${response_data}</arg>
<arg>${data}</arg>
</arguments>
<msg timestamp="20200326 14:53:47.075" level="INFO">${response_data} = &lt;FATL.Json2Object.Dict2Object object at 0x00000188D3405358&gt;</msg>
<status status="PASS" starttime="20200326 14:53:47.075" endtime="20200326 14:53:47.075"></status>
</kw>
<status status="PASS" starttime="20200326 14:53:45.427" endtime="20200326 14:53:47.076"></status>
</kw>
<kw name="Should Be Equal As Strings" library="BuiltIn">
<doc>Fails if objects are unequal after converting them to strings.</doc>
<arguments>
<arg>${response_data.columns[0].columnName}</arg>
<arg>${RESULT0}</arg>
</arguments>
<status status="PASS" starttime="20200326 14:53:47.076" endtime="20200326 14:53:47.077"></status>
</kw>
<tags>
<tag>作者：张鹏</tag>
<tag>冒烟集-新福建APP</tag>
<tag>栏目接口/读取子栏目（张进）</tag>
</tags>
<status status="PASS" starttime="20200326 14:53:45.424" endtime="20200326 14:53:47.077" critical="yes"></status>
</test>
<test id="s1-t3" name="读取的栏目不存在时，接口数据">
<kw name="Get Columns" library="Column_Common">
<doc>获取栏目数据接口</doc>
<arguments>
<arg>${ID1}</arg>
</arguments>
<kw name="Fapi Params Set" library="FATL">
<doc>Adds the given ``key_value_pairs`` and ``items`` to HTTP request parameters.</doc>
<arguments>
<arg>parentColumnId</arg>
<arg>${parentcolumnid}</arg>
<arg>siteId</arg>
<arg>${siteid}</arg>
<arg>curVersions</arg>
<arg>${CURVERSIONS}</arg>
</arguments>
<status status="PASS" starttime="20200326 14:53:47.081" endtime="20200326 14:53:47.082"></status>
</kw>
<kw name="Fapi Get" library="FATL">
<doc>Send a GET request on the session object found using the
given `alias`</doc>
<arguments>
<arg>${APPIF_ALIAS}</arg>
<arg>${GETCOLUMNS_URI}</arg>
</arguments>
<msg timestamp="20200326 14:53:47.147" level="INFO">Get Request using : alias=appif, uri=/getColumns, headers={'APITEST': '1'} json=None</msg>
<msg timestamp="20200326 14:53:47.147" level="INFO">JSON string is : {</msg>
<msg timestamp="20200326 14:53:47.147" level="INFO">  "status": 0,</msg>
<msg timestamp="20200326 14:53:47.147" level="INFO">  "message": "success",</msg>
<msg timestamp="20200326 14:53:47.147" level="INFO">  "data": {</msg>
<msg timestamp="20200326 14:53:47.147" level="INFO">    "version": 0,</msg>
<msg timestamp="20200326 14:53:47.147" level="INFO">    "columns": [],</msg>
<msg timestamp="20200326 14:53:47.147" level="INFO">    "topColumns": []</msg>
<msg timestamp="20200326 14:53:47.147" level="INFO">  }</msg>
<msg timestamp="20200326 14:53:47.147" level="INFO">}</msg>
<status status="PASS" starttime="20200326 14:53:47.082" endtime="20200326 14:53:47.147"></status>
</kw>
<kw name="Fapi Data To Object" library="FATL">
<doc>Convert Fapi response content to python object</doc>
<assign>
<var>${data}</var>
</assign>
<msg timestamp="20200326 14:53:47.148" level="INFO">${data} = &lt;FATL.Json2Object.Dict2Object object at 0x00000188D339DA20&gt;</msg>
<status status="PASS" starttime="20200326 14:53:47.148" endtime="20200326 14:53:47.148"></status>
</kw>
<kw name="Set Suite Variable" library="BuiltIn">
<doc>Makes a variable available everywhere within the scope of the current suite.</doc>
<arguments>
<arg>${response_data}</arg>
<arg>${data}</arg>
</arguments>
<msg timestamp="20200326 14:53:47.148" level="INFO">${response_data} = &lt;FATL.Json2Object.Dict2Object object at 0x00000188D339DA20&gt;</msg>
<status status="PASS" starttime="20200326 14:53:47.148" endtime="20200326 14:53:47.148"></status>
</kw>
<status status="PASS" starttime="20200326 14:53:47.081" endtime="20200326 14:53:47.149"></status>
</kw>
<kw name="Should Be Equal As Strings" library="BuiltIn">
<doc>Fails if objects are unequal after converting them to strings.</doc>
<arguments>
<arg>${response_data.columns}</arg>
<arg>${RESULT1}</arg>
</arguments>
<msg timestamp="20200326 14:53:47.150" level="INFO">Argument types are:
&lt;class 'list'&gt;
&lt;type 'unicode'&gt;</msg>
<status status="PASS" starttime="20200326 14:53:47.149" endtime="20200326 14:53:47.150"></status>
</kw>
<tags>
<tag>作者：张鹏</tag>
<tag>冒烟集-新福建APP</tag>
<tag>栏目接口/读取子栏目（张进）</tag>
</tags>
<status status="PASS" starttime="20200326 14:53:47.078" endtime="20200326 14:53:47.150" critical="yes"></status>
</test>
<kw name="Fapi Delete All Sessions" library="FATL" type="teardown">
<doc>Removes all the session objects</doc>
<msg timestamp="20200326 14:53:47.152" level="INFO">Delete All Sessions</msg>
<status status="PASS" starttime="20200326 14:53:47.152" endtime="20200326 14:53:47.152"></status>
</kw>
<doc>该文档是获取栏目模块接口用例文档</doc>
<status status="PASS" starttime="20200326 14:53:05.109" endtime="20200326 14:53:47.152"></status>
</suite>
<statistics>
<total>
<stat pass="3" fail="0">Critical Tests</stat>
<stat pass="3" fail="0">All Tests</stat>
</total>
<tag>
<stat pass="3" fail="0">作者：张鹏</stat>
<stat pass="3" fail="0">冒烟集-新福建APP</stat>
<stat pass="3" fail="0">栏目接口/读取子栏目（张进）</stat>
</tag>
<suite>
<stat pass="3" fail="0" id="s1" name="GetColumns">GetColumns</stat>
</suite>
</statistics>
<errors>
<msg timestamp="20200326 14:53:05.144" level="ERROR">Error in file 'D:\XFJ\API\App_Column\Column_Common.robot': Non-existing setting 'Force Tags'.</msg>
<msg timestamp="20200326 14:53:05.145" level="ERROR">Error in file 'D:\XFJ\API\App_Column\Column_Common.robot': Non-existing setting '...'.</msg>
</errors>
</robot>
